2020-10-05 20:32:09,383 - 18188 INFO - category_details Records Inserted
2020-10-05 20:32:09,383 - 18188 INFO - category_details Records Inserted
2020-10-05 20:32:09,383 - 18188 INFO - category_details Records Inserted
2020-10-05 20:32:09,717 - 18188 INFO - customer_details Records Inserted
2020-10-05 20:32:09,717 - 18188 INFO - customer_details Records Inserted
2020-10-05 20:32:09,717 - 18188 INFO - customer_details Records Inserted
2020-10-05 20:32:09,717 - 18188 INFO - customer_details Records Inserted
2020-10-05 20:32:09,717 - 18188 INFO - customer_details Records Inserted
2020-10-05 20:32:09,916 - 18188 INFO - order_status_details Records Inserted
2020-10-05 20:32:09,916 - 18188 INFO - order_status_details Records Inserted
2020-10-05 20:32:09,916 - 18188 INFO - order_status_details Records Inserted
2020-10-05 20:32:09,916 - 18188 INFO - order_status_details Records Inserted
2020-10-05 20:32:09,916 - 18188 INFO - order_status_details Records Inserted
2020-10-05 20:32:09,916 - 18188 INFO - order_status_details Records Inserted
2020-10-05 20:32:09,916 - 18188 INFO - order_status_details Records Inserted
2020-10-05 20:32:10,035 - 18188 INFO - seller_details Records Inserted
2020-10-05 20:32:10,035 - 18188 INFO - seller_details Records Inserted
2020-10-05 20:32:10,035 - 18188 INFO - seller_details Records Inserted
2020-10-05 20:32:10,035 - 18188 INFO - seller_details Records Inserted
2020-10-05 20:32:10,035 - 18188 INFO - seller_details Records Inserted
2020-10-05 20:32:10,035 - 18188 INFO - seller_details Records Inserted
2020-10-05 20:32:10,035 - 18188 INFO - seller_details Records Inserted
2020-10-05 20:32:10,035 - 18188 INFO - seller_details Records Inserted
2020-10-05 20:32:10,035 - 18188 INFO - seller_details Records Inserted
2020-10-05 20:32:10,292 - 18188 INFO - cart_details Records Inserted
2020-10-05 20:32:10,292 - 18188 INFO - cart_details Records Inserted
2020-10-05 20:32:10,292 - 18188 INFO - cart_details Records Inserted
2020-10-05 20:32:10,292 - 18188 INFO - cart_details Records Inserted
2020-10-05 20:32:10,292 - 18188 INFO - cart_details Records Inserted
2020-10-05 20:32:10,292 - 18188 INFO - cart_details Records Inserted
2020-10-05 20:32:10,292 - 18188 INFO - cart_details Records Inserted
2020-10-05 20:32:10,292 - 18188 INFO - cart_details Records Inserted
2020-10-05 20:32:10,292 - 18188 INFO - cart_details Records Inserted
2020-10-05 20:32:10,292 - 18188 INFO - cart_details Records Inserted
2020-10-05 20:32:10,292 - 18188 INFO - cart_details Records Inserted
2020-10-05 20:32:10,459 - 18188 INFO - customer_address_details Records Inserted
2020-10-05 20:32:10,459 - 18188 INFO - customer_address_details Records Inserted
2020-10-05 20:32:10,459 - 18188 INFO - customer_address_details Records Inserted
2020-10-05 20:32:10,459 - 18188 INFO - customer_address_details Records Inserted
2020-10-05 20:32:10,459 - 18188 INFO - customer_address_details Records Inserted
2020-10-05 20:32:10,459 - 18188 INFO - customer_address_details Records Inserted
2020-10-05 20:32:10,459 - 18188 INFO - customer_address_details Records Inserted
2020-10-05 20:32:10,459 - 18188 INFO - customer_address_details Records Inserted
2020-10-05 20:32:10,459 - 18188 INFO - customer_address_details Records Inserted
2020-10-05 20:32:10,459 - 18188 INFO - customer_address_details Records Inserted
2020-10-05 20:32:10,459 - 18188 INFO - customer_address_details Records Inserted
2020-10-05 20:32:10,459 - 18188 INFO - customer_address_details Records Inserted
2020-10-05 20:32:10,459 - 18188 INFO - customer_address_details Records Inserted
2020-10-05 20:32:10,636 - 18188 INFO - order_details Records Inserted
2020-10-05 20:32:10,636 - 18188 INFO - order_details Records Inserted
2020-10-05 20:32:10,636 - 18188 INFO - order_details Records Inserted
2020-10-05 20:32:10,636 - 18188 INFO - order_details Records Inserted
2020-10-05 20:32:10,636 - 18188 INFO - order_details Records Inserted
2020-10-05 20:32:10,636 - 18188 INFO - order_details Records Inserted
2020-10-05 20:32:10,636 - 18188 INFO - order_details Records Inserted
2020-10-05 20:32:10,636 - 18188 INFO - order_details Records Inserted
2020-10-05 20:32:10,636 - 18188 INFO - order_details Records Inserted
2020-10-05 20:32:10,636 - 18188 INFO - order_details Records Inserted
2020-10-05 20:32:10,636 - 18188 INFO - order_details Records Inserted
2020-10-05 20:32:10,636 - 18188 INFO - order_details Records Inserted
2020-10-05 20:32:10,636 - 18188 INFO - order_details Records Inserted
2020-10-05 20:32:10,636 - 18188 INFO - order_details Records Inserted
2020-10-05 20:32:10,636 - 18188 INFO - order_details Records Inserted
2020-10-05 20:32:10,940 - 18188 INFO - product_stock_details Records Inserted
2020-10-05 20:32:10,940 - 18188 INFO - product_stock_details Records Inserted
2020-10-05 20:32:10,940 - 18188 INFO - product_stock_details Records Inserted
2020-10-05 20:32:10,940 - 18188 INFO - product_stock_details Records Inserted
2020-10-05 20:32:10,940 - 18188 INFO - product_stock_details Records Inserted
2020-10-05 20:32:10,940 - 18188 INFO - product_stock_details Records Inserted
2020-10-05 20:32:10,940 - 18188 INFO - product_stock_details Records Inserted
2020-10-05 20:32:10,940 - 18188 INFO - product_stock_details Records Inserted
2020-10-05 20:32:10,940 - 18188 INFO - product_stock_details Records Inserted
2020-10-05 20:32:10,940 - 18188 INFO - product_stock_details Records Inserted
2020-10-05 20:32:10,940 - 18188 INFO - product_stock_details Records Inserted
2020-10-05 20:32:10,940 - 18188 INFO - product_stock_details Records Inserted
2020-10-05 20:32:10,940 - 18188 INFO - product_stock_details Records Inserted
2020-10-05 20:32:10,940 - 18188 INFO - product_stock_details Records Inserted
2020-10-05 20:32:10,940 - 18188 INFO - product_stock_details Records Inserted
2020-10-05 20:32:10,940 - 18188 INFO - product_stock_details Records Inserted
2020-10-05 20:32:10,940 - 18188 INFO - product_stock_details Records Inserted
2020-10-05 20:32:11,142 - 18188 INFO - product_details Records Inserted
2020-10-05 20:32:11,142 - 18188 INFO - product_details Records Inserted
2020-10-05 20:32:11,142 - 18188 INFO - product_details Records Inserted
2020-10-05 20:32:11,142 - 18188 INFO - product_details Records Inserted
2020-10-05 20:32:11,142 - 18188 INFO - product_details Records Inserted
2020-10-05 20:32:11,142 - 18188 INFO - product_details Records Inserted
2020-10-05 20:32:11,142 - 18188 INFO - product_details Records Inserted
2020-10-05 20:32:11,142 - 18188 INFO - product_details Records Inserted
2020-10-05 20:32:11,142 - 18188 INFO - product_details Records Inserted
2020-10-05 20:32:11,142 - 18188 INFO - product_details Records Inserted
2020-10-05 20:32:11,142 - 18188 INFO - product_details Records Inserted
2020-10-05 20:32:11,142 - 18188 INFO - product_details Records Inserted
2020-10-05 20:32:11,142 - 18188 INFO - product_details Records Inserted
2020-10-05 20:32:11,142 - 18188 INFO - product_details Records Inserted
2020-10-05 20:32:11,142 - 18188 INFO - product_details Records Inserted
2020-10-05 20:32:11,142 - 18188 INFO - product_details Records Inserted
2020-10-05 20:32:11,142 - 18188 INFO - product_details Records Inserted
2020-10-05 20:32:11,142 - 18188 INFO - product_details Records Inserted
2020-10-05 20:32:11,142 - 18188 INFO - product_details Records Inserted
2020-10-05 20:32:11,355 - 18188 INFO - cart_product_details Records Inserted
2020-10-05 20:32:11,355 - 18188 INFO - cart_product_details Records Inserted
2020-10-05 20:32:11,355 - 18188 INFO - cart_product_details Records Inserted
2020-10-05 20:32:11,355 - 18188 INFO - cart_product_details Records Inserted
2020-10-05 20:32:11,355 - 18188 INFO - cart_product_details Records Inserted
2020-10-05 20:32:11,355 - 18188 INFO - cart_product_details Records Inserted
2020-10-05 20:32:11,355 - 18188 INFO - cart_product_details Records Inserted
2020-10-05 20:32:11,355 - 18188 INFO - cart_product_details Records Inserted
2020-10-05 20:32:11,355 - 18188 INFO - cart_product_details Records Inserted
2020-10-05 20:32:11,355 - 18188 INFO - cart_product_details Records Inserted
2020-10-05 20:32:11,355 - 18188 INFO - cart_product_details Records Inserted
2020-10-05 20:32:11,355 - 18188 INFO - cart_product_details Records Inserted
2020-10-05 20:32:11,355 - 18188 INFO - cart_product_details Records Inserted
2020-10-05 20:32:11,355 - 18188 INFO - cart_product_details Records Inserted
2020-10-05 20:32:11,355 - 18188 INFO - cart_product_details Records Inserted
2020-10-05 20:32:11,355 - 18188 INFO - cart_product_details Records Inserted
2020-10-05 20:32:11,355 - 18188 INFO - cart_product_details Records Inserted
2020-10-05 20:32:11,355 - 18188 INFO - cart_product_details Records Inserted
2020-10-05 20:32:11,355 - 18188 INFO - cart_product_details Records Inserted
2020-10-05 20:32:11,355 - 18188 INFO - cart_product_details Records Inserted
2020-10-05 20:32:11,355 - 18188 INFO - cart_product_details Records Inserted
2020-10-05 20:32:11,548 - 18188 INFO - category_product_details Records Inserted
2020-10-05 20:32:11,548 - 18188 INFO - category_product_details Records Inserted
2020-10-05 20:32:11,548 - 18188 INFO - category_product_details Records Inserted
2020-10-05 20:32:11,548 - 18188 INFO - category_product_details Records Inserted
2020-10-05 20:32:11,548 - 18188 INFO - category_product_details Records Inserted
2020-10-05 20:32:11,548 - 18188 INFO - category_product_details Records Inserted
2020-10-05 20:32:11,548 - 18188 INFO - category_product_details Records Inserted
2020-10-05 20:32:11,548 - 18188 INFO - category_product_details Records Inserted
2020-10-05 20:32:11,548 - 18188 INFO - category_product_details Records Inserted
2020-10-05 20:32:11,548 - 18188 INFO - category_product_details Records Inserted
2020-10-05 20:32:11,548 - 18188 INFO - category_product_details Records Inserted
2020-10-05 20:32:11,548 - 18188 INFO - category_product_details Records Inserted
2020-10-05 20:32:11,548 - 18188 INFO - category_product_details Records Inserted
2020-10-05 20:32:11,548 - 18188 INFO - category_product_details Records Inserted
2020-10-05 20:32:11,548 - 18188 INFO - category_product_details Records Inserted
2020-10-05 20:32:11,548 - 18188 INFO - category_product_details Records Inserted
2020-10-05 20:32:11,548 - 18188 INFO - category_product_details Records Inserted
2020-10-05 20:32:11,548 - 18188 INFO - category_product_details Records Inserted
2020-10-05 20:32:11,548 - 18188 INFO - category_product_details Records Inserted
2020-10-05 20:32:11,548 - 18188 INFO - category_product_details Records Inserted
2020-10-05 20:32:11,548 - 18188 INFO - category_product_details Records Inserted
2020-10-05 20:32:11,548 - 18188 INFO - category_product_details Records Inserted
2020-10-05 20:32:11,548 - 18188 INFO - category_product_details Records Inserted
2020-10-05 20:32:11,738 - 18188 INFO - customer_rating_details Records Inserted
2020-10-05 20:32:11,738 - 18188 INFO - customer_rating_details Records Inserted
2020-10-05 20:32:11,738 - 18188 INFO - customer_rating_details Records Inserted
2020-10-05 20:32:11,738 - 18188 INFO - customer_rating_details Records Inserted
2020-10-05 20:32:11,738 - 18188 INFO - customer_rating_details Records Inserted
2020-10-05 20:32:11,738 - 18188 INFO - customer_rating_details Records Inserted
2020-10-05 20:32:11,738 - 18188 INFO - customer_rating_details Records Inserted
2020-10-05 20:32:11,738 - 18188 INFO - customer_rating_details Records Inserted
2020-10-05 20:32:11,738 - 18188 INFO - customer_rating_details Records Inserted
2020-10-05 20:32:11,738 - 18188 INFO - customer_rating_details Records Inserted
2020-10-05 20:32:11,738 - 18188 INFO - customer_rating_details Records Inserted
2020-10-05 20:32:11,738 - 18188 INFO - customer_rating_details Records Inserted
2020-10-05 20:32:11,738 - 18188 INFO - customer_rating_details Records Inserted
2020-10-05 20:32:11,738 - 18188 INFO - customer_rating_details Records Inserted
2020-10-05 20:32:11,738 - 18188 INFO - customer_rating_details Records Inserted
2020-10-05 20:32:11,738 - 18188 INFO - customer_rating_details Records Inserted
2020-10-05 20:32:11,738 - 18188 INFO - customer_rating_details Records Inserted
2020-10-05 20:32:11,738 - 18188 INFO - customer_rating_details Records Inserted
2020-10-05 20:32:11,738 - 18188 INFO - customer_rating_details Records Inserted
2020-10-05 20:32:11,738 - 18188 INFO - customer_rating_details Records Inserted
2020-10-05 20:32:11,738 - 18188 INFO - customer_rating_details Records Inserted
2020-10-05 20:32:11,738 - 18188 INFO - customer_rating_details Records Inserted
2020-10-05 20:32:11,738 - 18188 INFO - customer_rating_details Records Inserted
2020-10-05 20:32:11,738 - 18188 INFO - customer_rating_details Records Inserted
2020-10-05 20:32:11,738 - 18188 INFO - customer_rating_details Records Inserted
2020-10-05 20:32:12,069 - 18188 INFO - invoice_details Records Inserted
2020-10-05 20:32:12,069 - 18188 INFO - invoice_details Records Inserted
2020-10-05 20:32:12,069 - 18188 INFO - invoice_details Records Inserted
2020-10-05 20:32:12,069 - 18188 INFO - invoice_details Records Inserted
2020-10-05 20:32:12,069 - 18188 INFO - invoice_details Records Inserted
2020-10-05 20:32:12,069 - 18188 INFO - invoice_details Records Inserted
2020-10-05 20:32:12,069 - 18188 INFO - invoice_details Records Inserted
2020-10-05 20:32:12,069 - 18188 INFO - invoice_details Records Inserted
2020-10-05 20:32:12,069 - 18188 INFO - invoice_details Records Inserted
2020-10-05 20:32:12,069 - 18188 INFO - invoice_details Records Inserted
2020-10-05 20:32:12,069 - 18188 INFO - invoice_details Records Inserted
2020-10-05 20:32:12,069 - 18188 INFO - invoice_details Records Inserted
2020-10-05 20:32:12,069 - 18188 INFO - invoice_details Records Inserted
2020-10-05 20:32:12,069 - 18188 INFO - invoice_details Records Inserted
2020-10-05 20:32:12,069 - 18188 INFO - invoice_details Records Inserted
2020-10-05 20:32:12,069 - 18188 INFO - invoice_details Records Inserted
2020-10-05 20:32:12,069 - 18188 INFO - invoice_details Records Inserted
2020-10-05 20:32:12,069 - 18188 INFO - invoice_details Records Inserted
2020-10-05 20:32:12,069 - 18188 INFO - invoice_details Records Inserted
2020-10-05 20:32:12,069 - 18188 INFO - invoice_details Records Inserted
2020-10-05 20:32:12,069 - 18188 INFO - invoice_details Records Inserted
2020-10-05 20:32:12,069 - 18188 INFO - invoice_details Records Inserted
2020-10-05 20:32:12,069 - 18188 INFO - invoice_details Records Inserted
2020-10-05 20:32:12,069 - 18188 INFO - invoice_details Records Inserted
2020-10-05 20:32:12,069 - 18188 INFO - invoice_details Records Inserted
2020-10-05 20:32:12,069 - 18188 INFO - invoice_details Records Inserted
2020-10-05 20:32:12,069 - 18188 INFO - invoice_details Records Inserted
2020-10-05 20:32:12,252 - 18188 INFO - payment_details Records Inserted
2020-10-05 20:32:12,252 - 18188 INFO - payment_details Records Inserted
2020-10-05 20:32:12,252 - 18188 INFO - payment_details Records Inserted
2020-10-05 20:32:12,252 - 18188 INFO - payment_details Records Inserted
2020-10-05 20:32:12,252 - 18188 INFO - payment_details Records Inserted
2020-10-05 20:32:12,252 - 18188 INFO - payment_details Records Inserted
2020-10-05 20:32:12,252 - 18188 INFO - payment_details Records Inserted
2020-10-05 20:32:12,252 - 18188 INFO - payment_details Records Inserted
2020-10-05 20:32:12,252 - 18188 INFO - payment_details Records Inserted
2020-10-05 20:32:12,252 - 18188 INFO - payment_details Records Inserted
2020-10-05 20:32:12,252 - 18188 INFO - payment_details Records Inserted
2020-10-05 20:32:12,252 - 18188 INFO - payment_details Records Inserted
2020-10-05 20:32:12,252 - 18188 INFO - payment_details Records Inserted
2020-10-05 20:32:12,252 - 18188 INFO - payment_details Records Inserted
2020-10-05 20:32:12,252 - 18188 INFO - payment_details Records Inserted
2020-10-05 20:32:12,252 - 18188 INFO - payment_details Records Inserted
2020-10-05 20:32:12,252 - 18188 INFO - payment_details Records Inserted
2020-10-05 20:32:12,252 - 18188 INFO - payment_details Records Inserted
2020-10-05 20:32:12,252 - 18188 INFO - payment_details Records Inserted
2020-10-05 20:32:12,252 - 18188 INFO - payment_details Records Inserted
2020-10-05 20:32:12,252 - 18188 INFO - payment_details Records Inserted
2020-10-05 20:32:12,252 - 18188 INFO - payment_details Records Inserted
2020-10-05 20:32:12,252 - 18188 INFO - payment_details Records Inserted
2020-10-05 20:32:12,252 - 18188 INFO - payment_details Records Inserted
2020-10-05 20:32:12,252 - 18188 INFO - payment_details Records Inserted
2020-10-05 20:32:12,252 - 18188 INFO - payment_details Records Inserted
2020-10-05 20:32:12,252 - 18188 INFO - payment_details Records Inserted
2020-10-05 20:32:12,252 - 18188 INFO - payment_details Records Inserted
2020-10-05 20:32:12,252 - 18188 INFO - payment_details Records Inserted
2020-10-05 20:32:12,438 - 18188 INFO - product_ordered_details Records Inserted
2020-10-05 20:32:12,438 - 18188 INFO - product_ordered_details Records Inserted
2020-10-05 20:32:12,438 - 18188 INFO - product_ordered_details Records Inserted
2020-10-05 20:32:12,438 - 18188 INFO - product_ordered_details Records Inserted
2020-10-05 20:32:12,438 - 18188 INFO - product_ordered_details Records Inserted
2020-10-05 20:32:12,438 - 18188 INFO - product_ordered_details Records Inserted
2020-10-05 20:32:12,438 - 18188 INFO - product_ordered_details Records Inserted
2020-10-05 20:32:12,438 - 18188 INFO - product_ordered_details Records Inserted
2020-10-05 20:32:12,438 - 18188 INFO - product_ordered_details Records Inserted
2020-10-05 20:32:12,438 - 18188 INFO - product_ordered_details Records Inserted
2020-10-05 20:32:12,438 - 18188 INFO - product_ordered_details Records Inserted
2020-10-05 20:32:12,438 - 18188 INFO - product_ordered_details Records Inserted
2020-10-05 20:32:12,438 - 18188 INFO - product_ordered_details Records Inserted
2020-10-05 20:32:12,438 - 18188 INFO - product_ordered_details Records Inserted
2020-10-05 20:32:12,438 - 18188 INFO - product_ordered_details Records Inserted
2020-10-05 20:32:12,438 - 18188 INFO - product_ordered_details Records Inserted
2020-10-05 20:32:12,438 - 18188 INFO - product_ordered_details Records Inserted
2020-10-05 20:32:12,438 - 18188 INFO - product_ordered_details Records Inserted
2020-10-05 20:32:12,438 - 18188 INFO - product_ordered_details Records Inserted
2020-10-05 20:32:12,438 - 18188 INFO - product_ordered_details Records Inserted
2020-10-05 20:32:12,438 - 18188 INFO - product_ordered_details Records Inserted
2020-10-05 20:32:12,438 - 18188 INFO - product_ordered_details Records Inserted
2020-10-05 20:32:12,438 - 18188 INFO - product_ordered_details Records Inserted
2020-10-05 20:32:12,438 - 18188 INFO - product_ordered_details Records Inserted
2020-10-05 20:32:12,438 - 18188 INFO - product_ordered_details Records Inserted
2020-10-05 20:32:12,438 - 18188 INFO - product_ordered_details Records Inserted
2020-10-05 20:32:12,438 - 18188 INFO - product_ordered_details Records Inserted
2020-10-05 20:32:12,438 - 18188 INFO - product_ordered_details Records Inserted
2020-10-05 20:32:12,438 - 18188 INFO - product_ordered_details Records Inserted
2020-10-05 20:32:12,438 - 18188 INFO - product_ordered_details Records Inserted
2020-10-05 20:32:12,438 - 18188 INFO - product_ordered_details Records Inserted
2020-10-05 20:32:12,636 - 18188 INFO - shipping_status Records Inserted
2020-10-05 20:32:12,636 - 18188 INFO - shipping_status Records Inserted
2020-10-05 20:32:12,636 - 18188 INFO - shipping_status Records Inserted
2020-10-05 20:32:12,636 - 18188 INFO - shipping_status Records Inserted
2020-10-05 20:32:12,636 - 18188 INFO - shipping_status Records Inserted
2020-10-05 20:32:12,636 - 18188 INFO - shipping_status Records Inserted
2020-10-05 20:32:12,636 - 18188 INFO - shipping_status Records Inserted
2020-10-05 20:32:12,636 - 18188 INFO - shipping_status Records Inserted
2020-10-05 20:32:12,636 - 18188 INFO - shipping_status Records Inserted
2020-10-05 20:32:12,636 - 18188 INFO - shipping_status Records Inserted
2020-10-05 20:32:12,636 - 18188 INFO - shipping_status Records Inserted
2020-10-05 20:32:12,636 - 18188 INFO - shipping_status Records Inserted
2020-10-05 20:32:12,636 - 18188 INFO - shipping_status Records Inserted
2020-10-05 20:32:12,636 - 18188 INFO - shipping_status Records Inserted
2020-10-05 20:32:12,636 - 18188 INFO - shipping_status Records Inserted
2020-10-05 20:32:12,636 - 18188 INFO - shipping_status Records Inserted
2020-10-05 20:32:12,636 - 18188 INFO - shipping_status Records Inserted
2020-10-05 20:32:12,636 - 18188 INFO - shipping_status Records Inserted
2020-10-05 20:32:12,636 - 18188 INFO - shipping_status Records Inserted
2020-10-05 20:32:12,636 - 18188 INFO - shipping_status Records Inserted
2020-10-05 20:32:12,636 - 18188 INFO - shipping_status Records Inserted
2020-10-05 20:32:12,636 - 18188 INFO - shipping_status Records Inserted
2020-10-05 20:32:12,636 - 18188 INFO - shipping_status Records Inserted
2020-10-05 20:32:12,636 - 18188 INFO - shipping_status Records Inserted
2020-10-05 20:32:12,636 - 18188 INFO - shipping_status Records Inserted
2020-10-05 20:32:12,636 - 18188 INFO - shipping_status Records Inserted
2020-10-05 20:32:12,636 - 18188 INFO - shipping_status Records Inserted
2020-10-05 20:32:12,636 - 18188 INFO - shipping_status Records Inserted
2020-10-05 20:32:12,636 - 18188 INFO - shipping_status Records Inserted
2020-10-05 20:32:12,636 - 18188 INFO - shipping_status Records Inserted
2020-10-05 20:32:12,636 - 18188 INFO - shipping_status Records Inserted
2020-10-05 20:32:12,636 - 18188 INFO - shipping_status Records Inserted
2020-10-05 20:32:12,636 - 18188 INFO - shipping_status Records Inserted
