2020-09-30 17:06:21,124 - 9384 INFO - category_details Records Inserted
2020-09-30 17:06:21,124 - 9384 INFO - category_details Records Inserted
2020-09-30 17:06:21,124 - 9384 INFO - category_details Records Inserted
2020-09-30 17:06:21,204 - 9384 INFO - customer_details Records Inserted
2020-09-30 17:06:21,204 - 9384 INFO - customer_details Records Inserted
2020-09-30 17:06:21,204 - 9384 INFO - customer_details Records Inserted
2020-09-30 17:06:21,204 - 9384 INFO - customer_details Records Inserted
2020-09-30 17:06:21,204 - 9384 INFO - customer_details Records Inserted
2020-09-30 17:06:21,289 - 9384 INFO - order_status_details Records Inserted
2020-09-30 17:06:21,289 - 9384 INFO - order_status_details Records Inserted
2020-09-30 17:06:21,289 - 9384 INFO - order_status_details Records Inserted
2020-09-30 17:06:21,289 - 9384 INFO - order_status_details Records Inserted
2020-09-30 17:06:21,289 - 9384 INFO - order_status_details Records Inserted
2020-09-30 17:06:21,289 - 9384 INFO - order_status_details Records Inserted
2020-09-30 17:06:21,289 - 9384 INFO - order_status_details Records Inserted
2020-09-30 17:06:21,382 - 9384 INFO - seller_details Records Inserted
2020-09-30 17:06:21,382 - 9384 INFO - seller_details Records Inserted
2020-09-30 17:06:21,382 - 9384 INFO - seller_details Records Inserted
2020-09-30 17:06:21,382 - 9384 INFO - seller_details Records Inserted
2020-09-30 17:06:21,382 - 9384 INFO - seller_details Records Inserted
2020-09-30 17:06:21,382 - 9384 INFO - seller_details Records Inserted
2020-09-30 17:06:21,382 - 9384 INFO - seller_details Records Inserted
2020-09-30 17:06:21,382 - 9384 INFO - seller_details Records Inserted
2020-09-30 17:06:21,382 - 9384 INFO - seller_details Records Inserted
2020-09-30 17:06:21,493 - 9384 INFO - cart_details Records Inserted
2020-09-30 17:06:21,493 - 9384 INFO - cart_details Records Inserted
2020-09-30 17:06:21,493 - 9384 INFO - cart_details Records Inserted
2020-09-30 17:06:21,493 - 9384 INFO - cart_details Records Inserted
2020-09-30 17:06:21,493 - 9384 INFO - cart_details Records Inserted
2020-09-30 17:06:21,493 - 9384 INFO - cart_details Records Inserted
2020-09-30 17:06:21,493 - 9384 INFO - cart_details Records Inserted
2020-09-30 17:06:21,493 - 9384 INFO - cart_details Records Inserted
2020-09-30 17:06:21,493 - 9384 INFO - cart_details Records Inserted
2020-09-30 17:06:21,493 - 9384 INFO - cart_details Records Inserted
2020-09-30 17:06:21,493 - 9384 INFO - cart_details Records Inserted
2020-09-30 17:06:21,715 - 9384 INFO - customer_address_details Records Inserted
2020-09-30 17:06:21,715 - 9384 INFO - customer_address_details Records Inserted
2020-09-30 17:06:21,715 - 9384 INFO - customer_address_details Records Inserted
2020-09-30 17:06:21,715 - 9384 INFO - customer_address_details Records Inserted
2020-09-30 17:06:21,715 - 9384 INFO - customer_address_details Records Inserted
2020-09-30 17:06:21,715 - 9384 INFO - customer_address_details Records Inserted
2020-09-30 17:06:21,715 - 9384 INFO - customer_address_details Records Inserted
2020-09-30 17:06:21,715 - 9384 INFO - customer_address_details Records Inserted
2020-09-30 17:06:21,715 - 9384 INFO - customer_address_details Records Inserted
2020-09-30 17:06:21,715 - 9384 INFO - customer_address_details Records Inserted
2020-09-30 17:06:21,715 - 9384 INFO - customer_address_details Records Inserted
2020-09-30 17:06:21,715 - 9384 INFO - customer_address_details Records Inserted
2020-09-30 17:06:21,715 - 9384 INFO - customer_address_details Records Inserted
2020-09-30 17:06:21,824 - 9384 INFO - order_details Records Inserted
2020-09-30 17:06:21,824 - 9384 INFO - order_details Records Inserted
2020-09-30 17:06:21,824 - 9384 INFO - order_details Records Inserted
2020-09-30 17:06:21,824 - 9384 INFO - order_details Records Inserted
2020-09-30 17:06:21,824 - 9384 INFO - order_details Records Inserted
2020-09-30 17:06:21,824 - 9384 INFO - order_details Records Inserted
2020-09-30 17:06:21,824 - 9384 INFO - order_details Records Inserted
2020-09-30 17:06:21,824 - 9384 INFO - order_details Records Inserted
2020-09-30 17:06:21,824 - 9384 INFO - order_details Records Inserted
2020-09-30 17:06:21,824 - 9384 INFO - order_details Records Inserted
2020-09-30 17:06:21,824 - 9384 INFO - order_details Records Inserted
2020-09-30 17:06:21,824 - 9384 INFO - order_details Records Inserted
2020-09-30 17:06:21,824 - 9384 INFO - order_details Records Inserted
2020-09-30 17:06:21,824 - 9384 INFO - order_details Records Inserted
2020-09-30 17:06:21,824 - 9384 INFO - order_details Records Inserted
2020-09-30 17:06:21,933 - 9384 INFO - product_stock_details Records Inserted
2020-09-30 17:06:21,933 - 9384 INFO - product_stock_details Records Inserted
2020-09-30 17:06:21,933 - 9384 INFO - product_stock_details Records Inserted
2020-09-30 17:06:21,933 - 9384 INFO - product_stock_details Records Inserted
2020-09-30 17:06:21,933 - 9384 INFO - product_stock_details Records Inserted
2020-09-30 17:06:21,933 - 9384 INFO - product_stock_details Records Inserted
2020-09-30 17:06:21,933 - 9384 INFO - product_stock_details Records Inserted
2020-09-30 17:06:21,933 - 9384 INFO - product_stock_details Records Inserted
2020-09-30 17:06:21,933 - 9384 INFO - product_stock_details Records Inserted
2020-09-30 17:06:21,933 - 9384 INFO - product_stock_details Records Inserted
2020-09-30 17:06:21,933 - 9384 INFO - product_stock_details Records Inserted
2020-09-30 17:06:21,933 - 9384 INFO - product_stock_details Records Inserted
2020-09-30 17:06:21,933 - 9384 INFO - product_stock_details Records Inserted
2020-09-30 17:06:21,933 - 9384 INFO - product_stock_details Records Inserted
2020-09-30 17:06:21,933 - 9384 INFO - product_stock_details Records Inserted
2020-09-30 17:06:21,933 - 9384 INFO - product_stock_details Records Inserted
2020-09-30 17:06:21,933 - 9384 INFO - product_stock_details Records Inserted
2020-09-30 17:06:22,010 - 9384 INFO - product_details Records Inserted
2020-09-30 17:06:22,010 - 9384 INFO - product_details Records Inserted
2020-09-30 17:06:22,010 - 9384 INFO - product_details Records Inserted
2020-09-30 17:06:22,010 - 9384 INFO - product_details Records Inserted
2020-09-30 17:06:22,010 - 9384 INFO - product_details Records Inserted
2020-09-30 17:06:22,010 - 9384 INFO - product_details Records Inserted
2020-09-30 17:06:22,010 - 9384 INFO - product_details Records Inserted
2020-09-30 17:06:22,010 - 9384 INFO - product_details Records Inserted
2020-09-30 17:06:22,010 - 9384 INFO - product_details Records Inserted
2020-09-30 17:06:22,010 - 9384 INFO - product_details Records Inserted
2020-09-30 17:06:22,010 - 9384 INFO - product_details Records Inserted
2020-09-30 17:06:22,010 - 9384 INFO - product_details Records Inserted
2020-09-30 17:06:22,010 - 9384 INFO - product_details Records Inserted
2020-09-30 17:06:22,010 - 9384 INFO - product_details Records Inserted
2020-09-30 17:06:22,010 - 9384 INFO - product_details Records Inserted
2020-09-30 17:06:22,010 - 9384 INFO - product_details Records Inserted
2020-09-30 17:06:22,010 - 9384 INFO - product_details Records Inserted
2020-09-30 17:06:22,010 - 9384 INFO - product_details Records Inserted
2020-09-30 17:06:22,010 - 9384 INFO - product_details Records Inserted
2020-09-30 17:06:22,093 - 9384 INFO - cart_product_details Records Inserted
2020-09-30 17:06:22,093 - 9384 INFO - cart_product_details Records Inserted
2020-09-30 17:06:22,093 - 9384 INFO - cart_product_details Records Inserted
2020-09-30 17:06:22,093 - 9384 INFO - cart_product_details Records Inserted
2020-09-30 17:06:22,093 - 9384 INFO - cart_product_details Records Inserted
2020-09-30 17:06:22,093 - 9384 INFO - cart_product_details Records Inserted
2020-09-30 17:06:22,093 - 9384 INFO - cart_product_details Records Inserted
2020-09-30 17:06:22,093 - 9384 INFO - cart_product_details Records Inserted
2020-09-30 17:06:22,093 - 9384 INFO - cart_product_details Records Inserted
2020-09-30 17:06:22,093 - 9384 INFO - cart_product_details Records Inserted
2020-09-30 17:06:22,093 - 9384 INFO - cart_product_details Records Inserted
2020-09-30 17:06:22,093 - 9384 INFO - cart_product_details Records Inserted
2020-09-30 17:06:22,093 - 9384 INFO - cart_product_details Records Inserted
2020-09-30 17:06:22,093 - 9384 INFO - cart_product_details Records Inserted
2020-09-30 17:06:22,093 - 9384 INFO - cart_product_details Records Inserted
2020-09-30 17:06:22,093 - 9384 INFO - cart_product_details Records Inserted
2020-09-30 17:06:22,093 - 9384 INFO - cart_product_details Records Inserted
2020-09-30 17:06:22,093 - 9384 INFO - cart_product_details Records Inserted
2020-09-30 17:06:22,093 - 9384 INFO - cart_product_details Records Inserted
2020-09-30 17:06:22,093 - 9384 INFO - cart_product_details Records Inserted
2020-09-30 17:06:22,093 - 9384 INFO - cart_product_details Records Inserted
2020-09-30 17:06:22,177 - 9384 INFO - category_product_details Records Inserted
2020-09-30 17:06:22,177 - 9384 INFO - category_product_details Records Inserted
2020-09-30 17:06:22,177 - 9384 INFO - category_product_details Records Inserted
2020-09-30 17:06:22,177 - 9384 INFO - category_product_details Records Inserted
2020-09-30 17:06:22,177 - 9384 INFO - category_product_details Records Inserted
2020-09-30 17:06:22,177 - 9384 INFO - category_product_details Records Inserted
2020-09-30 17:06:22,177 - 9384 INFO - category_product_details Records Inserted
2020-09-30 17:06:22,177 - 9384 INFO - category_product_details Records Inserted
2020-09-30 17:06:22,177 - 9384 INFO - category_product_details Records Inserted
2020-09-30 17:06:22,177 - 9384 INFO - category_product_details Records Inserted
2020-09-30 17:06:22,177 - 9384 INFO - category_product_details Records Inserted
2020-09-30 17:06:22,177 - 9384 INFO - category_product_details Records Inserted
2020-09-30 17:06:22,177 - 9384 INFO - category_product_details Records Inserted
2020-09-30 17:06:22,177 - 9384 INFO - category_product_details Records Inserted
2020-09-30 17:06:22,177 - 9384 INFO - category_product_details Records Inserted
2020-09-30 17:06:22,177 - 9384 INFO - category_product_details Records Inserted
2020-09-30 17:06:22,177 - 9384 INFO - category_product_details Records Inserted
2020-09-30 17:06:22,177 - 9384 INFO - category_product_details Records Inserted
2020-09-30 17:06:22,177 - 9384 INFO - category_product_details Records Inserted
2020-09-30 17:06:22,177 - 9384 INFO - category_product_details Records Inserted
2020-09-30 17:06:22,177 - 9384 INFO - category_product_details Records Inserted
2020-09-30 17:06:22,177 - 9384 INFO - category_product_details Records Inserted
2020-09-30 17:06:22,177 - 9384 INFO - category_product_details Records Inserted
2020-09-30 17:06:22,257 - 9384 INFO - customer_rating_details Records Inserted
2020-09-30 17:06:22,257 - 9384 INFO - customer_rating_details Records Inserted
2020-09-30 17:06:22,257 - 9384 INFO - customer_rating_details Records Inserted
2020-09-30 17:06:22,257 - 9384 INFO - customer_rating_details Records Inserted
2020-09-30 17:06:22,257 - 9384 INFO - customer_rating_details Records Inserted
2020-09-30 17:06:22,257 - 9384 INFO - customer_rating_details Records Inserted
2020-09-30 17:06:22,257 - 9384 INFO - customer_rating_details Records Inserted
2020-09-30 17:06:22,257 - 9384 INFO - customer_rating_details Records Inserted
2020-09-30 17:06:22,257 - 9384 INFO - customer_rating_details Records Inserted
2020-09-30 17:06:22,257 - 9384 INFO - customer_rating_details Records Inserted
2020-09-30 17:06:22,257 - 9384 INFO - customer_rating_details Records Inserted
2020-09-30 17:06:22,257 - 9384 INFO - customer_rating_details Records Inserted
2020-09-30 17:06:22,257 - 9384 INFO - customer_rating_details Records Inserted
2020-09-30 17:06:22,257 - 9384 INFO - customer_rating_details Records Inserted
2020-09-30 17:06:22,257 - 9384 INFO - customer_rating_details Records Inserted
2020-09-30 17:06:22,257 - 9384 INFO - customer_rating_details Records Inserted
2020-09-30 17:06:22,257 - 9384 INFO - customer_rating_details Records Inserted
2020-09-30 17:06:22,257 - 9384 INFO - customer_rating_details Records Inserted
2020-09-30 17:06:22,257 - 9384 INFO - customer_rating_details Records Inserted
2020-09-30 17:06:22,257 - 9384 INFO - customer_rating_details Records Inserted
2020-09-30 17:06:22,257 - 9384 INFO - customer_rating_details Records Inserted
2020-09-30 17:06:22,257 - 9384 INFO - customer_rating_details Records Inserted
2020-09-30 17:06:22,257 - 9384 INFO - customer_rating_details Records Inserted
2020-09-30 17:06:22,257 - 9384 INFO - customer_rating_details Records Inserted
2020-09-30 17:06:22,257 - 9384 INFO - customer_rating_details Records Inserted
2020-09-30 17:06:22,339 - 9384 INFO - invoice_details Records Inserted
2020-09-30 17:06:22,339 - 9384 INFO - invoice_details Records Inserted
2020-09-30 17:06:22,339 - 9384 INFO - invoice_details Records Inserted
2020-09-30 17:06:22,339 - 9384 INFO - invoice_details Records Inserted
2020-09-30 17:06:22,339 - 9384 INFO - invoice_details Records Inserted
2020-09-30 17:06:22,339 - 9384 INFO - invoice_details Records Inserted
2020-09-30 17:06:22,339 - 9384 INFO - invoice_details Records Inserted
2020-09-30 17:06:22,339 - 9384 INFO - invoice_details Records Inserted
2020-09-30 17:06:22,339 - 9384 INFO - invoice_details Records Inserted
2020-09-30 17:06:22,339 - 9384 INFO - invoice_details Records Inserted
2020-09-30 17:06:22,339 - 9384 INFO - invoice_details Records Inserted
2020-09-30 17:06:22,339 - 9384 INFO - invoice_details Records Inserted
2020-09-30 17:06:22,339 - 9384 INFO - invoice_details Records Inserted
2020-09-30 17:06:22,339 - 9384 INFO - invoice_details Records Inserted
2020-09-30 17:06:22,339 - 9384 INFO - invoice_details Records Inserted
2020-09-30 17:06:22,339 - 9384 INFO - invoice_details Records Inserted
2020-09-30 17:06:22,339 - 9384 INFO - invoice_details Records Inserted
2020-09-30 17:06:22,339 - 9384 INFO - invoice_details Records Inserted
2020-09-30 17:06:22,339 - 9384 INFO - invoice_details Records Inserted
2020-09-30 17:06:22,339 - 9384 INFO - invoice_details Records Inserted
2020-09-30 17:06:22,339 - 9384 INFO - invoice_details Records Inserted
2020-09-30 17:06:22,339 - 9384 INFO - invoice_details Records Inserted
2020-09-30 17:06:22,339 - 9384 INFO - invoice_details Records Inserted
2020-09-30 17:06:22,339 - 9384 INFO - invoice_details Records Inserted
2020-09-30 17:06:22,339 - 9384 INFO - invoice_details Records Inserted
2020-09-30 17:06:22,339 - 9384 INFO - invoice_details Records Inserted
2020-09-30 17:06:22,339 - 9384 INFO - invoice_details Records Inserted
2020-09-30 17:06:22,403 - 9384 INFO - payment_details Records Inserted
2020-09-30 17:06:22,403 - 9384 INFO - payment_details Records Inserted
2020-09-30 17:06:22,403 - 9384 INFO - payment_details Records Inserted
2020-09-30 17:06:22,403 - 9384 INFO - payment_details Records Inserted
2020-09-30 17:06:22,403 - 9384 INFO - payment_details Records Inserted
2020-09-30 17:06:22,403 - 9384 INFO - payment_details Records Inserted
2020-09-30 17:06:22,403 - 9384 INFO - payment_details Records Inserted
2020-09-30 17:06:22,403 - 9384 INFO - payment_details Records Inserted
2020-09-30 17:06:22,403 - 9384 INFO - payment_details Records Inserted
2020-09-30 17:06:22,403 - 9384 INFO - payment_details Records Inserted
2020-09-30 17:06:22,403 - 9384 INFO - payment_details Records Inserted
2020-09-30 17:06:22,403 - 9384 INFO - payment_details Records Inserted
2020-09-30 17:06:22,403 - 9384 INFO - payment_details Records Inserted
2020-09-30 17:06:22,403 - 9384 INFO - payment_details Records Inserted
2020-09-30 17:06:22,403 - 9384 INFO - payment_details Records Inserted
2020-09-30 17:06:22,403 - 9384 INFO - payment_details Records Inserted
2020-09-30 17:06:22,403 - 9384 INFO - payment_details Records Inserted
2020-09-30 17:06:22,403 - 9384 INFO - payment_details Records Inserted
2020-09-30 17:06:22,403 - 9384 INFO - payment_details Records Inserted
2020-09-30 17:06:22,403 - 9384 INFO - payment_details Records Inserted
2020-09-30 17:06:22,403 - 9384 INFO - payment_details Records Inserted
2020-09-30 17:06:22,403 - 9384 INFO - payment_details Records Inserted
2020-09-30 17:06:22,403 - 9384 INFO - payment_details Records Inserted
2020-09-30 17:06:22,403 - 9384 INFO - payment_details Records Inserted
2020-09-30 17:06:22,403 - 9384 INFO - payment_details Records Inserted
2020-09-30 17:06:22,403 - 9384 INFO - payment_details Records Inserted
2020-09-30 17:06:22,403 - 9384 INFO - payment_details Records Inserted
2020-09-30 17:06:22,403 - 9384 INFO - payment_details Records Inserted
2020-09-30 17:06:22,403 - 9384 INFO - payment_details Records Inserted
2020-09-30 17:06:22,482 - 9384 INFO - product_ordered_details Records Inserted
2020-09-30 17:06:22,482 - 9384 INFO - product_ordered_details Records Inserted
2020-09-30 17:06:22,482 - 9384 INFO - product_ordered_details Records Inserted
2020-09-30 17:06:22,482 - 9384 INFO - product_ordered_details Records Inserted
2020-09-30 17:06:22,482 - 9384 INFO - product_ordered_details Records Inserted
2020-09-30 17:06:22,482 - 9384 INFO - product_ordered_details Records Inserted
2020-09-30 17:06:22,482 - 9384 INFO - product_ordered_details Records Inserted
2020-09-30 17:06:22,482 - 9384 INFO - product_ordered_details Records Inserted
2020-09-30 17:06:22,482 - 9384 INFO - product_ordered_details Records Inserted
2020-09-30 17:06:22,482 - 9384 INFO - product_ordered_details Records Inserted
2020-09-30 17:06:22,482 - 9384 INFO - product_ordered_details Records Inserted
2020-09-30 17:06:22,482 - 9384 INFO - product_ordered_details Records Inserted
2020-09-30 17:06:22,482 - 9384 INFO - product_ordered_details Records Inserted
2020-09-30 17:06:22,482 - 9384 INFO - product_ordered_details Records Inserted
2020-09-30 17:06:22,482 - 9384 INFO - product_ordered_details Records Inserted
2020-09-30 17:06:22,482 - 9384 INFO - product_ordered_details Records Inserted
2020-09-30 17:06:22,482 - 9384 INFO - product_ordered_details Records Inserted
2020-09-30 17:06:22,482 - 9384 INFO - product_ordered_details Records Inserted
2020-09-30 17:06:22,482 - 9384 INFO - product_ordered_details Records Inserted
2020-09-30 17:06:22,482 - 9384 INFO - product_ordered_details Records Inserted
2020-09-30 17:06:22,482 - 9384 INFO - product_ordered_details Records Inserted
2020-09-30 17:06:22,482 - 9384 INFO - product_ordered_details Records Inserted
2020-09-30 17:06:22,482 - 9384 INFO - product_ordered_details Records Inserted
2020-09-30 17:06:22,482 - 9384 INFO - product_ordered_details Records Inserted
2020-09-30 17:06:22,482 - 9384 INFO - product_ordered_details Records Inserted
2020-09-30 17:06:22,482 - 9384 INFO - product_ordered_details Records Inserted
2020-09-30 17:06:22,482 - 9384 INFO - product_ordered_details Records Inserted
2020-09-30 17:06:22,482 - 9384 INFO - product_ordered_details Records Inserted
2020-09-30 17:06:22,482 - 9384 INFO - product_ordered_details Records Inserted
2020-09-30 17:06:22,482 - 9384 INFO - product_ordered_details Records Inserted
2020-09-30 17:06:22,482 - 9384 INFO - product_ordered_details Records Inserted
2020-09-30 17:06:22,560 - 9384 INFO - shipping_status Records Inserted
2020-09-30 17:06:22,560 - 9384 INFO - shipping_status Records Inserted
2020-09-30 17:06:22,560 - 9384 INFO - shipping_status Records Inserted
2020-09-30 17:06:22,560 - 9384 INFO - shipping_status Records Inserted
2020-09-30 17:06:22,560 - 9384 INFO - shipping_status Records Inserted
2020-09-30 17:06:22,560 - 9384 INFO - shipping_status Records Inserted
2020-09-30 17:06:22,560 - 9384 INFO - shipping_status Records Inserted
2020-09-30 17:06:22,560 - 9384 INFO - shipping_status Records Inserted
2020-09-30 17:06:22,560 - 9384 INFO - shipping_status Records Inserted
2020-09-30 17:06:22,560 - 9384 INFO - shipping_status Records Inserted
2020-09-30 17:06:22,560 - 9384 INFO - shipping_status Records Inserted
2020-09-30 17:06:22,560 - 9384 INFO - shipping_status Records Inserted
2020-09-30 17:06:22,560 - 9384 INFO - shipping_status Records Inserted
2020-09-30 17:06:22,560 - 9384 INFO - shipping_status Records Inserted
2020-09-30 17:06:22,560 - 9384 INFO - shipping_status Records Inserted
2020-09-30 17:06:22,560 - 9384 INFO - shipping_status Records Inserted
2020-09-30 17:06:22,560 - 9384 INFO - shipping_status Records Inserted
2020-09-30 17:06:22,560 - 9384 INFO - shipping_status Records Inserted
2020-09-30 17:06:22,560 - 9384 INFO - shipping_status Records Inserted
2020-09-30 17:06:22,560 - 9384 INFO - shipping_status Records Inserted
2020-09-30 17:06:22,560 - 9384 INFO - shipping_status Records Inserted
2020-09-30 17:06:22,560 - 9384 INFO - shipping_status Records Inserted
2020-09-30 17:06:22,560 - 9384 INFO - shipping_status Records Inserted
2020-09-30 17:06:22,560 - 9384 INFO - shipping_status Records Inserted
2020-09-30 17:06:22,560 - 9384 INFO - shipping_status Records Inserted
2020-09-30 17:06:22,560 - 9384 INFO - shipping_status Records Inserted
2020-09-30 17:06:22,560 - 9384 INFO - shipping_status Records Inserted
2020-09-30 17:06:22,560 - 9384 INFO - shipping_status Records Inserted
2020-09-30 17:06:22,560 - 9384 INFO - shipping_status Records Inserted
2020-09-30 17:06:22,560 - 9384 INFO - shipping_status Records Inserted
2020-09-30 17:06:22,560 - 9384 INFO - shipping_status Records Inserted
2020-09-30 17:06:22,560 - 9384 INFO - shipping_status Records Inserted
2020-09-30 17:06:22,560 - 9384 INFO - shipping_status Records Inserted
