2020-09-30 17:08:32,371 - 1436 INFO - category_details Records Inserted
2020-09-30 17:08:32,371 - 1436 INFO - category_details Records Inserted
2020-09-30 17:08:32,371 - 1436 INFO - category_details Records Inserted
2020-09-30 17:08:32,390 - 1436 INFO - customer_details Records Inserted
2020-09-30 17:08:32,390 - 1436 INFO - customer_details Records Inserted
2020-09-30 17:08:32,390 - 1436 INFO - customer_details Records Inserted
2020-09-30 17:08:32,390 - 1436 INFO - customer_details Records Inserted
2020-09-30 17:08:32,390 - 1436 INFO - customer_details Records Inserted
2020-09-30 17:08:32,405 - 1436 INFO - order_status_details Records Inserted
2020-09-30 17:08:32,405 - 1436 INFO - order_status_details Records Inserted
2020-09-30 17:08:32,405 - 1436 INFO - order_status_details Records Inserted
2020-09-30 17:08:32,405 - 1436 INFO - order_status_details Records Inserted
2020-09-30 17:08:32,405 - 1436 INFO - order_status_details Records Inserted
2020-09-30 17:08:32,405 - 1436 INFO - order_status_details Records Inserted
2020-09-30 17:08:32,405 - 1436 INFO - order_status_details Records Inserted
2020-09-30 17:08:32,417 - 1436 INFO - seller_details Records Inserted
2020-09-30 17:08:32,417 - 1436 INFO - seller_details Records Inserted
2020-09-30 17:08:32,417 - 1436 INFO - seller_details Records Inserted
2020-09-30 17:08:32,417 - 1436 INFO - seller_details Records Inserted
2020-09-30 17:08:32,417 - 1436 INFO - seller_details Records Inserted
2020-09-30 17:08:32,417 - 1436 INFO - seller_details Records Inserted
2020-09-30 17:08:32,417 - 1436 INFO - seller_details Records Inserted
2020-09-30 17:08:32,417 - 1436 INFO - seller_details Records Inserted
2020-09-30 17:08:32,417 - 1436 INFO - seller_details Records Inserted
2020-09-30 17:08:32,431 - 1436 INFO - cart_details Records Inserted
2020-09-30 17:08:32,431 - 1436 INFO - cart_details Records Inserted
2020-09-30 17:08:32,431 - 1436 INFO - cart_details Records Inserted
2020-09-30 17:08:32,431 - 1436 INFO - cart_details Records Inserted
2020-09-30 17:08:32,431 - 1436 INFO - cart_details Records Inserted
2020-09-30 17:08:32,431 - 1436 INFO - cart_details Records Inserted
2020-09-30 17:08:32,431 - 1436 INFO - cart_details Records Inserted
2020-09-30 17:08:32,431 - 1436 INFO - cart_details Records Inserted
2020-09-30 17:08:32,431 - 1436 INFO - cart_details Records Inserted
2020-09-30 17:08:32,431 - 1436 INFO - cart_details Records Inserted
2020-09-30 17:08:32,431 - 1436 INFO - cart_details Records Inserted
2020-09-30 17:08:32,446 - 1436 INFO - customer_address_details Records Inserted
2020-09-30 17:08:32,446 - 1436 INFO - customer_address_details Records Inserted
2020-09-30 17:08:32,446 - 1436 INFO - customer_address_details Records Inserted
2020-09-30 17:08:32,446 - 1436 INFO - customer_address_details Records Inserted
2020-09-30 17:08:32,446 - 1436 INFO - customer_address_details Records Inserted
2020-09-30 17:08:32,446 - 1436 INFO - customer_address_details Records Inserted
2020-09-30 17:08:32,446 - 1436 INFO - customer_address_details Records Inserted
2020-09-30 17:08:32,446 - 1436 INFO - customer_address_details Records Inserted
2020-09-30 17:08:32,446 - 1436 INFO - customer_address_details Records Inserted
2020-09-30 17:08:32,446 - 1436 INFO - customer_address_details Records Inserted
2020-09-30 17:08:32,446 - 1436 INFO - customer_address_details Records Inserted
2020-09-30 17:08:32,446 - 1436 INFO - customer_address_details Records Inserted
2020-09-30 17:08:32,446 - 1436 INFO - customer_address_details Records Inserted
2020-09-30 17:08:32,460 - 1436 INFO - order_details Records Inserted
2020-09-30 17:08:32,460 - 1436 INFO - order_details Records Inserted
2020-09-30 17:08:32,460 - 1436 INFO - order_details Records Inserted
2020-09-30 17:08:32,460 - 1436 INFO - order_details Records Inserted
2020-09-30 17:08:32,460 - 1436 INFO - order_details Records Inserted
2020-09-30 17:08:32,460 - 1436 INFO - order_details Records Inserted
2020-09-30 17:08:32,460 - 1436 INFO - order_details Records Inserted
2020-09-30 17:08:32,460 - 1436 INFO - order_details Records Inserted
2020-09-30 17:08:32,460 - 1436 INFO - order_details Records Inserted
2020-09-30 17:08:32,460 - 1436 INFO - order_details Records Inserted
2020-09-30 17:08:32,460 - 1436 INFO - order_details Records Inserted
2020-09-30 17:08:32,460 - 1436 INFO - order_details Records Inserted
2020-09-30 17:08:32,460 - 1436 INFO - order_details Records Inserted
2020-09-30 17:08:32,460 - 1436 INFO - order_details Records Inserted
2020-09-30 17:08:32,460 - 1436 INFO - order_details Records Inserted
2020-09-30 17:08:32,475 - 1436 INFO - product_stock_details Records Inserted
2020-09-30 17:08:32,475 - 1436 INFO - product_stock_details Records Inserted
2020-09-30 17:08:32,475 - 1436 INFO - product_stock_details Records Inserted
2020-09-30 17:08:32,475 - 1436 INFO - product_stock_details Records Inserted
2020-09-30 17:08:32,475 - 1436 INFO - product_stock_details Records Inserted
2020-09-30 17:08:32,475 - 1436 INFO - product_stock_details Records Inserted
2020-09-30 17:08:32,475 - 1436 INFO - product_stock_details Records Inserted
2020-09-30 17:08:32,475 - 1436 INFO - product_stock_details Records Inserted
2020-09-30 17:08:32,475 - 1436 INFO - product_stock_details Records Inserted
2020-09-30 17:08:32,475 - 1436 INFO - product_stock_details Records Inserted
2020-09-30 17:08:32,475 - 1436 INFO - product_stock_details Records Inserted
2020-09-30 17:08:32,475 - 1436 INFO - product_stock_details Records Inserted
2020-09-30 17:08:32,475 - 1436 INFO - product_stock_details Records Inserted
2020-09-30 17:08:32,475 - 1436 INFO - product_stock_details Records Inserted
2020-09-30 17:08:32,475 - 1436 INFO - product_stock_details Records Inserted
2020-09-30 17:08:32,475 - 1436 INFO - product_stock_details Records Inserted
2020-09-30 17:08:32,475 - 1436 INFO - product_stock_details Records Inserted
2020-09-30 17:08:32,492 - 1436 INFO - product_details Records Inserted
2020-09-30 17:08:32,492 - 1436 INFO - product_details Records Inserted
2020-09-30 17:08:32,492 - 1436 INFO - product_details Records Inserted
2020-09-30 17:08:32,492 - 1436 INFO - product_details Records Inserted
2020-09-30 17:08:32,492 - 1436 INFO - product_details Records Inserted
2020-09-30 17:08:32,492 - 1436 INFO - product_details Records Inserted
2020-09-30 17:08:32,492 - 1436 INFO - product_details Records Inserted
2020-09-30 17:08:32,492 - 1436 INFO - product_details Records Inserted
2020-09-30 17:08:32,492 - 1436 INFO - product_details Records Inserted
2020-09-30 17:08:32,492 - 1436 INFO - product_details Records Inserted
2020-09-30 17:08:32,492 - 1436 INFO - product_details Records Inserted
2020-09-30 17:08:32,492 - 1436 INFO - product_details Records Inserted
2020-09-30 17:08:32,492 - 1436 INFO - product_details Records Inserted
2020-09-30 17:08:32,492 - 1436 INFO - product_details Records Inserted
2020-09-30 17:08:32,492 - 1436 INFO - product_details Records Inserted
2020-09-30 17:08:32,492 - 1436 INFO - product_details Records Inserted
2020-09-30 17:08:32,492 - 1436 INFO - product_details Records Inserted
2020-09-30 17:08:32,492 - 1436 INFO - product_details Records Inserted
2020-09-30 17:08:32,492 - 1436 INFO - product_details Records Inserted
2020-09-30 17:08:32,538 - 1436 INFO - cart_product_details Records Inserted
2020-09-30 17:08:32,538 - 1436 INFO - cart_product_details Records Inserted
2020-09-30 17:08:32,538 - 1436 INFO - cart_product_details Records Inserted
2020-09-30 17:08:32,538 - 1436 INFO - cart_product_details Records Inserted
2020-09-30 17:08:32,538 - 1436 INFO - cart_product_details Records Inserted
2020-09-30 17:08:32,538 - 1436 INFO - cart_product_details Records Inserted
2020-09-30 17:08:32,538 - 1436 INFO - cart_product_details Records Inserted
2020-09-30 17:08:32,538 - 1436 INFO - cart_product_details Records Inserted
2020-09-30 17:08:32,538 - 1436 INFO - cart_product_details Records Inserted
2020-09-30 17:08:32,538 - 1436 INFO - cart_product_details Records Inserted
2020-09-30 17:08:32,538 - 1436 INFO - cart_product_details Records Inserted
2020-09-30 17:08:32,538 - 1436 INFO - cart_product_details Records Inserted
2020-09-30 17:08:32,538 - 1436 INFO - cart_product_details Records Inserted
2020-09-30 17:08:32,538 - 1436 INFO - cart_product_details Records Inserted
2020-09-30 17:08:32,538 - 1436 INFO - cart_product_details Records Inserted
2020-09-30 17:08:32,538 - 1436 INFO - cart_product_details Records Inserted
2020-09-30 17:08:32,538 - 1436 INFO - cart_product_details Records Inserted
2020-09-30 17:08:32,538 - 1436 INFO - cart_product_details Records Inserted
2020-09-30 17:08:32,538 - 1436 INFO - cart_product_details Records Inserted
2020-09-30 17:08:32,538 - 1436 INFO - cart_product_details Records Inserted
2020-09-30 17:08:32,538 - 1436 INFO - cart_product_details Records Inserted
2020-09-30 17:08:32,592 - 1436 INFO - category_product_details Records Inserted
2020-09-30 17:08:32,592 - 1436 INFO - category_product_details Records Inserted
2020-09-30 17:08:32,592 - 1436 INFO - category_product_details Records Inserted
2020-09-30 17:08:32,592 - 1436 INFO - category_product_details Records Inserted
2020-09-30 17:08:32,592 - 1436 INFO - category_product_details Records Inserted
2020-09-30 17:08:32,592 - 1436 INFO - category_product_details Records Inserted
2020-09-30 17:08:32,592 - 1436 INFO - category_product_details Records Inserted
2020-09-30 17:08:32,592 - 1436 INFO - category_product_details Records Inserted
2020-09-30 17:08:32,592 - 1436 INFO - category_product_details Records Inserted
2020-09-30 17:08:32,592 - 1436 INFO - category_product_details Records Inserted
2020-09-30 17:08:32,592 - 1436 INFO - category_product_details Records Inserted
2020-09-30 17:08:32,592 - 1436 INFO - category_product_details Records Inserted
2020-09-30 17:08:32,592 - 1436 INFO - category_product_details Records Inserted
2020-09-30 17:08:32,592 - 1436 INFO - category_product_details Records Inserted
2020-09-30 17:08:32,592 - 1436 INFO - category_product_details Records Inserted
2020-09-30 17:08:32,592 - 1436 INFO - category_product_details Records Inserted
2020-09-30 17:08:32,592 - 1436 INFO - category_product_details Records Inserted
2020-09-30 17:08:32,592 - 1436 INFO - category_product_details Records Inserted
2020-09-30 17:08:32,592 - 1436 INFO - category_product_details Records Inserted
2020-09-30 17:08:32,592 - 1436 INFO - category_product_details Records Inserted
2020-09-30 17:08:32,592 - 1436 INFO - category_product_details Records Inserted
2020-09-30 17:08:32,592 - 1436 INFO - category_product_details Records Inserted
2020-09-30 17:08:32,592 - 1436 INFO - category_product_details Records Inserted
2020-09-30 17:08:32,607 - 1436 INFO - customer_rating_details Records Inserted
2020-09-30 17:08:32,607 - 1436 INFO - customer_rating_details Records Inserted
2020-09-30 17:08:32,607 - 1436 INFO - customer_rating_details Records Inserted
2020-09-30 17:08:32,607 - 1436 INFO - customer_rating_details Records Inserted
2020-09-30 17:08:32,607 - 1436 INFO - customer_rating_details Records Inserted
2020-09-30 17:08:32,607 - 1436 INFO - customer_rating_details Records Inserted
2020-09-30 17:08:32,607 - 1436 INFO - customer_rating_details Records Inserted
2020-09-30 17:08:32,607 - 1436 INFO - customer_rating_details Records Inserted
2020-09-30 17:08:32,607 - 1436 INFO - customer_rating_details Records Inserted
2020-09-30 17:08:32,607 - 1436 INFO - customer_rating_details Records Inserted
2020-09-30 17:08:32,607 - 1436 INFO - customer_rating_details Records Inserted
2020-09-30 17:08:32,607 - 1436 INFO - customer_rating_details Records Inserted
2020-09-30 17:08:32,607 - 1436 INFO - customer_rating_details Records Inserted
2020-09-30 17:08:32,607 - 1436 INFO - customer_rating_details Records Inserted
2020-09-30 17:08:32,607 - 1436 INFO - customer_rating_details Records Inserted
2020-09-30 17:08:32,607 - 1436 INFO - customer_rating_details Records Inserted
2020-09-30 17:08:32,607 - 1436 INFO - customer_rating_details Records Inserted
2020-09-30 17:08:32,607 - 1436 INFO - customer_rating_details Records Inserted
2020-09-30 17:08:32,607 - 1436 INFO - customer_rating_details Records Inserted
2020-09-30 17:08:32,607 - 1436 INFO - customer_rating_details Records Inserted
2020-09-30 17:08:32,607 - 1436 INFO - customer_rating_details Records Inserted
2020-09-30 17:08:32,607 - 1436 INFO - customer_rating_details Records Inserted
2020-09-30 17:08:32,607 - 1436 INFO - customer_rating_details Records Inserted
2020-09-30 17:08:32,607 - 1436 INFO - customer_rating_details Records Inserted
2020-09-30 17:08:32,607 - 1436 INFO - customer_rating_details Records Inserted
2020-09-30 17:08:32,621 - 1436 INFO - invoice_details Records Inserted
2020-09-30 17:08:32,621 - 1436 INFO - invoice_details Records Inserted
2020-09-30 17:08:32,621 - 1436 INFO - invoice_details Records Inserted
2020-09-30 17:08:32,621 - 1436 INFO - invoice_details Records Inserted
2020-09-30 17:08:32,621 - 1436 INFO - invoice_details Records Inserted
2020-09-30 17:08:32,621 - 1436 INFO - invoice_details Records Inserted
2020-09-30 17:08:32,621 - 1436 INFO - invoice_details Records Inserted
2020-09-30 17:08:32,621 - 1436 INFO - invoice_details Records Inserted
2020-09-30 17:08:32,621 - 1436 INFO - invoice_details Records Inserted
2020-09-30 17:08:32,621 - 1436 INFO - invoice_details Records Inserted
2020-09-30 17:08:32,621 - 1436 INFO - invoice_details Records Inserted
2020-09-30 17:08:32,621 - 1436 INFO - invoice_details Records Inserted
2020-09-30 17:08:32,621 - 1436 INFO - invoice_details Records Inserted
2020-09-30 17:08:32,621 - 1436 INFO - invoice_details Records Inserted
2020-09-30 17:08:32,621 - 1436 INFO - invoice_details Records Inserted
2020-09-30 17:08:32,621 - 1436 INFO - invoice_details Records Inserted
2020-09-30 17:08:32,621 - 1436 INFO - invoice_details Records Inserted
2020-09-30 17:08:32,621 - 1436 INFO - invoice_details Records Inserted
2020-09-30 17:08:32,621 - 1436 INFO - invoice_details Records Inserted
2020-09-30 17:08:32,621 - 1436 INFO - invoice_details Records Inserted
2020-09-30 17:08:32,621 - 1436 INFO - invoice_details Records Inserted
2020-09-30 17:08:32,621 - 1436 INFO - invoice_details Records Inserted
2020-09-30 17:08:32,621 - 1436 INFO - invoice_details Records Inserted
2020-09-30 17:08:32,621 - 1436 INFO - invoice_details Records Inserted
2020-09-30 17:08:32,621 - 1436 INFO - invoice_details Records Inserted
2020-09-30 17:08:32,621 - 1436 INFO - invoice_details Records Inserted
2020-09-30 17:08:32,621 - 1436 INFO - invoice_details Records Inserted
2020-09-30 17:08:32,635 - 1436 INFO - payment_details Records Inserted
2020-09-30 17:08:32,635 - 1436 INFO - payment_details Records Inserted
2020-09-30 17:08:32,635 - 1436 INFO - payment_details Records Inserted
2020-09-30 17:08:32,635 - 1436 INFO - payment_details Records Inserted
2020-09-30 17:08:32,635 - 1436 INFO - payment_details Records Inserted
2020-09-30 17:08:32,635 - 1436 INFO - payment_details Records Inserted
2020-09-30 17:08:32,635 - 1436 INFO - payment_details Records Inserted
2020-09-30 17:08:32,635 - 1436 INFO - payment_details Records Inserted
2020-09-30 17:08:32,635 - 1436 INFO - payment_details Records Inserted
2020-09-30 17:08:32,635 - 1436 INFO - payment_details Records Inserted
2020-09-30 17:08:32,635 - 1436 INFO - payment_details Records Inserted
2020-09-30 17:08:32,635 - 1436 INFO - payment_details Records Inserted
2020-09-30 17:08:32,635 - 1436 INFO - payment_details Records Inserted
2020-09-30 17:08:32,635 - 1436 INFO - payment_details Records Inserted
2020-09-30 17:08:32,635 - 1436 INFO - payment_details Records Inserted
2020-09-30 17:08:32,635 - 1436 INFO - payment_details Records Inserted
2020-09-30 17:08:32,635 - 1436 INFO - payment_details Records Inserted
2020-09-30 17:08:32,635 - 1436 INFO - payment_details Records Inserted
2020-09-30 17:08:32,635 - 1436 INFO - payment_details Records Inserted
2020-09-30 17:08:32,635 - 1436 INFO - payment_details Records Inserted
2020-09-30 17:08:32,635 - 1436 INFO - payment_details Records Inserted
2020-09-30 17:08:32,635 - 1436 INFO - payment_details Records Inserted
2020-09-30 17:08:32,635 - 1436 INFO - payment_details Records Inserted
2020-09-30 17:08:32,635 - 1436 INFO - payment_details Records Inserted
2020-09-30 17:08:32,635 - 1436 INFO - payment_details Records Inserted
2020-09-30 17:08:32,635 - 1436 INFO - payment_details Records Inserted
2020-09-30 17:08:32,635 - 1436 INFO - payment_details Records Inserted
2020-09-30 17:08:32,635 - 1436 INFO - payment_details Records Inserted
2020-09-30 17:08:32,635 - 1436 INFO - payment_details Records Inserted
2020-09-30 17:08:32,650 - 1436 INFO - product_ordered_details Records Inserted
2020-09-30 17:08:32,650 - 1436 INFO - product_ordered_details Records Inserted
2020-09-30 17:08:32,650 - 1436 INFO - product_ordered_details Records Inserted
2020-09-30 17:08:32,650 - 1436 INFO - product_ordered_details Records Inserted
2020-09-30 17:08:32,650 - 1436 INFO - product_ordered_details Records Inserted
2020-09-30 17:08:32,650 - 1436 INFO - product_ordered_details Records Inserted
2020-09-30 17:08:32,650 - 1436 INFO - product_ordered_details Records Inserted
2020-09-30 17:08:32,650 - 1436 INFO - product_ordered_details Records Inserted
2020-09-30 17:08:32,650 - 1436 INFO - product_ordered_details Records Inserted
2020-09-30 17:08:32,650 - 1436 INFO - product_ordered_details Records Inserted
2020-09-30 17:08:32,650 - 1436 INFO - product_ordered_details Records Inserted
2020-09-30 17:08:32,650 - 1436 INFO - product_ordered_details Records Inserted
2020-09-30 17:08:32,650 - 1436 INFO - product_ordered_details Records Inserted
2020-09-30 17:08:32,650 - 1436 INFO - product_ordered_details Records Inserted
2020-09-30 17:08:32,650 - 1436 INFO - product_ordered_details Records Inserted
2020-09-30 17:08:32,650 - 1436 INFO - product_ordered_details Records Inserted
2020-09-30 17:08:32,650 - 1436 INFO - product_ordered_details Records Inserted
2020-09-30 17:08:32,650 - 1436 INFO - product_ordered_details Records Inserted
2020-09-30 17:08:32,650 - 1436 INFO - product_ordered_details Records Inserted
2020-09-30 17:08:32,650 - 1436 INFO - product_ordered_details Records Inserted
2020-09-30 17:08:32,650 - 1436 INFO - product_ordered_details Records Inserted
2020-09-30 17:08:32,650 - 1436 INFO - product_ordered_details Records Inserted
2020-09-30 17:08:32,650 - 1436 INFO - product_ordered_details Records Inserted
2020-09-30 17:08:32,650 - 1436 INFO - product_ordered_details Records Inserted
2020-09-30 17:08:32,650 - 1436 INFO - product_ordered_details Records Inserted
2020-09-30 17:08:32,650 - 1436 INFO - product_ordered_details Records Inserted
2020-09-30 17:08:32,650 - 1436 INFO - product_ordered_details Records Inserted
2020-09-30 17:08:32,650 - 1436 INFO - product_ordered_details Records Inserted
2020-09-30 17:08:32,650 - 1436 INFO - product_ordered_details Records Inserted
2020-09-30 17:08:32,650 - 1436 INFO - product_ordered_details Records Inserted
2020-09-30 17:08:32,650 - 1436 INFO - product_ordered_details Records Inserted
2020-09-30 17:08:32,665 - 1436 INFO - shipping_status Records Inserted
2020-09-30 17:08:32,665 - 1436 INFO - shipping_status Records Inserted
2020-09-30 17:08:32,665 - 1436 INFO - shipping_status Records Inserted
2020-09-30 17:08:32,665 - 1436 INFO - shipping_status Records Inserted
2020-09-30 17:08:32,665 - 1436 INFO - shipping_status Records Inserted
2020-09-30 17:08:32,665 - 1436 INFO - shipping_status Records Inserted
2020-09-30 17:08:32,665 - 1436 INFO - shipping_status Records Inserted
2020-09-30 17:08:32,665 - 1436 INFO - shipping_status Records Inserted
2020-09-30 17:08:32,665 - 1436 INFO - shipping_status Records Inserted
2020-09-30 17:08:32,665 - 1436 INFO - shipping_status Records Inserted
2020-09-30 17:08:32,665 - 1436 INFO - shipping_status Records Inserted
2020-09-30 17:08:32,665 - 1436 INFO - shipping_status Records Inserted
2020-09-30 17:08:32,665 - 1436 INFO - shipping_status Records Inserted
2020-09-30 17:08:32,665 - 1436 INFO - shipping_status Records Inserted
2020-09-30 17:08:32,665 - 1436 INFO - shipping_status Records Inserted
2020-09-30 17:08:32,665 - 1436 INFO - shipping_status Records Inserted
2020-09-30 17:08:32,665 - 1436 INFO - shipping_status Records Inserted
2020-09-30 17:08:32,665 - 1436 INFO - shipping_status Records Inserted
2020-09-30 17:08:32,665 - 1436 INFO - shipping_status Records Inserted
2020-09-30 17:08:32,665 - 1436 INFO - shipping_status Records Inserted
2020-09-30 17:08:32,665 - 1436 INFO - shipping_status Records Inserted
2020-09-30 17:08:32,665 - 1436 INFO - shipping_status Records Inserted
2020-09-30 17:08:32,665 - 1436 INFO - shipping_status Records Inserted
2020-09-30 17:08:32,665 - 1436 INFO - shipping_status Records Inserted
2020-09-30 17:08:32,665 - 1436 INFO - shipping_status Records Inserted
2020-09-30 17:08:32,665 - 1436 INFO - shipping_status Records Inserted
2020-09-30 17:08:32,665 - 1436 INFO - shipping_status Records Inserted
2020-09-30 17:08:32,665 - 1436 INFO - shipping_status Records Inserted
2020-09-30 17:08:32,665 - 1436 INFO - shipping_status Records Inserted
2020-09-30 17:08:32,665 - 1436 INFO - shipping_status Records Inserted
2020-09-30 17:08:32,665 - 1436 INFO - shipping_status Records Inserted
2020-09-30 17:08:32,665 - 1436 INFO - shipping_status Records Inserted
2020-09-30 17:08:32,665 - 1436 INFO - shipping_status Records Inserted
2020-09-30 17:08:32,688 - 1436 INFO - sample Records Inserted
2020-09-30 17:08:32,688 - 1436 INFO - sample Records Inserted
2020-09-30 17:08:32,688 - 1436 INFO - sample Records Inserted
2020-09-30 17:08:32,688 - 1436 INFO - sample Records Inserted
2020-09-30 17:08:32,688 - 1436 INFO - sample Records Inserted
2020-09-30 17:08:32,688 - 1436 INFO - sample Records Inserted
2020-09-30 17:08:32,688 - 1436 INFO - sample Records Inserted
2020-09-30 17:08:32,688 - 1436 INFO - sample Records Inserted
2020-09-30 17:08:32,688 - 1436 INFO - sample Records Inserted
2020-09-30 17:08:32,688 - 1436 INFO - sample Records Inserted
2020-09-30 17:08:32,688 - 1436 INFO - sample Records Inserted
2020-09-30 17:08:32,688 - 1436 INFO - sample Records Inserted
2020-09-30 17:08:32,688 - 1436 INFO - sample Records Inserted
2020-09-30 17:08:32,688 - 1436 INFO - sample Records Inserted
2020-09-30 17:08:32,688 - 1436 INFO - sample Records Inserted
2020-09-30 17:08:32,688 - 1436 INFO - sample Records Inserted
2020-09-30 17:08:32,688 - 1436 INFO - sample Records Inserted
2020-09-30 17:08:32,688 - 1436 INFO - sample Records Inserted
2020-09-30 17:08:32,688 - 1436 INFO - sample Records Inserted
2020-09-30 17:08:32,688 - 1436 INFO - sample Records Inserted
2020-09-30 17:08:32,688 - 1436 INFO - sample Records Inserted
2020-09-30 17:08:32,688 - 1436 INFO - sample Records Inserted
2020-09-30 17:08:32,688 - 1436 INFO - sample Records Inserted
2020-09-30 17:08:32,688 - 1436 INFO - sample Records Inserted
2020-09-30 17:08:32,688 - 1436 INFO - sample Records Inserted
2020-09-30 17:08:32,688 - 1436 INFO - sample Records Inserted
2020-09-30 17:08:32,688 - 1436 INFO - sample Records Inserted
2020-09-30 17:08:32,688 - 1436 INFO - sample Records Inserted
2020-09-30 17:08:32,688 - 1436 INFO - sample Records Inserted
2020-09-30 17:08:32,688 - 1436 INFO - sample Records Inserted
2020-09-30 17:08:32,688 - 1436 INFO - sample Records Inserted
2020-09-30 17:08:32,688 - 1436 INFO - sample Records Inserted
2020-09-30 17:08:32,688 - 1436 INFO - sample Records Inserted
2020-09-30 17:08:32,688 - 1436 INFO - sample Records Inserted
2020-09-30 17:08:32,688 - 1436 INFO - sample Records Inserted
