2020-09-29 16:25:59,302 - 7544 INFO - Table cart_details is ready to add in DB
2020-09-29 16:25:59,302 - 7544 INFO - Table cart_details is ready to add in DB
2020-09-29 16:25:59,303 - 7544 INFO - Table cart_product_details is ready to add in DB
2020-09-29 16:25:59,303 - 7544 INFO - Table cart_product_details is ready to add in DB
2020-09-29 16:25:59,303 - 7544 INFO - Table category_details is ready to add in DB
2020-09-29 16:25:59,303 - 7544 INFO - Table category_details is ready to add in DB
2020-09-29 16:25:59,304 - 7544 INFO - Table category_product_details is ready to add in DB
2020-09-29 16:25:59,304 - 7544 INFO - Table category_product_details is ready to add in DB
2020-09-29 16:25:59,304 - 7544 INFO - Table customer_address_details is ready to add in DB
2020-09-29 16:25:59,304 - 7544 INFO - Table customer_address_details is ready to add in DB
2020-09-29 16:25:59,304 - 7544 INFO - Table customer_details is ready to add in DB
2020-09-29 16:25:59,304 - 7544 INFO - Table customer_details is ready to add in DB
2020-09-29 16:25:59,304 - 7544 INFO - Table customer_rating_details is ready to add in DB
2020-09-29 16:25:59,304 - 7544 INFO - Table customer_rating_details is ready to add in DB
2020-09-29 16:25:59,305 - 7544 INFO - Table invoice_details is ready to add in DB
2020-09-29 16:25:59,305 - 7544 INFO - Table invoice_details is ready to add in DB
2020-09-29 16:25:59,305 - 7544 INFO - Table order_details is ready to add in DB
2020-09-29 16:25:59,305 - 7544 INFO - Table order_details is ready to add in DB
2020-09-29 16:25:59,305 - 7544 INFO - Table order_status_details is ready to add in DB
2020-09-29 16:25:59,305 - 7544 INFO - Table order_status_details is ready to add in DB
2020-09-29 16:25:59,305 - 7544 INFO - Table payment_details is ready to add in DB
2020-09-29 16:25:59,305 - 7544 INFO - Table payment_details is ready to add in DB
2020-09-29 16:25:59,305 - 7544 INFO - Table product_details is ready to add in DB
2020-09-29 16:25:59,305 - 7544 INFO - Table product_details is ready to add in DB
2020-09-29 16:25:59,305 - 7544 INFO - Table product_ordered_details is ready to add in DB
2020-09-29 16:25:59,305 - 7544 INFO - Table product_ordered_details is ready to add in DB
2020-09-29 16:25:59,305 - 7544 INFO - Table product_stock_details is ready to add in DB
2020-09-29 16:25:59,305 - 7544 INFO - Table product_stock_details is ready to add in DB
2020-09-29 16:25:59,305 - 7544 INFO - Table seller_details is ready to add in DB
2020-09-29 16:25:59,305 - 7544 INFO - Table seller_details is ready to add in DB
2020-09-29 16:25:59,306 - 7544 INFO - Table shipping_status is ready to add in DB
2020-09-29 16:25:59,306 - 7544 INFO - Table shipping_status is ready to add in DB
