2020-09-29 21:36:36,351 - 28908 INFO - Table cart_details is ready to add in DB
2020-09-29 21:36:36,351 - 28908 INFO - Table cart_details is ready to add in DB
2020-09-29 21:36:36,352 - 28908 INFO - Table cart_product_details is ready to add in DB
2020-09-29 21:36:36,352 - 28908 INFO - Table cart_product_details is ready to add in DB
2020-09-29 21:36:36,352 - 28908 INFO - Table category_details is ready to add in DB
2020-09-29 21:36:36,352 - 28908 INFO - Table category_details is ready to add in DB
2020-09-29 21:36:36,352 - 28908 INFO - Table category_product_details is ready to add in DB
2020-09-29 21:36:36,352 - 28908 INFO - Table category_product_details is ready to add in DB
2020-09-29 21:36:36,353 - 28908 INFO - Table customer_address_details is ready to add in DB
2020-09-29 21:36:36,353 - 28908 INFO - Table customer_address_details is ready to add in DB
2020-09-29 21:36:36,353 - 28908 INFO - Table customer_details is ready to add in DB
2020-09-29 21:36:36,353 - 28908 INFO - Table customer_details is ready to add in DB
2020-09-29 21:36:36,353 - 28908 INFO - Table customer_rating_details is ready to add in DB
2020-09-29 21:36:36,353 - 28908 INFO - Table customer_rating_details is ready to add in DB
2020-09-29 21:36:36,354 - 28908 INFO - Table invoice_details is ready to add in DB
2020-09-29 21:36:36,354 - 28908 INFO - Table invoice_details is ready to add in DB
2020-09-29 21:36:36,354 - 28908 INFO - Table order_details is ready to add in DB
2020-09-29 21:36:36,354 - 28908 INFO - Table order_details is ready to add in DB
2020-09-29 21:36:36,354 - 28908 INFO - Table order_status_details is ready to add in DB
2020-09-29 21:36:36,354 - 28908 INFO - Table order_status_details is ready to add in DB
2020-09-29 21:36:36,354 - 28908 INFO - Table payment_details is ready to add in DB
2020-09-29 21:36:36,354 - 28908 INFO - Table payment_details is ready to add in DB
2020-09-29 21:36:36,355 - 28908 INFO - Table product_details is ready to add in DB
2020-09-29 21:36:36,355 - 28908 INFO - Table product_details is ready to add in DB
2020-09-29 21:36:36,355 - 28908 INFO - Table product_ordered_details is ready to add in DB
2020-09-29 21:36:36,355 - 28908 INFO - Table product_ordered_details is ready to add in DB
2020-09-29 21:36:36,355 - 28908 INFO - Table product_stock_details is ready to add in DB
2020-09-29 21:36:36,355 - 28908 INFO - Table product_stock_details is ready to add in DB
2020-09-29 21:36:36,355 - 28908 INFO - Table ref_1_cart_details is ready to add in DB
2020-09-29 21:36:36,355 - 28908 INFO - Table ref_1_cart_details is ready to add in DB
2020-09-29 21:36:36,355 - 28908 INFO - Table ref_2_customer_address_details is ready to add in DB
2020-09-29 21:36:36,355 - 28908 INFO - Table ref_2_customer_address_details is ready to add in DB
2020-09-29 21:36:36,356 - 28908 INFO - Table ref_3_order_details is ready to add in DB
2020-09-29 21:36:36,356 - 28908 INFO - Table ref_3_order_details is ready to add in DB
2020-09-29 21:36:36,356 - 28908 INFO - Table ref_4_product_stock_details is ready to add in DB
2020-09-29 21:36:36,356 - 28908 INFO - Table ref_4_product_stock_details is ready to add in DB
2020-09-29 21:36:36,356 - 28908 INFO - Table ref_5_product_details is ready to add in DB
2020-09-29 21:36:36,356 - 28908 INFO - Table ref_5_product_details is ready to add in DB
2020-09-29 21:36:36,356 - 28908 INFO - Table ref_6_cart_product_details is ready to add in DB
2020-09-29 21:36:36,356 - 28908 INFO - Table ref_6_cart_product_details is ready to add in DB
2020-09-29 21:36:36,357 - 28908 INFO - Table ref_7_category_product_details is ready to add in DB
2020-09-29 21:36:36,357 - 28908 INFO - Table ref_7_category_product_details is ready to add in DB
2020-09-29 21:36:36,357 - 28908 INFO - Table ref_8_customer_rating_details is ready to add in DB
2020-09-29 21:36:36,357 - 28908 INFO - Table ref_8_customer_rating_details is ready to add in DB
2020-09-29 21:36:36,357 - 28908 INFO - Table ref_9_invoice_details is ready to add in DB
2020-09-29 21:36:36,357 - 28908 INFO - Table ref_9_invoice_details is ready to add in DB
2020-09-29 21:36:36,357 - 28908 INFO - Table ref_payment_details is ready to add in DB
2020-09-29 21:36:36,357 - 28908 INFO - Table ref_payment_details is ready to add in DB
2020-09-29 21:36:36,358 - 28908 INFO - Table ref_product_ordered_details is ready to add in DB
2020-09-29 21:36:36,358 - 28908 INFO - Table ref_product_ordered_details is ready to add in DB
2020-09-29 21:36:36,358 - 28908 INFO - Table ref_shipping_status is ready to add in DB
2020-09-29 21:36:36,358 - 28908 INFO - Table ref_shipping_status is ready to add in DB
2020-09-29 21:36:36,358 - 28908 INFO - Table seller_details is ready to add in DB
2020-09-29 21:36:36,358 - 28908 INFO - Table seller_details is ready to add in DB
2020-09-29 21:36:36,359 - 28908 INFO - Table shipping_status is ready to add in DB
2020-09-29 21:36:36,359 - 28908 INFO - Table shipping_status is ready to add in DB
2020-09-29 21:36:36,459 - 28908 INFO - CREATE TABLE if not exists CART_DETAILS(
cart_id	INT PRIMARY KEY NOT NULL,
cart_added_date DATE,
customer_id INT) cart_details.sql 0.02s cart_details Table CREATED
2020-09-29 21:36:36,459 - 28908 INFO - CREATE TABLE if not exists CART_DETAILS(
cart_id	INT PRIMARY KEY NOT NULL,
cart_added_date DATE,
customer_id INT) cart_details.sql 0.02s cart_details Table CREATED
2020-09-29 21:36:36,459 - 28908 INFO - CREATE TABLE if not exists CART_DETAILS(
cart_id	INT PRIMARY KEY NOT NULL,
cart_added_date DATE,
customer_id INT) cart_details.sql 0.02s cart_details Table CREATED
2020-09-29 21:36:36,459 - 28908 INFO - CREATE TABLE if not exists CART_DETAILS(
cart_id	INT PRIMARY KEY NOT NULL,
cart_added_date DATE,
customer_id INT) cart_details.sql 0.02s cart_details Table CREATED
2020-09-29 21:36:36,464 - 28908 INFO - CREATE TABLE if not exists CART_PRODUCT_DETAILS(
cart_id	int,
product_id	int,
quantity int) cart_product_details.sql 0.0s cart_product_details Table CREATED
2020-09-29 21:36:36,464 - 28908 INFO - CREATE TABLE if not exists CART_PRODUCT_DETAILS(
cart_id	int,
product_id	int,
quantity int) cart_product_details.sql 0.0s cart_product_details Table CREATED
2020-09-29 21:36:36,464 - 28908 INFO - CREATE TABLE if not exists CART_PRODUCT_DETAILS(
cart_id	int,
product_id	int,
quantity int) cart_product_details.sql 0.0s cart_product_details Table CREATED
2020-09-29 21:36:36,464 - 28908 INFO - CREATE TABLE if not exists CART_PRODUCT_DETAILS(
cart_id	int,
product_id	int,
quantity int) cart_product_details.sql 0.0s cart_product_details Table CREATED
2020-09-29 21:36:36,474 - 28908 INFO - CREATE TABLE if not exists CATEGORY_DETAILS(
category_id	INT PRIMARY KEY NOT NULL,
category_name VARCHAR(20) NOT NULL) category_details.sql 0.01s category_details Table CREATED
2020-09-29 21:36:36,474 - 28908 INFO - CREATE TABLE if not exists CATEGORY_DETAILS(
category_id	INT PRIMARY KEY NOT NULL,
category_name VARCHAR(20) NOT NULL) category_details.sql 0.01s category_details Table CREATED
2020-09-29 21:36:36,474 - 28908 INFO - CREATE TABLE if not exists CATEGORY_DETAILS(
category_id	INT PRIMARY KEY NOT NULL,
category_name VARCHAR(20) NOT NULL) category_details.sql 0.01s category_details Table CREATED
2020-09-29 21:36:36,474 - 28908 INFO - CREATE TABLE if not exists CATEGORY_DETAILS(
category_id	INT PRIMARY KEY NOT NULL,
category_name VARCHAR(20) NOT NULL) category_details.sql 0.01s category_details Table CREATED
2020-09-29 21:36:36,480 - 28908 INFO - CREATE TABLE if not exists CATEGORY_PRODUCT_DETAILS(
product_id	INT,
category_id INT) category_product_details.sql 0.0s category_product_details Table CREATED
2020-09-29 21:36:36,480 - 28908 INFO - CREATE TABLE if not exists CATEGORY_PRODUCT_DETAILS(
product_id	INT,
category_id INT) category_product_details.sql 0.0s category_product_details Table CREATED
2020-09-29 21:36:36,480 - 28908 INFO - CREATE TABLE if not exists CATEGORY_PRODUCT_DETAILS(
product_id	INT,
category_id INT) category_product_details.sql 0.0s category_product_details Table CREATED
2020-09-29 21:36:36,480 - 28908 INFO - CREATE TABLE if not exists CATEGORY_PRODUCT_DETAILS(
product_id	INT,
category_id INT) category_product_details.sql 0.0s category_product_details Table CREATED
2020-09-29 21:36:36,486 - 28908 INFO - CREATE TABLE if not exists CUSTOMER_ADDRESS_DETAILS(
address_id int PRIMARY KEY NOT NULL,
address_1 varchar(25),
address_2 varchar(25),
state varchar(20),
country varchar(20),
address_type varchar(15),
pin_code bigint not null,
customer_id int) customer_address_details.sql 0.0s customer_address_details Table CREATED
2020-09-29 21:36:36,486 - 28908 INFO - CREATE TABLE if not exists CUSTOMER_ADDRESS_DETAILS(
address_id int PRIMARY KEY NOT NULL,
address_1 varchar(25),
address_2 varchar(25),
state varchar(20),
country varchar(20),
address_type varchar(15),
pin_code bigint not null,
customer_id int) customer_address_details.sql 0.0s customer_address_details Table CREATED
2020-09-29 21:36:36,486 - 28908 INFO - CREATE TABLE if not exists CUSTOMER_ADDRESS_DETAILS(
address_id int PRIMARY KEY NOT NULL,
address_1 varchar(25),
address_2 varchar(25),
state varchar(20),
country varchar(20),
address_type varchar(15),
pin_code bigint not null,
customer_id int) customer_address_details.sql 0.0s customer_address_details Table CREATED
2020-09-29 21:36:36,486 - 28908 INFO - CREATE TABLE if not exists CUSTOMER_ADDRESS_DETAILS(
address_id int PRIMARY KEY NOT NULL,
address_1 varchar(25),
address_2 varchar(25),
state varchar(20),
country varchar(20),
address_type varchar(15),
pin_code bigint not null,
customer_id int) customer_address_details.sql 0.0s customer_address_details Table CREATED
2020-09-29 21:36:36,495 - 28908 INFO - CREATE TABLE if not exists CUSTOMER_DETAILS(
customer_id int PRIMARY KEY NOT NULL ,
customer_name varchar(15) NOT NULL,
customer_ph_no bigint,
customer_type varchar(10) DEFAULT 'GEN',
customer_mail_id varchar(25) NOT NULL,
customer_pass varchar(12) NOT NULL,
customer_gen varchar(10)) customer_details.sql 0.01s customer_details Table CREATED
2020-09-29 21:36:36,495 - 28908 INFO - CREATE TABLE if not exists CUSTOMER_DETAILS(
customer_id int PRIMARY KEY NOT NULL ,
customer_name varchar(15) NOT NULL,
customer_ph_no bigint,
customer_type varchar(10) DEFAULT 'GEN',
customer_mail_id varchar(25) NOT NULL,
customer_pass varchar(12) NOT NULL,
customer_gen varchar(10)) customer_details.sql 0.01s customer_details Table CREATED
2020-09-29 21:36:36,495 - 28908 INFO - CREATE TABLE if not exists CUSTOMER_DETAILS(
customer_id int PRIMARY KEY NOT NULL ,
customer_name varchar(15) NOT NULL,
customer_ph_no bigint,
customer_type varchar(10) DEFAULT 'GEN',
customer_mail_id varchar(25) NOT NULL,
customer_pass varchar(12) NOT NULL,
customer_gen varchar(10)) customer_details.sql 0.01s customer_details Table CREATED
2020-09-29 21:36:36,495 - 28908 INFO - CREATE TABLE if not exists CUSTOMER_DETAILS(
customer_id int PRIMARY KEY NOT NULL ,
customer_name varchar(15) NOT NULL,
customer_ph_no bigint,
customer_type varchar(10) DEFAULT 'GEN',
customer_mail_id varchar(25) NOT NULL,
customer_pass varchar(12) NOT NULL,
customer_gen varchar(10)) customer_details.sql 0.01s customer_details Table CREATED
2020-09-29 21:36:36,501 - 28908 INFO - CREATE TABLE if not exists CUSTOMER_RATING_DETAILS(
rating_id INT PRIMARY KEY NOT NULL,
rating_star DOUBLE,
rating_desc VARCHAR(50),
customer_id INT,
product_id INT) customer_rating_details.sql 0.0s customer_rating_details Table CREATED
2020-09-29 21:36:36,501 - 28908 INFO - CREATE TABLE if not exists CUSTOMER_RATING_DETAILS(
rating_id INT PRIMARY KEY NOT NULL,
rating_star DOUBLE,
rating_desc VARCHAR(50),
customer_id INT,
product_id INT) customer_rating_details.sql 0.0s customer_rating_details Table CREATED
2020-09-29 21:36:36,501 - 28908 INFO - CREATE TABLE if not exists CUSTOMER_RATING_DETAILS(
rating_id INT PRIMARY KEY NOT NULL,
rating_star DOUBLE,
rating_desc VARCHAR(50),
customer_id INT,
product_id INT) customer_rating_details.sql 0.0s customer_rating_details Table CREATED
2020-09-29 21:36:36,501 - 28908 INFO - CREATE TABLE if not exists CUSTOMER_RATING_DETAILS(
rating_id INT PRIMARY KEY NOT NULL,
rating_star DOUBLE,
rating_desc VARCHAR(50),
customer_id INT,
product_id INT) customer_rating_details.sql 0.0s customer_rating_details Table CREATED
2020-09-29 21:36:36,510 - 28908 INFO - CREATE TABLE if not exists INVOICE_DETAILS(
invoice_num INT PRIMARY KEY ,
invoice_date DATE,
invoice_desc VARCHAR(30),
order_id INT,
product_id INT) invoice_details.sql 0.01s invoice_details Table CREATED
2020-09-29 21:36:36,510 - 28908 INFO - CREATE TABLE if not exists INVOICE_DETAILS(
invoice_num INT PRIMARY KEY ,
invoice_date DATE,
invoice_desc VARCHAR(30),
order_id INT,
product_id INT) invoice_details.sql 0.01s invoice_details Table CREATED
2020-09-29 21:36:36,510 - 28908 INFO - CREATE TABLE if not exists INVOICE_DETAILS(
invoice_num INT PRIMARY KEY ,
invoice_date DATE,
invoice_desc VARCHAR(30),
order_id INT,
product_id INT) invoice_details.sql 0.01s invoice_details Table CREATED
2020-09-29 21:36:36,510 - 28908 INFO - CREATE TABLE if not exists INVOICE_DETAILS(
invoice_num INT PRIMARY KEY ,
invoice_date DATE,
invoice_desc VARCHAR(30),
order_id INT,
product_id INT) invoice_details.sql 0.01s invoice_details Table CREATED
2020-09-29 21:36:36,518 - 28908 INFO - CREATE TABLE if not exists ORDER_DETAILS(
order_id INT PRIMARY KEY NOT NULL,
order_date DATE,
billing_name VARCHAR(10),
delivery_name VARCHAR(10),
billing_address_id int,
delivery_address_id int,
order_status_id	int,
customer_id int) order_details.sql 0.01s order_details Table CREATED
2020-09-29 21:36:36,518 - 28908 INFO - CREATE TABLE if not exists ORDER_DETAILS(
order_id INT PRIMARY KEY NOT NULL,
order_date DATE,
billing_name VARCHAR(10),
delivery_name VARCHAR(10),
billing_address_id int,
delivery_address_id int,
order_status_id	int,
customer_id int) order_details.sql 0.01s order_details Table CREATED
2020-09-29 21:36:36,518 - 28908 INFO - CREATE TABLE if not exists ORDER_DETAILS(
order_id INT PRIMARY KEY NOT NULL,
order_date DATE,
billing_name VARCHAR(10),
delivery_name VARCHAR(10),
billing_address_id int,
delivery_address_id int,
order_status_id	int,
customer_id int) order_details.sql 0.01s order_details Table CREATED
2020-09-29 21:36:36,518 - 28908 INFO - CREATE TABLE if not exists ORDER_DETAILS(
order_id INT PRIMARY KEY NOT NULL,
order_date DATE,
billing_name VARCHAR(10),
delivery_name VARCHAR(10),
billing_address_id int,
delivery_address_id int,
order_status_id	int,
customer_id int) order_details.sql 0.01s order_details Table CREATED
2020-09-29 21:36:36,523 - 28908 INFO - CREATE TABLE if not exists ORDER_STATUS_DETAILS(
order_status_id INT PRIMARY KEY NOT NULL,
order_status_desc varchar(35)) order_status_details.sql 0.0s order_status_details Table CREATED
2020-09-29 21:36:36,523 - 28908 INFO - CREATE TABLE if not exists ORDER_STATUS_DETAILS(
order_status_id INT PRIMARY KEY NOT NULL,
order_status_desc varchar(35)) order_status_details.sql 0.0s order_status_details Table CREATED
2020-09-29 21:36:36,523 - 28908 INFO - CREATE TABLE if not exists ORDER_STATUS_DETAILS(
order_status_id INT PRIMARY KEY NOT NULL,
order_status_desc varchar(35)) order_status_details.sql 0.0s order_status_details Table CREATED
2020-09-29 21:36:36,523 - 28908 INFO - CREATE TABLE if not exists ORDER_STATUS_DETAILS(
order_status_id INT PRIMARY KEY NOT NULL,
order_status_desc varchar(35)) order_status_details.sql 0.0s order_status_details Table CREATED
2020-09-29 21:36:36,529 - 28908 INFO - CREATE TABLE if not exists PAYMENT_DETAILS(
payment_code INT PRIMARY KEY NOT NULL,
payment_desc VARCHAR(35),
order_id INT,
product_id INT,
customer_id INT) payment_details.sql 0.0s payment_details Table CREATED
2020-09-29 21:36:36,529 - 28908 INFO - CREATE TABLE if not exists PAYMENT_DETAILS(
payment_code INT PRIMARY KEY NOT NULL,
payment_desc VARCHAR(35),
order_id INT,
product_id INT,
customer_id INT) payment_details.sql 0.0s payment_details Table CREATED
2020-09-29 21:36:36,529 - 28908 INFO - CREATE TABLE if not exists PAYMENT_DETAILS(
payment_code INT PRIMARY KEY NOT NULL,
payment_desc VARCHAR(35),
order_id INT,
product_id INT,
customer_id INT) payment_details.sql 0.0s payment_details Table CREATED
2020-09-29 21:36:36,529 - 28908 INFO - CREATE TABLE if not exists PAYMENT_DETAILS(
payment_code INT PRIMARY KEY NOT NULL,
payment_desc VARCHAR(35),
order_id INT,
product_id INT,
customer_id INT) payment_details.sql 0.0s payment_details Table CREATED
2020-09-29 21:36:36,538 - 28908 INFO - CREATE TABLE if not exists PRODUCT_DETAILS(
product_id int primary key not null,
product_name varchar(20),
product_idealfor varchar(20),
product_brand varchar(20),
product_price bigint,
product_desc varchar(20),
product_stock_id int) product_details.sql 0.01s product_details Table CREATED
2020-09-29 21:36:36,538 - 28908 INFO - CREATE TABLE if not exists PRODUCT_DETAILS(
product_id int primary key not null,
product_name varchar(20),
product_idealfor varchar(20),
product_brand varchar(20),
product_price bigint,
product_desc varchar(20),
product_stock_id int) product_details.sql 0.01s product_details Table CREATED
2020-09-29 21:36:36,538 - 28908 INFO - CREATE TABLE if not exists PRODUCT_DETAILS(
product_id int primary key not null,
product_name varchar(20),
product_idealfor varchar(20),
product_brand varchar(20),
product_price bigint,
product_desc varchar(20),
product_stock_id int) product_details.sql 0.01s product_details Table CREATED
2020-09-29 21:36:36,538 - 28908 INFO - CREATE TABLE if not exists PRODUCT_DETAILS(
product_id int primary key not null,
product_name varchar(20),
product_idealfor varchar(20),
product_brand varchar(20),
product_price bigint,
product_desc varchar(20),
product_stock_id int) product_details.sql 0.01s product_details Table CREATED
2020-09-29 21:36:36,544 - 28908 INFO - CREATE TABLE if not exists PRODUCT_ORDERED_DETAILS(
ordered_product_id INT PRIMARY KEY NOT NULL,
ordered_quantity INT,
ordered_date DATE,
order_id INT,
product_id INT) product_ordered_details.sql 0.01s product_ordered_details Table CREATED
2020-09-29 21:36:36,544 - 28908 INFO - CREATE TABLE if not exists PRODUCT_ORDERED_DETAILS(
ordered_product_id INT PRIMARY KEY NOT NULL,
ordered_quantity INT,
ordered_date DATE,
order_id INT,
product_id INT) product_ordered_details.sql 0.01s product_ordered_details Table CREATED
2020-09-29 21:36:36,544 - 28908 INFO - CREATE TABLE if not exists PRODUCT_ORDERED_DETAILS(
ordered_product_id INT PRIMARY KEY NOT NULL,
ordered_quantity INT,
ordered_date DATE,
order_id INT,
product_id INT) product_ordered_details.sql 0.01s product_ordered_details Table CREATED
2020-09-29 21:36:36,544 - 28908 INFO - CREATE TABLE if not exists PRODUCT_ORDERED_DETAILS(
ordered_product_id INT PRIMARY KEY NOT NULL,
ordered_quantity INT,
ordered_date DATE,
order_id INT,
product_id INT) product_ordered_details.sql 0.01s product_ordered_details Table CREATED
2020-09-29 21:36:36,552 - 28908 INFO - CREATE TABLE if not exists PRODUCT_STOCK_DETAILS(
product_stock_id int primary key not null,
stock_quantity int,
seller_id int) product_stock_details.sql 0.01s product_stock_details Table CREATED
2020-09-29 21:36:36,552 - 28908 INFO - CREATE TABLE if not exists PRODUCT_STOCK_DETAILS(
product_stock_id int primary key not null,
stock_quantity int,
seller_id int) product_stock_details.sql 0.01s product_stock_details Table CREATED
2020-09-29 21:36:36,552 - 28908 INFO - CREATE TABLE if not exists PRODUCT_STOCK_DETAILS(
product_stock_id int primary key not null,
stock_quantity int,
seller_id int) product_stock_details.sql 0.01s product_stock_details Table CREATED
2020-09-29 21:36:36,552 - 28908 INFO - CREATE TABLE if not exists PRODUCT_STOCK_DETAILS(
product_stock_id int primary key not null,
stock_quantity int,
seller_id int) product_stock_details.sql 0.01s product_stock_details Table CREATED
2020-09-29 21:36:36,742 - 28908 INFO - ALTER TABLE CART_DETAILS
ADD FOREIGN KEY (customer_id) REFERENCES CUSTOMER_DETAILS (customer_id) ref_1_cart_details.sql 0.19s ref_1_cart_details Table CREATED
2020-09-29 21:36:36,742 - 28908 INFO - ALTER TABLE CART_DETAILS
ADD FOREIGN KEY (customer_id) REFERENCES CUSTOMER_DETAILS (customer_id) ref_1_cart_details.sql 0.19s ref_1_cart_details Table CREATED
2020-09-29 21:36:36,742 - 28908 INFO - ALTER TABLE CART_DETAILS
ADD FOREIGN KEY (customer_id) REFERENCES CUSTOMER_DETAILS (customer_id) ref_1_cart_details.sql 0.19s ref_1_cart_details Table CREATED
2020-09-29 21:36:36,742 - 28908 INFO - ALTER TABLE CART_DETAILS
ADD FOREIGN KEY (customer_id) REFERENCES CUSTOMER_DETAILS (customer_id) ref_1_cart_details.sql 0.19s ref_1_cart_details Table CREATED
2020-09-29 21:36:36,876 - 28908 INFO - ALTER TABLE CUSTOMER_ADDRESS_DETAILS
ADD FOREIGN KEY (customer_id) REFERENCES CUSTOMER_DETAILS(customer_id) ref_2_customer_address_details.sql 0.13s ref_2_customer_address_details Table CREATED
2020-09-29 21:36:36,876 - 28908 INFO - ALTER TABLE CUSTOMER_ADDRESS_DETAILS
ADD FOREIGN KEY (customer_id) REFERENCES CUSTOMER_DETAILS(customer_id) ref_2_customer_address_details.sql 0.13s ref_2_customer_address_details Table CREATED
2020-09-29 21:36:36,876 - 28908 INFO - ALTER TABLE CUSTOMER_ADDRESS_DETAILS
ADD FOREIGN KEY (customer_id) REFERENCES CUSTOMER_DETAILS(customer_id) ref_2_customer_address_details.sql 0.13s ref_2_customer_address_details Table CREATED
2020-09-29 21:36:36,876 - 28908 INFO - ALTER TABLE CUSTOMER_ADDRESS_DETAILS
ADD FOREIGN KEY (customer_id) REFERENCES CUSTOMER_DETAILS(customer_id) ref_2_customer_address_details.sql 0.13s ref_2_customer_address_details Table CREATED
2020-09-29 21:36:36,881 - 28908 INFO - CREATE TABLE if not exists ORDER_DETAILS(
order_id INT PRIMARY KEY NOT NULL,
order_date DATE,
billing_name VARCHAR(10),
delivery_name VARCHAR(10),
billing_address_id int,
delivery_address_id int,
order_status_id	int,
customer_id int,
FOREIGN KEY (billing_address_id) REFERENCES CUSTOMER_ADDRESS_DETAILS (address_id),
FOREIGN KEY (delivery_address_id) REFERENCES CUSTOMER_ADDRESS_DETAILS (address_id),
FOREIGN KEY (order_status_id) REFERENCES ORDER_STATUS_DETAILS (order_status_id),
FOREIGN KEY (customer_id) REFERENCES CUSTOMER_DETAILS (customer_id)) ref_3_order_details.sql 0.0s ref_3_order_details Table CREATED
2020-09-29 21:36:36,881 - 28908 INFO - CREATE TABLE if not exists ORDER_DETAILS(
order_id INT PRIMARY KEY NOT NULL,
order_date DATE,
billing_name VARCHAR(10),
delivery_name VARCHAR(10),
billing_address_id int,
delivery_address_id int,
order_status_id	int,
customer_id int,
FOREIGN KEY (billing_address_id) REFERENCES CUSTOMER_ADDRESS_DETAILS (address_id),
FOREIGN KEY (delivery_address_id) REFERENCES CUSTOMER_ADDRESS_DETAILS (address_id),
FOREIGN KEY (order_status_id) REFERENCES ORDER_STATUS_DETAILS (order_status_id),
FOREIGN KEY (customer_id) REFERENCES CUSTOMER_DETAILS (customer_id)) ref_3_order_details.sql 0.0s ref_3_order_details Table CREATED
2020-09-29 21:36:36,881 - 28908 INFO - CREATE TABLE if not exists ORDER_DETAILS(
order_id INT PRIMARY KEY NOT NULL,
order_date DATE,
billing_name VARCHAR(10),
delivery_name VARCHAR(10),
billing_address_id int,
delivery_address_id int,
order_status_id	int,
customer_id int,
FOREIGN KEY (billing_address_id) REFERENCES CUSTOMER_ADDRESS_DETAILS (address_id),
FOREIGN KEY (delivery_address_id) REFERENCES CUSTOMER_ADDRESS_DETAILS (address_id),
FOREIGN KEY (order_status_id) REFERENCES ORDER_STATUS_DETAILS (order_status_id),
FOREIGN KEY (customer_id) REFERENCES CUSTOMER_DETAILS (customer_id)) ref_3_order_details.sql 0.0s ref_3_order_details Table CREATED
2020-09-29 21:36:36,881 - 28908 INFO - CREATE TABLE if not exists ORDER_DETAILS(
order_id INT PRIMARY KEY NOT NULL,
order_date DATE,
billing_name VARCHAR(10),
delivery_name VARCHAR(10),
billing_address_id int,
delivery_address_id int,
order_status_id	int,
customer_id int,
FOREIGN KEY (billing_address_id) REFERENCES CUSTOMER_ADDRESS_DETAILS (address_id),
FOREIGN KEY (delivery_address_id) REFERENCES CUSTOMER_ADDRESS_DETAILS (address_id),
FOREIGN KEY (order_status_id) REFERENCES ORDER_STATUS_DETAILS (order_status_id),
FOREIGN KEY (customer_id) REFERENCES CUSTOMER_DETAILS (customer_id)) ref_3_order_details.sql 0.0s ref_3_order_details Table CREATED
2020-09-29 21:36:37,067 - 28908 INFO - ALTER TABLE PRODUCT_STOCK_DETAILS
ADD FOREIGN KEY (seller_id) references SELLER_DETAILS (seller_id) ref_4_product_stock_details.sql 0.19s ref_4_product_stock_details Table CREATED
2020-09-29 21:36:37,067 - 28908 INFO - ALTER TABLE PRODUCT_STOCK_DETAILS
ADD FOREIGN KEY (seller_id) references SELLER_DETAILS (seller_id) ref_4_product_stock_details.sql 0.19s ref_4_product_stock_details Table CREATED
2020-09-29 21:36:37,067 - 28908 INFO - ALTER TABLE PRODUCT_STOCK_DETAILS
ADD FOREIGN KEY (seller_id) references SELLER_DETAILS (seller_id) ref_4_product_stock_details.sql 0.19s ref_4_product_stock_details Table CREATED
2020-09-29 21:36:37,067 - 28908 INFO - ALTER TABLE PRODUCT_STOCK_DETAILS
ADD FOREIGN KEY (seller_id) references SELLER_DETAILS (seller_id) ref_4_product_stock_details.sql 0.19s ref_4_product_stock_details Table CREATED
2020-09-29 21:36:37,349 - 28908 INFO - ALTER TABLE PRODUCT_DETAILS
ADD FOREIGN KEY (product_stock_id) REFERENCES PRODUCT_STOCK_DETAILS (product_stock_id) ref_5_product_details.sql 0.28s ref_5_product_details Table CREATED
2020-09-29 21:36:37,349 - 28908 INFO - ALTER TABLE PRODUCT_DETAILS
ADD FOREIGN KEY (product_stock_id) REFERENCES PRODUCT_STOCK_DETAILS (product_stock_id) ref_5_product_details.sql 0.28s ref_5_product_details Table CREATED
2020-09-29 21:36:37,349 - 28908 INFO - ALTER TABLE PRODUCT_DETAILS
ADD FOREIGN KEY (product_stock_id) REFERENCES PRODUCT_STOCK_DETAILS (product_stock_id) ref_5_product_details.sql 0.28s ref_5_product_details Table CREATED
2020-09-29 21:36:37,349 - 28908 INFO - ALTER TABLE PRODUCT_DETAILS
ADD FOREIGN KEY (product_stock_id) REFERENCES PRODUCT_STOCK_DETAILS (product_stock_id) ref_5_product_details.sql 0.28s ref_5_product_details Table CREATED
2020-09-29 21:36:37,669 - 28908 INFO - ALTER TABLE CART_PRODUCT_DETAILS
ADD FOREIGN KEY(cart_id) REFERENCES CART_DETAILS (cart_id),
ADD FOREIGN KEY(product_id) REFERENCES PRODUCT_DETAILS (product_id) ref_6_cart_product_details.sql 0.32s ref_6_cart_product_details Table CREATED
2020-09-29 21:36:37,669 - 28908 INFO - ALTER TABLE CART_PRODUCT_DETAILS
ADD FOREIGN KEY(cart_id) REFERENCES CART_DETAILS (cart_id),
ADD FOREIGN KEY(product_id) REFERENCES PRODUCT_DETAILS (product_id) ref_6_cart_product_details.sql 0.32s ref_6_cart_product_details Table CREATED
2020-09-29 21:36:37,669 - 28908 INFO - ALTER TABLE CART_PRODUCT_DETAILS
ADD FOREIGN KEY(cart_id) REFERENCES CART_DETAILS (cart_id),
ADD FOREIGN KEY(product_id) REFERENCES PRODUCT_DETAILS (product_id) ref_6_cart_product_details.sql 0.32s ref_6_cart_product_details Table CREATED
2020-09-29 21:36:37,669 - 28908 INFO - ALTER TABLE CART_PRODUCT_DETAILS
ADD FOREIGN KEY(cart_id) REFERENCES CART_DETAILS (cart_id),
ADD FOREIGN KEY(product_id) REFERENCES PRODUCT_DETAILS (product_id) ref_6_cart_product_details.sql 0.32s ref_6_cart_product_details Table CREATED
2020-09-29 21:36:37,854 - 28908 INFO - ALTER TABLE CATEGORY_PRODUCT_DETAILS
ADD FOREIGN KEY (product_id) REFERENCES PRODUCT_DETAILS (product_id),
ADD FOREIGN KEY (category_id) REFERENCES CATEGORY_DETAILS (category_id) ref_7_category_product_details.sql 0.18s ref_7_category_product_details Table CREATED
2020-09-29 21:36:37,854 - 28908 INFO - ALTER TABLE CATEGORY_PRODUCT_DETAILS
ADD FOREIGN KEY (product_id) REFERENCES PRODUCT_DETAILS (product_id),
ADD FOREIGN KEY (category_id) REFERENCES CATEGORY_DETAILS (category_id) ref_7_category_product_details.sql 0.18s ref_7_category_product_details Table CREATED
2020-09-29 21:36:37,854 - 28908 INFO - ALTER TABLE CATEGORY_PRODUCT_DETAILS
ADD FOREIGN KEY (product_id) REFERENCES PRODUCT_DETAILS (product_id),
ADD FOREIGN KEY (category_id) REFERENCES CATEGORY_DETAILS (category_id) ref_7_category_product_details.sql 0.18s ref_7_category_product_details Table CREATED
2020-09-29 21:36:37,854 - 28908 INFO - ALTER TABLE CATEGORY_PRODUCT_DETAILS
ADD FOREIGN KEY (product_id) REFERENCES PRODUCT_DETAILS (product_id),
ADD FOREIGN KEY (category_id) REFERENCES CATEGORY_DETAILS (category_id) ref_7_category_product_details.sql 0.18s ref_7_category_product_details Table CREATED
2020-09-29 21:36:38,060 - 28908 INFO - ALTER TABLE CUSTOMER_RATING_DETAILS
ADD FOREIGN KEY (product_id) REFERENCES PRODUCT_DETAILS (product_id),
ADD FOREIGN KEY (customer_id) REFERENCES CUSTOMER_DETAILS (customer_id) ref_8_customer_rating_details.sql 0.2s ref_8_customer_rating_details Table CREATED
2020-09-29 21:36:38,060 - 28908 INFO - ALTER TABLE CUSTOMER_RATING_DETAILS
ADD FOREIGN KEY (product_id) REFERENCES PRODUCT_DETAILS (product_id),
ADD FOREIGN KEY (customer_id) REFERENCES CUSTOMER_DETAILS (customer_id) ref_8_customer_rating_details.sql 0.2s ref_8_customer_rating_details Table CREATED
2020-09-29 21:36:38,060 - 28908 INFO - ALTER TABLE CUSTOMER_RATING_DETAILS
ADD FOREIGN KEY (product_id) REFERENCES PRODUCT_DETAILS (product_id),
ADD FOREIGN KEY (customer_id) REFERENCES CUSTOMER_DETAILS (customer_id) ref_8_customer_rating_details.sql 0.2s ref_8_customer_rating_details Table CREATED
2020-09-29 21:36:38,060 - 28908 INFO - ALTER TABLE CUSTOMER_RATING_DETAILS
ADD FOREIGN KEY (product_id) REFERENCES PRODUCT_DETAILS (product_id),
ADD FOREIGN KEY (customer_id) REFERENCES CUSTOMER_DETAILS (customer_id) ref_8_customer_rating_details.sql 0.2s ref_8_customer_rating_details Table CREATED
2020-09-29 21:36:38,407 - 28908 INFO - ALTER TABLE INVOICE_DETAILS
ADD FOREIGN KEY (order_id) REFERENCES ORDER_DETAILS (order_id),
ADD FOREIGN KEY (product_id) REFERENCES PRODUCT_DETAILS (product_id) ref_9_invoice_details.sql 0.34s ref_9_invoice_details Table CREATED
2020-09-29 21:36:38,407 - 28908 INFO - ALTER TABLE INVOICE_DETAILS
ADD FOREIGN KEY (order_id) REFERENCES ORDER_DETAILS (order_id),
ADD FOREIGN KEY (product_id) REFERENCES PRODUCT_DETAILS (product_id) ref_9_invoice_details.sql 0.34s ref_9_invoice_details Table CREATED
2020-09-29 21:36:38,407 - 28908 INFO - ALTER TABLE INVOICE_DETAILS
ADD FOREIGN KEY (order_id) REFERENCES ORDER_DETAILS (order_id),
ADD FOREIGN KEY (product_id) REFERENCES PRODUCT_DETAILS (product_id) ref_9_invoice_details.sql 0.34s ref_9_invoice_details Table CREATED
2020-09-29 21:36:38,407 - 28908 INFO - ALTER TABLE INVOICE_DETAILS
ADD FOREIGN KEY (order_id) REFERENCES ORDER_DETAILS (order_id),
ADD FOREIGN KEY (product_id) REFERENCES PRODUCT_DETAILS (product_id) ref_9_invoice_details.sql 0.34s ref_9_invoice_details Table CREATED
2020-09-29 21:36:38,879 - 28908 INFO - ALTER TABLE PAYMENT_DETAILS
ADD FOREIGN KEY (order_id) REFERENCES ORDER_DETAILS (order_id),
ADD FOREIGN KEY (product_id) REFERENCES PRODUCT_DETAILS (product_id),
ADD FOREIGN KEY (customer_id) REFERENCES CUSTOMER_DETAILS (customer_id) ref_payment_details.sql 0.47s ref_payment_details Table CREATED
2020-09-29 21:36:38,879 - 28908 INFO - ALTER TABLE PAYMENT_DETAILS
ADD FOREIGN KEY (order_id) REFERENCES ORDER_DETAILS (order_id),
ADD FOREIGN KEY (product_id) REFERENCES PRODUCT_DETAILS (product_id),
ADD FOREIGN KEY (customer_id) REFERENCES CUSTOMER_DETAILS (customer_id) ref_payment_details.sql 0.47s ref_payment_details Table CREATED
2020-09-29 21:36:38,879 - 28908 INFO - ALTER TABLE PAYMENT_DETAILS
ADD FOREIGN KEY (order_id) REFERENCES ORDER_DETAILS (order_id),
ADD FOREIGN KEY (product_id) REFERENCES PRODUCT_DETAILS (product_id),
ADD FOREIGN KEY (customer_id) REFERENCES CUSTOMER_DETAILS (customer_id) ref_payment_details.sql 0.47s ref_payment_details Table CREATED
2020-09-29 21:36:38,879 - 28908 INFO - ALTER TABLE PAYMENT_DETAILS
ADD FOREIGN KEY (order_id) REFERENCES ORDER_DETAILS (order_id),
ADD FOREIGN KEY (product_id) REFERENCES PRODUCT_DETAILS (product_id),
ADD FOREIGN KEY (customer_id) REFERENCES CUSTOMER_DETAILS (customer_id) ref_payment_details.sql 0.47s ref_payment_details Table CREATED
2020-09-29 21:36:39,141 - 28908 INFO - ALTER TABLE PRODUCT_ORDERED_DETAILS
ADD FOREIGN KEY (order_id) REFERENCES ORDER_DETAILS (order_id),
ADD FOREIGN KEY (product_id) REFERENCES PRODUCT_DETAILS (product_id) ref_product_ordered_details.sql 0.26s ref_product_ordered_details Table CREATED
2020-09-29 21:36:39,141 - 28908 INFO - ALTER TABLE PRODUCT_ORDERED_DETAILS
ADD FOREIGN KEY (order_id) REFERENCES ORDER_DETAILS (order_id),
ADD FOREIGN KEY (product_id) REFERENCES PRODUCT_DETAILS (product_id) ref_product_ordered_details.sql 0.26s ref_product_ordered_details Table CREATED
2020-09-29 21:36:39,141 - 28908 INFO - ALTER TABLE PRODUCT_ORDERED_DETAILS
ADD FOREIGN KEY (order_id) REFERENCES ORDER_DETAILS (order_id),
ADD FOREIGN KEY (product_id) REFERENCES PRODUCT_DETAILS (product_id) ref_product_ordered_details.sql 0.26s ref_product_ordered_details Table CREATED
2020-09-29 21:36:39,141 - 28908 INFO - ALTER TABLE PRODUCT_ORDERED_DETAILS
ADD FOREIGN KEY (order_id) REFERENCES ORDER_DETAILS (order_id),
ADD FOREIGN KEY (product_id) REFERENCES PRODUCT_DETAILS (product_id) ref_product_ordered_details.sql 0.26s ref_product_ordered_details Table CREATED
2020-09-29 21:36:39,592 - 28908 INFO - ALTER TABLE SHIPPING_STATUS
ADD FOREIGN KEY (order_id) REFERENCES ORDER_DETAILS (order_id),
ADD FOREIGN KEY (invoice_num) REFERENCES INVOICE_DETAILS (invoice_num) ref_shipping_status.sql 0.45s ref_shipping_status Table CREATED
2020-09-29 21:36:39,592 - 28908 INFO - ALTER TABLE SHIPPING_STATUS
ADD FOREIGN KEY (order_id) REFERENCES ORDER_DETAILS (order_id),
ADD FOREIGN KEY (invoice_num) REFERENCES INVOICE_DETAILS (invoice_num) ref_shipping_status.sql 0.45s ref_shipping_status Table CREATED
2020-09-29 21:36:39,592 - 28908 INFO - ALTER TABLE SHIPPING_STATUS
ADD FOREIGN KEY (order_id) REFERENCES ORDER_DETAILS (order_id),
ADD FOREIGN KEY (invoice_num) REFERENCES INVOICE_DETAILS (invoice_num) ref_shipping_status.sql 0.45s ref_shipping_status Table CREATED
2020-09-29 21:36:39,592 - 28908 INFO - ALTER TABLE SHIPPING_STATUS
ADD FOREIGN KEY (order_id) REFERENCES ORDER_DETAILS (order_id),
ADD FOREIGN KEY (invoice_num) REFERENCES INVOICE_DETAILS (invoice_num) ref_shipping_status.sql 0.45s ref_shipping_status Table CREATED
2020-09-29 21:36:39,616 - 28908 INFO - CREATE TABLE if not exists SELLER_DETAILS(
seller_id INT PRIMARY KEY NOT NULL,
seller_name VARCHAR(20),
seller_address VARCHAR(25),
seller_ratings INT) seller_details.sql 0.02s seller_details Table CREATED
2020-09-29 21:36:39,616 - 28908 INFO - CREATE TABLE if not exists SELLER_DETAILS(
seller_id INT PRIMARY KEY NOT NULL,
seller_name VARCHAR(20),
seller_address VARCHAR(25),
seller_ratings INT) seller_details.sql 0.02s seller_details Table CREATED
2020-09-29 21:36:39,616 - 28908 INFO - CREATE TABLE if not exists SELLER_DETAILS(
seller_id INT PRIMARY KEY NOT NULL,
seller_name VARCHAR(20),
seller_address VARCHAR(25),
seller_ratings INT) seller_details.sql 0.02s seller_details Table CREATED
2020-09-29 21:36:39,616 - 28908 INFO - CREATE TABLE if not exists SELLER_DETAILS(
seller_id INT PRIMARY KEY NOT NULL,
seller_name VARCHAR(20),
seller_address VARCHAR(25),
seller_ratings INT) seller_details.sql 0.02s seller_details Table CREATED
2020-09-29 21:36:39,623 - 28908 INFO - CREATE TABLE if not exists SHIPPING_STATUS(
ship_id	INT PRIMARY KEY NOT NULL,
ship_date DATE,
ship_track_no BIGINT,
order_id INT,
invoice_num INT) shipping_status.sql 0.01s shipping_status Table CREATED
2020-09-29 21:36:39,623 - 28908 INFO - CREATE TABLE if not exists SHIPPING_STATUS(
ship_id	INT PRIMARY KEY NOT NULL,
ship_date DATE,
ship_track_no BIGINT,
order_id INT,
invoice_num INT) shipping_status.sql 0.01s shipping_status Table CREATED
2020-09-29 21:36:39,623 - 28908 INFO - CREATE TABLE if not exists SHIPPING_STATUS(
ship_id	INT PRIMARY KEY NOT NULL,
ship_date DATE,
ship_track_no BIGINT,
order_id INT,
invoice_num INT) shipping_status.sql 0.01s shipping_status Table CREATED
2020-09-29 21:36:39,623 - 28908 INFO - CREATE TABLE if not exists SHIPPING_STATUS(
ship_id	INT PRIMARY KEY NOT NULL,
ship_date DATE,
ship_track_no BIGINT,
order_id INT,
invoice_num INT) shipping_status.sql 0.01s shipping_status Table CREATED
2020-09-29 21:36:57,719 - 17668 INFO - Table cart_details is ready to add in DB
2020-09-29 21:36:57,719 - 17668 INFO - Table cart_details is ready to add in DB
2020-09-29 21:36:57,719 - 17668 INFO - Table cart_product_details is ready to add in DB
2020-09-29 21:36:57,719 - 17668 INFO - Table cart_product_details is ready to add in DB
2020-09-29 21:36:57,720 - 17668 INFO - Table category_details is ready to add in DB
2020-09-29 21:36:57,720 - 17668 INFO - Table category_details is ready to add in DB
2020-09-29 21:36:57,720 - 17668 INFO - Table category_product_details is ready to add in DB
2020-09-29 21:36:57,720 - 17668 INFO - Table category_product_details is ready to add in DB
2020-09-29 21:36:57,720 - 17668 INFO - Table customer_address_details is ready to add in DB
2020-09-29 21:36:57,720 - 17668 INFO - Table customer_address_details is ready to add in DB
2020-09-29 21:36:57,721 - 17668 INFO - Table customer_details is ready to add in DB
2020-09-29 21:36:57,721 - 17668 INFO - Table customer_details is ready to add in DB
2020-09-29 21:36:57,721 - 17668 INFO - Table customer_rating_details is ready to add in DB
2020-09-29 21:36:57,721 - 17668 INFO - Table customer_rating_details is ready to add in DB
2020-09-29 21:36:57,722 - 17668 INFO - Table invoice_details is ready to add in DB
2020-09-29 21:36:57,722 - 17668 INFO - Table invoice_details is ready to add in DB
2020-09-29 21:36:57,722 - 17668 INFO - Table order_details is ready to add in DB
2020-09-29 21:36:57,722 - 17668 INFO - Table order_details is ready to add in DB
2020-09-29 21:36:57,722 - 17668 INFO - Table order_status_details is ready to add in DB
2020-09-29 21:36:57,722 - 17668 INFO - Table order_status_details is ready to add in DB
2020-09-29 21:36:57,722 - 17668 INFO - Table payment_details is ready to add in DB
2020-09-29 21:36:57,722 - 17668 INFO - Table payment_details is ready to add in DB
2020-09-29 21:36:57,723 - 17668 INFO - Table product_details is ready to add in DB
2020-09-29 21:36:57,723 - 17668 INFO - Table product_details is ready to add in DB
2020-09-29 21:36:57,723 - 17668 INFO - Table product_ordered_details is ready to add in DB
2020-09-29 21:36:57,723 - 17668 INFO - Table product_ordered_details is ready to add in DB
2020-09-29 21:36:57,723 - 17668 INFO - Table product_stock_details is ready to add in DB
2020-09-29 21:36:57,723 - 17668 INFO - Table product_stock_details is ready to add in DB
2020-09-29 21:36:57,724 - 17668 INFO - Table ref_1_cart_details is ready to add in DB
2020-09-29 21:36:57,724 - 17668 INFO - Table ref_1_cart_details is ready to add in DB
2020-09-29 21:36:57,724 - 17668 INFO - Table ref_2_customer_address_details is ready to add in DB
2020-09-29 21:36:57,724 - 17668 INFO - Table ref_2_customer_address_details is ready to add in DB
2020-09-29 21:36:57,724 - 17668 INFO - Table ref_3_order_details is ready to add in DB
2020-09-29 21:36:57,724 - 17668 INFO - Table ref_3_order_details is ready to add in DB
2020-09-29 21:36:57,725 - 17668 INFO - Table ref_4_product_stock_details is ready to add in DB
2020-09-29 21:36:57,725 - 17668 INFO - Table ref_4_product_stock_details is ready to add in DB
2020-09-29 21:36:57,725 - 17668 INFO - Table ref_5_product_details is ready to add in DB
2020-09-29 21:36:57,725 - 17668 INFO - Table ref_5_product_details is ready to add in DB
2020-09-29 21:36:57,725 - 17668 INFO - Table ref_6_cart_product_details is ready to add in DB
2020-09-29 21:36:57,725 - 17668 INFO - Table ref_6_cart_product_details is ready to add in DB
2020-09-29 21:36:57,725 - 17668 INFO - Table ref_7_category_product_details is ready to add in DB
2020-09-29 21:36:57,725 - 17668 INFO - Table ref_7_category_product_details is ready to add in DB
2020-09-29 21:36:57,726 - 17668 INFO - Table ref_8_customer_rating_details is ready to add in DB
2020-09-29 21:36:57,726 - 17668 INFO - Table ref_8_customer_rating_details is ready to add in DB
2020-09-29 21:36:57,726 - 17668 INFO - Table ref_9_invoice_details is ready to add in DB
2020-09-29 21:36:57,726 - 17668 INFO - Table ref_9_invoice_details is ready to add in DB
2020-09-29 21:36:57,726 - 17668 INFO - Table ref_payment_details is ready to add in DB
2020-09-29 21:36:57,726 - 17668 INFO - Table ref_payment_details is ready to add in DB
2020-09-29 21:36:57,727 - 17668 INFO - Table ref_product_ordered_details is ready to add in DB
2020-09-29 21:36:57,727 - 17668 INFO - Table ref_product_ordered_details is ready to add in DB
2020-09-29 21:36:57,727 - 17668 INFO - Table ref_shipping_status is ready to add in DB
2020-09-29 21:36:57,727 - 17668 INFO - Table ref_shipping_status is ready to add in DB
2020-09-29 21:36:57,727 - 17668 INFO - Table seller_details is ready to add in DB
2020-09-29 21:36:57,727 - 17668 INFO - Table seller_details is ready to add in DB
2020-09-29 21:36:57,728 - 17668 INFO - Table shipping_status is ready to add in DB
2020-09-29 21:36:57,728 - 17668 INFO - Table shipping_status is ready to add in DB
2020-09-29 21:36:57,841 - 17668 INFO - CREATE TABLE if not exists CART_DETAILS(
cart_id	INT PRIMARY KEY NOT NULL,
cart_added_date DATE,
customer_id INT) cart_details.sql 0.02s cart_details Table CREATED
2020-09-29 21:36:57,841 - 17668 INFO - CREATE TABLE if not exists CART_DETAILS(
cart_id	INT PRIMARY KEY NOT NULL,
cart_added_date DATE,
customer_id INT) cart_details.sql 0.02s cart_details Table CREATED
2020-09-29 21:36:57,841 - 17668 INFO - CREATE TABLE if not exists CART_DETAILS(
cart_id	INT PRIMARY KEY NOT NULL,
cart_added_date DATE,
customer_id INT) cart_details.sql 0.02s cart_details Table CREATED
2020-09-29 21:36:57,841 - 17668 INFO - CREATE TABLE if not exists CART_DETAILS(
cart_id	INT PRIMARY KEY NOT NULL,
cart_added_date DATE,
customer_id INT) cart_details.sql 0.02s cart_details Table CREATED
2020-09-29 21:36:57,849 - 17668 INFO - CREATE TABLE if not exists CART_PRODUCT_DETAILS(
cart_id	int,
product_id	int,
quantity int) cart_product_details.sql 0.01s cart_product_details Table CREATED
2020-09-29 21:36:57,849 - 17668 INFO - CREATE TABLE if not exists CART_PRODUCT_DETAILS(
cart_id	int,
product_id	int,
quantity int) cart_product_details.sql 0.01s cart_product_details Table CREATED
2020-09-29 21:36:57,849 - 17668 INFO - CREATE TABLE if not exists CART_PRODUCT_DETAILS(
cart_id	int,
product_id	int,
quantity int) cart_product_details.sql 0.01s cart_product_details Table CREATED
2020-09-29 21:36:57,849 - 17668 INFO - CREATE TABLE if not exists CART_PRODUCT_DETAILS(
cart_id	int,
product_id	int,
quantity int) cart_product_details.sql 0.01s cart_product_details Table CREATED
2020-09-29 21:36:57,857 - 17668 INFO - CREATE TABLE if not exists CATEGORY_DETAILS(
category_id	INT PRIMARY KEY NOT NULL,
category_name VARCHAR(20) NOT NULL) category_details.sql 0.01s category_details Table CREATED
2020-09-29 21:36:57,857 - 17668 INFO - CREATE TABLE if not exists CATEGORY_DETAILS(
category_id	INT PRIMARY KEY NOT NULL,
category_name VARCHAR(20) NOT NULL) category_details.sql 0.01s category_details Table CREATED
2020-09-29 21:36:57,857 - 17668 INFO - CREATE TABLE if not exists CATEGORY_DETAILS(
category_id	INT PRIMARY KEY NOT NULL,
category_name VARCHAR(20) NOT NULL) category_details.sql 0.01s category_details Table CREATED
2020-09-29 21:36:57,857 - 17668 INFO - CREATE TABLE if not exists CATEGORY_DETAILS(
category_id	INT PRIMARY KEY NOT NULL,
category_name VARCHAR(20) NOT NULL) category_details.sql 0.01s category_details Table CREATED
2020-09-29 21:36:57,863 - 17668 INFO - CREATE TABLE if not exists CATEGORY_PRODUCT_DETAILS(
product_id	INT,
category_id INT) category_product_details.sql 0.01s category_product_details Table CREATED
2020-09-29 21:36:57,863 - 17668 INFO - CREATE TABLE if not exists CATEGORY_PRODUCT_DETAILS(
product_id	INT,
category_id INT) category_product_details.sql 0.01s category_product_details Table CREATED
2020-09-29 21:36:57,863 - 17668 INFO - CREATE TABLE if not exists CATEGORY_PRODUCT_DETAILS(
product_id	INT,
category_id INT) category_product_details.sql 0.01s category_product_details Table CREATED
2020-09-29 21:36:57,863 - 17668 INFO - CREATE TABLE if not exists CATEGORY_PRODUCT_DETAILS(
product_id	INT,
category_id INT) category_product_details.sql 0.01s category_product_details Table CREATED
2020-09-29 21:36:58,003 - 17668 INFO - CREATE TABLE if not exists CUSTOMER_ADDRESS_DETAILS(
address_id int PRIMARY KEY NOT NULL,
address_1 varchar(25),
address_2 varchar(25),
state varchar(20),
country varchar(20),
address_type varchar(15),
pin_code bigint not null,
customer_id int) customer_address_details.sql 0.14s customer_address_details Table CREATED
2020-09-29 21:36:58,003 - 17668 INFO - CREATE TABLE if not exists CUSTOMER_ADDRESS_DETAILS(
address_id int PRIMARY KEY NOT NULL,
address_1 varchar(25),
address_2 varchar(25),
state varchar(20),
country varchar(20),
address_type varchar(15),
pin_code bigint not null,
customer_id int) customer_address_details.sql 0.14s customer_address_details Table CREATED
2020-09-29 21:36:58,003 - 17668 INFO - CREATE TABLE if not exists CUSTOMER_ADDRESS_DETAILS(
address_id int PRIMARY KEY NOT NULL,
address_1 varchar(25),
address_2 varchar(25),
state varchar(20),
country varchar(20),
address_type varchar(15),
pin_code bigint not null,
customer_id int) customer_address_details.sql 0.14s customer_address_details Table CREATED
2020-09-29 21:36:58,003 - 17668 INFO - CREATE TABLE if not exists CUSTOMER_ADDRESS_DETAILS(
address_id int PRIMARY KEY NOT NULL,
address_1 varchar(25),
address_2 varchar(25),
state varchar(20),
country varchar(20),
address_type varchar(15),
pin_code bigint not null,
customer_id int) customer_address_details.sql 0.14s customer_address_details Table CREATED
2020-09-29 21:36:58,015 - 17668 INFO - CREATE TABLE if not exists CUSTOMER_DETAILS(
customer_id int PRIMARY KEY NOT NULL ,
customer_name varchar(15) NOT NULL,
customer_ph_no bigint,
customer_type varchar(10) DEFAULT 'GEN',
customer_mail_id varchar(25) NOT NULL,
customer_pass varchar(12) NOT NULL,
customer_gen varchar(10)) customer_details.sql 0.01s customer_details Table CREATED
2020-09-29 21:36:58,015 - 17668 INFO - CREATE TABLE if not exists CUSTOMER_DETAILS(
customer_id int PRIMARY KEY NOT NULL ,
customer_name varchar(15) NOT NULL,
customer_ph_no bigint,
customer_type varchar(10) DEFAULT 'GEN',
customer_mail_id varchar(25) NOT NULL,
customer_pass varchar(12) NOT NULL,
customer_gen varchar(10)) customer_details.sql 0.01s customer_details Table CREATED
2020-09-29 21:36:58,015 - 17668 INFO - CREATE TABLE if not exists CUSTOMER_DETAILS(
customer_id int PRIMARY KEY NOT NULL ,
customer_name varchar(15) NOT NULL,
customer_ph_no bigint,
customer_type varchar(10) DEFAULT 'GEN',
customer_mail_id varchar(25) NOT NULL,
customer_pass varchar(12) NOT NULL,
customer_gen varchar(10)) customer_details.sql 0.01s customer_details Table CREATED
2020-09-29 21:36:58,015 - 17668 INFO - CREATE TABLE if not exists CUSTOMER_DETAILS(
customer_id int PRIMARY KEY NOT NULL ,
customer_name varchar(15) NOT NULL,
customer_ph_no bigint,
customer_type varchar(10) DEFAULT 'GEN',
customer_mail_id varchar(25) NOT NULL,
customer_pass varchar(12) NOT NULL,
customer_gen varchar(10)) customer_details.sql 0.01s customer_details Table CREATED
2020-09-29 21:36:58,023 - 17668 INFO - CREATE TABLE if not exists CUSTOMER_RATING_DETAILS(
rating_id INT PRIMARY KEY NOT NULL,
rating_star DOUBLE,
rating_desc VARCHAR(50),
customer_id INT,
product_id INT) customer_rating_details.sql 0.01s customer_rating_details Table CREATED
2020-09-29 21:36:58,023 - 17668 INFO - CREATE TABLE if not exists CUSTOMER_RATING_DETAILS(
rating_id INT PRIMARY KEY NOT NULL,
rating_star DOUBLE,
rating_desc VARCHAR(50),
customer_id INT,
product_id INT) customer_rating_details.sql 0.01s customer_rating_details Table CREATED
2020-09-29 21:36:58,023 - 17668 INFO - CREATE TABLE if not exists CUSTOMER_RATING_DETAILS(
rating_id INT PRIMARY KEY NOT NULL,
rating_star DOUBLE,
rating_desc VARCHAR(50),
customer_id INT,
product_id INT) customer_rating_details.sql 0.01s customer_rating_details Table CREATED
2020-09-29 21:36:58,023 - 17668 INFO - CREATE TABLE if not exists CUSTOMER_RATING_DETAILS(
rating_id INT PRIMARY KEY NOT NULL,
rating_star DOUBLE,
rating_desc VARCHAR(50),
customer_id INT,
product_id INT) customer_rating_details.sql 0.01s customer_rating_details Table CREATED
2020-09-29 21:36:58,033 - 17668 INFO - CREATE TABLE if not exists INVOICE_DETAILS(
invoice_num INT PRIMARY KEY ,
invoice_date DATE,
invoice_desc VARCHAR(30),
order_id INT,
product_id INT) invoice_details.sql 0.01s invoice_details Table CREATED
2020-09-29 21:36:58,033 - 17668 INFO - CREATE TABLE if not exists INVOICE_DETAILS(
invoice_num INT PRIMARY KEY ,
invoice_date DATE,
invoice_desc VARCHAR(30),
order_id INT,
product_id INT) invoice_details.sql 0.01s invoice_details Table CREATED
2020-09-29 21:36:58,033 - 17668 INFO - CREATE TABLE if not exists INVOICE_DETAILS(
invoice_num INT PRIMARY KEY ,
invoice_date DATE,
invoice_desc VARCHAR(30),
order_id INT,
product_id INT) invoice_details.sql 0.01s invoice_details Table CREATED
2020-09-29 21:36:58,033 - 17668 INFO - CREATE TABLE if not exists INVOICE_DETAILS(
invoice_num INT PRIMARY KEY ,
invoice_date DATE,
invoice_desc VARCHAR(30),
order_id INT,
product_id INT) invoice_details.sql 0.01s invoice_details Table CREATED
2020-09-29 21:36:58,044 - 17668 INFO - CREATE TABLE if not exists ORDER_DETAILS(
order_id INT PRIMARY KEY NOT NULL,
order_date DATE,
billing_name VARCHAR(10),
delivery_name VARCHAR(10),
billing_address_id int,
delivery_address_id int,
order_status_id	int,
customer_id int) order_details.sql 0.01s order_details Table CREATED
2020-09-29 21:36:58,044 - 17668 INFO - CREATE TABLE if not exists ORDER_DETAILS(
order_id INT PRIMARY KEY NOT NULL,
order_date DATE,
billing_name VARCHAR(10),
delivery_name VARCHAR(10),
billing_address_id int,
delivery_address_id int,
order_status_id	int,
customer_id int) order_details.sql 0.01s order_details Table CREATED
2020-09-29 21:36:58,044 - 17668 INFO - CREATE TABLE if not exists ORDER_DETAILS(
order_id INT PRIMARY KEY NOT NULL,
order_date DATE,
billing_name VARCHAR(10),
delivery_name VARCHAR(10),
billing_address_id int,
delivery_address_id int,
order_status_id	int,
customer_id int) order_details.sql 0.01s order_details Table CREATED
2020-09-29 21:36:58,044 - 17668 INFO - CREATE TABLE if not exists ORDER_DETAILS(
order_id INT PRIMARY KEY NOT NULL,
order_date DATE,
billing_name VARCHAR(10),
delivery_name VARCHAR(10),
billing_address_id int,
delivery_address_id int,
order_status_id	int,
customer_id int) order_details.sql 0.01s order_details Table CREATED
2020-09-29 21:36:58,051 - 17668 INFO - CREATE TABLE if not exists ORDER_STATUS_DETAILS(
order_status_id INT PRIMARY KEY NOT NULL,
order_status_desc varchar(35)) order_status_details.sql 0.01s order_status_details Table CREATED
2020-09-29 21:36:58,051 - 17668 INFO - CREATE TABLE if not exists ORDER_STATUS_DETAILS(
order_status_id INT PRIMARY KEY NOT NULL,
order_status_desc varchar(35)) order_status_details.sql 0.01s order_status_details Table CREATED
2020-09-29 21:36:58,051 - 17668 INFO - CREATE TABLE if not exists ORDER_STATUS_DETAILS(
order_status_id INT PRIMARY KEY NOT NULL,
order_status_desc varchar(35)) order_status_details.sql 0.01s order_status_details Table CREATED
2020-09-29 21:36:58,051 - 17668 INFO - CREATE TABLE if not exists ORDER_STATUS_DETAILS(
order_status_id INT PRIMARY KEY NOT NULL,
order_status_desc varchar(35)) order_status_details.sql 0.01s order_status_details Table CREATED
2020-09-29 21:36:58,059 - 17668 INFO - CREATE TABLE if not exists PAYMENT_DETAILS(
payment_code INT PRIMARY KEY NOT NULL,
payment_desc VARCHAR(35),
order_id INT,
product_id INT,
customer_id INT) payment_details.sql 0.01s payment_details Table CREATED
2020-09-29 21:36:58,059 - 17668 INFO - CREATE TABLE if not exists PAYMENT_DETAILS(
payment_code INT PRIMARY KEY NOT NULL,
payment_desc VARCHAR(35),
order_id INT,
product_id INT,
customer_id INT) payment_details.sql 0.01s payment_details Table CREATED
2020-09-29 21:36:58,059 - 17668 INFO - CREATE TABLE if not exists PAYMENT_DETAILS(
payment_code INT PRIMARY KEY NOT NULL,
payment_desc VARCHAR(35),
order_id INT,
product_id INT,
customer_id INT) payment_details.sql 0.01s payment_details Table CREATED
2020-09-29 21:36:58,059 - 17668 INFO - CREATE TABLE if not exists PAYMENT_DETAILS(
payment_code INT PRIMARY KEY NOT NULL,
payment_desc VARCHAR(35),
order_id INT,
product_id INT,
customer_id INT) payment_details.sql 0.01s payment_details Table CREATED
2020-09-29 21:36:58,068 - 17668 INFO - CREATE TABLE if not exists PRODUCT_DETAILS(
product_id int primary key not null,
product_name varchar(20),
product_idealfor varchar(20),
product_brand varchar(20),
product_price bigint,
product_desc varchar(20),
product_stock_id int) product_details.sql 0.01s product_details Table CREATED
2020-09-29 21:36:58,068 - 17668 INFO - CREATE TABLE if not exists PRODUCT_DETAILS(
product_id int primary key not null,
product_name varchar(20),
product_idealfor varchar(20),
product_brand varchar(20),
product_price bigint,
product_desc varchar(20),
product_stock_id int) product_details.sql 0.01s product_details Table CREATED
2020-09-29 21:36:58,068 - 17668 INFO - CREATE TABLE if not exists PRODUCT_DETAILS(
product_id int primary key not null,
product_name varchar(20),
product_idealfor varchar(20),
product_brand varchar(20),
product_price bigint,
product_desc varchar(20),
product_stock_id int) product_details.sql 0.01s product_details Table CREATED
2020-09-29 21:36:58,068 - 17668 INFO - CREATE TABLE if not exists PRODUCT_DETAILS(
product_id int primary key not null,
product_name varchar(20),
product_idealfor varchar(20),
product_brand varchar(20),
product_price bigint,
product_desc varchar(20),
product_stock_id int) product_details.sql 0.01s product_details Table CREATED
2020-09-29 21:36:58,075 - 17668 INFO - CREATE TABLE if not exists PRODUCT_ORDERED_DETAILS(
ordered_product_id INT PRIMARY KEY NOT NULL,
ordered_quantity INT,
ordered_date DATE,
order_id INT,
product_id INT) product_ordered_details.sql 0.01s product_ordered_details Table CREATED
2020-09-29 21:36:58,075 - 17668 INFO - CREATE TABLE if not exists PRODUCT_ORDERED_DETAILS(
ordered_product_id INT PRIMARY KEY NOT NULL,
ordered_quantity INT,
ordered_date DATE,
order_id INT,
product_id INT) product_ordered_details.sql 0.01s product_ordered_details Table CREATED
2020-09-29 21:36:58,075 - 17668 INFO - CREATE TABLE if not exists PRODUCT_ORDERED_DETAILS(
ordered_product_id INT PRIMARY KEY NOT NULL,
ordered_quantity INT,
ordered_date DATE,
order_id INT,
product_id INT) product_ordered_details.sql 0.01s product_ordered_details Table CREATED
2020-09-29 21:36:58,075 - 17668 INFO - CREATE TABLE if not exists PRODUCT_ORDERED_DETAILS(
ordered_product_id INT PRIMARY KEY NOT NULL,
ordered_quantity INT,
ordered_date DATE,
order_id INT,
product_id INT) product_ordered_details.sql 0.01s product_ordered_details Table CREATED
2020-09-29 21:36:58,082 - 17668 INFO - CREATE TABLE if not exists PRODUCT_STOCK_DETAILS(
product_stock_id int primary key not null,
stock_quantity int,
seller_id int) product_stock_details.sql 0.01s product_stock_details Table CREATED
2020-09-29 21:36:58,082 - 17668 INFO - CREATE TABLE if not exists PRODUCT_STOCK_DETAILS(
product_stock_id int primary key not null,
stock_quantity int,
seller_id int) product_stock_details.sql 0.01s product_stock_details Table CREATED
2020-09-29 21:36:58,082 - 17668 INFO - CREATE TABLE if not exists PRODUCT_STOCK_DETAILS(
product_stock_id int primary key not null,
stock_quantity int,
seller_id int) product_stock_details.sql 0.01s product_stock_details Table CREATED
2020-09-29 21:36:58,082 - 17668 INFO - CREATE TABLE if not exists PRODUCT_STOCK_DETAILS(
product_stock_id int primary key not null,
stock_quantity int,
seller_id int) product_stock_details.sql 0.01s product_stock_details Table CREATED
2020-09-29 21:36:58,450 - 17668 INFO - ALTER TABLE CART_DETAILS
ADD FOREIGN KEY (customer_id) REFERENCES CUSTOMER_DETAILS (customer_id) ref_1_cart_details.sql 0.37s ref_1_cart_details Table CREATED
2020-09-29 21:36:58,450 - 17668 INFO - ALTER TABLE CART_DETAILS
ADD FOREIGN KEY (customer_id) REFERENCES CUSTOMER_DETAILS (customer_id) ref_1_cart_details.sql 0.37s ref_1_cart_details Table CREATED
2020-09-29 21:36:58,450 - 17668 INFO - ALTER TABLE CART_DETAILS
ADD FOREIGN KEY (customer_id) REFERENCES CUSTOMER_DETAILS (customer_id) ref_1_cart_details.sql 0.37s ref_1_cart_details Table CREATED
2020-09-29 21:36:58,450 - 17668 INFO - ALTER TABLE CART_DETAILS
ADD FOREIGN KEY (customer_id) REFERENCES CUSTOMER_DETAILS (customer_id) ref_1_cart_details.sql 0.37s ref_1_cart_details Table CREATED
2020-09-29 21:36:58,685 - 17668 INFO - ALTER TABLE CUSTOMER_ADDRESS_DETAILS
ADD FOREIGN KEY (customer_id) REFERENCES CUSTOMER_DETAILS(customer_id) ref_2_customer_address_details.sql 0.23s ref_2_customer_address_details Table CREATED
2020-09-29 21:36:58,685 - 17668 INFO - ALTER TABLE CUSTOMER_ADDRESS_DETAILS
ADD FOREIGN KEY (customer_id) REFERENCES CUSTOMER_DETAILS(customer_id) ref_2_customer_address_details.sql 0.23s ref_2_customer_address_details Table CREATED
2020-09-29 21:36:58,685 - 17668 INFO - ALTER TABLE CUSTOMER_ADDRESS_DETAILS
ADD FOREIGN KEY (customer_id) REFERENCES CUSTOMER_DETAILS(customer_id) ref_2_customer_address_details.sql 0.23s ref_2_customer_address_details Table CREATED
2020-09-29 21:36:58,685 - 17668 INFO - ALTER TABLE CUSTOMER_ADDRESS_DETAILS
ADD FOREIGN KEY (customer_id) REFERENCES CUSTOMER_DETAILS(customer_id) ref_2_customer_address_details.sql 0.23s ref_2_customer_address_details Table CREATED
2020-09-29 21:36:58,699 - 17668 INFO - CREATE TABLE if not exists ORDER_DETAILS(
order_id INT PRIMARY KEY NOT NULL,
order_date DATE,
billing_name VARCHAR(10),
delivery_name VARCHAR(10),
billing_address_id int,
delivery_address_id int,
order_status_id	int,
customer_id int,
FOREIGN KEY (billing_address_id) REFERENCES CUSTOMER_ADDRESS_DETAILS (address_id),
FOREIGN KEY (delivery_address_id) REFERENCES CUSTOMER_ADDRESS_DETAILS (address_id),
FOREIGN KEY (order_status_id) REFERENCES ORDER_STATUS_DETAILS (order_status_id),
FOREIGN KEY (customer_id) REFERENCES CUSTOMER_DETAILS (customer_id)) ref_3_order_details.sql 0.01s ref_3_order_details Table CREATED
2020-09-29 21:36:58,699 - 17668 INFO - CREATE TABLE if not exists ORDER_DETAILS(
order_id INT PRIMARY KEY NOT NULL,
order_date DATE,
billing_name VARCHAR(10),
delivery_name VARCHAR(10),
billing_address_id int,
delivery_address_id int,
order_status_id	int,
customer_id int,
FOREIGN KEY (billing_address_id) REFERENCES CUSTOMER_ADDRESS_DETAILS (address_id),
FOREIGN KEY (delivery_address_id) REFERENCES CUSTOMER_ADDRESS_DETAILS (address_id),
FOREIGN KEY (order_status_id) REFERENCES ORDER_STATUS_DETAILS (order_status_id),
FOREIGN KEY (customer_id) REFERENCES CUSTOMER_DETAILS (customer_id)) ref_3_order_details.sql 0.01s ref_3_order_details Table CREATED
2020-09-29 21:36:58,699 - 17668 INFO - CREATE TABLE if not exists ORDER_DETAILS(
order_id INT PRIMARY KEY NOT NULL,
order_date DATE,
billing_name VARCHAR(10),
delivery_name VARCHAR(10),
billing_address_id int,
delivery_address_id int,
order_status_id	int,
customer_id int,
FOREIGN KEY (billing_address_id) REFERENCES CUSTOMER_ADDRESS_DETAILS (address_id),
FOREIGN KEY (delivery_address_id) REFERENCES CUSTOMER_ADDRESS_DETAILS (address_id),
FOREIGN KEY (order_status_id) REFERENCES ORDER_STATUS_DETAILS (order_status_id),
FOREIGN KEY (customer_id) REFERENCES CUSTOMER_DETAILS (customer_id)) ref_3_order_details.sql 0.01s ref_3_order_details Table CREATED
2020-09-29 21:36:58,699 - 17668 INFO - CREATE TABLE if not exists ORDER_DETAILS(
order_id INT PRIMARY KEY NOT NULL,
order_date DATE,
billing_name VARCHAR(10),
delivery_name VARCHAR(10),
billing_address_id int,
delivery_address_id int,
order_status_id	int,
customer_id int,
FOREIGN KEY (billing_address_id) REFERENCES CUSTOMER_ADDRESS_DETAILS (address_id),
FOREIGN KEY (delivery_address_id) REFERENCES CUSTOMER_ADDRESS_DETAILS (address_id),
FOREIGN KEY (order_status_id) REFERENCES ORDER_STATUS_DETAILS (order_status_id),
FOREIGN KEY (customer_id) REFERENCES CUSTOMER_DETAILS (customer_id)) ref_3_order_details.sql 0.01s ref_3_order_details Table CREATED
2020-09-29 21:36:59,000 - 17668 INFO - ALTER TABLE PRODUCT_STOCK_DETAILS
ADD FOREIGN KEY (seller_id) references SELLER_DETAILS (seller_id) ref_4_product_stock_details.sql 0.3s ref_4_product_stock_details Table CREATED
2020-09-29 21:36:59,000 - 17668 INFO - ALTER TABLE PRODUCT_STOCK_DETAILS
ADD FOREIGN KEY (seller_id) references SELLER_DETAILS (seller_id) ref_4_product_stock_details.sql 0.3s ref_4_product_stock_details Table CREATED
2020-09-29 21:36:59,000 - 17668 INFO - ALTER TABLE PRODUCT_STOCK_DETAILS
ADD FOREIGN KEY (seller_id) references SELLER_DETAILS (seller_id) ref_4_product_stock_details.sql 0.3s ref_4_product_stock_details Table CREATED
2020-09-29 21:36:59,000 - 17668 INFO - ALTER TABLE PRODUCT_STOCK_DETAILS
ADD FOREIGN KEY (seller_id) references SELLER_DETAILS (seller_id) ref_4_product_stock_details.sql 0.3s ref_4_product_stock_details Table CREATED
2020-09-29 21:36:59,583 - 17668 INFO - ALTER TABLE PRODUCT_DETAILS
ADD FOREIGN KEY (product_stock_id) REFERENCES PRODUCT_STOCK_DETAILS (product_stock_id) ref_5_product_details.sql 0.58s ref_5_product_details Table CREATED
2020-09-29 21:36:59,583 - 17668 INFO - ALTER TABLE PRODUCT_DETAILS
ADD FOREIGN KEY (product_stock_id) REFERENCES PRODUCT_STOCK_DETAILS (product_stock_id) ref_5_product_details.sql 0.58s ref_5_product_details Table CREATED
2020-09-29 21:36:59,583 - 17668 INFO - ALTER TABLE PRODUCT_DETAILS
ADD FOREIGN KEY (product_stock_id) REFERENCES PRODUCT_STOCK_DETAILS (product_stock_id) ref_5_product_details.sql 0.58s ref_5_product_details Table CREATED
2020-09-29 21:36:59,583 - 17668 INFO - ALTER TABLE PRODUCT_DETAILS
ADD FOREIGN KEY (product_stock_id) REFERENCES PRODUCT_STOCK_DETAILS (product_stock_id) ref_5_product_details.sql 0.58s ref_5_product_details Table CREATED
2020-09-29 21:36:59,869 - 17668 INFO - ALTER TABLE CART_PRODUCT_DETAILS
ADD FOREIGN KEY(cart_id) REFERENCES CART_DETAILS (cart_id),
ADD FOREIGN KEY(product_id) REFERENCES PRODUCT_DETAILS (product_id) ref_6_cart_product_details.sql 0.29s ref_6_cart_product_details Table CREATED
2020-09-29 21:36:59,869 - 17668 INFO - ALTER TABLE CART_PRODUCT_DETAILS
ADD FOREIGN KEY(cart_id) REFERENCES CART_DETAILS (cart_id),
ADD FOREIGN KEY(product_id) REFERENCES PRODUCT_DETAILS (product_id) ref_6_cart_product_details.sql 0.29s ref_6_cart_product_details Table CREATED
2020-09-29 21:36:59,869 - 17668 INFO - ALTER TABLE CART_PRODUCT_DETAILS
ADD FOREIGN KEY(cart_id) REFERENCES CART_DETAILS (cart_id),
ADD FOREIGN KEY(product_id) REFERENCES PRODUCT_DETAILS (product_id) ref_6_cart_product_details.sql 0.29s ref_6_cart_product_details Table CREATED
2020-09-29 21:36:59,869 - 17668 INFO - ALTER TABLE CART_PRODUCT_DETAILS
ADD FOREIGN KEY(cart_id) REFERENCES CART_DETAILS (cart_id),
ADD FOREIGN KEY(product_id) REFERENCES PRODUCT_DETAILS (product_id) ref_6_cart_product_details.sql 0.29s ref_6_cart_product_details Table CREATED
2020-09-29 21:37:00,287 - 17668 INFO - ALTER TABLE CATEGORY_PRODUCT_DETAILS
ADD FOREIGN KEY (product_id) REFERENCES PRODUCT_DETAILS (product_id),
ADD FOREIGN KEY (category_id) REFERENCES CATEGORY_DETAILS (category_id) ref_7_category_product_details.sql 0.42s ref_7_category_product_details Table CREATED
2020-09-29 21:37:00,287 - 17668 INFO - ALTER TABLE CATEGORY_PRODUCT_DETAILS
ADD FOREIGN KEY (product_id) REFERENCES PRODUCT_DETAILS (product_id),
ADD FOREIGN KEY (category_id) REFERENCES CATEGORY_DETAILS (category_id) ref_7_category_product_details.sql 0.42s ref_7_category_product_details Table CREATED
2020-09-29 21:37:00,287 - 17668 INFO - ALTER TABLE CATEGORY_PRODUCT_DETAILS
ADD FOREIGN KEY (product_id) REFERENCES PRODUCT_DETAILS (product_id),
ADD FOREIGN KEY (category_id) REFERENCES CATEGORY_DETAILS (category_id) ref_7_category_product_details.sql 0.42s ref_7_category_product_details Table CREATED
2020-09-29 21:37:00,287 - 17668 INFO - ALTER TABLE CATEGORY_PRODUCT_DETAILS
ADD FOREIGN KEY (product_id) REFERENCES PRODUCT_DETAILS (product_id),
ADD FOREIGN KEY (category_id) REFERENCES CATEGORY_DETAILS (category_id) ref_7_category_product_details.sql 0.42s ref_7_category_product_details Table CREATED
2020-09-29 21:37:00,721 - 17668 INFO - ALTER TABLE CUSTOMER_RATING_DETAILS
ADD FOREIGN KEY (product_id) REFERENCES PRODUCT_DETAILS (product_id),
ADD FOREIGN KEY (customer_id) REFERENCES CUSTOMER_DETAILS (customer_id) ref_8_customer_rating_details.sql 0.43s ref_8_customer_rating_details Table CREATED
2020-09-29 21:37:00,721 - 17668 INFO - ALTER TABLE CUSTOMER_RATING_DETAILS
ADD FOREIGN KEY (product_id) REFERENCES PRODUCT_DETAILS (product_id),
ADD FOREIGN KEY (customer_id) REFERENCES CUSTOMER_DETAILS (customer_id) ref_8_customer_rating_details.sql 0.43s ref_8_customer_rating_details Table CREATED
2020-09-29 21:37:00,721 - 17668 INFO - ALTER TABLE CUSTOMER_RATING_DETAILS
ADD FOREIGN KEY (product_id) REFERENCES PRODUCT_DETAILS (product_id),
ADD FOREIGN KEY (customer_id) REFERENCES CUSTOMER_DETAILS (customer_id) ref_8_customer_rating_details.sql 0.43s ref_8_customer_rating_details Table CREATED
2020-09-29 21:37:00,721 - 17668 INFO - ALTER TABLE CUSTOMER_RATING_DETAILS
ADD FOREIGN KEY (product_id) REFERENCES PRODUCT_DETAILS (product_id),
ADD FOREIGN KEY (customer_id) REFERENCES CUSTOMER_DETAILS (customer_id) ref_8_customer_rating_details.sql 0.43s ref_8_customer_rating_details Table CREATED
2020-09-29 21:37:00,994 - 17668 INFO - ALTER TABLE INVOICE_DETAILS
ADD FOREIGN KEY (order_id) REFERENCES ORDER_DETAILS (order_id),
ADD FOREIGN KEY (product_id) REFERENCES PRODUCT_DETAILS (product_id) ref_9_invoice_details.sql 0.27s ref_9_invoice_details Table CREATED
2020-09-29 21:37:00,994 - 17668 INFO - ALTER TABLE INVOICE_DETAILS
ADD FOREIGN KEY (order_id) REFERENCES ORDER_DETAILS (order_id),
ADD FOREIGN KEY (product_id) REFERENCES PRODUCT_DETAILS (product_id) ref_9_invoice_details.sql 0.27s ref_9_invoice_details Table CREATED
2020-09-29 21:37:00,994 - 17668 INFO - ALTER TABLE INVOICE_DETAILS
ADD FOREIGN KEY (order_id) REFERENCES ORDER_DETAILS (order_id),
ADD FOREIGN KEY (product_id) REFERENCES PRODUCT_DETAILS (product_id) ref_9_invoice_details.sql 0.27s ref_9_invoice_details Table CREATED
2020-09-29 21:37:00,994 - 17668 INFO - ALTER TABLE INVOICE_DETAILS
ADD FOREIGN KEY (order_id) REFERENCES ORDER_DETAILS (order_id),
ADD FOREIGN KEY (product_id) REFERENCES PRODUCT_DETAILS (product_id) ref_9_invoice_details.sql 0.27s ref_9_invoice_details Table CREATED
2020-09-29 21:37:01,444 - 17668 INFO - ALTER TABLE PAYMENT_DETAILS
ADD FOREIGN KEY (order_id) REFERENCES ORDER_DETAILS (order_id),
ADD FOREIGN KEY (product_id) REFERENCES PRODUCT_DETAILS (product_id),
ADD FOREIGN KEY (customer_id) REFERENCES CUSTOMER_DETAILS (customer_id) ref_payment_details.sql 0.45s ref_payment_details Table CREATED
2020-09-29 21:37:01,444 - 17668 INFO - ALTER TABLE PAYMENT_DETAILS
ADD FOREIGN KEY (order_id) REFERENCES ORDER_DETAILS (order_id),
ADD FOREIGN KEY (product_id) REFERENCES PRODUCT_DETAILS (product_id),
ADD FOREIGN KEY (customer_id) REFERENCES CUSTOMER_DETAILS (customer_id) ref_payment_details.sql 0.45s ref_payment_details Table CREATED
2020-09-29 21:37:01,444 - 17668 INFO - ALTER TABLE PAYMENT_DETAILS
ADD FOREIGN KEY (order_id) REFERENCES ORDER_DETAILS (order_id),
ADD FOREIGN KEY (product_id) REFERENCES PRODUCT_DETAILS (product_id),
ADD FOREIGN KEY (customer_id) REFERENCES CUSTOMER_DETAILS (customer_id) ref_payment_details.sql 0.45s ref_payment_details Table CREATED
2020-09-29 21:37:01,444 - 17668 INFO - ALTER TABLE PAYMENT_DETAILS
ADD FOREIGN KEY (order_id) REFERENCES ORDER_DETAILS (order_id),
ADD FOREIGN KEY (product_id) REFERENCES PRODUCT_DETAILS (product_id),
ADD FOREIGN KEY (customer_id) REFERENCES CUSTOMER_DETAILS (customer_id) ref_payment_details.sql 0.45s ref_payment_details Table CREATED
2020-09-29 21:37:01,863 - 17668 INFO - ALTER TABLE PRODUCT_ORDERED_DETAILS
ADD FOREIGN KEY (order_id) REFERENCES ORDER_DETAILS (order_id),
ADD FOREIGN KEY (product_id) REFERENCES PRODUCT_DETAILS (product_id) ref_product_ordered_details.sql 0.42s ref_product_ordered_details Table CREATED
2020-09-29 21:37:01,863 - 17668 INFO - ALTER TABLE PRODUCT_ORDERED_DETAILS
ADD FOREIGN KEY (order_id) REFERENCES ORDER_DETAILS (order_id),
ADD FOREIGN KEY (product_id) REFERENCES PRODUCT_DETAILS (product_id) ref_product_ordered_details.sql 0.42s ref_product_ordered_details Table CREATED
2020-09-29 21:37:01,863 - 17668 INFO - ALTER TABLE PRODUCT_ORDERED_DETAILS
ADD FOREIGN KEY (order_id) REFERENCES ORDER_DETAILS (order_id),
ADD FOREIGN KEY (product_id) REFERENCES PRODUCT_DETAILS (product_id) ref_product_ordered_details.sql 0.42s ref_product_ordered_details Table CREATED
2020-09-29 21:37:01,863 - 17668 INFO - ALTER TABLE PRODUCT_ORDERED_DETAILS
ADD FOREIGN KEY (order_id) REFERENCES ORDER_DETAILS (order_id),
ADD FOREIGN KEY (product_id) REFERENCES PRODUCT_DETAILS (product_id) ref_product_ordered_details.sql 0.42s ref_product_ordered_details Table CREATED
2020-09-29 21:37:02,151 - 17668 INFO - ALTER TABLE SHIPPING_STATUS
ADD FOREIGN KEY (order_id) REFERENCES ORDER_DETAILS (order_id),
ADD FOREIGN KEY (invoice_num) REFERENCES INVOICE_DETAILS (invoice_num) ref_shipping_status.sql 0.29s ref_shipping_status Table CREATED
2020-09-29 21:37:02,151 - 17668 INFO - ALTER TABLE SHIPPING_STATUS
ADD FOREIGN KEY (order_id) REFERENCES ORDER_DETAILS (order_id),
ADD FOREIGN KEY (invoice_num) REFERENCES INVOICE_DETAILS (invoice_num) ref_shipping_status.sql 0.29s ref_shipping_status Table CREATED
2020-09-29 21:37:02,151 - 17668 INFO - ALTER TABLE SHIPPING_STATUS
ADD FOREIGN KEY (order_id) REFERENCES ORDER_DETAILS (order_id),
ADD FOREIGN KEY (invoice_num) REFERENCES INVOICE_DETAILS (invoice_num) ref_shipping_status.sql 0.29s ref_shipping_status Table CREATED
2020-09-29 21:37:02,151 - 17668 INFO - ALTER TABLE SHIPPING_STATUS
ADD FOREIGN KEY (order_id) REFERENCES ORDER_DETAILS (order_id),
ADD FOREIGN KEY (invoice_num) REFERENCES INVOICE_DETAILS (invoice_num) ref_shipping_status.sql 0.29s ref_shipping_status Table CREATED
2020-09-29 21:37:02,171 - 17668 INFO - CREATE TABLE if not exists SELLER_DETAILS(
seller_id INT PRIMARY KEY NOT NULL,
seller_name VARCHAR(20),
seller_address VARCHAR(25),
seller_ratings INT) seller_details.sql 0.02s seller_details Table CREATED
2020-09-29 21:37:02,171 - 17668 INFO - CREATE TABLE if not exists SELLER_DETAILS(
seller_id INT PRIMARY KEY NOT NULL,
seller_name VARCHAR(20),
seller_address VARCHAR(25),
seller_ratings INT) seller_details.sql 0.02s seller_details Table CREATED
2020-09-29 21:37:02,171 - 17668 INFO - CREATE TABLE if not exists SELLER_DETAILS(
seller_id INT PRIMARY KEY NOT NULL,
seller_name VARCHAR(20),
seller_address VARCHAR(25),
seller_ratings INT) seller_details.sql 0.02s seller_details Table CREATED
2020-09-29 21:37:02,171 - 17668 INFO - CREATE TABLE if not exists SELLER_DETAILS(
seller_id INT PRIMARY KEY NOT NULL,
seller_name VARCHAR(20),
seller_address VARCHAR(25),
seller_ratings INT) seller_details.sql 0.02s seller_details Table CREATED
2020-09-29 21:37:02,185 - 17668 INFO - CREATE TABLE if not exists SHIPPING_STATUS(
ship_id	INT PRIMARY KEY NOT NULL,
ship_date DATE,
ship_track_no BIGINT,
order_id INT,
invoice_num INT) shipping_status.sql 0.01s shipping_status Table CREATED
2020-09-29 21:37:02,185 - 17668 INFO - CREATE TABLE if not exists SHIPPING_STATUS(
ship_id	INT PRIMARY KEY NOT NULL,
ship_date DATE,
ship_track_no BIGINT,
order_id INT,
invoice_num INT) shipping_status.sql 0.01s shipping_status Table CREATED
2020-09-29 21:37:02,185 - 17668 INFO - CREATE TABLE if not exists SHIPPING_STATUS(
ship_id	INT PRIMARY KEY NOT NULL,
ship_date DATE,
ship_track_no BIGINT,
order_id INT,
invoice_num INT) shipping_status.sql 0.01s shipping_status Table CREATED
2020-09-29 21:37:02,185 - 17668 INFO - CREATE TABLE if not exists SHIPPING_STATUS(
ship_id	INT PRIMARY KEY NOT NULL,
ship_date DATE,
ship_track_no BIGINT,
order_id INT,
invoice_num INT) shipping_status.sql 0.01s shipping_status Table CREATED
