2020-09-30 13:36:12,937 - 24088 INFO - category_details Records Inserted
2020-09-30 13:36:12,937 - 24088 INFO - category_details Records Inserted
2020-09-30 13:36:12,937 - 24088 INFO - category_details Records Inserted
2020-09-30 13:36:12,987 - 24088 INFO - customer_details Records Inserted
2020-09-30 13:36:12,987 - 24088 INFO - customer_details Records Inserted
2020-09-30 13:36:12,987 - 24088 INFO - customer_details Records Inserted
2020-09-30 13:36:12,987 - 24088 INFO - customer_details Records Inserted
2020-09-30 13:36:12,987 - 24088 INFO - customer_details Records Inserted
2020-09-30 13:36:13,032 - 24088 INFO - order_status_details Records Inserted
2020-09-30 13:36:13,032 - 24088 INFO - order_status_details Records Inserted
2020-09-30 13:36:13,032 - 24088 INFO - order_status_details Records Inserted
2020-09-30 13:36:13,032 - 24088 INFO - order_status_details Records Inserted
2020-09-30 13:36:13,032 - 24088 INFO - order_status_details Records Inserted
2020-09-30 13:36:13,032 - 24088 INFO - order_status_details Records Inserted
2020-09-30 13:36:13,032 - 24088 INFO - order_status_details Records Inserted
2020-09-30 13:36:13,073 - 24088 INFO - seller_details Records Inserted
2020-09-30 13:36:13,073 - 24088 INFO - seller_details Records Inserted
2020-09-30 13:36:13,073 - 24088 INFO - seller_details Records Inserted
2020-09-30 13:36:13,073 - 24088 INFO - seller_details Records Inserted
2020-09-30 13:36:13,073 - 24088 INFO - seller_details Records Inserted
2020-09-30 13:36:13,073 - 24088 INFO - seller_details Records Inserted
2020-09-30 13:36:13,073 - 24088 INFO - seller_details Records Inserted
2020-09-30 13:36:13,073 - 24088 INFO - seller_details Records Inserted
2020-09-30 13:36:13,073 - 24088 INFO - seller_details Records Inserted
2020-09-30 13:36:13,116 - 24088 INFO - cart_details Records Inserted
2020-09-30 13:36:13,116 - 24088 INFO - cart_details Records Inserted
2020-09-30 13:36:13,116 - 24088 INFO - cart_details Records Inserted
2020-09-30 13:36:13,116 - 24088 INFO - cart_details Records Inserted
2020-09-30 13:36:13,116 - 24088 INFO - cart_details Records Inserted
2020-09-30 13:36:13,116 - 24088 INFO - cart_details Records Inserted
2020-09-30 13:36:13,116 - 24088 INFO - cart_details Records Inserted
2020-09-30 13:36:13,116 - 24088 INFO - cart_details Records Inserted
2020-09-30 13:36:13,116 - 24088 INFO - cart_details Records Inserted
2020-09-30 13:36:13,116 - 24088 INFO - cart_details Records Inserted
2020-09-30 13:36:13,116 - 24088 INFO - cart_details Records Inserted
2020-09-30 13:36:13,192 - 24088 INFO - customer_address_details Records Inserted
2020-09-30 13:36:13,192 - 24088 INFO - customer_address_details Records Inserted
2020-09-30 13:36:13,192 - 24088 INFO - customer_address_details Records Inserted
2020-09-30 13:36:13,192 - 24088 INFO - customer_address_details Records Inserted
2020-09-30 13:36:13,192 - 24088 INFO - customer_address_details Records Inserted
2020-09-30 13:36:13,192 - 24088 INFO - customer_address_details Records Inserted
2020-09-30 13:36:13,192 - 24088 INFO - customer_address_details Records Inserted
2020-09-30 13:36:13,192 - 24088 INFO - customer_address_details Records Inserted
2020-09-30 13:36:13,192 - 24088 INFO - customer_address_details Records Inserted
2020-09-30 13:36:13,192 - 24088 INFO - customer_address_details Records Inserted
2020-09-30 13:36:13,192 - 24088 INFO - customer_address_details Records Inserted
2020-09-30 13:36:13,192 - 24088 INFO - customer_address_details Records Inserted
2020-09-30 13:36:13,192 - 24088 INFO - customer_address_details Records Inserted
2020-09-30 13:36:13,243 - 24088 INFO - order_details Records Inserted
2020-09-30 13:36:13,243 - 24088 INFO - order_details Records Inserted
2020-09-30 13:36:13,243 - 24088 INFO - order_details Records Inserted
2020-09-30 13:36:13,243 - 24088 INFO - order_details Records Inserted
2020-09-30 13:36:13,243 - 24088 INFO - order_details Records Inserted
2020-09-30 13:36:13,243 - 24088 INFO - order_details Records Inserted
2020-09-30 13:36:13,243 - 24088 INFO - order_details Records Inserted
2020-09-30 13:36:13,243 - 24088 INFO - order_details Records Inserted
2020-09-30 13:36:13,243 - 24088 INFO - order_details Records Inserted
2020-09-30 13:36:13,243 - 24088 INFO - order_details Records Inserted
2020-09-30 13:36:13,243 - 24088 INFO - order_details Records Inserted
2020-09-30 13:36:13,243 - 24088 INFO - order_details Records Inserted
2020-09-30 13:36:13,243 - 24088 INFO - order_details Records Inserted
2020-09-30 13:36:13,243 - 24088 INFO - order_details Records Inserted
2020-09-30 13:36:13,243 - 24088 INFO - order_details Records Inserted
2020-09-30 13:36:13,289 - 24088 INFO - product_stock_details Records Inserted
2020-09-30 13:36:13,289 - 24088 INFO - product_stock_details Records Inserted
2020-09-30 13:36:13,289 - 24088 INFO - product_stock_details Records Inserted
2020-09-30 13:36:13,289 - 24088 INFO - product_stock_details Records Inserted
2020-09-30 13:36:13,289 - 24088 INFO - product_stock_details Records Inserted
2020-09-30 13:36:13,289 - 24088 INFO - product_stock_details Records Inserted
2020-09-30 13:36:13,289 - 24088 INFO - product_stock_details Records Inserted
2020-09-30 13:36:13,289 - 24088 INFO - product_stock_details Records Inserted
2020-09-30 13:36:13,289 - 24088 INFO - product_stock_details Records Inserted
2020-09-30 13:36:13,289 - 24088 INFO - product_stock_details Records Inserted
2020-09-30 13:36:13,289 - 24088 INFO - product_stock_details Records Inserted
2020-09-30 13:36:13,289 - 24088 INFO - product_stock_details Records Inserted
2020-09-30 13:36:13,289 - 24088 INFO - product_stock_details Records Inserted
2020-09-30 13:36:13,289 - 24088 INFO - product_stock_details Records Inserted
2020-09-30 13:36:13,289 - 24088 INFO - product_stock_details Records Inserted
2020-09-30 13:36:13,289 - 24088 INFO - product_stock_details Records Inserted
2020-09-30 13:36:13,289 - 24088 INFO - product_stock_details Records Inserted
2020-09-30 13:36:13,338 - 24088 INFO - product_details Records Inserted
2020-09-30 13:36:13,338 - 24088 INFO - product_details Records Inserted
2020-09-30 13:36:13,338 - 24088 INFO - product_details Records Inserted
2020-09-30 13:36:13,338 - 24088 INFO - product_details Records Inserted
2020-09-30 13:36:13,338 - 24088 INFO - product_details Records Inserted
2020-09-30 13:36:13,338 - 24088 INFO - product_details Records Inserted
2020-09-30 13:36:13,338 - 24088 INFO - product_details Records Inserted
2020-09-30 13:36:13,338 - 24088 INFO - product_details Records Inserted
2020-09-30 13:36:13,338 - 24088 INFO - product_details Records Inserted
2020-09-30 13:36:13,338 - 24088 INFO - product_details Records Inserted
2020-09-30 13:36:13,338 - 24088 INFO - product_details Records Inserted
2020-09-30 13:36:13,338 - 24088 INFO - product_details Records Inserted
2020-09-30 13:36:13,338 - 24088 INFO - product_details Records Inserted
2020-09-30 13:36:13,338 - 24088 INFO - product_details Records Inserted
2020-09-30 13:36:13,338 - 24088 INFO - product_details Records Inserted
2020-09-30 13:36:13,338 - 24088 INFO - product_details Records Inserted
2020-09-30 13:36:13,338 - 24088 INFO - product_details Records Inserted
2020-09-30 13:36:13,338 - 24088 INFO - product_details Records Inserted
2020-09-30 13:36:13,338 - 24088 INFO - product_details Records Inserted
2020-09-30 13:36:13,423 - 24088 INFO - cart_product_details Records Inserted
2020-09-30 13:36:13,423 - 24088 INFO - cart_product_details Records Inserted
2020-09-30 13:36:13,423 - 24088 INFO - cart_product_details Records Inserted
2020-09-30 13:36:13,423 - 24088 INFO - cart_product_details Records Inserted
2020-09-30 13:36:13,423 - 24088 INFO - cart_product_details Records Inserted
2020-09-30 13:36:13,423 - 24088 INFO - cart_product_details Records Inserted
2020-09-30 13:36:13,423 - 24088 INFO - cart_product_details Records Inserted
2020-09-30 13:36:13,423 - 24088 INFO - cart_product_details Records Inserted
2020-09-30 13:36:13,423 - 24088 INFO - cart_product_details Records Inserted
2020-09-30 13:36:13,423 - 24088 INFO - cart_product_details Records Inserted
2020-09-30 13:36:13,423 - 24088 INFO - cart_product_details Records Inserted
2020-09-30 13:36:13,423 - 24088 INFO - cart_product_details Records Inserted
2020-09-30 13:36:13,423 - 24088 INFO - cart_product_details Records Inserted
2020-09-30 13:36:13,423 - 24088 INFO - cart_product_details Records Inserted
2020-09-30 13:36:13,423 - 24088 INFO - cart_product_details Records Inserted
2020-09-30 13:36:13,423 - 24088 INFO - cart_product_details Records Inserted
2020-09-30 13:36:13,423 - 24088 INFO - cart_product_details Records Inserted
2020-09-30 13:36:13,423 - 24088 INFO - cart_product_details Records Inserted
2020-09-30 13:36:13,423 - 24088 INFO - cart_product_details Records Inserted
2020-09-30 13:36:13,423 - 24088 INFO - cart_product_details Records Inserted
2020-09-30 13:36:13,423 - 24088 INFO - cart_product_details Records Inserted
2020-09-30 13:36:13,509 - 24088 INFO - category_product_details Records Inserted
2020-09-30 13:36:13,509 - 24088 INFO - category_product_details Records Inserted
2020-09-30 13:36:13,509 - 24088 INFO - category_product_details Records Inserted
2020-09-30 13:36:13,509 - 24088 INFO - category_product_details Records Inserted
2020-09-30 13:36:13,509 - 24088 INFO - category_product_details Records Inserted
2020-09-30 13:36:13,509 - 24088 INFO - category_product_details Records Inserted
2020-09-30 13:36:13,509 - 24088 INFO - category_product_details Records Inserted
2020-09-30 13:36:13,509 - 24088 INFO - category_product_details Records Inserted
2020-09-30 13:36:13,509 - 24088 INFO - category_product_details Records Inserted
2020-09-30 13:36:13,509 - 24088 INFO - category_product_details Records Inserted
2020-09-30 13:36:13,509 - 24088 INFO - category_product_details Records Inserted
2020-09-30 13:36:13,509 - 24088 INFO - category_product_details Records Inserted
2020-09-30 13:36:13,509 - 24088 INFO - category_product_details Records Inserted
2020-09-30 13:36:13,509 - 24088 INFO - category_product_details Records Inserted
2020-09-30 13:36:13,509 - 24088 INFO - category_product_details Records Inserted
2020-09-30 13:36:13,509 - 24088 INFO - category_product_details Records Inserted
2020-09-30 13:36:13,509 - 24088 INFO - category_product_details Records Inserted
2020-09-30 13:36:13,509 - 24088 INFO - category_product_details Records Inserted
2020-09-30 13:36:13,509 - 24088 INFO - category_product_details Records Inserted
2020-09-30 13:36:13,509 - 24088 INFO - category_product_details Records Inserted
2020-09-30 13:36:13,509 - 24088 INFO - category_product_details Records Inserted
2020-09-30 13:36:13,509 - 24088 INFO - category_product_details Records Inserted
2020-09-30 13:36:13,509 - 24088 INFO - category_product_details Records Inserted
2020-09-30 13:36:13,554 - 24088 INFO - customer_rating_details Records Inserted
2020-09-30 13:36:13,554 - 24088 INFO - customer_rating_details Records Inserted
2020-09-30 13:36:13,554 - 24088 INFO - customer_rating_details Records Inserted
2020-09-30 13:36:13,554 - 24088 INFO - customer_rating_details Records Inserted
2020-09-30 13:36:13,554 - 24088 INFO - customer_rating_details Records Inserted
2020-09-30 13:36:13,554 - 24088 INFO - customer_rating_details Records Inserted
2020-09-30 13:36:13,554 - 24088 INFO - customer_rating_details Records Inserted
2020-09-30 13:36:13,554 - 24088 INFO - customer_rating_details Records Inserted
2020-09-30 13:36:13,554 - 24088 INFO - customer_rating_details Records Inserted
2020-09-30 13:36:13,554 - 24088 INFO - customer_rating_details Records Inserted
2020-09-30 13:36:13,554 - 24088 INFO - customer_rating_details Records Inserted
2020-09-30 13:36:13,554 - 24088 INFO - customer_rating_details Records Inserted
2020-09-30 13:36:13,554 - 24088 INFO - customer_rating_details Records Inserted
2020-09-30 13:36:13,554 - 24088 INFO - customer_rating_details Records Inserted
2020-09-30 13:36:13,554 - 24088 INFO - customer_rating_details Records Inserted
2020-09-30 13:36:13,554 - 24088 INFO - customer_rating_details Records Inserted
2020-09-30 13:36:13,554 - 24088 INFO - customer_rating_details Records Inserted
2020-09-30 13:36:13,554 - 24088 INFO - customer_rating_details Records Inserted
2020-09-30 13:36:13,554 - 24088 INFO - customer_rating_details Records Inserted
2020-09-30 13:36:13,554 - 24088 INFO - customer_rating_details Records Inserted
2020-09-30 13:36:13,554 - 24088 INFO - customer_rating_details Records Inserted
2020-09-30 13:36:13,554 - 24088 INFO - customer_rating_details Records Inserted
2020-09-30 13:36:13,554 - 24088 INFO - customer_rating_details Records Inserted
2020-09-30 13:36:13,554 - 24088 INFO - customer_rating_details Records Inserted
2020-09-30 13:36:13,554 - 24088 INFO - customer_rating_details Records Inserted
2020-09-30 13:36:13,599 - 24088 INFO - invoice_details Records Inserted
2020-09-30 13:36:13,599 - 24088 INFO - invoice_details Records Inserted
2020-09-30 13:36:13,599 - 24088 INFO - invoice_details Records Inserted
2020-09-30 13:36:13,599 - 24088 INFO - invoice_details Records Inserted
2020-09-30 13:36:13,599 - 24088 INFO - invoice_details Records Inserted
2020-09-30 13:36:13,599 - 24088 INFO - invoice_details Records Inserted
2020-09-30 13:36:13,599 - 24088 INFO - invoice_details Records Inserted
2020-09-30 13:36:13,599 - 24088 INFO - invoice_details Records Inserted
2020-09-30 13:36:13,599 - 24088 INFO - invoice_details Records Inserted
2020-09-30 13:36:13,599 - 24088 INFO - invoice_details Records Inserted
2020-09-30 13:36:13,599 - 24088 INFO - invoice_details Records Inserted
2020-09-30 13:36:13,599 - 24088 INFO - invoice_details Records Inserted
2020-09-30 13:36:13,599 - 24088 INFO - invoice_details Records Inserted
2020-09-30 13:36:13,599 - 24088 INFO - invoice_details Records Inserted
2020-09-30 13:36:13,599 - 24088 INFO - invoice_details Records Inserted
2020-09-30 13:36:13,599 - 24088 INFO - invoice_details Records Inserted
2020-09-30 13:36:13,599 - 24088 INFO - invoice_details Records Inserted
2020-09-30 13:36:13,599 - 24088 INFO - invoice_details Records Inserted
2020-09-30 13:36:13,599 - 24088 INFO - invoice_details Records Inserted
2020-09-30 13:36:13,599 - 24088 INFO - invoice_details Records Inserted
2020-09-30 13:36:13,599 - 24088 INFO - invoice_details Records Inserted
2020-09-30 13:36:13,599 - 24088 INFO - invoice_details Records Inserted
2020-09-30 13:36:13,599 - 24088 INFO - invoice_details Records Inserted
2020-09-30 13:36:13,599 - 24088 INFO - invoice_details Records Inserted
2020-09-30 13:36:13,599 - 24088 INFO - invoice_details Records Inserted
2020-09-30 13:36:13,599 - 24088 INFO - invoice_details Records Inserted
2020-09-30 13:36:13,599 - 24088 INFO - invoice_details Records Inserted
2020-09-30 13:36:13,643 - 24088 INFO - payment_details Records Inserted
2020-09-30 13:36:13,643 - 24088 INFO - payment_details Records Inserted
2020-09-30 13:36:13,643 - 24088 INFO - payment_details Records Inserted
2020-09-30 13:36:13,643 - 24088 INFO - payment_details Records Inserted
2020-09-30 13:36:13,643 - 24088 INFO - payment_details Records Inserted
2020-09-30 13:36:13,643 - 24088 INFO - payment_details Records Inserted
2020-09-30 13:36:13,643 - 24088 INFO - payment_details Records Inserted
2020-09-30 13:36:13,643 - 24088 INFO - payment_details Records Inserted
2020-09-30 13:36:13,643 - 24088 INFO - payment_details Records Inserted
2020-09-30 13:36:13,643 - 24088 INFO - payment_details Records Inserted
2020-09-30 13:36:13,643 - 24088 INFO - payment_details Records Inserted
2020-09-30 13:36:13,643 - 24088 INFO - payment_details Records Inserted
2020-09-30 13:36:13,643 - 24088 INFO - payment_details Records Inserted
2020-09-30 13:36:13,643 - 24088 INFO - payment_details Records Inserted
2020-09-30 13:36:13,643 - 24088 INFO - payment_details Records Inserted
2020-09-30 13:36:13,643 - 24088 INFO - payment_details Records Inserted
2020-09-30 13:36:13,643 - 24088 INFO - payment_details Records Inserted
2020-09-30 13:36:13,643 - 24088 INFO - payment_details Records Inserted
2020-09-30 13:36:13,643 - 24088 INFO - payment_details Records Inserted
2020-09-30 13:36:13,643 - 24088 INFO - payment_details Records Inserted
2020-09-30 13:36:13,643 - 24088 INFO - payment_details Records Inserted
2020-09-30 13:36:13,643 - 24088 INFO - payment_details Records Inserted
2020-09-30 13:36:13,643 - 24088 INFO - payment_details Records Inserted
2020-09-30 13:36:13,643 - 24088 INFO - payment_details Records Inserted
2020-09-30 13:36:13,643 - 24088 INFO - payment_details Records Inserted
2020-09-30 13:36:13,643 - 24088 INFO - payment_details Records Inserted
2020-09-30 13:36:13,643 - 24088 INFO - payment_details Records Inserted
2020-09-30 13:36:13,643 - 24088 INFO - payment_details Records Inserted
2020-09-30 13:36:13,643 - 24088 INFO - payment_details Records Inserted
2020-09-30 13:36:13,794 - 24088 INFO - product_ordered_details Records Inserted
2020-09-30 13:36:13,794 - 24088 INFO - product_ordered_details Records Inserted
2020-09-30 13:36:13,794 - 24088 INFO - product_ordered_details Records Inserted
2020-09-30 13:36:13,794 - 24088 INFO - product_ordered_details Records Inserted
2020-09-30 13:36:13,794 - 24088 INFO - product_ordered_details Records Inserted
2020-09-30 13:36:13,794 - 24088 INFO - product_ordered_details Records Inserted
2020-09-30 13:36:13,794 - 24088 INFO - product_ordered_details Records Inserted
2020-09-30 13:36:13,794 - 24088 INFO - product_ordered_details Records Inserted
2020-09-30 13:36:13,794 - 24088 INFO - product_ordered_details Records Inserted
2020-09-30 13:36:13,794 - 24088 INFO - product_ordered_details Records Inserted
2020-09-30 13:36:13,794 - 24088 INFO - product_ordered_details Records Inserted
2020-09-30 13:36:13,794 - 24088 INFO - product_ordered_details Records Inserted
2020-09-30 13:36:13,794 - 24088 INFO - product_ordered_details Records Inserted
2020-09-30 13:36:13,794 - 24088 INFO - product_ordered_details Records Inserted
2020-09-30 13:36:13,794 - 24088 INFO - product_ordered_details Records Inserted
2020-09-30 13:36:13,794 - 24088 INFO - product_ordered_details Records Inserted
2020-09-30 13:36:13,794 - 24088 INFO - product_ordered_details Records Inserted
2020-09-30 13:36:13,794 - 24088 INFO - product_ordered_details Records Inserted
2020-09-30 13:36:13,794 - 24088 INFO - product_ordered_details Records Inserted
2020-09-30 13:36:13,794 - 24088 INFO - product_ordered_details Records Inserted
2020-09-30 13:36:13,794 - 24088 INFO - product_ordered_details Records Inserted
2020-09-30 13:36:13,794 - 24088 INFO - product_ordered_details Records Inserted
2020-09-30 13:36:13,794 - 24088 INFO - product_ordered_details Records Inserted
2020-09-30 13:36:13,794 - 24088 INFO - product_ordered_details Records Inserted
2020-09-30 13:36:13,794 - 24088 INFO - product_ordered_details Records Inserted
2020-09-30 13:36:13,794 - 24088 INFO - product_ordered_details Records Inserted
2020-09-30 13:36:13,794 - 24088 INFO - product_ordered_details Records Inserted
2020-09-30 13:36:13,794 - 24088 INFO - product_ordered_details Records Inserted
2020-09-30 13:36:13,794 - 24088 INFO - product_ordered_details Records Inserted
2020-09-30 13:36:13,794 - 24088 INFO - product_ordered_details Records Inserted
2020-09-30 13:36:13,794 - 24088 INFO - product_ordered_details Records Inserted
2020-09-30 13:36:13,860 - 24088 INFO - shipping_status Records Inserted
2020-09-30 13:36:13,860 - 24088 INFO - shipping_status Records Inserted
2020-09-30 13:36:13,860 - 24088 INFO - shipping_status Records Inserted
2020-09-30 13:36:13,860 - 24088 INFO - shipping_status Records Inserted
2020-09-30 13:36:13,860 - 24088 INFO - shipping_status Records Inserted
2020-09-30 13:36:13,860 - 24088 INFO - shipping_status Records Inserted
2020-09-30 13:36:13,860 - 24088 INFO - shipping_status Records Inserted
2020-09-30 13:36:13,860 - 24088 INFO - shipping_status Records Inserted
2020-09-30 13:36:13,860 - 24088 INFO - shipping_status Records Inserted
2020-09-30 13:36:13,860 - 24088 INFO - shipping_status Records Inserted
2020-09-30 13:36:13,860 - 24088 INFO - shipping_status Records Inserted
2020-09-30 13:36:13,860 - 24088 INFO - shipping_status Records Inserted
2020-09-30 13:36:13,860 - 24088 INFO - shipping_status Records Inserted
2020-09-30 13:36:13,860 - 24088 INFO - shipping_status Records Inserted
2020-09-30 13:36:13,860 - 24088 INFO - shipping_status Records Inserted
2020-09-30 13:36:13,860 - 24088 INFO - shipping_status Records Inserted
2020-09-30 13:36:13,860 - 24088 INFO - shipping_status Records Inserted
2020-09-30 13:36:13,860 - 24088 INFO - shipping_status Records Inserted
2020-09-30 13:36:13,860 - 24088 INFO - shipping_status Records Inserted
2020-09-30 13:36:13,860 - 24088 INFO - shipping_status Records Inserted
2020-09-30 13:36:13,860 - 24088 INFO - shipping_status Records Inserted
2020-09-30 13:36:13,860 - 24088 INFO - shipping_status Records Inserted
2020-09-30 13:36:13,860 - 24088 INFO - shipping_status Records Inserted
2020-09-30 13:36:13,860 - 24088 INFO - shipping_status Records Inserted
2020-09-30 13:36:13,860 - 24088 INFO - shipping_status Records Inserted
2020-09-30 13:36:13,860 - 24088 INFO - shipping_status Records Inserted
2020-09-30 13:36:13,860 - 24088 INFO - shipping_status Records Inserted
2020-09-30 13:36:13,860 - 24088 INFO - shipping_status Records Inserted
2020-09-30 13:36:13,860 - 24088 INFO - shipping_status Records Inserted
2020-09-30 13:36:13,860 - 24088 INFO - shipping_status Records Inserted
2020-09-30 13:36:13,860 - 24088 INFO - shipping_status Records Inserted
2020-09-30 13:36:13,860 - 24088 INFO - shipping_status Records Inserted
2020-09-30 13:36:13,860 - 24088 INFO - shipping_status Records Inserted
2020-09-30 13:36:42,493 - 3508 INFO - category_details Records Inserted
2020-09-30 13:36:42,493 - 3508 INFO - category_details Records Inserted
2020-09-30 13:36:42,493 - 3508 INFO - category_details Records Inserted
2020-09-30 13:36:42,542 - 3508 INFO - customer_details Records Inserted
2020-09-30 13:36:42,542 - 3508 INFO - customer_details Records Inserted
2020-09-30 13:36:42,542 - 3508 INFO - customer_details Records Inserted
2020-09-30 13:36:42,542 - 3508 INFO - customer_details Records Inserted
2020-09-30 13:36:42,542 - 3508 INFO - customer_details Records Inserted
2020-09-30 13:36:42,588 - 3508 INFO - order_status_details Records Inserted
2020-09-30 13:36:42,588 - 3508 INFO - order_status_details Records Inserted
2020-09-30 13:36:42,588 - 3508 INFO - order_status_details Records Inserted
2020-09-30 13:36:42,588 - 3508 INFO - order_status_details Records Inserted
2020-09-30 13:36:42,588 - 3508 INFO - order_status_details Records Inserted
2020-09-30 13:36:42,588 - 3508 INFO - order_status_details Records Inserted
2020-09-30 13:36:42,588 - 3508 INFO - order_status_details Records Inserted
2020-09-30 13:36:42,637 - 3508 INFO - seller_details Records Inserted
2020-09-30 13:36:42,637 - 3508 INFO - seller_details Records Inserted
2020-09-30 13:36:42,637 - 3508 INFO - seller_details Records Inserted
2020-09-30 13:36:42,637 - 3508 INFO - seller_details Records Inserted
2020-09-30 13:36:42,637 - 3508 INFO - seller_details Records Inserted
2020-09-30 13:36:42,637 - 3508 INFO - seller_details Records Inserted
2020-09-30 13:36:42,637 - 3508 INFO - seller_details Records Inserted
2020-09-30 13:36:42,637 - 3508 INFO - seller_details Records Inserted
2020-09-30 13:36:42,637 - 3508 INFO - seller_details Records Inserted
2020-09-30 13:36:42,687 - 3508 INFO - cart_details Records Inserted
2020-09-30 13:36:42,687 - 3508 INFO - cart_details Records Inserted
2020-09-30 13:36:42,687 - 3508 INFO - cart_details Records Inserted
2020-09-30 13:36:42,687 - 3508 INFO - cart_details Records Inserted
2020-09-30 13:36:42,687 - 3508 INFO - cart_details Records Inserted
2020-09-30 13:36:42,687 - 3508 INFO - cart_details Records Inserted
2020-09-30 13:36:42,687 - 3508 INFO - cart_details Records Inserted
2020-09-30 13:36:42,687 - 3508 INFO - cart_details Records Inserted
2020-09-30 13:36:42,687 - 3508 INFO - cart_details Records Inserted
2020-09-30 13:36:42,687 - 3508 INFO - cart_details Records Inserted
2020-09-30 13:36:42,687 - 3508 INFO - cart_details Records Inserted
2020-09-30 13:36:42,747 - 3508 INFO - customer_address_details Records Inserted
2020-09-30 13:36:42,747 - 3508 INFO - customer_address_details Records Inserted
2020-09-30 13:36:42,747 - 3508 INFO - customer_address_details Records Inserted
2020-09-30 13:36:42,747 - 3508 INFO - customer_address_details Records Inserted
2020-09-30 13:36:42,747 - 3508 INFO - customer_address_details Records Inserted
2020-09-30 13:36:42,747 - 3508 INFO - customer_address_details Records Inserted
2020-09-30 13:36:42,747 - 3508 INFO - customer_address_details Records Inserted
2020-09-30 13:36:42,747 - 3508 INFO - customer_address_details Records Inserted
2020-09-30 13:36:42,747 - 3508 INFO - customer_address_details Records Inserted
2020-09-30 13:36:42,747 - 3508 INFO - customer_address_details Records Inserted
2020-09-30 13:36:42,747 - 3508 INFO - customer_address_details Records Inserted
2020-09-30 13:36:42,747 - 3508 INFO - customer_address_details Records Inserted
2020-09-30 13:36:42,747 - 3508 INFO - customer_address_details Records Inserted
2020-09-30 13:36:42,841 - 3508 INFO - order_details Records Inserted
2020-09-30 13:36:42,841 - 3508 INFO - order_details Records Inserted
2020-09-30 13:36:42,841 - 3508 INFO - order_details Records Inserted
2020-09-30 13:36:42,841 - 3508 INFO - order_details Records Inserted
2020-09-30 13:36:42,841 - 3508 INFO - order_details Records Inserted
2020-09-30 13:36:42,841 - 3508 INFO - order_details Records Inserted
2020-09-30 13:36:42,841 - 3508 INFO - order_details Records Inserted
2020-09-30 13:36:42,841 - 3508 INFO - order_details Records Inserted
2020-09-30 13:36:42,841 - 3508 INFO - order_details Records Inserted
2020-09-30 13:36:42,841 - 3508 INFO - order_details Records Inserted
2020-09-30 13:36:42,841 - 3508 INFO - order_details Records Inserted
2020-09-30 13:36:42,841 - 3508 INFO - order_details Records Inserted
2020-09-30 13:36:42,841 - 3508 INFO - order_details Records Inserted
2020-09-30 13:36:42,841 - 3508 INFO - order_details Records Inserted
2020-09-30 13:36:42,841 - 3508 INFO - order_details Records Inserted
2020-09-30 13:36:42,911 - 3508 INFO - product_stock_details Records Inserted
2020-09-30 13:36:42,911 - 3508 INFO - product_stock_details Records Inserted
2020-09-30 13:36:42,911 - 3508 INFO - product_stock_details Records Inserted
2020-09-30 13:36:42,911 - 3508 INFO - product_stock_details Records Inserted
2020-09-30 13:36:42,911 - 3508 INFO - product_stock_details Records Inserted
2020-09-30 13:36:42,911 - 3508 INFO - product_stock_details Records Inserted
2020-09-30 13:36:42,911 - 3508 INFO - product_stock_details Records Inserted
2020-09-30 13:36:42,911 - 3508 INFO - product_stock_details Records Inserted
2020-09-30 13:36:42,911 - 3508 INFO - product_stock_details Records Inserted
2020-09-30 13:36:42,911 - 3508 INFO - product_stock_details Records Inserted
2020-09-30 13:36:42,911 - 3508 INFO - product_stock_details Records Inserted
2020-09-30 13:36:42,911 - 3508 INFO - product_stock_details Records Inserted
2020-09-30 13:36:42,911 - 3508 INFO - product_stock_details Records Inserted
2020-09-30 13:36:42,911 - 3508 INFO - product_stock_details Records Inserted
2020-09-30 13:36:42,911 - 3508 INFO - product_stock_details Records Inserted
2020-09-30 13:36:42,911 - 3508 INFO - product_stock_details Records Inserted
2020-09-30 13:36:42,911 - 3508 INFO - product_stock_details Records Inserted
2020-09-30 13:36:42,985 - 3508 INFO - product_details Records Inserted
2020-09-30 13:36:42,985 - 3508 INFO - product_details Records Inserted
2020-09-30 13:36:42,985 - 3508 INFO - product_details Records Inserted
2020-09-30 13:36:42,985 - 3508 INFO - product_details Records Inserted
2020-09-30 13:36:42,985 - 3508 INFO - product_details Records Inserted
2020-09-30 13:36:42,985 - 3508 INFO - product_details Records Inserted
2020-09-30 13:36:42,985 - 3508 INFO - product_details Records Inserted
2020-09-30 13:36:42,985 - 3508 INFO - product_details Records Inserted
2020-09-30 13:36:42,985 - 3508 INFO - product_details Records Inserted
2020-09-30 13:36:42,985 - 3508 INFO - product_details Records Inserted
2020-09-30 13:36:42,985 - 3508 INFO - product_details Records Inserted
2020-09-30 13:36:42,985 - 3508 INFO - product_details Records Inserted
2020-09-30 13:36:42,985 - 3508 INFO - product_details Records Inserted
2020-09-30 13:36:42,985 - 3508 INFO - product_details Records Inserted
2020-09-30 13:36:42,985 - 3508 INFO - product_details Records Inserted
2020-09-30 13:36:42,985 - 3508 INFO - product_details Records Inserted
2020-09-30 13:36:42,985 - 3508 INFO - product_details Records Inserted
2020-09-30 13:36:42,985 - 3508 INFO - product_details Records Inserted
2020-09-30 13:36:42,985 - 3508 INFO - product_details Records Inserted
2020-09-30 13:36:43,087 - 3508 INFO - cart_product_details Records Inserted
2020-09-30 13:36:43,087 - 3508 INFO - cart_product_details Records Inserted
2020-09-30 13:36:43,087 - 3508 INFO - cart_product_details Records Inserted
2020-09-30 13:36:43,087 - 3508 INFO - cart_product_details Records Inserted
2020-09-30 13:36:43,087 - 3508 INFO - cart_product_details Records Inserted
2020-09-30 13:36:43,087 - 3508 INFO - cart_product_details Records Inserted
2020-09-30 13:36:43,087 - 3508 INFO - cart_product_details Records Inserted
2020-09-30 13:36:43,087 - 3508 INFO - cart_product_details Records Inserted
2020-09-30 13:36:43,087 - 3508 INFO - cart_product_details Records Inserted
2020-09-30 13:36:43,087 - 3508 INFO - cart_product_details Records Inserted
2020-09-30 13:36:43,087 - 3508 INFO - cart_product_details Records Inserted
2020-09-30 13:36:43,087 - 3508 INFO - cart_product_details Records Inserted
2020-09-30 13:36:43,087 - 3508 INFO - cart_product_details Records Inserted
2020-09-30 13:36:43,087 - 3508 INFO - cart_product_details Records Inserted
2020-09-30 13:36:43,087 - 3508 INFO - cart_product_details Records Inserted
2020-09-30 13:36:43,087 - 3508 INFO - cart_product_details Records Inserted
2020-09-30 13:36:43,087 - 3508 INFO - cart_product_details Records Inserted
2020-09-30 13:36:43,087 - 3508 INFO - cart_product_details Records Inserted
2020-09-30 13:36:43,087 - 3508 INFO - cart_product_details Records Inserted
2020-09-30 13:36:43,087 - 3508 INFO - cart_product_details Records Inserted
2020-09-30 13:36:43,087 - 3508 INFO - cart_product_details Records Inserted
2020-09-30 13:36:43,261 - 3508 INFO - category_product_details Records Inserted
2020-09-30 13:36:43,261 - 3508 INFO - category_product_details Records Inserted
2020-09-30 13:36:43,261 - 3508 INFO - category_product_details Records Inserted
2020-09-30 13:36:43,261 - 3508 INFO - category_product_details Records Inserted
2020-09-30 13:36:43,261 - 3508 INFO - category_product_details Records Inserted
2020-09-30 13:36:43,261 - 3508 INFO - category_product_details Records Inserted
2020-09-30 13:36:43,261 - 3508 INFO - category_product_details Records Inserted
2020-09-30 13:36:43,261 - 3508 INFO - category_product_details Records Inserted
2020-09-30 13:36:43,261 - 3508 INFO - category_product_details Records Inserted
2020-09-30 13:36:43,261 - 3508 INFO - category_product_details Records Inserted
2020-09-30 13:36:43,261 - 3508 INFO - category_product_details Records Inserted
2020-09-30 13:36:43,261 - 3508 INFO - category_product_details Records Inserted
2020-09-30 13:36:43,261 - 3508 INFO - category_product_details Records Inserted
2020-09-30 13:36:43,261 - 3508 INFO - category_product_details Records Inserted
2020-09-30 13:36:43,261 - 3508 INFO - category_product_details Records Inserted
2020-09-30 13:36:43,261 - 3508 INFO - category_product_details Records Inserted
2020-09-30 13:36:43,261 - 3508 INFO - category_product_details Records Inserted
2020-09-30 13:36:43,261 - 3508 INFO - category_product_details Records Inserted
2020-09-30 13:36:43,261 - 3508 INFO - category_product_details Records Inserted
2020-09-30 13:36:43,261 - 3508 INFO - category_product_details Records Inserted
2020-09-30 13:36:43,261 - 3508 INFO - category_product_details Records Inserted
2020-09-30 13:36:43,261 - 3508 INFO - category_product_details Records Inserted
2020-09-30 13:36:43,261 - 3508 INFO - category_product_details Records Inserted
2020-09-30 13:36:43,314 - 3508 INFO - customer_rating_details Records Inserted
2020-09-30 13:36:43,314 - 3508 INFO - customer_rating_details Records Inserted
2020-09-30 13:36:43,314 - 3508 INFO - customer_rating_details Records Inserted
2020-09-30 13:36:43,314 - 3508 INFO - customer_rating_details Records Inserted
2020-09-30 13:36:43,314 - 3508 INFO - customer_rating_details Records Inserted
2020-09-30 13:36:43,314 - 3508 INFO - customer_rating_details Records Inserted
2020-09-30 13:36:43,314 - 3508 INFO - customer_rating_details Records Inserted
2020-09-30 13:36:43,314 - 3508 INFO - customer_rating_details Records Inserted
2020-09-30 13:36:43,314 - 3508 INFO - customer_rating_details Records Inserted
2020-09-30 13:36:43,314 - 3508 INFO - customer_rating_details Records Inserted
2020-09-30 13:36:43,314 - 3508 INFO - customer_rating_details Records Inserted
2020-09-30 13:36:43,314 - 3508 INFO - customer_rating_details Records Inserted
2020-09-30 13:36:43,314 - 3508 INFO - customer_rating_details Records Inserted
2020-09-30 13:36:43,314 - 3508 INFO - customer_rating_details Records Inserted
2020-09-30 13:36:43,314 - 3508 INFO - customer_rating_details Records Inserted
2020-09-30 13:36:43,314 - 3508 INFO - customer_rating_details Records Inserted
2020-09-30 13:36:43,314 - 3508 INFO - customer_rating_details Records Inserted
2020-09-30 13:36:43,314 - 3508 INFO - customer_rating_details Records Inserted
2020-09-30 13:36:43,314 - 3508 INFO - customer_rating_details Records Inserted
2020-09-30 13:36:43,314 - 3508 INFO - customer_rating_details Records Inserted
2020-09-30 13:36:43,314 - 3508 INFO - customer_rating_details Records Inserted
2020-09-30 13:36:43,314 - 3508 INFO - customer_rating_details Records Inserted
2020-09-30 13:36:43,314 - 3508 INFO - customer_rating_details Records Inserted
2020-09-30 13:36:43,314 - 3508 INFO - customer_rating_details Records Inserted
2020-09-30 13:36:43,314 - 3508 INFO - customer_rating_details Records Inserted
2020-09-30 13:36:43,366 - 3508 INFO - invoice_details Records Inserted
2020-09-30 13:36:43,366 - 3508 INFO - invoice_details Records Inserted
2020-09-30 13:36:43,366 - 3508 INFO - invoice_details Records Inserted
2020-09-30 13:36:43,366 - 3508 INFO - invoice_details Records Inserted
2020-09-30 13:36:43,366 - 3508 INFO - invoice_details Records Inserted
2020-09-30 13:36:43,366 - 3508 INFO - invoice_details Records Inserted
2020-09-30 13:36:43,366 - 3508 INFO - invoice_details Records Inserted
2020-09-30 13:36:43,366 - 3508 INFO - invoice_details Records Inserted
2020-09-30 13:36:43,366 - 3508 INFO - invoice_details Records Inserted
2020-09-30 13:36:43,366 - 3508 INFO - invoice_details Records Inserted
2020-09-30 13:36:43,366 - 3508 INFO - invoice_details Records Inserted
2020-09-30 13:36:43,366 - 3508 INFO - invoice_details Records Inserted
2020-09-30 13:36:43,366 - 3508 INFO - invoice_details Records Inserted
2020-09-30 13:36:43,366 - 3508 INFO - invoice_details Records Inserted
2020-09-30 13:36:43,366 - 3508 INFO - invoice_details Records Inserted
2020-09-30 13:36:43,366 - 3508 INFO - invoice_details Records Inserted
2020-09-30 13:36:43,366 - 3508 INFO - invoice_details Records Inserted
2020-09-30 13:36:43,366 - 3508 INFO - invoice_details Records Inserted
2020-09-30 13:36:43,366 - 3508 INFO - invoice_details Records Inserted
2020-09-30 13:36:43,366 - 3508 INFO - invoice_details Records Inserted
2020-09-30 13:36:43,366 - 3508 INFO - invoice_details Records Inserted
2020-09-30 13:36:43,366 - 3508 INFO - invoice_details Records Inserted
2020-09-30 13:36:43,366 - 3508 INFO - invoice_details Records Inserted
2020-09-30 13:36:43,366 - 3508 INFO - invoice_details Records Inserted
2020-09-30 13:36:43,366 - 3508 INFO - invoice_details Records Inserted
2020-09-30 13:36:43,366 - 3508 INFO - invoice_details Records Inserted
2020-09-30 13:36:43,366 - 3508 INFO - invoice_details Records Inserted
2020-09-30 13:36:43,409 - 3508 INFO - payment_details Records Inserted
2020-09-30 13:36:43,409 - 3508 INFO - payment_details Records Inserted
2020-09-30 13:36:43,409 - 3508 INFO - payment_details Records Inserted
2020-09-30 13:36:43,409 - 3508 INFO - payment_details Records Inserted
2020-09-30 13:36:43,409 - 3508 INFO - payment_details Records Inserted
2020-09-30 13:36:43,409 - 3508 INFO - payment_details Records Inserted
2020-09-30 13:36:43,409 - 3508 INFO - payment_details Records Inserted
2020-09-30 13:36:43,409 - 3508 INFO - payment_details Records Inserted
2020-09-30 13:36:43,409 - 3508 INFO - payment_details Records Inserted
2020-09-30 13:36:43,409 - 3508 INFO - payment_details Records Inserted
2020-09-30 13:36:43,409 - 3508 INFO - payment_details Records Inserted
2020-09-30 13:36:43,409 - 3508 INFO - payment_details Records Inserted
2020-09-30 13:36:43,409 - 3508 INFO - payment_details Records Inserted
2020-09-30 13:36:43,409 - 3508 INFO - payment_details Records Inserted
2020-09-30 13:36:43,409 - 3508 INFO - payment_details Records Inserted
2020-09-30 13:36:43,409 - 3508 INFO - payment_details Records Inserted
2020-09-30 13:36:43,409 - 3508 INFO - payment_details Records Inserted
2020-09-30 13:36:43,409 - 3508 INFO - payment_details Records Inserted
2020-09-30 13:36:43,409 - 3508 INFO - payment_details Records Inserted
2020-09-30 13:36:43,409 - 3508 INFO - payment_details Records Inserted
2020-09-30 13:36:43,409 - 3508 INFO - payment_details Records Inserted
2020-09-30 13:36:43,409 - 3508 INFO - payment_details Records Inserted
2020-09-30 13:36:43,409 - 3508 INFO - payment_details Records Inserted
2020-09-30 13:36:43,409 - 3508 INFO - payment_details Records Inserted
2020-09-30 13:36:43,409 - 3508 INFO - payment_details Records Inserted
2020-09-30 13:36:43,409 - 3508 INFO - payment_details Records Inserted
2020-09-30 13:36:43,409 - 3508 INFO - payment_details Records Inserted
2020-09-30 13:36:43,409 - 3508 INFO - payment_details Records Inserted
2020-09-30 13:36:43,409 - 3508 INFO - payment_details Records Inserted
2020-09-30 13:36:43,454 - 3508 INFO - product_ordered_details Records Inserted
2020-09-30 13:36:43,454 - 3508 INFO - product_ordered_details Records Inserted
2020-09-30 13:36:43,454 - 3508 INFO - product_ordered_details Records Inserted
2020-09-30 13:36:43,454 - 3508 INFO - product_ordered_details Records Inserted
2020-09-30 13:36:43,454 - 3508 INFO - product_ordered_details Records Inserted
2020-09-30 13:36:43,454 - 3508 INFO - product_ordered_details Records Inserted
2020-09-30 13:36:43,454 - 3508 INFO - product_ordered_details Records Inserted
2020-09-30 13:36:43,454 - 3508 INFO - product_ordered_details Records Inserted
2020-09-30 13:36:43,454 - 3508 INFO - product_ordered_details Records Inserted
2020-09-30 13:36:43,454 - 3508 INFO - product_ordered_details Records Inserted
2020-09-30 13:36:43,454 - 3508 INFO - product_ordered_details Records Inserted
2020-09-30 13:36:43,454 - 3508 INFO - product_ordered_details Records Inserted
2020-09-30 13:36:43,454 - 3508 INFO - product_ordered_details Records Inserted
2020-09-30 13:36:43,454 - 3508 INFO - product_ordered_details Records Inserted
2020-09-30 13:36:43,454 - 3508 INFO - product_ordered_details Records Inserted
2020-09-30 13:36:43,454 - 3508 INFO - product_ordered_details Records Inserted
2020-09-30 13:36:43,454 - 3508 INFO - product_ordered_details Records Inserted
2020-09-30 13:36:43,454 - 3508 INFO - product_ordered_details Records Inserted
2020-09-30 13:36:43,454 - 3508 INFO - product_ordered_details Records Inserted
2020-09-30 13:36:43,454 - 3508 INFO - product_ordered_details Records Inserted
2020-09-30 13:36:43,454 - 3508 INFO - product_ordered_details Records Inserted
2020-09-30 13:36:43,454 - 3508 INFO - product_ordered_details Records Inserted
2020-09-30 13:36:43,454 - 3508 INFO - product_ordered_details Records Inserted
2020-09-30 13:36:43,454 - 3508 INFO - product_ordered_details Records Inserted
2020-09-30 13:36:43,454 - 3508 INFO - product_ordered_details Records Inserted
2020-09-30 13:36:43,454 - 3508 INFO - product_ordered_details Records Inserted
2020-09-30 13:36:43,454 - 3508 INFO - product_ordered_details Records Inserted
2020-09-30 13:36:43,454 - 3508 INFO - product_ordered_details Records Inserted
2020-09-30 13:36:43,454 - 3508 INFO - product_ordered_details Records Inserted
2020-09-30 13:36:43,454 - 3508 INFO - product_ordered_details Records Inserted
2020-09-30 13:36:43,454 - 3508 INFO - product_ordered_details Records Inserted
2020-09-30 13:36:43,499 - 3508 INFO - shipping_status Records Inserted
2020-09-30 13:36:43,499 - 3508 INFO - shipping_status Records Inserted
2020-09-30 13:36:43,499 - 3508 INFO - shipping_status Records Inserted
2020-09-30 13:36:43,499 - 3508 INFO - shipping_status Records Inserted
2020-09-30 13:36:43,499 - 3508 INFO - shipping_status Records Inserted
2020-09-30 13:36:43,499 - 3508 INFO - shipping_status Records Inserted
2020-09-30 13:36:43,499 - 3508 INFO - shipping_status Records Inserted
2020-09-30 13:36:43,499 - 3508 INFO - shipping_status Records Inserted
2020-09-30 13:36:43,499 - 3508 INFO - shipping_status Records Inserted
2020-09-30 13:36:43,499 - 3508 INFO - shipping_status Records Inserted
2020-09-30 13:36:43,499 - 3508 INFO - shipping_status Records Inserted
2020-09-30 13:36:43,499 - 3508 INFO - shipping_status Records Inserted
2020-09-30 13:36:43,499 - 3508 INFO - shipping_status Records Inserted
2020-09-30 13:36:43,499 - 3508 INFO - shipping_status Records Inserted
2020-09-30 13:36:43,499 - 3508 INFO - shipping_status Records Inserted
2020-09-30 13:36:43,499 - 3508 INFO - shipping_status Records Inserted
2020-09-30 13:36:43,499 - 3508 INFO - shipping_status Records Inserted
2020-09-30 13:36:43,499 - 3508 INFO - shipping_status Records Inserted
2020-09-30 13:36:43,499 - 3508 INFO - shipping_status Records Inserted
2020-09-30 13:36:43,499 - 3508 INFO - shipping_status Records Inserted
2020-09-30 13:36:43,499 - 3508 INFO - shipping_status Records Inserted
2020-09-30 13:36:43,499 - 3508 INFO - shipping_status Records Inserted
2020-09-30 13:36:43,499 - 3508 INFO - shipping_status Records Inserted
2020-09-30 13:36:43,499 - 3508 INFO - shipping_status Records Inserted
2020-09-30 13:36:43,499 - 3508 INFO - shipping_status Records Inserted
2020-09-30 13:36:43,499 - 3508 INFO - shipping_status Records Inserted
2020-09-30 13:36:43,499 - 3508 INFO - shipping_status Records Inserted
2020-09-30 13:36:43,499 - 3508 INFO - shipping_status Records Inserted
2020-09-30 13:36:43,499 - 3508 INFO - shipping_status Records Inserted
2020-09-30 13:36:43,499 - 3508 INFO - shipping_status Records Inserted
2020-09-30 13:36:43,499 - 3508 INFO - shipping_status Records Inserted
2020-09-30 13:36:43,499 - 3508 INFO - shipping_status Records Inserted
2020-09-30 13:36:43,499 - 3508 INFO - shipping_status Records Inserted
