2020-09-30 16:41:03,585 - 23152 INFO - category_details Records Inserted
2020-09-30 16:41:03,585 - 23152 INFO - category_details Records Inserted
2020-09-30 16:41:03,585 - 23152 INFO - category_details Records Inserted
2020-09-30 16:41:03,669 - 23152 INFO - customer_details Records Inserted
2020-09-30 16:41:03,669 - 23152 INFO - customer_details Records Inserted
2020-09-30 16:41:03,669 - 23152 INFO - customer_details Records Inserted
2020-09-30 16:41:03,669 - 23152 INFO - customer_details Records Inserted
2020-09-30 16:41:03,669 - 23152 INFO - customer_details Records Inserted
2020-09-30 16:41:03,746 - 23152 INFO - order_status_details Records Inserted
2020-09-30 16:41:03,746 - 23152 INFO - order_status_details Records Inserted
2020-09-30 16:41:03,746 - 23152 INFO - order_status_details Records Inserted
2020-09-30 16:41:03,746 - 23152 INFO - order_status_details Records Inserted
2020-09-30 16:41:03,746 - 23152 INFO - order_status_details Records Inserted
2020-09-30 16:41:03,746 - 23152 INFO - order_status_details Records Inserted
2020-09-30 16:41:03,746 - 23152 INFO - order_status_details Records Inserted
2020-09-30 16:41:03,806 - 23152 INFO - seller_details Records Inserted
2020-09-30 16:41:03,806 - 23152 INFO - seller_details Records Inserted
2020-09-30 16:41:03,806 - 23152 INFO - seller_details Records Inserted
2020-09-30 16:41:03,806 - 23152 INFO - seller_details Records Inserted
2020-09-30 16:41:03,806 - 23152 INFO - seller_details Records Inserted
2020-09-30 16:41:03,806 - 23152 INFO - seller_details Records Inserted
2020-09-30 16:41:03,806 - 23152 INFO - seller_details Records Inserted
2020-09-30 16:41:03,806 - 23152 INFO - seller_details Records Inserted
2020-09-30 16:41:03,806 - 23152 INFO - seller_details Records Inserted
2020-09-30 16:41:03,888 - 23152 INFO - cart_details Records Inserted
2020-09-30 16:41:03,888 - 23152 INFO - cart_details Records Inserted
2020-09-30 16:41:03,888 - 23152 INFO - cart_details Records Inserted
2020-09-30 16:41:03,888 - 23152 INFO - cart_details Records Inserted
2020-09-30 16:41:03,888 - 23152 INFO - cart_details Records Inserted
2020-09-30 16:41:03,888 - 23152 INFO - cart_details Records Inserted
2020-09-30 16:41:03,888 - 23152 INFO - cart_details Records Inserted
2020-09-30 16:41:03,888 - 23152 INFO - cart_details Records Inserted
2020-09-30 16:41:03,888 - 23152 INFO - cart_details Records Inserted
2020-09-30 16:41:03,888 - 23152 INFO - cart_details Records Inserted
2020-09-30 16:41:03,888 - 23152 INFO - cart_details Records Inserted
2020-09-30 16:41:03,957 - 23152 INFO - customer_address_details Records Inserted
2020-09-30 16:41:03,957 - 23152 INFO - customer_address_details Records Inserted
2020-09-30 16:41:03,957 - 23152 INFO - customer_address_details Records Inserted
2020-09-30 16:41:03,957 - 23152 INFO - customer_address_details Records Inserted
2020-09-30 16:41:03,957 - 23152 INFO - customer_address_details Records Inserted
2020-09-30 16:41:03,957 - 23152 INFO - customer_address_details Records Inserted
2020-09-30 16:41:03,957 - 23152 INFO - customer_address_details Records Inserted
2020-09-30 16:41:03,957 - 23152 INFO - customer_address_details Records Inserted
2020-09-30 16:41:03,957 - 23152 INFO - customer_address_details Records Inserted
2020-09-30 16:41:03,957 - 23152 INFO - customer_address_details Records Inserted
2020-09-30 16:41:03,957 - 23152 INFO - customer_address_details Records Inserted
2020-09-30 16:41:03,957 - 23152 INFO - customer_address_details Records Inserted
2020-09-30 16:41:03,957 - 23152 INFO - customer_address_details Records Inserted
2020-09-30 16:41:04,033 - 23152 INFO - order_details Records Inserted
2020-09-30 16:41:04,033 - 23152 INFO - order_details Records Inserted
2020-09-30 16:41:04,033 - 23152 INFO - order_details Records Inserted
2020-09-30 16:41:04,033 - 23152 INFO - order_details Records Inserted
2020-09-30 16:41:04,033 - 23152 INFO - order_details Records Inserted
2020-09-30 16:41:04,033 - 23152 INFO - order_details Records Inserted
2020-09-30 16:41:04,033 - 23152 INFO - order_details Records Inserted
2020-09-30 16:41:04,033 - 23152 INFO - order_details Records Inserted
2020-09-30 16:41:04,033 - 23152 INFO - order_details Records Inserted
2020-09-30 16:41:04,033 - 23152 INFO - order_details Records Inserted
2020-09-30 16:41:04,033 - 23152 INFO - order_details Records Inserted
2020-09-30 16:41:04,033 - 23152 INFO - order_details Records Inserted
2020-09-30 16:41:04,033 - 23152 INFO - order_details Records Inserted
2020-09-30 16:41:04,033 - 23152 INFO - order_details Records Inserted
2020-09-30 16:41:04,033 - 23152 INFO - order_details Records Inserted
2020-09-30 16:41:04,105 - 23152 INFO - product_stock_details Records Inserted
2020-09-30 16:41:04,105 - 23152 INFO - product_stock_details Records Inserted
2020-09-30 16:41:04,105 - 23152 INFO - product_stock_details Records Inserted
2020-09-30 16:41:04,105 - 23152 INFO - product_stock_details Records Inserted
2020-09-30 16:41:04,105 - 23152 INFO - product_stock_details Records Inserted
2020-09-30 16:41:04,105 - 23152 INFO - product_stock_details Records Inserted
2020-09-30 16:41:04,105 - 23152 INFO - product_stock_details Records Inserted
2020-09-30 16:41:04,105 - 23152 INFO - product_stock_details Records Inserted
2020-09-30 16:41:04,105 - 23152 INFO - product_stock_details Records Inserted
2020-09-30 16:41:04,105 - 23152 INFO - product_stock_details Records Inserted
2020-09-30 16:41:04,105 - 23152 INFO - product_stock_details Records Inserted
2020-09-30 16:41:04,105 - 23152 INFO - product_stock_details Records Inserted
2020-09-30 16:41:04,105 - 23152 INFO - product_stock_details Records Inserted
2020-09-30 16:41:04,105 - 23152 INFO - product_stock_details Records Inserted
2020-09-30 16:41:04,105 - 23152 INFO - product_stock_details Records Inserted
2020-09-30 16:41:04,105 - 23152 INFO - product_stock_details Records Inserted
2020-09-30 16:41:04,105 - 23152 INFO - product_stock_details Records Inserted
2020-09-30 16:41:04,195 - 23152 INFO - product_details Records Inserted
2020-09-30 16:41:04,195 - 23152 INFO - product_details Records Inserted
2020-09-30 16:41:04,195 - 23152 INFO - product_details Records Inserted
2020-09-30 16:41:04,195 - 23152 INFO - product_details Records Inserted
2020-09-30 16:41:04,195 - 23152 INFO - product_details Records Inserted
2020-09-30 16:41:04,195 - 23152 INFO - product_details Records Inserted
2020-09-30 16:41:04,195 - 23152 INFO - product_details Records Inserted
2020-09-30 16:41:04,195 - 23152 INFO - product_details Records Inserted
2020-09-30 16:41:04,195 - 23152 INFO - product_details Records Inserted
2020-09-30 16:41:04,195 - 23152 INFO - product_details Records Inserted
2020-09-30 16:41:04,195 - 23152 INFO - product_details Records Inserted
2020-09-30 16:41:04,195 - 23152 INFO - product_details Records Inserted
2020-09-30 16:41:04,195 - 23152 INFO - product_details Records Inserted
2020-09-30 16:41:04,195 - 23152 INFO - product_details Records Inserted
2020-09-30 16:41:04,195 - 23152 INFO - product_details Records Inserted
2020-09-30 16:41:04,195 - 23152 INFO - product_details Records Inserted
2020-09-30 16:41:04,195 - 23152 INFO - product_details Records Inserted
2020-09-30 16:41:04,195 - 23152 INFO - product_details Records Inserted
2020-09-30 16:41:04,195 - 23152 INFO - product_details Records Inserted
2020-09-30 16:41:04,279 - 23152 INFO - cart_product_details Records Inserted
2020-09-30 16:41:04,279 - 23152 INFO - cart_product_details Records Inserted
2020-09-30 16:41:04,279 - 23152 INFO - cart_product_details Records Inserted
2020-09-30 16:41:04,279 - 23152 INFO - cart_product_details Records Inserted
2020-09-30 16:41:04,279 - 23152 INFO - cart_product_details Records Inserted
2020-09-30 16:41:04,279 - 23152 INFO - cart_product_details Records Inserted
2020-09-30 16:41:04,279 - 23152 INFO - cart_product_details Records Inserted
2020-09-30 16:41:04,279 - 23152 INFO - cart_product_details Records Inserted
2020-09-30 16:41:04,279 - 23152 INFO - cart_product_details Records Inserted
2020-09-30 16:41:04,279 - 23152 INFO - cart_product_details Records Inserted
2020-09-30 16:41:04,279 - 23152 INFO - cart_product_details Records Inserted
2020-09-30 16:41:04,279 - 23152 INFO - cart_product_details Records Inserted
2020-09-30 16:41:04,279 - 23152 INFO - cart_product_details Records Inserted
2020-09-30 16:41:04,279 - 23152 INFO - cart_product_details Records Inserted
2020-09-30 16:41:04,279 - 23152 INFO - cart_product_details Records Inserted
2020-09-30 16:41:04,279 - 23152 INFO - cart_product_details Records Inserted
2020-09-30 16:41:04,279 - 23152 INFO - cart_product_details Records Inserted
2020-09-30 16:41:04,279 - 23152 INFO - cart_product_details Records Inserted
2020-09-30 16:41:04,279 - 23152 INFO - cart_product_details Records Inserted
2020-09-30 16:41:04,279 - 23152 INFO - cart_product_details Records Inserted
2020-09-30 16:41:04,279 - 23152 INFO - cart_product_details Records Inserted
2020-09-30 16:41:04,357 - 23152 INFO - category_product_details Records Inserted
2020-09-30 16:41:04,357 - 23152 INFO - category_product_details Records Inserted
2020-09-30 16:41:04,357 - 23152 INFO - category_product_details Records Inserted
2020-09-30 16:41:04,357 - 23152 INFO - category_product_details Records Inserted
2020-09-30 16:41:04,357 - 23152 INFO - category_product_details Records Inserted
2020-09-30 16:41:04,357 - 23152 INFO - category_product_details Records Inserted
2020-09-30 16:41:04,357 - 23152 INFO - category_product_details Records Inserted
2020-09-30 16:41:04,357 - 23152 INFO - category_product_details Records Inserted
2020-09-30 16:41:04,357 - 23152 INFO - category_product_details Records Inserted
2020-09-30 16:41:04,357 - 23152 INFO - category_product_details Records Inserted
2020-09-30 16:41:04,357 - 23152 INFO - category_product_details Records Inserted
2020-09-30 16:41:04,357 - 23152 INFO - category_product_details Records Inserted
2020-09-30 16:41:04,357 - 23152 INFO - category_product_details Records Inserted
2020-09-30 16:41:04,357 - 23152 INFO - category_product_details Records Inserted
2020-09-30 16:41:04,357 - 23152 INFO - category_product_details Records Inserted
2020-09-30 16:41:04,357 - 23152 INFO - category_product_details Records Inserted
2020-09-30 16:41:04,357 - 23152 INFO - category_product_details Records Inserted
2020-09-30 16:41:04,357 - 23152 INFO - category_product_details Records Inserted
2020-09-30 16:41:04,357 - 23152 INFO - category_product_details Records Inserted
2020-09-30 16:41:04,357 - 23152 INFO - category_product_details Records Inserted
2020-09-30 16:41:04,357 - 23152 INFO - category_product_details Records Inserted
2020-09-30 16:41:04,357 - 23152 INFO - category_product_details Records Inserted
2020-09-30 16:41:04,357 - 23152 INFO - category_product_details Records Inserted
2020-09-30 16:41:04,437 - 23152 INFO - customer_rating_details Records Inserted
2020-09-30 16:41:04,437 - 23152 INFO - customer_rating_details Records Inserted
2020-09-30 16:41:04,437 - 23152 INFO - customer_rating_details Records Inserted
2020-09-30 16:41:04,437 - 23152 INFO - customer_rating_details Records Inserted
2020-09-30 16:41:04,437 - 23152 INFO - customer_rating_details Records Inserted
2020-09-30 16:41:04,437 - 23152 INFO - customer_rating_details Records Inserted
2020-09-30 16:41:04,437 - 23152 INFO - customer_rating_details Records Inserted
2020-09-30 16:41:04,437 - 23152 INFO - customer_rating_details Records Inserted
2020-09-30 16:41:04,437 - 23152 INFO - customer_rating_details Records Inserted
2020-09-30 16:41:04,437 - 23152 INFO - customer_rating_details Records Inserted
2020-09-30 16:41:04,437 - 23152 INFO - customer_rating_details Records Inserted
2020-09-30 16:41:04,437 - 23152 INFO - customer_rating_details Records Inserted
2020-09-30 16:41:04,437 - 23152 INFO - customer_rating_details Records Inserted
2020-09-30 16:41:04,437 - 23152 INFO - customer_rating_details Records Inserted
2020-09-30 16:41:04,437 - 23152 INFO - customer_rating_details Records Inserted
2020-09-30 16:41:04,437 - 23152 INFO - customer_rating_details Records Inserted
2020-09-30 16:41:04,437 - 23152 INFO - customer_rating_details Records Inserted
2020-09-30 16:41:04,437 - 23152 INFO - customer_rating_details Records Inserted
2020-09-30 16:41:04,437 - 23152 INFO - customer_rating_details Records Inserted
2020-09-30 16:41:04,437 - 23152 INFO - customer_rating_details Records Inserted
2020-09-30 16:41:04,437 - 23152 INFO - customer_rating_details Records Inserted
2020-09-30 16:41:04,437 - 23152 INFO - customer_rating_details Records Inserted
2020-09-30 16:41:04,437 - 23152 INFO - customer_rating_details Records Inserted
2020-09-30 16:41:04,437 - 23152 INFO - customer_rating_details Records Inserted
2020-09-30 16:41:04,437 - 23152 INFO - customer_rating_details Records Inserted
2020-09-30 16:41:04,516 - 23152 INFO - invoice_details Records Inserted
2020-09-30 16:41:04,516 - 23152 INFO - invoice_details Records Inserted
2020-09-30 16:41:04,516 - 23152 INFO - invoice_details Records Inserted
2020-09-30 16:41:04,516 - 23152 INFO - invoice_details Records Inserted
2020-09-30 16:41:04,516 - 23152 INFO - invoice_details Records Inserted
2020-09-30 16:41:04,516 - 23152 INFO - invoice_details Records Inserted
2020-09-30 16:41:04,516 - 23152 INFO - invoice_details Records Inserted
2020-09-30 16:41:04,516 - 23152 INFO - invoice_details Records Inserted
2020-09-30 16:41:04,516 - 23152 INFO - invoice_details Records Inserted
2020-09-30 16:41:04,516 - 23152 INFO - invoice_details Records Inserted
2020-09-30 16:41:04,516 - 23152 INFO - invoice_details Records Inserted
2020-09-30 16:41:04,516 - 23152 INFO - invoice_details Records Inserted
2020-09-30 16:41:04,516 - 23152 INFO - invoice_details Records Inserted
2020-09-30 16:41:04,516 - 23152 INFO - invoice_details Records Inserted
2020-09-30 16:41:04,516 - 23152 INFO - invoice_details Records Inserted
2020-09-30 16:41:04,516 - 23152 INFO - invoice_details Records Inserted
2020-09-30 16:41:04,516 - 23152 INFO - invoice_details Records Inserted
2020-09-30 16:41:04,516 - 23152 INFO - invoice_details Records Inserted
2020-09-30 16:41:04,516 - 23152 INFO - invoice_details Records Inserted
2020-09-30 16:41:04,516 - 23152 INFO - invoice_details Records Inserted
2020-09-30 16:41:04,516 - 23152 INFO - invoice_details Records Inserted
2020-09-30 16:41:04,516 - 23152 INFO - invoice_details Records Inserted
2020-09-30 16:41:04,516 - 23152 INFO - invoice_details Records Inserted
2020-09-30 16:41:04,516 - 23152 INFO - invoice_details Records Inserted
2020-09-30 16:41:04,516 - 23152 INFO - invoice_details Records Inserted
2020-09-30 16:41:04,516 - 23152 INFO - invoice_details Records Inserted
2020-09-30 16:41:04,516 - 23152 INFO - invoice_details Records Inserted
2020-09-30 16:41:04,711 - 23152 INFO - payment_details Records Inserted
2020-09-30 16:41:04,711 - 23152 INFO - payment_details Records Inserted
2020-09-30 16:41:04,711 - 23152 INFO - payment_details Records Inserted
2020-09-30 16:41:04,711 - 23152 INFO - payment_details Records Inserted
2020-09-30 16:41:04,711 - 23152 INFO - payment_details Records Inserted
2020-09-30 16:41:04,711 - 23152 INFO - payment_details Records Inserted
2020-09-30 16:41:04,711 - 23152 INFO - payment_details Records Inserted
2020-09-30 16:41:04,711 - 23152 INFO - payment_details Records Inserted
2020-09-30 16:41:04,711 - 23152 INFO - payment_details Records Inserted
2020-09-30 16:41:04,711 - 23152 INFO - payment_details Records Inserted
2020-09-30 16:41:04,711 - 23152 INFO - payment_details Records Inserted
2020-09-30 16:41:04,711 - 23152 INFO - payment_details Records Inserted
2020-09-30 16:41:04,711 - 23152 INFO - payment_details Records Inserted
2020-09-30 16:41:04,711 - 23152 INFO - payment_details Records Inserted
2020-09-30 16:41:04,711 - 23152 INFO - payment_details Records Inserted
2020-09-30 16:41:04,711 - 23152 INFO - payment_details Records Inserted
2020-09-30 16:41:04,711 - 23152 INFO - payment_details Records Inserted
2020-09-30 16:41:04,711 - 23152 INFO - payment_details Records Inserted
2020-09-30 16:41:04,711 - 23152 INFO - payment_details Records Inserted
2020-09-30 16:41:04,711 - 23152 INFO - payment_details Records Inserted
2020-09-30 16:41:04,711 - 23152 INFO - payment_details Records Inserted
2020-09-30 16:41:04,711 - 23152 INFO - payment_details Records Inserted
2020-09-30 16:41:04,711 - 23152 INFO - payment_details Records Inserted
2020-09-30 16:41:04,711 - 23152 INFO - payment_details Records Inserted
2020-09-30 16:41:04,711 - 23152 INFO - payment_details Records Inserted
2020-09-30 16:41:04,711 - 23152 INFO - payment_details Records Inserted
2020-09-30 16:41:04,711 - 23152 INFO - payment_details Records Inserted
2020-09-30 16:41:04,711 - 23152 INFO - payment_details Records Inserted
2020-09-30 16:41:04,711 - 23152 INFO - payment_details Records Inserted
2020-09-30 16:41:04,791 - 23152 INFO - product_ordered_details Records Inserted
2020-09-30 16:41:04,791 - 23152 INFO - product_ordered_details Records Inserted
2020-09-30 16:41:04,791 - 23152 INFO - product_ordered_details Records Inserted
2020-09-30 16:41:04,791 - 23152 INFO - product_ordered_details Records Inserted
2020-09-30 16:41:04,791 - 23152 INFO - product_ordered_details Records Inserted
2020-09-30 16:41:04,791 - 23152 INFO - product_ordered_details Records Inserted
2020-09-30 16:41:04,791 - 23152 INFO - product_ordered_details Records Inserted
2020-09-30 16:41:04,791 - 23152 INFO - product_ordered_details Records Inserted
2020-09-30 16:41:04,791 - 23152 INFO - product_ordered_details Records Inserted
2020-09-30 16:41:04,791 - 23152 INFO - product_ordered_details Records Inserted
2020-09-30 16:41:04,791 - 23152 INFO - product_ordered_details Records Inserted
2020-09-30 16:41:04,791 - 23152 INFO - product_ordered_details Records Inserted
2020-09-30 16:41:04,791 - 23152 INFO - product_ordered_details Records Inserted
2020-09-30 16:41:04,791 - 23152 INFO - product_ordered_details Records Inserted
2020-09-30 16:41:04,791 - 23152 INFO - product_ordered_details Records Inserted
2020-09-30 16:41:04,791 - 23152 INFO - product_ordered_details Records Inserted
2020-09-30 16:41:04,791 - 23152 INFO - product_ordered_details Records Inserted
2020-09-30 16:41:04,791 - 23152 INFO - product_ordered_details Records Inserted
2020-09-30 16:41:04,791 - 23152 INFO - product_ordered_details Records Inserted
2020-09-30 16:41:04,791 - 23152 INFO - product_ordered_details Records Inserted
2020-09-30 16:41:04,791 - 23152 INFO - product_ordered_details Records Inserted
2020-09-30 16:41:04,791 - 23152 INFO - product_ordered_details Records Inserted
2020-09-30 16:41:04,791 - 23152 INFO - product_ordered_details Records Inserted
2020-09-30 16:41:04,791 - 23152 INFO - product_ordered_details Records Inserted
2020-09-30 16:41:04,791 - 23152 INFO - product_ordered_details Records Inserted
2020-09-30 16:41:04,791 - 23152 INFO - product_ordered_details Records Inserted
2020-09-30 16:41:04,791 - 23152 INFO - product_ordered_details Records Inserted
2020-09-30 16:41:04,791 - 23152 INFO - product_ordered_details Records Inserted
2020-09-30 16:41:04,791 - 23152 INFO - product_ordered_details Records Inserted
2020-09-30 16:41:04,791 - 23152 INFO - product_ordered_details Records Inserted
2020-09-30 16:41:04,791 - 23152 INFO - product_ordered_details Records Inserted
2020-09-30 16:41:04,874 - 23152 INFO - shipping_status Records Inserted
2020-09-30 16:41:04,874 - 23152 INFO - shipping_status Records Inserted
2020-09-30 16:41:04,874 - 23152 INFO - shipping_status Records Inserted
2020-09-30 16:41:04,874 - 23152 INFO - shipping_status Records Inserted
2020-09-30 16:41:04,874 - 23152 INFO - shipping_status Records Inserted
2020-09-30 16:41:04,874 - 23152 INFO - shipping_status Records Inserted
2020-09-30 16:41:04,874 - 23152 INFO - shipping_status Records Inserted
2020-09-30 16:41:04,874 - 23152 INFO - shipping_status Records Inserted
2020-09-30 16:41:04,874 - 23152 INFO - shipping_status Records Inserted
2020-09-30 16:41:04,874 - 23152 INFO - shipping_status Records Inserted
2020-09-30 16:41:04,874 - 23152 INFO - shipping_status Records Inserted
2020-09-30 16:41:04,874 - 23152 INFO - shipping_status Records Inserted
2020-09-30 16:41:04,874 - 23152 INFO - shipping_status Records Inserted
2020-09-30 16:41:04,874 - 23152 INFO - shipping_status Records Inserted
2020-09-30 16:41:04,874 - 23152 INFO - shipping_status Records Inserted
2020-09-30 16:41:04,874 - 23152 INFO - shipping_status Records Inserted
2020-09-30 16:41:04,874 - 23152 INFO - shipping_status Records Inserted
2020-09-30 16:41:04,874 - 23152 INFO - shipping_status Records Inserted
2020-09-30 16:41:04,874 - 23152 INFO - shipping_status Records Inserted
2020-09-30 16:41:04,874 - 23152 INFO - shipping_status Records Inserted
2020-09-30 16:41:04,874 - 23152 INFO - shipping_status Records Inserted
2020-09-30 16:41:04,874 - 23152 INFO - shipping_status Records Inserted
2020-09-30 16:41:04,874 - 23152 INFO - shipping_status Records Inserted
2020-09-30 16:41:04,874 - 23152 INFO - shipping_status Records Inserted
2020-09-30 16:41:04,874 - 23152 INFO - shipping_status Records Inserted
2020-09-30 16:41:04,874 - 23152 INFO - shipping_status Records Inserted
2020-09-30 16:41:04,874 - 23152 INFO - shipping_status Records Inserted
2020-09-30 16:41:04,874 - 23152 INFO - shipping_status Records Inserted
2020-09-30 16:41:04,874 - 23152 INFO - shipping_status Records Inserted
2020-09-30 16:41:04,874 - 23152 INFO - shipping_status Records Inserted
2020-09-30 16:41:04,874 - 23152 INFO - shipping_status Records Inserted
2020-09-30 16:41:04,874 - 23152 INFO - shipping_status Records Inserted
2020-09-30 16:41:04,874 - 23152 INFO - shipping_status Records Inserted
