2020-09-29 13:57:10,575 - 6480 INFO - category_details Records Inserted
2020-09-29 13:57:10,575 - 6480 INFO - category_details Records Inserted
2020-09-29 13:57:10,575 - 6480 INFO - category_details Records Inserted
2020-09-29 13:57:10,622 - 6480 INFO - customer_details Records Inserted
2020-09-29 13:57:10,622 - 6480 INFO - customer_details Records Inserted
2020-09-29 13:57:10,622 - 6480 INFO - customer_details Records Inserted
2020-09-29 13:57:10,622 - 6480 INFO - customer_details Records Inserted
2020-09-29 13:57:10,622 - 6480 INFO - customer_details Records Inserted
2020-09-29 13:57:10,667 - 6480 INFO - order_status_details Records Inserted
2020-09-29 13:57:10,667 - 6480 INFO - order_status_details Records Inserted
2020-09-29 13:57:10,667 - 6480 INFO - order_status_details Records Inserted
2020-09-29 13:57:10,667 - 6480 INFO - order_status_details Records Inserted
2020-09-29 13:57:10,667 - 6480 INFO - order_status_details Records Inserted
2020-09-29 13:57:10,667 - 6480 INFO - order_status_details Records Inserted
2020-09-29 13:57:10,667 - 6480 INFO - order_status_details Records Inserted
2020-09-29 13:57:10,712 - 6480 INFO - seller_details Records Inserted
2020-09-29 13:57:10,712 - 6480 INFO - seller_details Records Inserted
2020-09-29 13:57:10,712 - 6480 INFO - seller_details Records Inserted
2020-09-29 13:57:10,712 - 6480 INFO - seller_details Records Inserted
2020-09-29 13:57:10,712 - 6480 INFO - seller_details Records Inserted
2020-09-29 13:57:10,712 - 6480 INFO - seller_details Records Inserted
2020-09-29 13:57:10,712 - 6480 INFO - seller_details Records Inserted
2020-09-29 13:57:10,712 - 6480 INFO - seller_details Records Inserted
2020-09-29 13:57:10,712 - 6480 INFO - seller_details Records Inserted
2020-09-29 13:57:10,758 - 6480 INFO - cart_details Records Inserted
2020-09-29 13:57:10,758 - 6480 INFO - cart_details Records Inserted
2020-09-29 13:57:10,758 - 6480 INFO - cart_details Records Inserted
2020-09-29 13:57:10,758 - 6480 INFO - cart_details Records Inserted
2020-09-29 13:57:10,758 - 6480 INFO - cart_details Records Inserted
2020-09-29 13:57:10,758 - 6480 INFO - cart_details Records Inserted
2020-09-29 13:57:10,758 - 6480 INFO - cart_details Records Inserted
2020-09-29 13:57:10,758 - 6480 INFO - cart_details Records Inserted
2020-09-29 13:57:10,758 - 6480 INFO - cart_details Records Inserted
2020-09-29 13:57:10,758 - 6480 INFO - cart_details Records Inserted
2020-09-29 13:57:10,758 - 6480 INFO - cart_details Records Inserted
2020-09-29 13:57:10,804 - 6480 INFO - customer_address_details Records Inserted
2020-09-29 13:57:10,804 - 6480 INFO - customer_address_details Records Inserted
2020-09-29 13:57:10,804 - 6480 INFO - customer_address_details Records Inserted
2020-09-29 13:57:10,804 - 6480 INFO - customer_address_details Records Inserted
2020-09-29 13:57:10,804 - 6480 INFO - customer_address_details Records Inserted
2020-09-29 13:57:10,804 - 6480 INFO - customer_address_details Records Inserted
2020-09-29 13:57:10,804 - 6480 INFO - customer_address_details Records Inserted
2020-09-29 13:57:10,804 - 6480 INFO - customer_address_details Records Inserted
2020-09-29 13:57:10,804 - 6480 INFO - customer_address_details Records Inserted
2020-09-29 13:57:10,804 - 6480 INFO - customer_address_details Records Inserted
2020-09-29 13:57:10,804 - 6480 INFO - customer_address_details Records Inserted
2020-09-29 13:57:10,804 - 6480 INFO - customer_address_details Records Inserted
2020-09-29 13:57:10,804 - 6480 INFO - customer_address_details Records Inserted
2020-09-29 13:57:10,857 - 6480 INFO - order_details Records Inserted
2020-09-29 13:57:10,857 - 6480 INFO - order_details Records Inserted
2020-09-29 13:57:10,857 - 6480 INFO - order_details Records Inserted
2020-09-29 13:57:10,857 - 6480 INFO - order_details Records Inserted
2020-09-29 13:57:10,857 - 6480 INFO - order_details Records Inserted
2020-09-29 13:57:10,857 - 6480 INFO - order_details Records Inserted
2020-09-29 13:57:10,857 - 6480 INFO - order_details Records Inserted
2020-09-29 13:57:10,857 - 6480 INFO - order_details Records Inserted
2020-09-29 13:57:10,857 - 6480 INFO - order_details Records Inserted
2020-09-29 13:57:10,857 - 6480 INFO - order_details Records Inserted
2020-09-29 13:57:10,857 - 6480 INFO - order_details Records Inserted
2020-09-29 13:57:10,857 - 6480 INFO - order_details Records Inserted
2020-09-29 13:57:10,857 - 6480 INFO - order_details Records Inserted
2020-09-29 13:57:10,857 - 6480 INFO - order_details Records Inserted
2020-09-29 13:57:10,857 - 6480 INFO - order_details Records Inserted
2020-09-29 13:57:10,912 - 6480 INFO - product_stock_details Records Inserted
2020-09-29 13:57:10,912 - 6480 INFO - product_stock_details Records Inserted
2020-09-29 13:57:10,912 - 6480 INFO - product_stock_details Records Inserted
2020-09-29 13:57:10,912 - 6480 INFO - product_stock_details Records Inserted
2020-09-29 13:57:10,912 - 6480 INFO - product_stock_details Records Inserted
2020-09-29 13:57:10,912 - 6480 INFO - product_stock_details Records Inserted
2020-09-29 13:57:10,912 - 6480 INFO - product_stock_details Records Inserted
2020-09-29 13:57:10,912 - 6480 INFO - product_stock_details Records Inserted
2020-09-29 13:57:10,912 - 6480 INFO - product_stock_details Records Inserted
2020-09-29 13:57:10,912 - 6480 INFO - product_stock_details Records Inserted
2020-09-29 13:57:10,912 - 6480 INFO - product_stock_details Records Inserted
2020-09-29 13:57:10,912 - 6480 INFO - product_stock_details Records Inserted
2020-09-29 13:57:10,912 - 6480 INFO - product_stock_details Records Inserted
2020-09-29 13:57:10,912 - 6480 INFO - product_stock_details Records Inserted
2020-09-29 13:57:10,912 - 6480 INFO - product_stock_details Records Inserted
2020-09-29 13:57:10,912 - 6480 INFO - product_stock_details Records Inserted
2020-09-29 13:57:10,912 - 6480 INFO - product_stock_details Records Inserted
2020-09-29 13:57:10,961 - 6480 INFO - product_details Records Inserted
2020-09-29 13:57:10,961 - 6480 INFO - product_details Records Inserted
2020-09-29 13:57:10,961 - 6480 INFO - product_details Records Inserted
2020-09-29 13:57:10,961 - 6480 INFO - product_details Records Inserted
2020-09-29 13:57:10,961 - 6480 INFO - product_details Records Inserted
2020-09-29 13:57:10,961 - 6480 INFO - product_details Records Inserted
2020-09-29 13:57:10,961 - 6480 INFO - product_details Records Inserted
2020-09-29 13:57:10,961 - 6480 INFO - product_details Records Inserted
2020-09-29 13:57:10,961 - 6480 INFO - product_details Records Inserted
2020-09-29 13:57:10,961 - 6480 INFO - product_details Records Inserted
2020-09-29 13:57:10,961 - 6480 INFO - product_details Records Inserted
2020-09-29 13:57:10,961 - 6480 INFO - product_details Records Inserted
2020-09-29 13:57:10,961 - 6480 INFO - product_details Records Inserted
2020-09-29 13:57:10,961 - 6480 INFO - product_details Records Inserted
2020-09-29 13:57:10,961 - 6480 INFO - product_details Records Inserted
2020-09-29 13:57:10,961 - 6480 INFO - product_details Records Inserted
2020-09-29 13:57:10,961 - 6480 INFO - product_details Records Inserted
2020-09-29 13:57:10,961 - 6480 INFO - product_details Records Inserted
2020-09-29 13:57:10,961 - 6480 INFO - product_details Records Inserted
2020-09-29 13:57:11,094 - 6480 INFO - cart_product_details Records Inserted
2020-09-29 13:57:11,094 - 6480 INFO - cart_product_details Records Inserted
2020-09-29 13:57:11,094 - 6480 INFO - cart_product_details Records Inserted
2020-09-29 13:57:11,094 - 6480 INFO - cart_product_details Records Inserted
2020-09-29 13:57:11,094 - 6480 INFO - cart_product_details Records Inserted
2020-09-29 13:57:11,094 - 6480 INFO - cart_product_details Records Inserted
2020-09-29 13:57:11,094 - 6480 INFO - cart_product_details Records Inserted
2020-09-29 13:57:11,094 - 6480 INFO - cart_product_details Records Inserted
2020-09-29 13:57:11,094 - 6480 INFO - cart_product_details Records Inserted
2020-09-29 13:57:11,094 - 6480 INFO - cart_product_details Records Inserted
2020-09-29 13:57:11,094 - 6480 INFO - cart_product_details Records Inserted
2020-09-29 13:57:11,094 - 6480 INFO - cart_product_details Records Inserted
2020-09-29 13:57:11,094 - 6480 INFO - cart_product_details Records Inserted
2020-09-29 13:57:11,094 - 6480 INFO - cart_product_details Records Inserted
2020-09-29 13:57:11,094 - 6480 INFO - cart_product_details Records Inserted
2020-09-29 13:57:11,094 - 6480 INFO - cart_product_details Records Inserted
2020-09-29 13:57:11,094 - 6480 INFO - cart_product_details Records Inserted
2020-09-29 13:57:11,094 - 6480 INFO - cart_product_details Records Inserted
2020-09-29 13:57:11,094 - 6480 INFO - cart_product_details Records Inserted
2020-09-29 13:57:11,094 - 6480 INFO - cart_product_details Records Inserted
2020-09-29 13:57:11,094 - 6480 INFO - cart_product_details Records Inserted
2020-09-29 13:57:11,397 - 6480 INFO - category_product_details Records Inserted
2020-09-29 13:57:11,397 - 6480 INFO - category_product_details Records Inserted
2020-09-29 13:57:11,397 - 6480 INFO - category_product_details Records Inserted
2020-09-29 13:57:11,397 - 6480 INFO - category_product_details Records Inserted
2020-09-29 13:57:11,397 - 6480 INFO - category_product_details Records Inserted
2020-09-29 13:57:11,397 - 6480 INFO - category_product_details Records Inserted
2020-09-29 13:57:11,397 - 6480 INFO - category_product_details Records Inserted
2020-09-29 13:57:11,397 - 6480 INFO - category_product_details Records Inserted
2020-09-29 13:57:11,397 - 6480 INFO - category_product_details Records Inserted
2020-09-29 13:57:11,397 - 6480 INFO - category_product_details Records Inserted
2020-09-29 13:57:11,397 - 6480 INFO - category_product_details Records Inserted
2020-09-29 13:57:11,397 - 6480 INFO - category_product_details Records Inserted
2020-09-29 13:57:11,397 - 6480 INFO - category_product_details Records Inserted
2020-09-29 13:57:11,397 - 6480 INFO - category_product_details Records Inserted
2020-09-29 13:57:11,397 - 6480 INFO - category_product_details Records Inserted
2020-09-29 13:57:11,397 - 6480 INFO - category_product_details Records Inserted
2020-09-29 13:57:11,397 - 6480 INFO - category_product_details Records Inserted
2020-09-29 13:57:11,397 - 6480 INFO - category_product_details Records Inserted
2020-09-29 13:57:11,397 - 6480 INFO - category_product_details Records Inserted
2020-09-29 13:57:11,397 - 6480 INFO - category_product_details Records Inserted
2020-09-29 13:57:11,397 - 6480 INFO - category_product_details Records Inserted
2020-09-29 13:57:11,397 - 6480 INFO - category_product_details Records Inserted
2020-09-29 13:57:11,397 - 6480 INFO - category_product_details Records Inserted
2020-09-29 13:57:11,457 - 6480 INFO - customer_rating_details Records Inserted
2020-09-29 13:57:11,457 - 6480 INFO - customer_rating_details Records Inserted
2020-09-29 13:57:11,457 - 6480 INFO - customer_rating_details Records Inserted
2020-09-29 13:57:11,457 - 6480 INFO - customer_rating_details Records Inserted
2020-09-29 13:57:11,457 - 6480 INFO - customer_rating_details Records Inserted
2020-09-29 13:57:11,457 - 6480 INFO - customer_rating_details Records Inserted
2020-09-29 13:57:11,457 - 6480 INFO - customer_rating_details Records Inserted
2020-09-29 13:57:11,457 - 6480 INFO - customer_rating_details Records Inserted
2020-09-29 13:57:11,457 - 6480 INFO - customer_rating_details Records Inserted
2020-09-29 13:57:11,457 - 6480 INFO - customer_rating_details Records Inserted
2020-09-29 13:57:11,457 - 6480 INFO - customer_rating_details Records Inserted
2020-09-29 13:57:11,457 - 6480 INFO - customer_rating_details Records Inserted
2020-09-29 13:57:11,457 - 6480 INFO - customer_rating_details Records Inserted
2020-09-29 13:57:11,457 - 6480 INFO - customer_rating_details Records Inserted
2020-09-29 13:57:11,457 - 6480 INFO - customer_rating_details Records Inserted
2020-09-29 13:57:11,457 - 6480 INFO - customer_rating_details Records Inserted
2020-09-29 13:57:11,457 - 6480 INFO - customer_rating_details Records Inserted
2020-09-29 13:57:11,457 - 6480 INFO - customer_rating_details Records Inserted
2020-09-29 13:57:11,457 - 6480 INFO - customer_rating_details Records Inserted
2020-09-29 13:57:11,457 - 6480 INFO - customer_rating_details Records Inserted
2020-09-29 13:57:11,457 - 6480 INFO - customer_rating_details Records Inserted
2020-09-29 13:57:11,457 - 6480 INFO - customer_rating_details Records Inserted
2020-09-29 13:57:11,457 - 6480 INFO - customer_rating_details Records Inserted
2020-09-29 13:57:11,457 - 6480 INFO - customer_rating_details Records Inserted
2020-09-29 13:57:11,457 - 6480 INFO - customer_rating_details Records Inserted
2020-09-29 13:57:11,507 - 6480 INFO - invoice_details Records Inserted
2020-09-29 13:57:11,507 - 6480 INFO - invoice_details Records Inserted
2020-09-29 13:57:11,507 - 6480 INFO - invoice_details Records Inserted
2020-09-29 13:57:11,507 - 6480 INFO - invoice_details Records Inserted
2020-09-29 13:57:11,507 - 6480 INFO - invoice_details Records Inserted
2020-09-29 13:57:11,507 - 6480 INFO - invoice_details Records Inserted
2020-09-29 13:57:11,507 - 6480 INFO - invoice_details Records Inserted
2020-09-29 13:57:11,507 - 6480 INFO - invoice_details Records Inserted
2020-09-29 13:57:11,507 - 6480 INFO - invoice_details Records Inserted
2020-09-29 13:57:11,507 - 6480 INFO - invoice_details Records Inserted
2020-09-29 13:57:11,507 - 6480 INFO - invoice_details Records Inserted
2020-09-29 13:57:11,507 - 6480 INFO - invoice_details Records Inserted
2020-09-29 13:57:11,507 - 6480 INFO - invoice_details Records Inserted
2020-09-29 13:57:11,507 - 6480 INFO - invoice_details Records Inserted
2020-09-29 13:57:11,507 - 6480 INFO - invoice_details Records Inserted
2020-09-29 13:57:11,507 - 6480 INFO - invoice_details Records Inserted
2020-09-29 13:57:11,507 - 6480 INFO - invoice_details Records Inserted
2020-09-29 13:57:11,507 - 6480 INFO - invoice_details Records Inserted
2020-09-29 13:57:11,507 - 6480 INFO - invoice_details Records Inserted
2020-09-29 13:57:11,507 - 6480 INFO - invoice_details Records Inserted
2020-09-29 13:57:11,507 - 6480 INFO - invoice_details Records Inserted
2020-09-29 13:57:11,507 - 6480 INFO - invoice_details Records Inserted
2020-09-29 13:57:11,507 - 6480 INFO - invoice_details Records Inserted
2020-09-29 13:57:11,507 - 6480 INFO - invoice_details Records Inserted
2020-09-29 13:57:11,507 - 6480 INFO - invoice_details Records Inserted
2020-09-29 13:57:11,507 - 6480 INFO - invoice_details Records Inserted
2020-09-29 13:57:11,507 - 6480 INFO - invoice_details Records Inserted
2020-09-29 13:57:11,551 - 6480 INFO - payment_details Records Inserted
2020-09-29 13:57:11,551 - 6480 INFO - payment_details Records Inserted
2020-09-29 13:57:11,551 - 6480 INFO - payment_details Records Inserted
2020-09-29 13:57:11,551 - 6480 INFO - payment_details Records Inserted
2020-09-29 13:57:11,551 - 6480 INFO - payment_details Records Inserted
2020-09-29 13:57:11,551 - 6480 INFO - payment_details Records Inserted
2020-09-29 13:57:11,551 - 6480 INFO - payment_details Records Inserted
2020-09-29 13:57:11,551 - 6480 INFO - payment_details Records Inserted
2020-09-29 13:57:11,551 - 6480 INFO - payment_details Records Inserted
2020-09-29 13:57:11,551 - 6480 INFO - payment_details Records Inserted
2020-09-29 13:57:11,551 - 6480 INFO - payment_details Records Inserted
2020-09-29 13:57:11,551 - 6480 INFO - payment_details Records Inserted
2020-09-29 13:57:11,551 - 6480 INFO - payment_details Records Inserted
2020-09-29 13:57:11,551 - 6480 INFO - payment_details Records Inserted
2020-09-29 13:57:11,551 - 6480 INFO - payment_details Records Inserted
2020-09-29 13:57:11,551 - 6480 INFO - payment_details Records Inserted
2020-09-29 13:57:11,551 - 6480 INFO - payment_details Records Inserted
2020-09-29 13:57:11,551 - 6480 INFO - payment_details Records Inserted
2020-09-29 13:57:11,551 - 6480 INFO - payment_details Records Inserted
2020-09-29 13:57:11,551 - 6480 INFO - payment_details Records Inserted
2020-09-29 13:57:11,551 - 6480 INFO - payment_details Records Inserted
2020-09-29 13:57:11,551 - 6480 INFO - payment_details Records Inserted
2020-09-29 13:57:11,551 - 6480 INFO - payment_details Records Inserted
2020-09-29 13:57:11,551 - 6480 INFO - payment_details Records Inserted
2020-09-29 13:57:11,551 - 6480 INFO - payment_details Records Inserted
2020-09-29 13:57:11,551 - 6480 INFO - payment_details Records Inserted
2020-09-29 13:57:11,551 - 6480 INFO - payment_details Records Inserted
2020-09-29 13:57:11,551 - 6480 INFO - payment_details Records Inserted
2020-09-29 13:57:11,551 - 6480 INFO - payment_details Records Inserted
2020-09-29 13:57:11,598 - 6480 INFO - product_ordered_details Records Inserted
2020-09-29 13:57:11,598 - 6480 INFO - product_ordered_details Records Inserted
2020-09-29 13:57:11,598 - 6480 INFO - product_ordered_details Records Inserted
2020-09-29 13:57:11,598 - 6480 INFO - product_ordered_details Records Inserted
2020-09-29 13:57:11,598 - 6480 INFO - product_ordered_details Records Inserted
2020-09-29 13:57:11,598 - 6480 INFO - product_ordered_details Records Inserted
2020-09-29 13:57:11,598 - 6480 INFO - product_ordered_details Records Inserted
2020-09-29 13:57:11,598 - 6480 INFO - product_ordered_details Records Inserted
2020-09-29 13:57:11,598 - 6480 INFO - product_ordered_details Records Inserted
2020-09-29 13:57:11,598 - 6480 INFO - product_ordered_details Records Inserted
2020-09-29 13:57:11,598 - 6480 INFO - product_ordered_details Records Inserted
2020-09-29 13:57:11,598 - 6480 INFO - product_ordered_details Records Inserted
2020-09-29 13:57:11,598 - 6480 INFO - product_ordered_details Records Inserted
2020-09-29 13:57:11,598 - 6480 INFO - product_ordered_details Records Inserted
2020-09-29 13:57:11,598 - 6480 INFO - product_ordered_details Records Inserted
2020-09-29 13:57:11,598 - 6480 INFO - product_ordered_details Records Inserted
2020-09-29 13:57:11,598 - 6480 INFO - product_ordered_details Records Inserted
2020-09-29 13:57:11,598 - 6480 INFO - product_ordered_details Records Inserted
2020-09-29 13:57:11,598 - 6480 INFO - product_ordered_details Records Inserted
2020-09-29 13:57:11,598 - 6480 INFO - product_ordered_details Records Inserted
2020-09-29 13:57:11,598 - 6480 INFO - product_ordered_details Records Inserted
2020-09-29 13:57:11,598 - 6480 INFO - product_ordered_details Records Inserted
2020-09-29 13:57:11,598 - 6480 INFO - product_ordered_details Records Inserted
2020-09-29 13:57:11,598 - 6480 INFO - product_ordered_details Records Inserted
2020-09-29 13:57:11,598 - 6480 INFO - product_ordered_details Records Inserted
2020-09-29 13:57:11,598 - 6480 INFO - product_ordered_details Records Inserted
2020-09-29 13:57:11,598 - 6480 INFO - product_ordered_details Records Inserted
2020-09-29 13:57:11,598 - 6480 INFO - product_ordered_details Records Inserted
2020-09-29 13:57:11,598 - 6480 INFO - product_ordered_details Records Inserted
2020-09-29 13:57:11,598 - 6480 INFO - product_ordered_details Records Inserted
2020-09-29 13:57:11,598 - 6480 INFO - product_ordered_details Records Inserted
2020-09-29 13:57:11,644 - 6480 INFO - shipping_status Records Inserted
2020-09-29 13:57:11,644 - 6480 INFO - shipping_status Records Inserted
2020-09-29 13:57:11,644 - 6480 INFO - shipping_status Records Inserted
2020-09-29 13:57:11,644 - 6480 INFO - shipping_status Records Inserted
2020-09-29 13:57:11,644 - 6480 INFO - shipping_status Records Inserted
2020-09-29 13:57:11,644 - 6480 INFO - shipping_status Records Inserted
2020-09-29 13:57:11,644 - 6480 INFO - shipping_status Records Inserted
2020-09-29 13:57:11,644 - 6480 INFO - shipping_status Records Inserted
2020-09-29 13:57:11,644 - 6480 INFO - shipping_status Records Inserted
2020-09-29 13:57:11,644 - 6480 INFO - shipping_status Records Inserted
2020-09-29 13:57:11,644 - 6480 INFO - shipping_status Records Inserted
2020-09-29 13:57:11,644 - 6480 INFO - shipping_status Records Inserted
2020-09-29 13:57:11,644 - 6480 INFO - shipping_status Records Inserted
2020-09-29 13:57:11,644 - 6480 INFO - shipping_status Records Inserted
2020-09-29 13:57:11,644 - 6480 INFO - shipping_status Records Inserted
2020-09-29 13:57:11,644 - 6480 INFO - shipping_status Records Inserted
2020-09-29 13:57:11,644 - 6480 INFO - shipping_status Records Inserted
2020-09-29 13:57:11,644 - 6480 INFO - shipping_status Records Inserted
2020-09-29 13:57:11,644 - 6480 INFO - shipping_status Records Inserted
2020-09-29 13:57:11,644 - 6480 INFO - shipping_status Records Inserted
2020-09-29 13:57:11,644 - 6480 INFO - shipping_status Records Inserted
2020-09-29 13:57:11,644 - 6480 INFO - shipping_status Records Inserted
2020-09-29 13:57:11,644 - 6480 INFO - shipping_status Records Inserted
2020-09-29 13:57:11,644 - 6480 INFO - shipping_status Records Inserted
2020-09-29 13:57:11,644 - 6480 INFO - shipping_status Records Inserted
2020-09-29 13:57:11,644 - 6480 INFO - shipping_status Records Inserted
2020-09-29 13:57:11,644 - 6480 INFO - shipping_status Records Inserted
2020-09-29 13:57:11,644 - 6480 INFO - shipping_status Records Inserted
2020-09-29 13:57:11,644 - 6480 INFO - shipping_status Records Inserted
2020-09-29 13:57:11,644 - 6480 INFO - shipping_status Records Inserted
2020-09-29 13:57:11,644 - 6480 INFO - shipping_status Records Inserted
2020-09-29 13:57:11,644 - 6480 INFO - shipping_status Records Inserted
2020-09-29 13:57:11,644 - 6480 INFO - shipping_status Records Inserted
2020-09-29 13:57:14,323 - 21552 INFO - category_details Records Inserted
2020-09-29 13:57:14,323 - 21552 INFO - category_details Records Inserted
2020-09-29 13:57:14,323 - 21552 INFO - category_details Records Inserted
2020-09-29 13:57:14,372 - 21552 INFO - customer_details Records Inserted
2020-09-29 13:57:14,372 - 21552 INFO - customer_details Records Inserted
2020-09-29 13:57:14,372 - 21552 INFO - customer_details Records Inserted
2020-09-29 13:57:14,372 - 21552 INFO - customer_details Records Inserted
2020-09-29 13:57:14,372 - 21552 INFO - customer_details Records Inserted
2020-09-29 13:57:14,419 - 21552 INFO - order_status_details Records Inserted
2020-09-29 13:57:14,419 - 21552 INFO - order_status_details Records Inserted
2020-09-29 13:57:14,419 - 21552 INFO - order_status_details Records Inserted
2020-09-29 13:57:14,419 - 21552 INFO - order_status_details Records Inserted
2020-09-29 13:57:14,419 - 21552 INFO - order_status_details Records Inserted
2020-09-29 13:57:14,419 - 21552 INFO - order_status_details Records Inserted
2020-09-29 13:57:14,419 - 21552 INFO - order_status_details Records Inserted
2020-09-29 13:57:14,463 - 21552 INFO - seller_details Records Inserted
2020-09-29 13:57:14,463 - 21552 INFO - seller_details Records Inserted
2020-09-29 13:57:14,463 - 21552 INFO - seller_details Records Inserted
2020-09-29 13:57:14,463 - 21552 INFO - seller_details Records Inserted
2020-09-29 13:57:14,463 - 21552 INFO - seller_details Records Inserted
2020-09-29 13:57:14,463 - 21552 INFO - seller_details Records Inserted
2020-09-29 13:57:14,463 - 21552 INFO - seller_details Records Inserted
2020-09-29 13:57:14,463 - 21552 INFO - seller_details Records Inserted
2020-09-29 13:57:14,463 - 21552 INFO - seller_details Records Inserted
2020-09-29 13:57:14,504 - 21552 INFO - cart_details Records Inserted
2020-09-29 13:57:14,504 - 21552 INFO - cart_details Records Inserted
2020-09-29 13:57:14,504 - 21552 INFO - cart_details Records Inserted
2020-09-29 13:57:14,504 - 21552 INFO - cart_details Records Inserted
2020-09-29 13:57:14,504 - 21552 INFO - cart_details Records Inserted
2020-09-29 13:57:14,504 - 21552 INFO - cart_details Records Inserted
2020-09-29 13:57:14,504 - 21552 INFO - cart_details Records Inserted
2020-09-29 13:57:14,504 - 21552 INFO - cart_details Records Inserted
2020-09-29 13:57:14,504 - 21552 INFO - cart_details Records Inserted
2020-09-29 13:57:14,504 - 21552 INFO - cart_details Records Inserted
2020-09-29 13:57:14,504 - 21552 INFO - cart_details Records Inserted
2020-09-29 13:57:14,666 - 21552 INFO - customer_address_details Records Inserted
2020-09-29 13:57:14,666 - 21552 INFO - customer_address_details Records Inserted
2020-09-29 13:57:14,666 - 21552 INFO - customer_address_details Records Inserted
2020-09-29 13:57:14,666 - 21552 INFO - customer_address_details Records Inserted
2020-09-29 13:57:14,666 - 21552 INFO - customer_address_details Records Inserted
2020-09-29 13:57:14,666 - 21552 INFO - customer_address_details Records Inserted
2020-09-29 13:57:14,666 - 21552 INFO - customer_address_details Records Inserted
2020-09-29 13:57:14,666 - 21552 INFO - customer_address_details Records Inserted
2020-09-29 13:57:14,666 - 21552 INFO - customer_address_details Records Inserted
2020-09-29 13:57:14,666 - 21552 INFO - customer_address_details Records Inserted
2020-09-29 13:57:14,666 - 21552 INFO - customer_address_details Records Inserted
2020-09-29 13:57:14,666 - 21552 INFO - customer_address_details Records Inserted
2020-09-29 13:57:14,666 - 21552 INFO - customer_address_details Records Inserted
2020-09-29 13:57:14,727 - 21552 INFO - order_details Records Inserted
2020-09-29 13:57:14,727 - 21552 INFO - order_details Records Inserted
2020-09-29 13:57:14,727 - 21552 INFO - order_details Records Inserted
2020-09-29 13:57:14,727 - 21552 INFO - order_details Records Inserted
2020-09-29 13:57:14,727 - 21552 INFO - order_details Records Inserted
2020-09-29 13:57:14,727 - 21552 INFO - order_details Records Inserted
2020-09-29 13:57:14,727 - 21552 INFO - order_details Records Inserted
2020-09-29 13:57:14,727 - 21552 INFO - order_details Records Inserted
2020-09-29 13:57:14,727 - 21552 INFO - order_details Records Inserted
2020-09-29 13:57:14,727 - 21552 INFO - order_details Records Inserted
2020-09-29 13:57:14,727 - 21552 INFO - order_details Records Inserted
2020-09-29 13:57:14,727 - 21552 INFO - order_details Records Inserted
2020-09-29 13:57:14,727 - 21552 INFO - order_details Records Inserted
2020-09-29 13:57:14,727 - 21552 INFO - order_details Records Inserted
2020-09-29 13:57:14,727 - 21552 INFO - order_details Records Inserted
2020-09-29 13:57:14,769 - 21552 INFO - product_stock_details Records Inserted
2020-09-29 13:57:14,769 - 21552 INFO - product_stock_details Records Inserted
2020-09-29 13:57:14,769 - 21552 INFO - product_stock_details Records Inserted
2020-09-29 13:57:14,769 - 21552 INFO - product_stock_details Records Inserted
2020-09-29 13:57:14,769 - 21552 INFO - product_stock_details Records Inserted
2020-09-29 13:57:14,769 - 21552 INFO - product_stock_details Records Inserted
2020-09-29 13:57:14,769 - 21552 INFO - product_stock_details Records Inserted
2020-09-29 13:57:14,769 - 21552 INFO - product_stock_details Records Inserted
2020-09-29 13:57:14,769 - 21552 INFO - product_stock_details Records Inserted
2020-09-29 13:57:14,769 - 21552 INFO - product_stock_details Records Inserted
2020-09-29 13:57:14,769 - 21552 INFO - product_stock_details Records Inserted
2020-09-29 13:57:14,769 - 21552 INFO - product_stock_details Records Inserted
2020-09-29 13:57:14,769 - 21552 INFO - product_stock_details Records Inserted
2020-09-29 13:57:14,769 - 21552 INFO - product_stock_details Records Inserted
2020-09-29 13:57:14,769 - 21552 INFO - product_stock_details Records Inserted
2020-09-29 13:57:14,769 - 21552 INFO - product_stock_details Records Inserted
2020-09-29 13:57:14,769 - 21552 INFO - product_stock_details Records Inserted
2020-09-29 13:57:14,812 - 21552 INFO - product_details Records Inserted
2020-09-29 13:57:14,812 - 21552 INFO - product_details Records Inserted
2020-09-29 13:57:14,812 - 21552 INFO - product_details Records Inserted
2020-09-29 13:57:14,812 - 21552 INFO - product_details Records Inserted
2020-09-29 13:57:14,812 - 21552 INFO - product_details Records Inserted
2020-09-29 13:57:14,812 - 21552 INFO - product_details Records Inserted
2020-09-29 13:57:14,812 - 21552 INFO - product_details Records Inserted
2020-09-29 13:57:14,812 - 21552 INFO - product_details Records Inserted
2020-09-29 13:57:14,812 - 21552 INFO - product_details Records Inserted
2020-09-29 13:57:14,812 - 21552 INFO - product_details Records Inserted
2020-09-29 13:57:14,812 - 21552 INFO - product_details Records Inserted
2020-09-29 13:57:14,812 - 21552 INFO - product_details Records Inserted
2020-09-29 13:57:14,812 - 21552 INFO - product_details Records Inserted
2020-09-29 13:57:14,812 - 21552 INFO - product_details Records Inserted
2020-09-29 13:57:14,812 - 21552 INFO - product_details Records Inserted
2020-09-29 13:57:14,812 - 21552 INFO - product_details Records Inserted
2020-09-29 13:57:14,812 - 21552 INFO - product_details Records Inserted
2020-09-29 13:57:14,812 - 21552 INFO - product_details Records Inserted
2020-09-29 13:57:14,812 - 21552 INFO - product_details Records Inserted
2020-09-29 13:57:14,976 - 21552 INFO - cart_product_details Records Inserted
2020-09-29 13:57:14,976 - 21552 INFO - cart_product_details Records Inserted
2020-09-29 13:57:14,976 - 21552 INFO - cart_product_details Records Inserted
2020-09-29 13:57:14,976 - 21552 INFO - cart_product_details Records Inserted
2020-09-29 13:57:14,976 - 21552 INFO - cart_product_details Records Inserted
2020-09-29 13:57:14,976 - 21552 INFO - cart_product_details Records Inserted
2020-09-29 13:57:14,976 - 21552 INFO - cart_product_details Records Inserted
2020-09-29 13:57:14,976 - 21552 INFO - cart_product_details Records Inserted
2020-09-29 13:57:14,976 - 21552 INFO - cart_product_details Records Inserted
2020-09-29 13:57:14,976 - 21552 INFO - cart_product_details Records Inserted
2020-09-29 13:57:14,976 - 21552 INFO - cart_product_details Records Inserted
2020-09-29 13:57:14,976 - 21552 INFO - cart_product_details Records Inserted
2020-09-29 13:57:14,976 - 21552 INFO - cart_product_details Records Inserted
2020-09-29 13:57:14,976 - 21552 INFO - cart_product_details Records Inserted
2020-09-29 13:57:14,976 - 21552 INFO - cart_product_details Records Inserted
2020-09-29 13:57:14,976 - 21552 INFO - cart_product_details Records Inserted
2020-09-29 13:57:14,976 - 21552 INFO - cart_product_details Records Inserted
2020-09-29 13:57:14,976 - 21552 INFO - cart_product_details Records Inserted
2020-09-29 13:57:14,976 - 21552 INFO - cart_product_details Records Inserted
2020-09-29 13:57:14,976 - 21552 INFO - cart_product_details Records Inserted
2020-09-29 13:57:14,976 - 21552 INFO - cart_product_details Records Inserted
2020-09-29 13:57:15,150 - 21552 INFO - category_product_details Records Inserted
2020-09-29 13:57:15,150 - 21552 INFO - category_product_details Records Inserted
2020-09-29 13:57:15,150 - 21552 INFO - category_product_details Records Inserted
2020-09-29 13:57:15,150 - 21552 INFO - category_product_details Records Inserted
2020-09-29 13:57:15,150 - 21552 INFO - category_product_details Records Inserted
2020-09-29 13:57:15,150 - 21552 INFO - category_product_details Records Inserted
2020-09-29 13:57:15,150 - 21552 INFO - category_product_details Records Inserted
2020-09-29 13:57:15,150 - 21552 INFO - category_product_details Records Inserted
2020-09-29 13:57:15,150 - 21552 INFO - category_product_details Records Inserted
2020-09-29 13:57:15,150 - 21552 INFO - category_product_details Records Inserted
2020-09-29 13:57:15,150 - 21552 INFO - category_product_details Records Inserted
2020-09-29 13:57:15,150 - 21552 INFO - category_product_details Records Inserted
2020-09-29 13:57:15,150 - 21552 INFO - category_product_details Records Inserted
2020-09-29 13:57:15,150 - 21552 INFO - category_product_details Records Inserted
2020-09-29 13:57:15,150 - 21552 INFO - category_product_details Records Inserted
2020-09-29 13:57:15,150 - 21552 INFO - category_product_details Records Inserted
2020-09-29 13:57:15,150 - 21552 INFO - category_product_details Records Inserted
2020-09-29 13:57:15,150 - 21552 INFO - category_product_details Records Inserted
2020-09-29 13:57:15,150 - 21552 INFO - category_product_details Records Inserted
2020-09-29 13:57:15,150 - 21552 INFO - category_product_details Records Inserted
2020-09-29 13:57:15,150 - 21552 INFO - category_product_details Records Inserted
2020-09-29 13:57:15,150 - 21552 INFO - category_product_details Records Inserted
2020-09-29 13:57:15,150 - 21552 INFO - category_product_details Records Inserted
2020-09-29 13:57:15,196 - 21552 INFO - customer_rating_details Records Inserted
2020-09-29 13:57:15,196 - 21552 INFO - customer_rating_details Records Inserted
2020-09-29 13:57:15,196 - 21552 INFO - customer_rating_details Records Inserted
2020-09-29 13:57:15,196 - 21552 INFO - customer_rating_details Records Inserted
2020-09-29 13:57:15,196 - 21552 INFO - customer_rating_details Records Inserted
2020-09-29 13:57:15,196 - 21552 INFO - customer_rating_details Records Inserted
2020-09-29 13:57:15,196 - 21552 INFO - customer_rating_details Records Inserted
2020-09-29 13:57:15,196 - 21552 INFO - customer_rating_details Records Inserted
2020-09-29 13:57:15,196 - 21552 INFO - customer_rating_details Records Inserted
2020-09-29 13:57:15,196 - 21552 INFO - customer_rating_details Records Inserted
2020-09-29 13:57:15,196 - 21552 INFO - customer_rating_details Records Inserted
2020-09-29 13:57:15,196 - 21552 INFO - customer_rating_details Records Inserted
2020-09-29 13:57:15,196 - 21552 INFO - customer_rating_details Records Inserted
2020-09-29 13:57:15,196 - 21552 INFO - customer_rating_details Records Inserted
2020-09-29 13:57:15,196 - 21552 INFO - customer_rating_details Records Inserted
2020-09-29 13:57:15,196 - 21552 INFO - customer_rating_details Records Inserted
2020-09-29 13:57:15,196 - 21552 INFO - customer_rating_details Records Inserted
2020-09-29 13:57:15,196 - 21552 INFO - customer_rating_details Records Inserted
2020-09-29 13:57:15,196 - 21552 INFO - customer_rating_details Records Inserted
2020-09-29 13:57:15,196 - 21552 INFO - customer_rating_details Records Inserted
2020-09-29 13:57:15,196 - 21552 INFO - customer_rating_details Records Inserted
2020-09-29 13:57:15,196 - 21552 INFO - customer_rating_details Records Inserted
2020-09-29 13:57:15,196 - 21552 INFO - customer_rating_details Records Inserted
2020-09-29 13:57:15,196 - 21552 INFO - customer_rating_details Records Inserted
2020-09-29 13:57:15,196 - 21552 INFO - customer_rating_details Records Inserted
2020-09-29 13:57:15,242 - 21552 INFO - invoice_details Records Inserted
2020-09-29 13:57:15,242 - 21552 INFO - invoice_details Records Inserted
2020-09-29 13:57:15,242 - 21552 INFO - invoice_details Records Inserted
2020-09-29 13:57:15,242 - 21552 INFO - invoice_details Records Inserted
2020-09-29 13:57:15,242 - 21552 INFO - invoice_details Records Inserted
2020-09-29 13:57:15,242 - 21552 INFO - invoice_details Records Inserted
2020-09-29 13:57:15,242 - 21552 INFO - invoice_details Records Inserted
2020-09-29 13:57:15,242 - 21552 INFO - invoice_details Records Inserted
2020-09-29 13:57:15,242 - 21552 INFO - invoice_details Records Inserted
2020-09-29 13:57:15,242 - 21552 INFO - invoice_details Records Inserted
2020-09-29 13:57:15,242 - 21552 INFO - invoice_details Records Inserted
2020-09-29 13:57:15,242 - 21552 INFO - invoice_details Records Inserted
2020-09-29 13:57:15,242 - 21552 INFO - invoice_details Records Inserted
2020-09-29 13:57:15,242 - 21552 INFO - invoice_details Records Inserted
2020-09-29 13:57:15,242 - 21552 INFO - invoice_details Records Inserted
2020-09-29 13:57:15,242 - 21552 INFO - invoice_details Records Inserted
2020-09-29 13:57:15,242 - 21552 INFO - invoice_details Records Inserted
2020-09-29 13:57:15,242 - 21552 INFO - invoice_details Records Inserted
2020-09-29 13:57:15,242 - 21552 INFO - invoice_details Records Inserted
2020-09-29 13:57:15,242 - 21552 INFO - invoice_details Records Inserted
2020-09-29 13:57:15,242 - 21552 INFO - invoice_details Records Inserted
2020-09-29 13:57:15,242 - 21552 INFO - invoice_details Records Inserted
2020-09-29 13:57:15,242 - 21552 INFO - invoice_details Records Inserted
2020-09-29 13:57:15,242 - 21552 INFO - invoice_details Records Inserted
2020-09-29 13:57:15,242 - 21552 INFO - invoice_details Records Inserted
2020-09-29 13:57:15,242 - 21552 INFO - invoice_details Records Inserted
2020-09-29 13:57:15,242 - 21552 INFO - invoice_details Records Inserted
2020-09-29 13:57:15,287 - 21552 INFO - payment_details Records Inserted
2020-09-29 13:57:15,287 - 21552 INFO - payment_details Records Inserted
2020-09-29 13:57:15,287 - 21552 INFO - payment_details Records Inserted
2020-09-29 13:57:15,287 - 21552 INFO - payment_details Records Inserted
2020-09-29 13:57:15,287 - 21552 INFO - payment_details Records Inserted
2020-09-29 13:57:15,287 - 21552 INFO - payment_details Records Inserted
2020-09-29 13:57:15,287 - 21552 INFO - payment_details Records Inserted
2020-09-29 13:57:15,287 - 21552 INFO - payment_details Records Inserted
2020-09-29 13:57:15,287 - 21552 INFO - payment_details Records Inserted
2020-09-29 13:57:15,287 - 21552 INFO - payment_details Records Inserted
2020-09-29 13:57:15,287 - 21552 INFO - payment_details Records Inserted
2020-09-29 13:57:15,287 - 21552 INFO - payment_details Records Inserted
2020-09-29 13:57:15,287 - 21552 INFO - payment_details Records Inserted
2020-09-29 13:57:15,287 - 21552 INFO - payment_details Records Inserted
2020-09-29 13:57:15,287 - 21552 INFO - payment_details Records Inserted
2020-09-29 13:57:15,287 - 21552 INFO - payment_details Records Inserted
2020-09-29 13:57:15,287 - 21552 INFO - payment_details Records Inserted
2020-09-29 13:57:15,287 - 21552 INFO - payment_details Records Inserted
2020-09-29 13:57:15,287 - 21552 INFO - payment_details Records Inserted
2020-09-29 13:57:15,287 - 21552 INFO - payment_details Records Inserted
2020-09-29 13:57:15,287 - 21552 INFO - payment_details Records Inserted
2020-09-29 13:57:15,287 - 21552 INFO - payment_details Records Inserted
2020-09-29 13:57:15,287 - 21552 INFO - payment_details Records Inserted
2020-09-29 13:57:15,287 - 21552 INFO - payment_details Records Inserted
2020-09-29 13:57:15,287 - 21552 INFO - payment_details Records Inserted
2020-09-29 13:57:15,287 - 21552 INFO - payment_details Records Inserted
2020-09-29 13:57:15,287 - 21552 INFO - payment_details Records Inserted
2020-09-29 13:57:15,287 - 21552 INFO - payment_details Records Inserted
2020-09-29 13:57:15,287 - 21552 INFO - payment_details Records Inserted
2020-09-29 13:57:15,334 - 21552 INFO - product_ordered_details Records Inserted
2020-09-29 13:57:15,334 - 21552 INFO - product_ordered_details Records Inserted
2020-09-29 13:57:15,334 - 21552 INFO - product_ordered_details Records Inserted
2020-09-29 13:57:15,334 - 21552 INFO - product_ordered_details Records Inserted
2020-09-29 13:57:15,334 - 21552 INFO - product_ordered_details Records Inserted
2020-09-29 13:57:15,334 - 21552 INFO - product_ordered_details Records Inserted
2020-09-29 13:57:15,334 - 21552 INFO - product_ordered_details Records Inserted
2020-09-29 13:57:15,334 - 21552 INFO - product_ordered_details Records Inserted
2020-09-29 13:57:15,334 - 21552 INFO - product_ordered_details Records Inserted
2020-09-29 13:57:15,334 - 21552 INFO - product_ordered_details Records Inserted
2020-09-29 13:57:15,334 - 21552 INFO - product_ordered_details Records Inserted
2020-09-29 13:57:15,334 - 21552 INFO - product_ordered_details Records Inserted
2020-09-29 13:57:15,334 - 21552 INFO - product_ordered_details Records Inserted
2020-09-29 13:57:15,334 - 21552 INFO - product_ordered_details Records Inserted
2020-09-29 13:57:15,334 - 21552 INFO - product_ordered_details Records Inserted
2020-09-29 13:57:15,334 - 21552 INFO - product_ordered_details Records Inserted
2020-09-29 13:57:15,334 - 21552 INFO - product_ordered_details Records Inserted
2020-09-29 13:57:15,334 - 21552 INFO - product_ordered_details Records Inserted
2020-09-29 13:57:15,334 - 21552 INFO - product_ordered_details Records Inserted
2020-09-29 13:57:15,334 - 21552 INFO - product_ordered_details Records Inserted
2020-09-29 13:57:15,334 - 21552 INFO - product_ordered_details Records Inserted
2020-09-29 13:57:15,334 - 21552 INFO - product_ordered_details Records Inserted
2020-09-29 13:57:15,334 - 21552 INFO - product_ordered_details Records Inserted
2020-09-29 13:57:15,334 - 21552 INFO - product_ordered_details Records Inserted
2020-09-29 13:57:15,334 - 21552 INFO - product_ordered_details Records Inserted
2020-09-29 13:57:15,334 - 21552 INFO - product_ordered_details Records Inserted
2020-09-29 13:57:15,334 - 21552 INFO - product_ordered_details Records Inserted
2020-09-29 13:57:15,334 - 21552 INFO - product_ordered_details Records Inserted
2020-09-29 13:57:15,334 - 21552 INFO - product_ordered_details Records Inserted
2020-09-29 13:57:15,334 - 21552 INFO - product_ordered_details Records Inserted
2020-09-29 13:57:15,334 - 21552 INFO - product_ordered_details Records Inserted
2020-09-29 13:57:15,379 - 21552 INFO - shipping_status Records Inserted
2020-09-29 13:57:15,379 - 21552 INFO - shipping_status Records Inserted
2020-09-29 13:57:15,379 - 21552 INFO - shipping_status Records Inserted
2020-09-29 13:57:15,379 - 21552 INFO - shipping_status Records Inserted
2020-09-29 13:57:15,379 - 21552 INFO - shipping_status Records Inserted
2020-09-29 13:57:15,379 - 21552 INFO - shipping_status Records Inserted
2020-09-29 13:57:15,379 - 21552 INFO - shipping_status Records Inserted
2020-09-29 13:57:15,379 - 21552 INFO - shipping_status Records Inserted
2020-09-29 13:57:15,379 - 21552 INFO - shipping_status Records Inserted
2020-09-29 13:57:15,379 - 21552 INFO - shipping_status Records Inserted
2020-09-29 13:57:15,379 - 21552 INFO - shipping_status Records Inserted
2020-09-29 13:57:15,379 - 21552 INFO - shipping_status Records Inserted
2020-09-29 13:57:15,379 - 21552 INFO - shipping_status Records Inserted
2020-09-29 13:57:15,379 - 21552 INFO - shipping_status Records Inserted
2020-09-29 13:57:15,379 - 21552 INFO - shipping_status Records Inserted
2020-09-29 13:57:15,379 - 21552 INFO - shipping_status Records Inserted
2020-09-29 13:57:15,379 - 21552 INFO - shipping_status Records Inserted
2020-09-29 13:57:15,379 - 21552 INFO - shipping_status Records Inserted
2020-09-29 13:57:15,379 - 21552 INFO - shipping_status Records Inserted
2020-09-29 13:57:15,379 - 21552 INFO - shipping_status Records Inserted
2020-09-29 13:57:15,379 - 21552 INFO - shipping_status Records Inserted
2020-09-29 13:57:15,379 - 21552 INFO - shipping_status Records Inserted
2020-09-29 13:57:15,379 - 21552 INFO - shipping_status Records Inserted
2020-09-29 13:57:15,379 - 21552 INFO - shipping_status Records Inserted
2020-09-29 13:57:15,379 - 21552 INFO - shipping_status Records Inserted
2020-09-29 13:57:15,379 - 21552 INFO - shipping_status Records Inserted
2020-09-29 13:57:15,379 - 21552 INFO - shipping_status Records Inserted
2020-09-29 13:57:15,379 - 21552 INFO - shipping_status Records Inserted
2020-09-29 13:57:15,379 - 21552 INFO - shipping_status Records Inserted
2020-09-29 13:57:15,379 - 21552 INFO - shipping_status Records Inserted
2020-09-29 13:57:15,379 - 21552 INFO - shipping_status Records Inserted
2020-09-29 13:57:15,379 - 21552 INFO - shipping_status Records Inserted
2020-09-29 13:57:15,379 - 21552 INFO - shipping_status Records Inserted
