2020-09-29 21:47:35,684 - 22388 INFO - category_details Records Inserted
2020-09-29 21:47:35,684 - 22388 INFO - category_details Records Inserted
2020-09-29 21:47:35,684 - 22388 INFO - category_details Records Inserted
2020-09-29 21:47:35,894 - 22388 INFO - customer_details Records Inserted
2020-09-29 21:47:35,894 - 22388 INFO - customer_details Records Inserted
2020-09-29 21:47:35,894 - 22388 INFO - customer_details Records Inserted
2020-09-29 21:47:35,894 - 22388 INFO - customer_details Records Inserted
2020-09-29 21:47:35,894 - 22388 INFO - customer_details Records Inserted
2020-09-29 21:47:36,129 - 22388 INFO - order_status_details Records Inserted
2020-09-29 21:47:36,129 - 22388 INFO - order_status_details Records Inserted
2020-09-29 21:47:36,129 - 22388 INFO - order_status_details Records Inserted
2020-09-29 21:47:36,129 - 22388 INFO - order_status_details Records Inserted
2020-09-29 21:47:36,129 - 22388 INFO - order_status_details Records Inserted
2020-09-29 21:47:36,129 - 22388 INFO - order_status_details Records Inserted
2020-09-29 21:47:36,129 - 22388 INFO - order_status_details Records Inserted
2020-09-29 21:47:36,285 - 22388 INFO - seller_details Records Inserted
2020-09-29 21:47:36,285 - 22388 INFO - seller_details Records Inserted
2020-09-29 21:47:36,285 - 22388 INFO - seller_details Records Inserted
2020-09-29 21:47:36,285 - 22388 INFO - seller_details Records Inserted
2020-09-29 21:47:36,285 - 22388 INFO - seller_details Records Inserted
2020-09-29 21:47:36,285 - 22388 INFO - seller_details Records Inserted
2020-09-29 21:47:36,285 - 22388 INFO - seller_details Records Inserted
2020-09-29 21:47:36,285 - 22388 INFO - seller_details Records Inserted
2020-09-29 21:47:36,285 - 22388 INFO - seller_details Records Inserted
2020-09-29 21:47:36,649 - 22388 INFO - cart_details Records Inserted
2020-09-29 21:47:36,649 - 22388 INFO - cart_details Records Inserted
2020-09-29 21:47:36,649 - 22388 INFO - cart_details Records Inserted
2020-09-29 21:47:36,649 - 22388 INFO - cart_details Records Inserted
2020-09-29 21:47:36,649 - 22388 INFO - cart_details Records Inserted
2020-09-29 21:47:36,649 - 22388 INFO - cart_details Records Inserted
2020-09-29 21:47:36,649 - 22388 INFO - cart_details Records Inserted
2020-09-29 21:47:36,649 - 22388 INFO - cart_details Records Inserted
2020-09-29 21:47:36,649 - 22388 INFO - cart_details Records Inserted
2020-09-29 21:47:36,649 - 22388 INFO - cart_details Records Inserted
2020-09-29 21:47:36,649 - 22388 INFO - cart_details Records Inserted
2020-09-29 21:47:36,864 - 22388 INFO - customer_address_details Records Inserted
2020-09-29 21:47:36,864 - 22388 INFO - customer_address_details Records Inserted
2020-09-29 21:47:36,864 - 22388 INFO - customer_address_details Records Inserted
2020-09-29 21:47:36,864 - 22388 INFO - customer_address_details Records Inserted
2020-09-29 21:47:36,864 - 22388 INFO - customer_address_details Records Inserted
2020-09-29 21:47:36,864 - 22388 INFO - customer_address_details Records Inserted
2020-09-29 21:47:36,864 - 22388 INFO - customer_address_details Records Inserted
2020-09-29 21:47:36,864 - 22388 INFO - customer_address_details Records Inserted
2020-09-29 21:47:36,864 - 22388 INFO - customer_address_details Records Inserted
2020-09-29 21:47:36,864 - 22388 INFO - customer_address_details Records Inserted
2020-09-29 21:47:36,864 - 22388 INFO - customer_address_details Records Inserted
2020-09-29 21:47:36,864 - 22388 INFO - customer_address_details Records Inserted
2020-09-29 21:47:36,864 - 22388 INFO - customer_address_details Records Inserted
2020-09-29 21:47:37,093 - 22388 INFO - order_details Records Inserted
2020-09-29 21:47:37,093 - 22388 INFO - order_details Records Inserted
2020-09-29 21:47:37,093 - 22388 INFO - order_details Records Inserted
2020-09-29 21:47:37,093 - 22388 INFO - order_details Records Inserted
2020-09-29 21:47:37,093 - 22388 INFO - order_details Records Inserted
2020-09-29 21:47:37,093 - 22388 INFO - order_details Records Inserted
2020-09-29 21:47:37,093 - 22388 INFO - order_details Records Inserted
2020-09-29 21:47:37,093 - 22388 INFO - order_details Records Inserted
2020-09-29 21:47:37,093 - 22388 INFO - order_details Records Inserted
2020-09-29 21:47:37,093 - 22388 INFO - order_details Records Inserted
2020-09-29 21:47:37,093 - 22388 INFO - order_details Records Inserted
2020-09-29 21:47:37,093 - 22388 INFO - order_details Records Inserted
2020-09-29 21:47:37,093 - 22388 INFO - order_details Records Inserted
2020-09-29 21:47:37,093 - 22388 INFO - order_details Records Inserted
2020-09-29 21:47:37,093 - 22388 INFO - order_details Records Inserted
2020-09-29 21:47:37,335 - 22388 INFO - product_stock_details Records Inserted
2020-09-29 21:47:37,335 - 22388 INFO - product_stock_details Records Inserted
2020-09-29 21:47:37,335 - 22388 INFO - product_stock_details Records Inserted
2020-09-29 21:47:37,335 - 22388 INFO - product_stock_details Records Inserted
2020-09-29 21:47:37,335 - 22388 INFO - product_stock_details Records Inserted
2020-09-29 21:47:37,335 - 22388 INFO - product_stock_details Records Inserted
2020-09-29 21:47:37,335 - 22388 INFO - product_stock_details Records Inserted
2020-09-29 21:47:37,335 - 22388 INFO - product_stock_details Records Inserted
2020-09-29 21:47:37,335 - 22388 INFO - product_stock_details Records Inserted
2020-09-29 21:47:37,335 - 22388 INFO - product_stock_details Records Inserted
2020-09-29 21:47:37,335 - 22388 INFO - product_stock_details Records Inserted
2020-09-29 21:47:37,335 - 22388 INFO - product_stock_details Records Inserted
2020-09-29 21:47:37,335 - 22388 INFO - product_stock_details Records Inserted
2020-09-29 21:47:37,335 - 22388 INFO - product_stock_details Records Inserted
2020-09-29 21:47:37,335 - 22388 INFO - product_stock_details Records Inserted
2020-09-29 21:47:37,335 - 22388 INFO - product_stock_details Records Inserted
2020-09-29 21:47:37,335 - 22388 INFO - product_stock_details Records Inserted
2020-09-29 21:47:37,556 - 22388 INFO - product_details Records Inserted
2020-09-29 21:47:37,556 - 22388 INFO - product_details Records Inserted
2020-09-29 21:47:37,556 - 22388 INFO - product_details Records Inserted
2020-09-29 21:47:37,556 - 22388 INFO - product_details Records Inserted
2020-09-29 21:47:37,556 - 22388 INFO - product_details Records Inserted
2020-09-29 21:47:37,556 - 22388 INFO - product_details Records Inserted
2020-09-29 21:47:37,556 - 22388 INFO - product_details Records Inserted
2020-09-29 21:47:37,556 - 22388 INFO - product_details Records Inserted
2020-09-29 21:47:37,556 - 22388 INFO - product_details Records Inserted
2020-09-29 21:47:37,556 - 22388 INFO - product_details Records Inserted
2020-09-29 21:47:37,556 - 22388 INFO - product_details Records Inserted
2020-09-29 21:47:37,556 - 22388 INFO - product_details Records Inserted
2020-09-29 21:47:37,556 - 22388 INFO - product_details Records Inserted
2020-09-29 21:47:37,556 - 22388 INFO - product_details Records Inserted
2020-09-29 21:47:37,556 - 22388 INFO - product_details Records Inserted
2020-09-29 21:47:37,556 - 22388 INFO - product_details Records Inserted
2020-09-29 21:47:37,556 - 22388 INFO - product_details Records Inserted
2020-09-29 21:47:37,556 - 22388 INFO - product_details Records Inserted
2020-09-29 21:47:37,556 - 22388 INFO - product_details Records Inserted
2020-09-29 21:47:37,866 - 22388 INFO - cart_product_details Records Inserted
2020-09-29 21:47:37,866 - 22388 INFO - cart_product_details Records Inserted
2020-09-29 21:47:37,866 - 22388 INFO - cart_product_details Records Inserted
2020-09-29 21:47:37,866 - 22388 INFO - cart_product_details Records Inserted
2020-09-29 21:47:37,866 - 22388 INFO - cart_product_details Records Inserted
2020-09-29 21:47:37,866 - 22388 INFO - cart_product_details Records Inserted
2020-09-29 21:47:37,866 - 22388 INFO - cart_product_details Records Inserted
2020-09-29 21:47:37,866 - 22388 INFO - cart_product_details Records Inserted
2020-09-29 21:47:37,866 - 22388 INFO - cart_product_details Records Inserted
2020-09-29 21:47:37,866 - 22388 INFO - cart_product_details Records Inserted
2020-09-29 21:47:37,866 - 22388 INFO - cart_product_details Records Inserted
2020-09-29 21:47:37,866 - 22388 INFO - cart_product_details Records Inserted
2020-09-29 21:47:37,866 - 22388 INFO - cart_product_details Records Inserted
2020-09-29 21:47:37,866 - 22388 INFO - cart_product_details Records Inserted
2020-09-29 21:47:37,866 - 22388 INFO - cart_product_details Records Inserted
2020-09-29 21:47:37,866 - 22388 INFO - cart_product_details Records Inserted
2020-09-29 21:47:37,866 - 22388 INFO - cart_product_details Records Inserted
2020-09-29 21:47:37,866 - 22388 INFO - cart_product_details Records Inserted
2020-09-29 21:47:37,866 - 22388 INFO - cart_product_details Records Inserted
2020-09-29 21:47:37,866 - 22388 INFO - cart_product_details Records Inserted
2020-09-29 21:47:37,866 - 22388 INFO - cart_product_details Records Inserted
2020-09-29 21:47:38,106 - 22388 INFO - category_product_details Records Inserted
2020-09-29 21:47:38,106 - 22388 INFO - category_product_details Records Inserted
2020-09-29 21:47:38,106 - 22388 INFO - category_product_details Records Inserted
2020-09-29 21:47:38,106 - 22388 INFO - category_product_details Records Inserted
2020-09-29 21:47:38,106 - 22388 INFO - category_product_details Records Inserted
2020-09-29 21:47:38,106 - 22388 INFO - category_product_details Records Inserted
2020-09-29 21:47:38,106 - 22388 INFO - category_product_details Records Inserted
2020-09-29 21:47:38,106 - 22388 INFO - category_product_details Records Inserted
2020-09-29 21:47:38,106 - 22388 INFO - category_product_details Records Inserted
2020-09-29 21:47:38,106 - 22388 INFO - category_product_details Records Inserted
2020-09-29 21:47:38,106 - 22388 INFO - category_product_details Records Inserted
2020-09-29 21:47:38,106 - 22388 INFO - category_product_details Records Inserted
2020-09-29 21:47:38,106 - 22388 INFO - category_product_details Records Inserted
2020-09-29 21:47:38,106 - 22388 INFO - category_product_details Records Inserted
2020-09-29 21:47:38,106 - 22388 INFO - category_product_details Records Inserted
2020-09-29 21:47:38,106 - 22388 INFO - category_product_details Records Inserted
2020-09-29 21:47:38,106 - 22388 INFO - category_product_details Records Inserted
2020-09-29 21:47:38,106 - 22388 INFO - category_product_details Records Inserted
2020-09-29 21:47:38,106 - 22388 INFO - category_product_details Records Inserted
2020-09-29 21:47:38,106 - 22388 INFO - category_product_details Records Inserted
2020-09-29 21:47:38,106 - 22388 INFO - category_product_details Records Inserted
2020-09-29 21:47:38,106 - 22388 INFO - category_product_details Records Inserted
2020-09-29 21:47:38,106 - 22388 INFO - category_product_details Records Inserted
2020-09-29 21:47:38,339 - 22388 INFO - customer_rating_details Records Inserted
2020-09-29 21:47:38,339 - 22388 INFO - customer_rating_details Records Inserted
2020-09-29 21:47:38,339 - 22388 INFO - customer_rating_details Records Inserted
2020-09-29 21:47:38,339 - 22388 INFO - customer_rating_details Records Inserted
2020-09-29 21:47:38,339 - 22388 INFO - customer_rating_details Records Inserted
2020-09-29 21:47:38,339 - 22388 INFO - customer_rating_details Records Inserted
2020-09-29 21:47:38,339 - 22388 INFO - customer_rating_details Records Inserted
2020-09-29 21:47:38,339 - 22388 INFO - customer_rating_details Records Inserted
2020-09-29 21:47:38,339 - 22388 INFO - customer_rating_details Records Inserted
2020-09-29 21:47:38,339 - 22388 INFO - customer_rating_details Records Inserted
2020-09-29 21:47:38,339 - 22388 INFO - customer_rating_details Records Inserted
2020-09-29 21:47:38,339 - 22388 INFO - customer_rating_details Records Inserted
2020-09-29 21:47:38,339 - 22388 INFO - customer_rating_details Records Inserted
2020-09-29 21:47:38,339 - 22388 INFO - customer_rating_details Records Inserted
2020-09-29 21:47:38,339 - 22388 INFO - customer_rating_details Records Inserted
2020-09-29 21:47:38,339 - 22388 INFO - customer_rating_details Records Inserted
2020-09-29 21:47:38,339 - 22388 INFO - customer_rating_details Records Inserted
2020-09-29 21:47:38,339 - 22388 INFO - customer_rating_details Records Inserted
2020-09-29 21:47:38,339 - 22388 INFO - customer_rating_details Records Inserted
2020-09-29 21:47:38,339 - 22388 INFO - customer_rating_details Records Inserted
2020-09-29 21:47:38,339 - 22388 INFO - customer_rating_details Records Inserted
2020-09-29 21:47:38,339 - 22388 INFO - customer_rating_details Records Inserted
2020-09-29 21:47:38,339 - 22388 INFO - customer_rating_details Records Inserted
2020-09-29 21:47:38,339 - 22388 INFO - customer_rating_details Records Inserted
2020-09-29 21:47:38,339 - 22388 INFO - customer_rating_details Records Inserted
2020-09-29 21:47:38,572 - 22388 INFO - invoice_details Records Inserted
2020-09-29 21:47:38,572 - 22388 INFO - invoice_details Records Inserted
2020-09-29 21:47:38,572 - 22388 INFO - invoice_details Records Inserted
2020-09-29 21:47:38,572 - 22388 INFO - invoice_details Records Inserted
2020-09-29 21:47:38,572 - 22388 INFO - invoice_details Records Inserted
2020-09-29 21:47:38,572 - 22388 INFO - invoice_details Records Inserted
2020-09-29 21:47:38,572 - 22388 INFO - invoice_details Records Inserted
2020-09-29 21:47:38,572 - 22388 INFO - invoice_details Records Inserted
2020-09-29 21:47:38,572 - 22388 INFO - invoice_details Records Inserted
2020-09-29 21:47:38,572 - 22388 INFO - invoice_details Records Inserted
2020-09-29 21:47:38,572 - 22388 INFO - invoice_details Records Inserted
2020-09-29 21:47:38,572 - 22388 INFO - invoice_details Records Inserted
2020-09-29 21:47:38,572 - 22388 INFO - invoice_details Records Inserted
2020-09-29 21:47:38,572 - 22388 INFO - invoice_details Records Inserted
2020-09-29 21:47:38,572 - 22388 INFO - invoice_details Records Inserted
2020-09-29 21:47:38,572 - 22388 INFO - invoice_details Records Inserted
2020-09-29 21:47:38,572 - 22388 INFO - invoice_details Records Inserted
2020-09-29 21:47:38,572 - 22388 INFO - invoice_details Records Inserted
2020-09-29 21:47:38,572 - 22388 INFO - invoice_details Records Inserted
2020-09-29 21:47:38,572 - 22388 INFO - invoice_details Records Inserted
2020-09-29 21:47:38,572 - 22388 INFO - invoice_details Records Inserted
2020-09-29 21:47:38,572 - 22388 INFO - invoice_details Records Inserted
2020-09-29 21:47:38,572 - 22388 INFO - invoice_details Records Inserted
2020-09-29 21:47:38,572 - 22388 INFO - invoice_details Records Inserted
2020-09-29 21:47:38,572 - 22388 INFO - invoice_details Records Inserted
2020-09-29 21:47:38,572 - 22388 INFO - invoice_details Records Inserted
2020-09-29 21:47:38,572 - 22388 INFO - invoice_details Records Inserted
2020-09-29 21:47:38,896 - 22388 INFO - payment_details Records Inserted
2020-09-29 21:47:38,896 - 22388 INFO - payment_details Records Inserted
2020-09-29 21:47:38,896 - 22388 INFO - payment_details Records Inserted
2020-09-29 21:47:38,896 - 22388 INFO - payment_details Records Inserted
2020-09-29 21:47:38,896 - 22388 INFO - payment_details Records Inserted
2020-09-29 21:47:38,896 - 22388 INFO - payment_details Records Inserted
2020-09-29 21:47:38,896 - 22388 INFO - payment_details Records Inserted
2020-09-29 21:47:38,896 - 22388 INFO - payment_details Records Inserted
2020-09-29 21:47:38,896 - 22388 INFO - payment_details Records Inserted
2020-09-29 21:47:38,896 - 22388 INFO - payment_details Records Inserted
2020-09-29 21:47:38,896 - 22388 INFO - payment_details Records Inserted
2020-09-29 21:47:38,896 - 22388 INFO - payment_details Records Inserted
2020-09-29 21:47:38,896 - 22388 INFO - payment_details Records Inserted
2020-09-29 21:47:38,896 - 22388 INFO - payment_details Records Inserted
2020-09-29 21:47:38,896 - 22388 INFO - payment_details Records Inserted
2020-09-29 21:47:38,896 - 22388 INFO - payment_details Records Inserted
2020-09-29 21:47:38,896 - 22388 INFO - payment_details Records Inserted
2020-09-29 21:47:38,896 - 22388 INFO - payment_details Records Inserted
2020-09-29 21:47:38,896 - 22388 INFO - payment_details Records Inserted
2020-09-29 21:47:38,896 - 22388 INFO - payment_details Records Inserted
2020-09-29 21:47:38,896 - 22388 INFO - payment_details Records Inserted
2020-09-29 21:47:38,896 - 22388 INFO - payment_details Records Inserted
2020-09-29 21:47:38,896 - 22388 INFO - payment_details Records Inserted
2020-09-29 21:47:38,896 - 22388 INFO - payment_details Records Inserted
2020-09-29 21:47:38,896 - 22388 INFO - payment_details Records Inserted
2020-09-29 21:47:38,896 - 22388 INFO - payment_details Records Inserted
2020-09-29 21:47:38,896 - 22388 INFO - payment_details Records Inserted
2020-09-29 21:47:38,896 - 22388 INFO - payment_details Records Inserted
2020-09-29 21:47:38,896 - 22388 INFO - payment_details Records Inserted
2020-09-29 21:47:39,141 - 22388 INFO - product_ordered_details Records Inserted
2020-09-29 21:47:39,141 - 22388 INFO - product_ordered_details Records Inserted
2020-09-29 21:47:39,141 - 22388 INFO - product_ordered_details Records Inserted
2020-09-29 21:47:39,141 - 22388 INFO - product_ordered_details Records Inserted
2020-09-29 21:47:39,141 - 22388 INFO - product_ordered_details Records Inserted
2020-09-29 21:47:39,141 - 22388 INFO - product_ordered_details Records Inserted
2020-09-29 21:47:39,141 - 22388 INFO - product_ordered_details Records Inserted
2020-09-29 21:47:39,141 - 22388 INFO - product_ordered_details Records Inserted
2020-09-29 21:47:39,141 - 22388 INFO - product_ordered_details Records Inserted
2020-09-29 21:47:39,141 - 22388 INFO - product_ordered_details Records Inserted
2020-09-29 21:47:39,141 - 22388 INFO - product_ordered_details Records Inserted
2020-09-29 21:47:39,141 - 22388 INFO - product_ordered_details Records Inserted
2020-09-29 21:47:39,141 - 22388 INFO - product_ordered_details Records Inserted
2020-09-29 21:47:39,141 - 22388 INFO - product_ordered_details Records Inserted
2020-09-29 21:47:39,141 - 22388 INFO - product_ordered_details Records Inserted
2020-09-29 21:47:39,141 - 22388 INFO - product_ordered_details Records Inserted
2020-09-29 21:47:39,141 - 22388 INFO - product_ordered_details Records Inserted
2020-09-29 21:47:39,141 - 22388 INFO - product_ordered_details Records Inserted
2020-09-29 21:47:39,141 - 22388 INFO - product_ordered_details Records Inserted
2020-09-29 21:47:39,141 - 22388 INFO - product_ordered_details Records Inserted
2020-09-29 21:47:39,141 - 22388 INFO - product_ordered_details Records Inserted
2020-09-29 21:47:39,141 - 22388 INFO - product_ordered_details Records Inserted
2020-09-29 21:47:39,141 - 22388 INFO - product_ordered_details Records Inserted
2020-09-29 21:47:39,141 - 22388 INFO - product_ordered_details Records Inserted
2020-09-29 21:47:39,141 - 22388 INFO - product_ordered_details Records Inserted
2020-09-29 21:47:39,141 - 22388 INFO - product_ordered_details Records Inserted
2020-09-29 21:47:39,141 - 22388 INFO - product_ordered_details Records Inserted
2020-09-29 21:47:39,141 - 22388 INFO - product_ordered_details Records Inserted
2020-09-29 21:47:39,141 - 22388 INFO - product_ordered_details Records Inserted
2020-09-29 21:47:39,141 - 22388 INFO - product_ordered_details Records Inserted
2020-09-29 21:47:39,141 - 22388 INFO - product_ordered_details Records Inserted
2020-09-29 21:47:39,382 - 22388 INFO - shipping_status Records Inserted
2020-09-29 21:47:39,382 - 22388 INFO - shipping_status Records Inserted
2020-09-29 21:47:39,382 - 22388 INFO - shipping_status Records Inserted
2020-09-29 21:47:39,382 - 22388 INFO - shipping_status Records Inserted
2020-09-29 21:47:39,382 - 22388 INFO - shipping_status Records Inserted
2020-09-29 21:47:39,382 - 22388 INFO - shipping_status Records Inserted
2020-09-29 21:47:39,382 - 22388 INFO - shipping_status Records Inserted
2020-09-29 21:47:39,382 - 22388 INFO - shipping_status Records Inserted
2020-09-29 21:47:39,382 - 22388 INFO - shipping_status Records Inserted
2020-09-29 21:47:39,382 - 22388 INFO - shipping_status Records Inserted
2020-09-29 21:47:39,382 - 22388 INFO - shipping_status Records Inserted
2020-09-29 21:47:39,382 - 22388 INFO - shipping_status Records Inserted
2020-09-29 21:47:39,382 - 22388 INFO - shipping_status Records Inserted
2020-09-29 21:47:39,382 - 22388 INFO - shipping_status Records Inserted
2020-09-29 21:47:39,382 - 22388 INFO - shipping_status Records Inserted
2020-09-29 21:47:39,382 - 22388 INFO - shipping_status Records Inserted
2020-09-29 21:47:39,382 - 22388 INFO - shipping_status Records Inserted
2020-09-29 21:47:39,382 - 22388 INFO - shipping_status Records Inserted
2020-09-29 21:47:39,382 - 22388 INFO - shipping_status Records Inserted
2020-09-29 21:47:39,382 - 22388 INFO - shipping_status Records Inserted
2020-09-29 21:47:39,382 - 22388 INFO - shipping_status Records Inserted
2020-09-29 21:47:39,382 - 22388 INFO - shipping_status Records Inserted
2020-09-29 21:47:39,382 - 22388 INFO - shipping_status Records Inserted
2020-09-29 21:47:39,382 - 22388 INFO - shipping_status Records Inserted
2020-09-29 21:47:39,382 - 22388 INFO - shipping_status Records Inserted
2020-09-29 21:47:39,382 - 22388 INFO - shipping_status Records Inserted
2020-09-29 21:47:39,382 - 22388 INFO - shipping_status Records Inserted
2020-09-29 21:47:39,382 - 22388 INFO - shipping_status Records Inserted
2020-09-29 21:47:39,382 - 22388 INFO - shipping_status Records Inserted
2020-09-29 21:47:39,382 - 22388 INFO - shipping_status Records Inserted
2020-09-29 21:47:39,382 - 22388 INFO - shipping_status Records Inserted
2020-09-29 21:47:39,382 - 22388 INFO - shipping_status Records Inserted
2020-09-29 21:47:39,382 - 22388 INFO - shipping_status Records Inserted
