2020-09-30 15:31:07,617 - 9444 INFO - category_details Records Inserted
2020-09-30 15:31:07,617 - 9444 INFO - category_details Records Inserted
2020-09-30 15:31:07,617 - 9444 INFO - category_details Records Inserted
2020-09-30 15:31:07,685 - 9444 INFO - customer_details Records Inserted
2020-09-30 15:31:07,685 - 9444 INFO - customer_details Records Inserted
2020-09-30 15:31:07,685 - 9444 INFO - customer_details Records Inserted
2020-09-30 15:31:07,685 - 9444 INFO - customer_details Records Inserted
2020-09-30 15:31:07,685 - 9444 INFO - customer_details Records Inserted
2020-09-30 15:31:07,729 - 9444 INFO - order_status_details Records Inserted
2020-09-30 15:31:07,729 - 9444 INFO - order_status_details Records Inserted
2020-09-30 15:31:07,729 - 9444 INFO - order_status_details Records Inserted
2020-09-30 15:31:07,729 - 9444 INFO - order_status_details Records Inserted
2020-09-30 15:31:07,729 - 9444 INFO - order_status_details Records Inserted
2020-09-30 15:31:07,729 - 9444 INFO - order_status_details Records Inserted
2020-09-30 15:31:07,729 - 9444 INFO - order_status_details Records Inserted
2020-09-30 15:31:07,783 - 9444 INFO - seller_details Records Inserted
2020-09-30 15:31:07,783 - 9444 INFO - seller_details Records Inserted
2020-09-30 15:31:07,783 - 9444 INFO - seller_details Records Inserted
2020-09-30 15:31:07,783 - 9444 INFO - seller_details Records Inserted
2020-09-30 15:31:07,783 - 9444 INFO - seller_details Records Inserted
2020-09-30 15:31:07,783 - 9444 INFO - seller_details Records Inserted
2020-09-30 15:31:07,783 - 9444 INFO - seller_details Records Inserted
2020-09-30 15:31:07,783 - 9444 INFO - seller_details Records Inserted
2020-09-30 15:31:07,783 - 9444 INFO - seller_details Records Inserted
2020-09-30 15:31:07,829 - 9444 INFO - cart_details Records Inserted
2020-09-30 15:31:07,829 - 9444 INFO - cart_details Records Inserted
2020-09-30 15:31:07,829 - 9444 INFO - cart_details Records Inserted
2020-09-30 15:31:07,829 - 9444 INFO - cart_details Records Inserted
2020-09-30 15:31:07,829 - 9444 INFO - cart_details Records Inserted
2020-09-30 15:31:07,829 - 9444 INFO - cart_details Records Inserted
2020-09-30 15:31:07,829 - 9444 INFO - cart_details Records Inserted
2020-09-30 15:31:07,829 - 9444 INFO - cart_details Records Inserted
2020-09-30 15:31:07,829 - 9444 INFO - cart_details Records Inserted
2020-09-30 15:31:07,829 - 9444 INFO - cart_details Records Inserted
2020-09-30 15:31:07,829 - 9444 INFO - cart_details Records Inserted
2020-09-30 15:31:07,882 - 9444 INFO - customer_address_details Records Inserted
2020-09-30 15:31:07,882 - 9444 INFO - customer_address_details Records Inserted
2020-09-30 15:31:07,882 - 9444 INFO - customer_address_details Records Inserted
2020-09-30 15:31:07,882 - 9444 INFO - customer_address_details Records Inserted
2020-09-30 15:31:07,882 - 9444 INFO - customer_address_details Records Inserted
2020-09-30 15:31:07,882 - 9444 INFO - customer_address_details Records Inserted
2020-09-30 15:31:07,882 - 9444 INFO - customer_address_details Records Inserted
2020-09-30 15:31:07,882 - 9444 INFO - customer_address_details Records Inserted
2020-09-30 15:31:07,882 - 9444 INFO - customer_address_details Records Inserted
2020-09-30 15:31:07,882 - 9444 INFO - customer_address_details Records Inserted
2020-09-30 15:31:07,882 - 9444 INFO - customer_address_details Records Inserted
2020-09-30 15:31:07,882 - 9444 INFO - customer_address_details Records Inserted
2020-09-30 15:31:07,882 - 9444 INFO - customer_address_details Records Inserted
2020-09-30 15:31:07,925 - 9444 INFO - order_details Records Inserted
2020-09-30 15:31:07,925 - 9444 INFO - order_details Records Inserted
2020-09-30 15:31:07,925 - 9444 INFO - order_details Records Inserted
2020-09-30 15:31:07,925 - 9444 INFO - order_details Records Inserted
2020-09-30 15:31:07,925 - 9444 INFO - order_details Records Inserted
2020-09-30 15:31:07,925 - 9444 INFO - order_details Records Inserted
2020-09-30 15:31:07,925 - 9444 INFO - order_details Records Inserted
2020-09-30 15:31:07,925 - 9444 INFO - order_details Records Inserted
2020-09-30 15:31:07,925 - 9444 INFO - order_details Records Inserted
2020-09-30 15:31:07,925 - 9444 INFO - order_details Records Inserted
2020-09-30 15:31:07,925 - 9444 INFO - order_details Records Inserted
2020-09-30 15:31:07,925 - 9444 INFO - order_details Records Inserted
2020-09-30 15:31:07,925 - 9444 INFO - order_details Records Inserted
2020-09-30 15:31:07,925 - 9444 INFO - order_details Records Inserted
2020-09-30 15:31:07,925 - 9444 INFO - order_details Records Inserted
2020-09-30 15:31:07,969 - 9444 INFO - product_stock_details Records Inserted
2020-09-30 15:31:07,969 - 9444 INFO - product_stock_details Records Inserted
2020-09-30 15:31:07,969 - 9444 INFO - product_stock_details Records Inserted
2020-09-30 15:31:07,969 - 9444 INFO - product_stock_details Records Inserted
2020-09-30 15:31:07,969 - 9444 INFO - product_stock_details Records Inserted
2020-09-30 15:31:07,969 - 9444 INFO - product_stock_details Records Inserted
2020-09-30 15:31:07,969 - 9444 INFO - product_stock_details Records Inserted
2020-09-30 15:31:07,969 - 9444 INFO - product_stock_details Records Inserted
2020-09-30 15:31:07,969 - 9444 INFO - product_stock_details Records Inserted
2020-09-30 15:31:07,969 - 9444 INFO - product_stock_details Records Inserted
2020-09-30 15:31:07,969 - 9444 INFO - product_stock_details Records Inserted
2020-09-30 15:31:07,969 - 9444 INFO - product_stock_details Records Inserted
2020-09-30 15:31:07,969 - 9444 INFO - product_stock_details Records Inserted
2020-09-30 15:31:07,969 - 9444 INFO - product_stock_details Records Inserted
2020-09-30 15:31:07,969 - 9444 INFO - product_stock_details Records Inserted
2020-09-30 15:31:07,969 - 9444 INFO - product_stock_details Records Inserted
2020-09-30 15:31:07,969 - 9444 INFO - product_stock_details Records Inserted
2020-09-30 15:31:08,014 - 9444 INFO - product_details Records Inserted
2020-09-30 15:31:08,014 - 9444 INFO - product_details Records Inserted
2020-09-30 15:31:08,014 - 9444 INFO - product_details Records Inserted
2020-09-30 15:31:08,014 - 9444 INFO - product_details Records Inserted
2020-09-30 15:31:08,014 - 9444 INFO - product_details Records Inserted
2020-09-30 15:31:08,014 - 9444 INFO - product_details Records Inserted
2020-09-30 15:31:08,014 - 9444 INFO - product_details Records Inserted
2020-09-30 15:31:08,014 - 9444 INFO - product_details Records Inserted
2020-09-30 15:31:08,014 - 9444 INFO - product_details Records Inserted
2020-09-30 15:31:08,014 - 9444 INFO - product_details Records Inserted
2020-09-30 15:31:08,014 - 9444 INFO - product_details Records Inserted
2020-09-30 15:31:08,014 - 9444 INFO - product_details Records Inserted
2020-09-30 15:31:08,014 - 9444 INFO - product_details Records Inserted
2020-09-30 15:31:08,014 - 9444 INFO - product_details Records Inserted
2020-09-30 15:31:08,014 - 9444 INFO - product_details Records Inserted
2020-09-30 15:31:08,014 - 9444 INFO - product_details Records Inserted
2020-09-30 15:31:08,014 - 9444 INFO - product_details Records Inserted
2020-09-30 15:31:08,014 - 9444 INFO - product_details Records Inserted
2020-09-30 15:31:08,014 - 9444 INFO - product_details Records Inserted
2020-09-30 15:31:08,241 - 9444 INFO - cart_product_details Records Inserted
2020-09-30 15:31:08,241 - 9444 INFO - cart_product_details Records Inserted
2020-09-30 15:31:08,241 - 9444 INFO - cart_product_details Records Inserted
2020-09-30 15:31:08,241 - 9444 INFO - cart_product_details Records Inserted
2020-09-30 15:31:08,241 - 9444 INFO - cart_product_details Records Inserted
2020-09-30 15:31:08,241 - 9444 INFO - cart_product_details Records Inserted
2020-09-30 15:31:08,241 - 9444 INFO - cart_product_details Records Inserted
2020-09-30 15:31:08,241 - 9444 INFO - cart_product_details Records Inserted
2020-09-30 15:31:08,241 - 9444 INFO - cart_product_details Records Inserted
2020-09-30 15:31:08,241 - 9444 INFO - cart_product_details Records Inserted
2020-09-30 15:31:08,241 - 9444 INFO - cart_product_details Records Inserted
2020-09-30 15:31:08,241 - 9444 INFO - cart_product_details Records Inserted
2020-09-30 15:31:08,241 - 9444 INFO - cart_product_details Records Inserted
2020-09-30 15:31:08,241 - 9444 INFO - cart_product_details Records Inserted
2020-09-30 15:31:08,241 - 9444 INFO - cart_product_details Records Inserted
2020-09-30 15:31:08,241 - 9444 INFO - cart_product_details Records Inserted
2020-09-30 15:31:08,241 - 9444 INFO - cart_product_details Records Inserted
2020-09-30 15:31:08,241 - 9444 INFO - cart_product_details Records Inserted
2020-09-30 15:31:08,241 - 9444 INFO - cart_product_details Records Inserted
2020-09-30 15:31:08,241 - 9444 INFO - cart_product_details Records Inserted
2020-09-30 15:31:08,241 - 9444 INFO - cart_product_details Records Inserted
2020-09-30 15:31:08,328 - 9444 INFO - category_product_details Records Inserted
2020-09-30 15:31:08,328 - 9444 INFO - category_product_details Records Inserted
2020-09-30 15:31:08,328 - 9444 INFO - category_product_details Records Inserted
2020-09-30 15:31:08,328 - 9444 INFO - category_product_details Records Inserted
2020-09-30 15:31:08,328 - 9444 INFO - category_product_details Records Inserted
2020-09-30 15:31:08,328 - 9444 INFO - category_product_details Records Inserted
2020-09-30 15:31:08,328 - 9444 INFO - category_product_details Records Inserted
2020-09-30 15:31:08,328 - 9444 INFO - category_product_details Records Inserted
2020-09-30 15:31:08,328 - 9444 INFO - category_product_details Records Inserted
2020-09-30 15:31:08,328 - 9444 INFO - category_product_details Records Inserted
2020-09-30 15:31:08,328 - 9444 INFO - category_product_details Records Inserted
2020-09-30 15:31:08,328 - 9444 INFO - category_product_details Records Inserted
2020-09-30 15:31:08,328 - 9444 INFO - category_product_details Records Inserted
2020-09-30 15:31:08,328 - 9444 INFO - category_product_details Records Inserted
2020-09-30 15:31:08,328 - 9444 INFO - category_product_details Records Inserted
2020-09-30 15:31:08,328 - 9444 INFO - category_product_details Records Inserted
2020-09-30 15:31:08,328 - 9444 INFO - category_product_details Records Inserted
2020-09-30 15:31:08,328 - 9444 INFO - category_product_details Records Inserted
2020-09-30 15:31:08,328 - 9444 INFO - category_product_details Records Inserted
2020-09-30 15:31:08,328 - 9444 INFO - category_product_details Records Inserted
2020-09-30 15:31:08,328 - 9444 INFO - category_product_details Records Inserted
2020-09-30 15:31:08,328 - 9444 INFO - category_product_details Records Inserted
2020-09-30 15:31:08,328 - 9444 INFO - category_product_details Records Inserted
2020-09-30 15:31:08,372 - 9444 INFO - customer_rating_details Records Inserted
2020-09-30 15:31:08,372 - 9444 INFO - customer_rating_details Records Inserted
2020-09-30 15:31:08,372 - 9444 INFO - customer_rating_details Records Inserted
2020-09-30 15:31:08,372 - 9444 INFO - customer_rating_details Records Inserted
2020-09-30 15:31:08,372 - 9444 INFO - customer_rating_details Records Inserted
2020-09-30 15:31:08,372 - 9444 INFO - customer_rating_details Records Inserted
2020-09-30 15:31:08,372 - 9444 INFO - customer_rating_details Records Inserted
2020-09-30 15:31:08,372 - 9444 INFO - customer_rating_details Records Inserted
2020-09-30 15:31:08,372 - 9444 INFO - customer_rating_details Records Inserted
2020-09-30 15:31:08,372 - 9444 INFO - customer_rating_details Records Inserted
2020-09-30 15:31:08,372 - 9444 INFO - customer_rating_details Records Inserted
2020-09-30 15:31:08,372 - 9444 INFO - customer_rating_details Records Inserted
2020-09-30 15:31:08,372 - 9444 INFO - customer_rating_details Records Inserted
2020-09-30 15:31:08,372 - 9444 INFO - customer_rating_details Records Inserted
2020-09-30 15:31:08,372 - 9444 INFO - customer_rating_details Records Inserted
2020-09-30 15:31:08,372 - 9444 INFO - customer_rating_details Records Inserted
2020-09-30 15:31:08,372 - 9444 INFO - customer_rating_details Records Inserted
2020-09-30 15:31:08,372 - 9444 INFO - customer_rating_details Records Inserted
2020-09-30 15:31:08,372 - 9444 INFO - customer_rating_details Records Inserted
2020-09-30 15:31:08,372 - 9444 INFO - customer_rating_details Records Inserted
2020-09-30 15:31:08,372 - 9444 INFO - customer_rating_details Records Inserted
2020-09-30 15:31:08,372 - 9444 INFO - customer_rating_details Records Inserted
2020-09-30 15:31:08,372 - 9444 INFO - customer_rating_details Records Inserted
2020-09-30 15:31:08,372 - 9444 INFO - customer_rating_details Records Inserted
2020-09-30 15:31:08,372 - 9444 INFO - customer_rating_details Records Inserted
2020-09-30 15:31:08,418 - 9444 INFO - invoice_details Records Inserted
2020-09-30 15:31:08,418 - 9444 INFO - invoice_details Records Inserted
2020-09-30 15:31:08,418 - 9444 INFO - invoice_details Records Inserted
2020-09-30 15:31:08,418 - 9444 INFO - invoice_details Records Inserted
2020-09-30 15:31:08,418 - 9444 INFO - invoice_details Records Inserted
2020-09-30 15:31:08,418 - 9444 INFO - invoice_details Records Inserted
2020-09-30 15:31:08,418 - 9444 INFO - invoice_details Records Inserted
2020-09-30 15:31:08,418 - 9444 INFO - invoice_details Records Inserted
2020-09-30 15:31:08,418 - 9444 INFO - invoice_details Records Inserted
2020-09-30 15:31:08,418 - 9444 INFO - invoice_details Records Inserted
2020-09-30 15:31:08,418 - 9444 INFO - invoice_details Records Inserted
2020-09-30 15:31:08,418 - 9444 INFO - invoice_details Records Inserted
2020-09-30 15:31:08,418 - 9444 INFO - invoice_details Records Inserted
2020-09-30 15:31:08,418 - 9444 INFO - invoice_details Records Inserted
2020-09-30 15:31:08,418 - 9444 INFO - invoice_details Records Inserted
2020-09-30 15:31:08,418 - 9444 INFO - invoice_details Records Inserted
2020-09-30 15:31:08,418 - 9444 INFO - invoice_details Records Inserted
2020-09-30 15:31:08,418 - 9444 INFO - invoice_details Records Inserted
2020-09-30 15:31:08,418 - 9444 INFO - invoice_details Records Inserted
2020-09-30 15:31:08,418 - 9444 INFO - invoice_details Records Inserted
2020-09-30 15:31:08,418 - 9444 INFO - invoice_details Records Inserted
2020-09-30 15:31:08,418 - 9444 INFO - invoice_details Records Inserted
2020-09-30 15:31:08,418 - 9444 INFO - invoice_details Records Inserted
2020-09-30 15:31:08,418 - 9444 INFO - invoice_details Records Inserted
2020-09-30 15:31:08,418 - 9444 INFO - invoice_details Records Inserted
2020-09-30 15:31:08,418 - 9444 INFO - invoice_details Records Inserted
2020-09-30 15:31:08,418 - 9444 INFO - invoice_details Records Inserted
2020-09-30 15:31:08,461 - 9444 INFO - payment_details Records Inserted
2020-09-30 15:31:08,461 - 9444 INFO - payment_details Records Inserted
2020-09-30 15:31:08,461 - 9444 INFO - payment_details Records Inserted
2020-09-30 15:31:08,461 - 9444 INFO - payment_details Records Inserted
2020-09-30 15:31:08,461 - 9444 INFO - payment_details Records Inserted
2020-09-30 15:31:08,461 - 9444 INFO - payment_details Records Inserted
2020-09-30 15:31:08,461 - 9444 INFO - payment_details Records Inserted
2020-09-30 15:31:08,461 - 9444 INFO - payment_details Records Inserted
2020-09-30 15:31:08,461 - 9444 INFO - payment_details Records Inserted
2020-09-30 15:31:08,461 - 9444 INFO - payment_details Records Inserted
2020-09-30 15:31:08,461 - 9444 INFO - payment_details Records Inserted
2020-09-30 15:31:08,461 - 9444 INFO - payment_details Records Inserted
2020-09-30 15:31:08,461 - 9444 INFO - payment_details Records Inserted
2020-09-30 15:31:08,461 - 9444 INFO - payment_details Records Inserted
2020-09-30 15:31:08,461 - 9444 INFO - payment_details Records Inserted
2020-09-30 15:31:08,461 - 9444 INFO - payment_details Records Inserted
2020-09-30 15:31:08,461 - 9444 INFO - payment_details Records Inserted
2020-09-30 15:31:08,461 - 9444 INFO - payment_details Records Inserted
2020-09-30 15:31:08,461 - 9444 INFO - payment_details Records Inserted
2020-09-30 15:31:08,461 - 9444 INFO - payment_details Records Inserted
2020-09-30 15:31:08,461 - 9444 INFO - payment_details Records Inserted
2020-09-30 15:31:08,461 - 9444 INFO - payment_details Records Inserted
2020-09-30 15:31:08,461 - 9444 INFO - payment_details Records Inserted
2020-09-30 15:31:08,461 - 9444 INFO - payment_details Records Inserted
2020-09-30 15:31:08,461 - 9444 INFO - payment_details Records Inserted
2020-09-30 15:31:08,461 - 9444 INFO - payment_details Records Inserted
2020-09-30 15:31:08,461 - 9444 INFO - payment_details Records Inserted
2020-09-30 15:31:08,461 - 9444 INFO - payment_details Records Inserted
2020-09-30 15:31:08,461 - 9444 INFO - payment_details Records Inserted
2020-09-30 15:31:08,506 - 9444 INFO - product_ordered_details Records Inserted
2020-09-30 15:31:08,506 - 9444 INFO - product_ordered_details Records Inserted
2020-09-30 15:31:08,506 - 9444 INFO - product_ordered_details Records Inserted
2020-09-30 15:31:08,506 - 9444 INFO - product_ordered_details Records Inserted
2020-09-30 15:31:08,506 - 9444 INFO - product_ordered_details Records Inserted
2020-09-30 15:31:08,506 - 9444 INFO - product_ordered_details Records Inserted
2020-09-30 15:31:08,506 - 9444 INFO - product_ordered_details Records Inserted
2020-09-30 15:31:08,506 - 9444 INFO - product_ordered_details Records Inserted
2020-09-30 15:31:08,506 - 9444 INFO - product_ordered_details Records Inserted
2020-09-30 15:31:08,506 - 9444 INFO - product_ordered_details Records Inserted
2020-09-30 15:31:08,506 - 9444 INFO - product_ordered_details Records Inserted
2020-09-30 15:31:08,506 - 9444 INFO - product_ordered_details Records Inserted
2020-09-30 15:31:08,506 - 9444 INFO - product_ordered_details Records Inserted
2020-09-30 15:31:08,506 - 9444 INFO - product_ordered_details Records Inserted
2020-09-30 15:31:08,506 - 9444 INFO - product_ordered_details Records Inserted
2020-09-30 15:31:08,506 - 9444 INFO - product_ordered_details Records Inserted
2020-09-30 15:31:08,506 - 9444 INFO - product_ordered_details Records Inserted
2020-09-30 15:31:08,506 - 9444 INFO - product_ordered_details Records Inserted
2020-09-30 15:31:08,506 - 9444 INFO - product_ordered_details Records Inserted
2020-09-30 15:31:08,506 - 9444 INFO - product_ordered_details Records Inserted
2020-09-30 15:31:08,506 - 9444 INFO - product_ordered_details Records Inserted
2020-09-30 15:31:08,506 - 9444 INFO - product_ordered_details Records Inserted
2020-09-30 15:31:08,506 - 9444 INFO - product_ordered_details Records Inserted
2020-09-30 15:31:08,506 - 9444 INFO - product_ordered_details Records Inserted
2020-09-30 15:31:08,506 - 9444 INFO - product_ordered_details Records Inserted
2020-09-30 15:31:08,506 - 9444 INFO - product_ordered_details Records Inserted
2020-09-30 15:31:08,506 - 9444 INFO - product_ordered_details Records Inserted
2020-09-30 15:31:08,506 - 9444 INFO - product_ordered_details Records Inserted
2020-09-30 15:31:08,506 - 9444 INFO - product_ordered_details Records Inserted
2020-09-30 15:31:08,506 - 9444 INFO - product_ordered_details Records Inserted
2020-09-30 15:31:08,506 - 9444 INFO - product_ordered_details Records Inserted
2020-09-30 15:31:08,554 - 9444 INFO - shipping_status Records Inserted
2020-09-30 15:31:08,554 - 9444 INFO - shipping_status Records Inserted
2020-09-30 15:31:08,554 - 9444 INFO - shipping_status Records Inserted
2020-09-30 15:31:08,554 - 9444 INFO - shipping_status Records Inserted
2020-09-30 15:31:08,554 - 9444 INFO - shipping_status Records Inserted
2020-09-30 15:31:08,554 - 9444 INFO - shipping_status Records Inserted
2020-09-30 15:31:08,554 - 9444 INFO - shipping_status Records Inserted
2020-09-30 15:31:08,554 - 9444 INFO - shipping_status Records Inserted
2020-09-30 15:31:08,554 - 9444 INFO - shipping_status Records Inserted
2020-09-30 15:31:08,554 - 9444 INFO - shipping_status Records Inserted
2020-09-30 15:31:08,554 - 9444 INFO - shipping_status Records Inserted
2020-09-30 15:31:08,554 - 9444 INFO - shipping_status Records Inserted
2020-09-30 15:31:08,554 - 9444 INFO - shipping_status Records Inserted
2020-09-30 15:31:08,554 - 9444 INFO - shipping_status Records Inserted
2020-09-30 15:31:08,554 - 9444 INFO - shipping_status Records Inserted
2020-09-30 15:31:08,554 - 9444 INFO - shipping_status Records Inserted
2020-09-30 15:31:08,554 - 9444 INFO - shipping_status Records Inserted
2020-09-30 15:31:08,554 - 9444 INFO - shipping_status Records Inserted
2020-09-30 15:31:08,554 - 9444 INFO - shipping_status Records Inserted
2020-09-30 15:31:08,554 - 9444 INFO - shipping_status Records Inserted
2020-09-30 15:31:08,554 - 9444 INFO - shipping_status Records Inserted
2020-09-30 15:31:08,554 - 9444 INFO - shipping_status Records Inserted
2020-09-30 15:31:08,554 - 9444 INFO - shipping_status Records Inserted
2020-09-30 15:31:08,554 - 9444 INFO - shipping_status Records Inserted
2020-09-30 15:31:08,554 - 9444 INFO - shipping_status Records Inserted
2020-09-30 15:31:08,554 - 9444 INFO - shipping_status Records Inserted
2020-09-30 15:31:08,554 - 9444 INFO - shipping_status Records Inserted
2020-09-30 15:31:08,554 - 9444 INFO - shipping_status Records Inserted
2020-09-30 15:31:08,554 - 9444 INFO - shipping_status Records Inserted
2020-09-30 15:31:08,554 - 9444 INFO - shipping_status Records Inserted
2020-09-30 15:31:08,554 - 9444 INFO - shipping_status Records Inserted
2020-09-30 15:31:08,554 - 9444 INFO - shipping_status Records Inserted
2020-09-30 15:31:08,554 - 9444 INFO - shipping_status Records Inserted
