2020-10-06 15:11:44,391 - 22416 INFO - sample Records Inserted
2020-10-06 15:11:44,391 - 22416 INFO - sample Records Inserted
2020-10-06 15:11:44,391 - 22416 INFO - sample Records Inserted
2020-10-06 15:11:56,319 - 17832 INFO - category_details Records Inserted
2020-10-06 15:11:56,319 - 17832 INFO - category_details Records Inserted
2020-10-06 15:11:56,319 - 17832 INFO - category_details Records Inserted
2020-10-06 15:11:56,324 - 17832 INFO - customer_details Records Inserted
2020-10-06 15:11:56,324 - 17832 INFO - customer_details Records Inserted
2020-10-06 15:11:56,324 - 17832 INFO - customer_details Records Inserted
2020-10-06 15:11:56,329 - 17832 INFO - order_status_details Records Inserted
2020-10-06 15:11:56,329 - 17832 INFO - order_status_details Records Inserted
2020-10-06 15:11:56,329 - 17832 INFO - order_status_details Records Inserted
2020-10-06 15:11:56,331 - 17832 INFO - seller_details Records Inserted
2020-10-06 15:11:56,331 - 17832 INFO - seller_details Records Inserted
2020-10-06 15:11:56,331 - 17832 INFO - seller_details Records Inserted
2020-10-06 15:11:56,337 - 17832 INFO - cart_details Records Inserted
2020-10-06 15:11:56,337 - 17832 INFO - cart_details Records Inserted
2020-10-06 15:11:56,337 - 17832 INFO - cart_details Records Inserted
2020-10-06 15:11:56,341 - 17832 INFO - customer_address_details Records Inserted
2020-10-06 15:11:56,341 - 17832 INFO - customer_address_details Records Inserted
2020-10-06 15:11:56,341 - 17832 INFO - customer_address_details Records Inserted
2020-10-06 15:11:56,345 - 17832 INFO - order_details Records Inserted
2020-10-06 15:11:56,345 - 17832 INFO - order_details Records Inserted
2020-10-06 15:11:56,345 - 17832 INFO - order_details Records Inserted
2020-10-06 15:11:56,348 - 17832 INFO - product_stock_details Records Inserted
2020-10-06 15:11:56,348 - 17832 INFO - product_stock_details Records Inserted
2020-10-06 15:11:56,348 - 17832 INFO - product_stock_details Records Inserted
2020-10-06 15:11:56,353 - 17832 INFO - product_details Records Inserted
2020-10-06 15:11:56,353 - 17832 INFO - product_details Records Inserted
2020-10-06 15:11:56,353 - 17832 INFO - product_details Records Inserted
2020-10-06 15:11:56,463 - 17832 INFO - cart_product_details Records Inserted
2020-10-06 15:11:56,463 - 17832 INFO - cart_product_details Records Inserted
2020-10-06 15:11:56,463 - 17832 INFO - cart_product_details Records Inserted
2020-10-06 15:11:56,580 - 17832 INFO - category_product_details Records Inserted
2020-10-06 15:11:56,580 - 17832 INFO - category_product_details Records Inserted
2020-10-06 15:11:56,580 - 17832 INFO - category_product_details Records Inserted
2020-10-06 15:11:56,584 - 17832 INFO - customer_rating_details Records Inserted
2020-10-06 15:11:56,584 - 17832 INFO - customer_rating_details Records Inserted
2020-10-06 15:11:56,584 - 17832 INFO - customer_rating_details Records Inserted
2020-10-06 15:11:56,588 - 17832 INFO - invoice_details Records Inserted
2020-10-06 15:11:56,588 - 17832 INFO - invoice_details Records Inserted
2020-10-06 15:11:56,588 - 17832 INFO - invoice_details Records Inserted
2020-10-06 15:11:56,590 - 17832 INFO - payment_details Records Inserted
2020-10-06 15:11:56,590 - 17832 INFO - payment_details Records Inserted
2020-10-06 15:11:56,590 - 17832 INFO - payment_details Records Inserted
2020-10-06 15:11:56,593 - 17832 INFO - product_ordered_details Records Inserted
2020-10-06 15:11:56,593 - 17832 INFO - product_ordered_details Records Inserted
2020-10-06 15:11:56,593 - 17832 INFO - product_ordered_details Records Inserted
2020-10-06 15:11:56,595 - 17832 INFO - shipping_status Records Inserted
2020-10-06 15:11:56,595 - 17832 INFO - shipping_status Records Inserted
2020-10-06 15:11:56,595 - 17832 INFO - shipping_status Records Inserted
