2020-10-06 14:26:40,618 - 16668 INFO - details Records Inserted
2020-10-06 14:26:40,618 - 16668 INFO - details Records Inserted
2020-10-06 14:26:40,618 - 16668 INFO - details Records Inserted
2020-10-06 14:26:40,625 - 16668 INFO - details Records Inserted
2020-10-06 14:26:40,625 - 16668 INFO - details Records Inserted
2020-10-06 14:26:40,625 - 16668 INFO - details Records Inserted
2020-10-06 14:26:40,629 - 16668 INFO - status_details Records Inserted
2020-10-06 14:26:40,629 - 16668 INFO - status_details Records Inserted
2020-10-06 14:26:40,629 - 16668 INFO - status_details Records Inserted
2020-10-06 14:26:40,632 - 16668 INFO - details Records Inserted
2020-10-06 14:26:40,632 - 16668 INFO - details Records Inserted
2020-10-06 14:26:40,632 - 16668 INFO - details Records Inserted
2020-10-06 14:26:40,636 - 16668 INFO - details Records Inserted
2020-10-06 14:26:40,636 - 16668 INFO - details Records Inserted
2020-10-06 14:26:40,636 - 16668 INFO - details Records Inserted
2020-10-06 14:26:40,641 - 16668 INFO - address_details Records Inserted
2020-10-06 14:26:40,641 - 16668 INFO - address_details Records Inserted
2020-10-06 14:26:40,641 - 16668 INFO - address_details Records Inserted
2020-10-06 14:26:40,644 - 16668 INFO - details Records Inserted
2020-10-06 14:26:40,644 - 16668 INFO - details Records Inserted
2020-10-06 14:26:40,644 - 16668 INFO - details Records Inserted
2020-10-06 14:26:40,648 - 16668 INFO - stock_details Records Inserted
2020-10-06 14:26:40,648 - 16668 INFO - stock_details Records Inserted
2020-10-06 14:26:40,648 - 16668 INFO - stock_details Records Inserted
2020-10-06 14:26:40,652 - 16668 INFO - details Records Inserted
2020-10-06 14:26:40,652 - 16668 INFO - details Records Inserted
2020-10-06 14:26:40,652 - 16668 INFO - details Records Inserted
2020-10-06 14:26:40,655 - 16668 INFO - product_details Records Inserted
2020-10-06 14:26:40,655 - 16668 INFO - product_details Records Inserted
2020-10-06 14:26:40,655 - 16668 INFO - product_details Records Inserted
2020-10-06 14:26:40,658 - 16668 INFO - product_details Records Inserted
2020-10-06 14:26:40,658 - 16668 INFO - product_details Records Inserted
2020-10-06 14:26:40,658 - 16668 INFO - product_details Records Inserted
2020-10-06 14:26:40,661 - 16668 INFO - rating_details Records Inserted
2020-10-06 14:26:40,661 - 16668 INFO - rating_details Records Inserted
2020-10-06 14:26:40,661 - 16668 INFO - rating_details Records Inserted
2020-10-06 14:26:40,665 - 16668 INFO - details Records Inserted
2020-10-06 14:26:40,665 - 16668 INFO - details Records Inserted
2020-10-06 14:26:40,665 - 16668 INFO - details Records Inserted
2020-10-06 14:26:40,668 - 16668 INFO - details Records Inserted
2020-10-06 14:26:40,668 - 16668 INFO - details Records Inserted
2020-10-06 14:26:40,668 - 16668 INFO - details Records Inserted
2020-10-06 14:26:40,673 - 16668 INFO - ordered_details Records Inserted
2020-10-06 14:26:40,673 - 16668 INFO - ordered_details Records Inserted
2020-10-06 14:26:40,673 - 16668 INFO - ordered_details Records Inserted
2020-10-06 14:26:40,677 - 16668 INFO - status Records Inserted
2020-10-06 14:26:40,677 - 16668 INFO - status Records Inserted
2020-10-06 14:26:40,677 - 16668 INFO - status Records Inserted
