2020-10-07 12:34:17,414 - 21828 INFO - Test
2020-10-07 12:34:17,414 - 21828 INFO - Test
2020-10-07 12:34:17,414 - 21828 INFO - Test
2020-10-07 12:34:17,414 - 21828 INFO - Test
2020-10-07 12:34:17,426 - 21828 INFO - Hello
2020-10-07 12:34:17,426 - 21828 INFO - Hello
2020-10-07 12:34:17,426 - 21828 INFO - Hello
2020-10-07 12:34:17,426 - 21828 INFO - Hello
2020-10-07 12:34:17,426 - 21828 INFO - Hello
2020-10-07 12:34:17,427 - 21828 INFO - create table if not exists sample(
e_num int,
e_name varchar(5)) sample.sql 0.01s sample Table CREATED
2020-10-07 12:34:17,427 - 21828 INFO - create table if not exists sample(
e_num int,
e_name varchar(5)) sample.sql 0.01s sample Table CREATED
2020-10-07 12:34:17,427 - 21828 INFO - create table if not exists sample(
e_num int,
e_name varchar(5)) sample.sql 0.01s sample Table CREATED
2020-10-07 12:34:17,427 - 21828 INFO - create table if not exists sample(
e_num int,
e_name varchar(5)) sample.sql 0.01s sample Table CREATED
2020-10-07 12:34:17,427 - 21828 INFO - create table if not exists sample(
e_num int,
e_name varchar(5)) sample.sql 0.01s sample Table CREATED
2020-10-07 12:34:17,427 - 21828 INFO - create table if not exists sample(
e_num int,
e_name varchar(5)) sample.sql 0.01s sample Table CREATED
