2020-10-06 15:10:28,891 - 19612 INFO - category_details Records Inserted
2020-10-06 15:10:28,891 - 19612 INFO - category_details Records Inserted
2020-10-06 15:10:28,891 - 19612 INFO - category_details Records Inserted
2020-10-06 15:10:28,988 - 19612 INFO - customer_details Records Inserted
2020-10-06 15:10:28,988 - 19612 INFO - customer_details Records Inserted
2020-10-06 15:10:28,988 - 19612 INFO - customer_details Records Inserted
2020-10-06 15:10:29,108 - 19612 INFO - order_status_details Records Inserted
2020-10-06 15:10:29,108 - 19612 INFO - order_status_details Records Inserted
2020-10-06 15:10:29,108 - 19612 INFO - order_status_details Records Inserted
2020-10-06 15:10:29,165 - 19612 INFO - seller_details Records Inserted
2020-10-06 15:10:29,165 - 19612 INFO - seller_details Records Inserted
2020-10-06 15:10:29,165 - 19612 INFO - seller_details Records Inserted
2020-10-06 15:10:29,264 - 19612 INFO - cart_details Records Inserted
2020-10-06 15:10:29,264 - 19612 INFO - cart_details Records Inserted
2020-10-06 15:10:29,264 - 19612 INFO - cart_details Records Inserted
2020-10-06 15:10:29,374 - 19612 INFO - customer_address_details Records Inserted
2020-10-06 15:10:29,374 - 19612 INFO - customer_address_details Records Inserted
2020-10-06 15:10:29,374 - 19612 INFO - customer_address_details Records Inserted
2020-10-06 15:10:29,492 - 19612 INFO - order_details Records Inserted
2020-10-06 15:10:29,492 - 19612 INFO - order_details Records Inserted
2020-10-06 15:10:29,492 - 19612 INFO - order_details Records Inserted
2020-10-06 15:10:29,741 - 19612 INFO - product_stock_details Records Inserted
2020-10-06 15:10:29,741 - 19612 INFO - product_stock_details Records Inserted
2020-10-06 15:10:29,741 - 19612 INFO - product_stock_details Records Inserted
2020-10-06 15:10:29,867 - 19612 INFO - product_details Records Inserted
2020-10-06 15:10:29,867 - 19612 INFO - product_details Records Inserted
2020-10-06 15:10:29,867 - 19612 INFO - product_details Records Inserted
2020-10-06 15:10:29,990 - 19612 INFO - cart_product_details Records Inserted
2020-10-06 15:10:29,990 - 19612 INFO - cart_product_details Records Inserted
2020-10-06 15:10:29,990 - 19612 INFO - cart_product_details Records Inserted
2020-10-06 15:10:30,122 - 19612 INFO - category_product_details Records Inserted
2020-10-06 15:10:30,122 - 19612 INFO - category_product_details Records Inserted
2020-10-06 15:10:30,122 - 19612 INFO - category_product_details Records Inserted
2020-10-06 15:10:30,265 - 19612 INFO - customer_rating_details Records Inserted
2020-10-06 15:10:30,265 - 19612 INFO - customer_rating_details Records Inserted
2020-10-06 15:10:30,265 - 19612 INFO - customer_rating_details Records Inserted
2020-10-06 15:10:30,393 - 19612 INFO - invoice_details Records Inserted
2020-10-06 15:10:30,393 - 19612 INFO - invoice_details Records Inserted
2020-10-06 15:10:30,393 - 19612 INFO - invoice_details Records Inserted
2020-10-06 15:10:30,470 - 19612 INFO - payment_details Records Inserted
2020-10-06 15:10:30,470 - 19612 INFO - payment_details Records Inserted
2020-10-06 15:10:30,470 - 19612 INFO - payment_details Records Inserted
2020-10-06 15:10:30,601 - 19612 INFO - product_ordered_details Records Inserted
2020-10-06 15:10:30,601 - 19612 INFO - product_ordered_details Records Inserted
2020-10-06 15:10:30,601 - 19612 INFO - product_ordered_details Records Inserted
2020-10-06 15:10:30,893 - 19612 INFO - shipping_status Records Inserted
2020-10-06 15:10:30,893 - 19612 INFO - shipping_status Records Inserted
2020-10-06 15:10:30,893 - 19612 INFO - shipping_status Records Inserted
