2020-10-04 10:15:31,732 - 36996 INFO - Table cart_details is ready to add in DB
2020-10-04 10:15:31,732 - 36996 INFO - Table cart_details is ready to add in DB
2020-10-04 10:15:31,732 - 36996 INFO - Table cart_details is ready to add in DB
2020-10-04 10:15:31,732 - 36996 INFO - Table cart_details is ready to add in DB
2020-10-04 10:15:31,732 - 36996 INFO - Table cart_details is ready to add in DB
2020-10-04 10:15:31,741 - 36996 INFO - Table cart_product_details is ready to add in DB
2020-10-04 10:15:31,741 - 36996 INFO - Table cart_product_details is ready to add in DB
2020-10-04 10:15:31,741 - 36996 INFO - Table cart_product_details is ready to add in DB
2020-10-04 10:15:31,741 - 36996 INFO - Table cart_product_details is ready to add in DB
2020-10-04 10:15:31,741 - 36996 INFO - Table cart_product_details is ready to add in DB
2020-10-04 10:15:31,741 - 36996 INFO - Table cart_product_details is ready to add in DB
2020-10-04 10:15:31,751 - 36996 INFO - Table category_details is ready to add in DB
2020-10-04 10:15:31,751 - 36996 INFO - Table category_details is ready to add in DB
2020-10-04 10:15:31,751 - 36996 INFO - Table category_details is ready to add in DB
2020-10-04 10:15:31,751 - 36996 INFO - Table category_details is ready to add in DB
2020-10-04 10:15:31,751 - 36996 INFO - Table category_details is ready to add in DB
2020-10-04 10:15:31,751 - 36996 INFO - Table category_details is ready to add in DB
2020-10-04 10:15:31,751 - 36996 INFO - Table category_details is ready to add in DB
2020-10-04 10:15:31,760 - 36996 INFO - Table category_product_details is ready to add in DB
2020-10-04 10:15:31,760 - 36996 INFO - Table category_product_details is ready to add in DB
2020-10-04 10:15:31,760 - 36996 INFO - Table category_product_details is ready to add in DB
2020-10-04 10:15:31,760 - 36996 INFO - Table category_product_details is ready to add in DB
2020-10-04 10:15:31,760 - 36996 INFO - Table category_product_details is ready to add in DB
2020-10-04 10:15:31,760 - 36996 INFO - Table category_product_details is ready to add in DB
2020-10-04 10:15:31,760 - 36996 INFO - Table category_product_details is ready to add in DB
2020-10-04 10:15:31,760 - 36996 INFO - Table category_product_details is ready to add in DB
2020-10-04 10:15:31,767 - 36996 INFO - Table customer_address_details is ready to add in DB
2020-10-04 10:15:31,767 - 36996 INFO - Table customer_address_details is ready to add in DB
2020-10-04 10:15:31,767 - 36996 INFO - Table customer_address_details is ready to add in DB
2020-10-04 10:15:31,767 - 36996 INFO - Table customer_address_details is ready to add in DB
2020-10-04 10:15:31,767 - 36996 INFO - Table customer_address_details is ready to add in DB
2020-10-04 10:15:31,767 - 36996 INFO - Table customer_address_details is ready to add in DB
2020-10-04 10:15:31,767 - 36996 INFO - Table customer_address_details is ready to add in DB
2020-10-04 10:15:31,767 - 36996 INFO - Table customer_address_details is ready to add in DB
2020-10-04 10:15:31,767 - 36996 INFO - Table customer_address_details is ready to add in DB
2020-10-04 10:15:31,775 - 36996 INFO - Table customer_details is ready to add in DB
2020-10-04 10:15:31,775 - 36996 INFO - Table customer_details is ready to add in DB
2020-10-04 10:15:31,775 - 36996 INFO - Table customer_details is ready to add in DB
2020-10-04 10:15:31,775 - 36996 INFO - Table customer_details is ready to add in DB
2020-10-04 10:15:31,775 - 36996 INFO - Table customer_details is ready to add in DB
2020-10-04 10:15:31,775 - 36996 INFO - Table customer_details is ready to add in DB
2020-10-04 10:15:31,775 - 36996 INFO - Table customer_details is ready to add in DB
2020-10-04 10:15:31,775 - 36996 INFO - Table customer_details is ready to add in DB
2020-10-04 10:15:31,775 - 36996 INFO - Table customer_details is ready to add in DB
2020-10-04 10:15:31,775 - 36996 INFO - Table customer_details is ready to add in DB
2020-10-04 10:15:31,787 - 36996 INFO - Table customer_rating_details is ready to add in DB
2020-10-04 10:15:31,787 - 36996 INFO - Table customer_rating_details is ready to add in DB
2020-10-04 10:15:31,787 - 36996 INFO - Table customer_rating_details is ready to add in DB
2020-10-04 10:15:31,787 - 36996 INFO - Table customer_rating_details is ready to add in DB
2020-10-04 10:15:31,787 - 36996 INFO - Table customer_rating_details is ready to add in DB
2020-10-04 10:15:31,787 - 36996 INFO - Table customer_rating_details is ready to add in DB
2020-10-04 10:15:31,787 - 36996 INFO - Table customer_rating_details is ready to add in DB
2020-10-04 10:15:31,787 - 36996 INFO - Table customer_rating_details is ready to add in DB
2020-10-04 10:15:31,787 - 36996 INFO - Table customer_rating_details is ready to add in DB
2020-10-04 10:15:31,787 - 36996 INFO - Table customer_rating_details is ready to add in DB
2020-10-04 10:15:31,787 - 36996 INFO - Table customer_rating_details is ready to add in DB
2020-10-04 10:15:31,798 - 36996 INFO - Table invoice_details is ready to add in DB
2020-10-04 10:15:31,798 - 36996 INFO - Table invoice_details is ready to add in DB
2020-10-04 10:15:31,798 - 36996 INFO - Table invoice_details is ready to add in DB
2020-10-04 10:15:31,798 - 36996 INFO - Table invoice_details is ready to add in DB
2020-10-04 10:15:31,798 - 36996 INFO - Table invoice_details is ready to add in DB
2020-10-04 10:15:31,798 - 36996 INFO - Table invoice_details is ready to add in DB
2020-10-04 10:15:31,798 - 36996 INFO - Table invoice_details is ready to add in DB
2020-10-04 10:15:31,798 - 36996 INFO - Table invoice_details is ready to add in DB
2020-10-04 10:15:31,798 - 36996 INFO - Table invoice_details is ready to add in DB
2020-10-04 10:15:31,798 - 36996 INFO - Table invoice_details is ready to add in DB
2020-10-04 10:15:31,798 - 36996 INFO - Table invoice_details is ready to add in DB
2020-10-04 10:15:31,798 - 36996 INFO - Table invoice_details is ready to add in DB
2020-10-04 10:15:31,810 - 36996 INFO - Table order_details is ready to add in DB
2020-10-04 10:15:31,810 - 36996 INFO - Table order_details is ready to add in DB
2020-10-04 10:15:31,810 - 36996 INFO - Table order_details is ready to add in DB
2020-10-04 10:15:31,810 - 36996 INFO - Table order_details is ready to add in DB
2020-10-04 10:15:31,810 - 36996 INFO - Table order_details is ready to add in DB
2020-10-04 10:15:31,810 - 36996 INFO - Table order_details is ready to add in DB
2020-10-04 10:15:31,810 - 36996 INFO - Table order_details is ready to add in DB
2020-10-04 10:15:31,810 - 36996 INFO - Table order_details is ready to add in DB
2020-10-04 10:15:31,810 - 36996 INFO - Table order_details is ready to add in DB
2020-10-04 10:15:31,810 - 36996 INFO - Table order_details is ready to add in DB
2020-10-04 10:15:31,810 - 36996 INFO - Table order_details is ready to add in DB
2020-10-04 10:15:31,810 - 36996 INFO - Table order_details is ready to add in DB
2020-10-04 10:15:31,810 - 36996 INFO - Table order_details is ready to add in DB
2020-10-04 10:15:31,821 - 36996 INFO - Table order_status_details is ready to add in DB
2020-10-04 10:15:31,821 - 36996 INFO - Table order_status_details is ready to add in DB
2020-10-04 10:15:31,821 - 36996 INFO - Table order_status_details is ready to add in DB
2020-10-04 10:15:31,821 - 36996 INFO - Table order_status_details is ready to add in DB
2020-10-04 10:15:31,821 - 36996 INFO - Table order_status_details is ready to add in DB
2020-10-04 10:15:31,821 - 36996 INFO - Table order_status_details is ready to add in DB
2020-10-04 10:15:31,821 - 36996 INFO - Table order_status_details is ready to add in DB
2020-10-04 10:15:31,821 - 36996 INFO - Table order_status_details is ready to add in DB
2020-10-04 10:15:31,821 - 36996 INFO - Table order_status_details is ready to add in DB
2020-10-04 10:15:31,821 - 36996 INFO - Table order_status_details is ready to add in DB
2020-10-04 10:15:31,821 - 36996 INFO - Table order_status_details is ready to add in DB
2020-10-04 10:15:31,821 - 36996 INFO - Table order_status_details is ready to add in DB
2020-10-04 10:15:31,821 - 36996 INFO - Table order_status_details is ready to add in DB
2020-10-04 10:15:31,821 - 36996 INFO - Table order_status_details is ready to add in DB
2020-10-04 10:15:31,834 - 36996 INFO - Table payment_details is ready to add in DB
2020-10-04 10:15:31,834 - 36996 INFO - Table payment_details is ready to add in DB
2020-10-04 10:15:31,834 - 36996 INFO - Table payment_details is ready to add in DB
2020-10-04 10:15:31,834 - 36996 INFO - Table payment_details is ready to add in DB
2020-10-04 10:15:31,834 - 36996 INFO - Table payment_details is ready to add in DB
2020-10-04 10:15:31,834 - 36996 INFO - Table payment_details is ready to add in DB
2020-10-04 10:15:31,834 - 36996 INFO - Table payment_details is ready to add in DB
2020-10-04 10:15:31,834 - 36996 INFO - Table payment_details is ready to add in DB
2020-10-04 10:15:31,834 - 36996 INFO - Table payment_details is ready to add in DB
2020-10-04 10:15:31,834 - 36996 INFO - Table payment_details is ready to add in DB
2020-10-04 10:15:31,834 - 36996 INFO - Table payment_details is ready to add in DB
2020-10-04 10:15:31,834 - 36996 INFO - Table payment_details is ready to add in DB
2020-10-04 10:15:31,834 - 36996 INFO - Table payment_details is ready to add in DB
2020-10-04 10:15:31,834 - 36996 INFO - Table payment_details is ready to add in DB
2020-10-04 10:15:31,834 - 36996 INFO - Table payment_details is ready to add in DB
2020-10-04 10:15:31,849 - 36996 INFO - Table product_details is ready to add in DB
2020-10-04 10:15:31,849 - 36996 INFO - Table product_details is ready to add in DB
2020-10-04 10:15:31,849 - 36996 INFO - Table product_details is ready to add in DB
2020-10-04 10:15:31,849 - 36996 INFO - Table product_details is ready to add in DB
2020-10-04 10:15:31,849 - 36996 INFO - Table product_details is ready to add in DB
2020-10-04 10:15:31,849 - 36996 INFO - Table product_details is ready to add in DB
2020-10-04 10:15:31,849 - 36996 INFO - Table product_details is ready to add in DB
2020-10-04 10:15:31,849 - 36996 INFO - Table product_details is ready to add in DB
2020-10-04 10:15:31,849 - 36996 INFO - Table product_details is ready to add in DB
2020-10-04 10:15:31,849 - 36996 INFO - Table product_details is ready to add in DB
2020-10-04 10:15:31,849 - 36996 INFO - Table product_details is ready to add in DB
2020-10-04 10:15:31,849 - 36996 INFO - Table product_details is ready to add in DB
2020-10-04 10:15:31,849 - 36996 INFO - Table product_details is ready to add in DB
2020-10-04 10:15:31,849 - 36996 INFO - Table product_details is ready to add in DB
2020-10-04 10:15:31,849 - 36996 INFO - Table product_details is ready to add in DB
2020-10-04 10:15:31,849 - 36996 INFO - Table product_details is ready to add in DB
2020-10-04 10:15:31,860 - 36996 INFO - Table product_ordered_details is ready to add in DB
2020-10-04 10:15:31,860 - 36996 INFO - Table product_ordered_details is ready to add in DB
2020-10-04 10:15:31,860 - 36996 INFO - Table product_ordered_details is ready to add in DB
2020-10-04 10:15:31,860 - 36996 INFO - Table product_ordered_details is ready to add in DB
2020-10-04 10:15:31,860 - 36996 INFO - Table product_ordered_details is ready to add in DB
2020-10-04 10:15:31,860 - 36996 INFO - Table product_ordered_details is ready to add in DB
2020-10-04 10:15:31,860 - 36996 INFO - Table product_ordered_details is ready to add in DB
2020-10-04 10:15:31,860 - 36996 INFO - Table product_ordered_details is ready to add in DB
2020-10-04 10:15:31,860 - 36996 INFO - Table product_ordered_details is ready to add in DB
2020-10-04 10:15:31,860 - 36996 INFO - Table product_ordered_details is ready to add in DB
2020-10-04 10:15:31,860 - 36996 INFO - Table product_ordered_details is ready to add in DB
2020-10-04 10:15:31,860 - 36996 INFO - Table product_ordered_details is ready to add in DB
2020-10-04 10:15:31,860 - 36996 INFO - Table product_ordered_details is ready to add in DB
2020-10-04 10:15:31,860 - 36996 INFO - Table product_ordered_details is ready to add in DB
2020-10-04 10:15:31,860 - 36996 INFO - Table product_ordered_details is ready to add in DB
2020-10-04 10:15:31,860 - 36996 INFO - Table product_ordered_details is ready to add in DB
2020-10-04 10:15:31,860 - 36996 INFO - Table product_ordered_details is ready to add in DB
2020-10-04 10:15:31,877 - 36996 INFO - Table product_stock_details is ready to add in DB
2020-10-04 10:15:31,877 - 36996 INFO - Table product_stock_details is ready to add in DB
2020-10-04 10:15:31,877 - 36996 INFO - Table product_stock_details is ready to add in DB
2020-10-04 10:15:31,877 - 36996 INFO - Table product_stock_details is ready to add in DB
2020-10-04 10:15:31,877 - 36996 INFO - Table product_stock_details is ready to add in DB
2020-10-04 10:15:31,877 - 36996 INFO - Table product_stock_details is ready to add in DB
2020-10-04 10:15:31,877 - 36996 INFO - Table product_stock_details is ready to add in DB
2020-10-04 10:15:31,877 - 36996 INFO - Table product_stock_details is ready to add in DB
2020-10-04 10:15:31,877 - 36996 INFO - Table product_stock_details is ready to add in DB
2020-10-04 10:15:31,877 - 36996 INFO - Table product_stock_details is ready to add in DB
2020-10-04 10:15:31,877 - 36996 INFO - Table product_stock_details is ready to add in DB
2020-10-04 10:15:31,877 - 36996 INFO - Table product_stock_details is ready to add in DB
2020-10-04 10:15:31,877 - 36996 INFO - Table product_stock_details is ready to add in DB
2020-10-04 10:15:31,877 - 36996 INFO - Table product_stock_details is ready to add in DB
2020-10-04 10:15:31,877 - 36996 INFO - Table product_stock_details is ready to add in DB
2020-10-04 10:15:31,877 - 36996 INFO - Table product_stock_details is ready to add in DB
2020-10-04 10:15:31,877 - 36996 INFO - Table product_stock_details is ready to add in DB
2020-10-04 10:15:31,877 - 36996 INFO - Table product_stock_details is ready to add in DB
2020-10-04 10:15:36,025 - 36996 INFO - Table seller_details is ready to add in DB
2020-10-04 10:15:36,025 - 36996 INFO - Table seller_details is ready to add in DB
2020-10-04 10:15:36,025 - 36996 INFO - Table seller_details is ready to add in DB
2020-10-04 10:15:36,025 - 36996 INFO - Table seller_details is ready to add in DB
2020-10-04 10:15:36,025 - 36996 INFO - Table seller_details is ready to add in DB
2020-10-04 10:15:36,025 - 36996 INFO - Table seller_details is ready to add in DB
2020-10-04 10:15:36,025 - 36996 INFO - Table seller_details is ready to add in DB
2020-10-04 10:15:36,025 - 36996 INFO - Table seller_details is ready to add in DB
2020-10-04 10:15:36,025 - 36996 INFO - Table seller_details is ready to add in DB
2020-10-04 10:15:36,025 - 36996 INFO - Table seller_details is ready to add in DB
2020-10-04 10:15:36,025 - 36996 INFO - Table seller_details is ready to add in DB
2020-10-04 10:15:36,025 - 36996 INFO - Table seller_details is ready to add in DB
2020-10-04 10:15:36,025 - 36996 INFO - Table seller_details is ready to add in DB
2020-10-04 10:15:36,025 - 36996 INFO - Table seller_details is ready to add in DB
2020-10-04 10:15:36,025 - 36996 INFO - Table seller_details is ready to add in DB
2020-10-04 10:15:36,025 - 36996 INFO - Table seller_details is ready to add in DB
2020-10-04 10:15:36,025 - 36996 INFO - Table seller_details is ready to add in DB
2020-10-04 10:15:36,025 - 36996 INFO - Table seller_details is ready to add in DB
2020-10-04 10:15:36,025 - 36996 INFO - Table seller_details is ready to add in DB
2020-10-04 10:15:36,034 - 36996 INFO - Table shipping_status is ready to add in DB
2020-10-04 10:15:36,034 - 36996 INFO - Table shipping_status is ready to add in DB
2020-10-04 10:15:36,034 - 36996 INFO - Table shipping_status is ready to add in DB
2020-10-04 10:15:36,034 - 36996 INFO - Table shipping_status is ready to add in DB
2020-10-04 10:15:36,034 - 36996 INFO - Table shipping_status is ready to add in DB
2020-10-04 10:15:36,034 - 36996 INFO - Table shipping_status is ready to add in DB
2020-10-04 10:15:36,034 - 36996 INFO - Table shipping_status is ready to add in DB
2020-10-04 10:15:36,034 - 36996 INFO - Table shipping_status is ready to add in DB
2020-10-04 10:15:36,034 - 36996 INFO - Table shipping_status is ready to add in DB
2020-10-04 10:15:36,034 - 36996 INFO - Table shipping_status is ready to add in DB
2020-10-04 10:15:36,034 - 36996 INFO - Table shipping_status is ready to add in DB
2020-10-04 10:15:36,034 - 36996 INFO - Table shipping_status is ready to add in DB
2020-10-04 10:15:36,034 - 36996 INFO - Table shipping_status is ready to add in DB
2020-10-04 10:15:36,034 - 36996 INFO - Table shipping_status is ready to add in DB
2020-10-04 10:15:36,034 - 36996 INFO - Table shipping_status is ready to add in DB
2020-10-04 10:15:36,034 - 36996 INFO - Table shipping_status is ready to add in DB
2020-10-04 10:15:36,034 - 36996 INFO - Table shipping_status is ready to add in DB
2020-10-04 10:15:36,034 - 36996 INFO - Table shipping_status is ready to add in DB
2020-10-04 10:15:36,034 - 36996 INFO - Table shipping_status is ready to add in DB
2020-10-04 10:15:36,034 - 36996 INFO - Table shipping_status is ready to add in DB
