2020-10-06 12:17:24,303 - 36244 INFO - category_details Records Inserted
2020-10-06 12:17:24,303 - 36244 INFO - category_details Records Inserted
2020-10-06 12:17:24,303 - 36244 INFO - category_details Records Inserted
2020-10-06 12:17:24,311 - 36244 INFO - customer_details Records Inserted
2020-10-06 12:17:24,311 - 36244 INFO - customer_details Records Inserted
2020-10-06 12:17:24,311 - 36244 INFO - customer_details Records Inserted
2020-10-06 12:17:24,317 - 36244 INFO - order_status_details Records Inserted
2020-10-06 12:17:24,317 - 36244 INFO - order_status_details Records Inserted
2020-10-06 12:17:24,317 - 36244 INFO - order_status_details Records Inserted
2020-10-06 12:17:24,322 - 36244 INFO - seller_details Records Inserted
2020-10-06 12:17:24,322 - 36244 INFO - seller_details Records Inserted
2020-10-06 12:17:24,322 - 36244 INFO - seller_details Records Inserted
2020-10-06 12:17:24,330 - 36244 INFO - cart_details Records Inserted
2020-10-06 12:17:24,330 - 36244 INFO - cart_details Records Inserted
2020-10-06 12:17:24,330 - 36244 INFO - cart_details Records Inserted
2020-10-06 12:17:24,336 - 36244 INFO - customer_address_details Records Inserted
2020-10-06 12:17:24,336 - 36244 INFO - customer_address_details Records Inserted
2020-10-06 12:17:24,336 - 36244 INFO - customer_address_details Records Inserted
2020-10-06 12:17:24,343 - 36244 INFO - order_details Records Inserted
2020-10-06 12:17:24,343 - 36244 INFO - order_details Records Inserted
2020-10-06 12:17:24,343 - 36244 INFO - order_details Records Inserted
2020-10-06 12:17:24,348 - 36244 INFO - product_stock_details Records Inserted
2020-10-06 12:17:24,348 - 36244 INFO - product_stock_details Records Inserted
2020-10-06 12:17:24,348 - 36244 INFO - product_stock_details Records Inserted
2020-10-06 12:17:24,354 - 36244 INFO - product_details Records Inserted
2020-10-06 12:17:24,354 - 36244 INFO - product_details Records Inserted
2020-10-06 12:17:24,354 - 36244 INFO - product_details Records Inserted
2020-10-06 12:17:24,478 - 36244 INFO - cart_product_details Records Inserted
2020-10-06 12:17:24,478 - 36244 INFO - cart_product_details Records Inserted
2020-10-06 12:17:24,478 - 36244 INFO - cart_product_details Records Inserted
2020-10-06 12:17:24,592 - 36244 INFO - category_product_details Records Inserted
2020-10-06 12:17:24,592 - 36244 INFO - category_product_details Records Inserted
2020-10-06 12:17:24,592 - 36244 INFO - category_product_details Records Inserted
2020-10-06 12:17:24,604 - 36244 INFO - customer_rating_details Records Inserted
2020-10-06 12:17:24,604 - 36244 INFO - customer_rating_details Records Inserted
2020-10-06 12:17:24,604 - 36244 INFO - customer_rating_details Records Inserted
2020-10-06 12:17:24,611 - 36244 INFO - invoice_details Records Inserted
2020-10-06 12:17:24,611 - 36244 INFO - invoice_details Records Inserted
2020-10-06 12:17:24,611 - 36244 INFO - invoice_details Records Inserted
2020-10-06 12:17:24,636 - 36244 INFO - payment_details Records Inserted
2020-10-06 12:17:24,636 - 36244 INFO - payment_details Records Inserted
2020-10-06 12:17:24,636 - 36244 INFO - payment_details Records Inserted
2020-10-06 12:17:24,657 - 36244 INFO - product_ordered_details Records Inserted
2020-10-06 12:17:24,657 - 36244 INFO - product_ordered_details Records Inserted
2020-10-06 12:17:24,657 - 36244 INFO - product_ordered_details Records Inserted
2020-10-06 12:17:24,692 - 36244 INFO - shipping_status Records Inserted
2020-10-06 12:17:24,692 - 36244 INFO - shipping_status Records Inserted
2020-10-06 12:17:24,692 - 36244 INFO - shipping_status Records Inserted
