2020-09-30 13:44:45,589 - 23268 INFO - category_details Records Inserted
2020-09-30 13:44:45,589 - 23268 INFO - category_details Records Inserted
2020-09-30 13:44:45,589 - 23268 INFO - category_details Records Inserted
2020-09-30 13:44:45,637 - 23268 INFO - customer_details Records Inserted
2020-09-30 13:44:45,637 - 23268 INFO - customer_details Records Inserted
2020-09-30 13:44:45,637 - 23268 INFO - customer_details Records Inserted
2020-09-30 13:44:45,637 - 23268 INFO - customer_details Records Inserted
2020-09-30 13:44:45,637 - 23268 INFO - customer_details Records Inserted
2020-09-30 13:44:45,684 - 23268 INFO - order_status_details Records Inserted
2020-09-30 13:44:45,684 - 23268 INFO - order_status_details Records Inserted
2020-09-30 13:44:45,684 - 23268 INFO - order_status_details Records Inserted
2020-09-30 13:44:45,684 - 23268 INFO - order_status_details Records Inserted
2020-09-30 13:44:45,684 - 23268 INFO - order_status_details Records Inserted
2020-09-30 13:44:45,684 - 23268 INFO - order_status_details Records Inserted
2020-09-30 13:44:45,684 - 23268 INFO - order_status_details Records Inserted
2020-09-30 13:44:45,726 - 23268 INFO - seller_details Records Inserted
2020-09-30 13:44:45,726 - 23268 INFO - seller_details Records Inserted
2020-09-30 13:44:45,726 - 23268 INFO - seller_details Records Inserted
2020-09-30 13:44:45,726 - 23268 INFO - seller_details Records Inserted
2020-09-30 13:44:45,726 - 23268 INFO - seller_details Records Inserted
2020-09-30 13:44:45,726 - 23268 INFO - seller_details Records Inserted
2020-09-30 13:44:45,726 - 23268 INFO - seller_details Records Inserted
2020-09-30 13:44:45,726 - 23268 INFO - seller_details Records Inserted
2020-09-30 13:44:45,726 - 23268 INFO - seller_details Records Inserted
2020-09-30 13:44:45,768 - 23268 INFO - cart_details Records Inserted
2020-09-30 13:44:45,768 - 23268 INFO - cart_details Records Inserted
2020-09-30 13:44:45,768 - 23268 INFO - cart_details Records Inserted
2020-09-30 13:44:45,768 - 23268 INFO - cart_details Records Inserted
2020-09-30 13:44:45,768 - 23268 INFO - cart_details Records Inserted
2020-09-30 13:44:45,768 - 23268 INFO - cart_details Records Inserted
2020-09-30 13:44:45,768 - 23268 INFO - cart_details Records Inserted
2020-09-30 13:44:45,768 - 23268 INFO - cart_details Records Inserted
2020-09-30 13:44:45,768 - 23268 INFO - cart_details Records Inserted
2020-09-30 13:44:45,768 - 23268 INFO - cart_details Records Inserted
2020-09-30 13:44:45,768 - 23268 INFO - cart_details Records Inserted
2020-09-30 13:44:45,813 - 23268 INFO - customer_address_details Records Inserted
2020-09-30 13:44:45,813 - 23268 INFO - customer_address_details Records Inserted
2020-09-30 13:44:45,813 - 23268 INFO - customer_address_details Records Inserted
2020-09-30 13:44:45,813 - 23268 INFO - customer_address_details Records Inserted
2020-09-30 13:44:45,813 - 23268 INFO - customer_address_details Records Inserted
2020-09-30 13:44:45,813 - 23268 INFO - customer_address_details Records Inserted
2020-09-30 13:44:45,813 - 23268 INFO - customer_address_details Records Inserted
2020-09-30 13:44:45,813 - 23268 INFO - customer_address_details Records Inserted
2020-09-30 13:44:45,813 - 23268 INFO - customer_address_details Records Inserted
2020-09-30 13:44:45,813 - 23268 INFO - customer_address_details Records Inserted
2020-09-30 13:44:45,813 - 23268 INFO - customer_address_details Records Inserted
2020-09-30 13:44:45,813 - 23268 INFO - customer_address_details Records Inserted
2020-09-30 13:44:45,813 - 23268 INFO - customer_address_details Records Inserted
2020-09-30 13:44:45,868 - 23268 INFO - order_details Records Inserted
2020-09-30 13:44:45,868 - 23268 INFO - order_details Records Inserted
2020-09-30 13:44:45,868 - 23268 INFO - order_details Records Inserted
2020-09-30 13:44:45,868 - 23268 INFO - order_details Records Inserted
2020-09-30 13:44:45,868 - 23268 INFO - order_details Records Inserted
2020-09-30 13:44:45,868 - 23268 INFO - order_details Records Inserted
2020-09-30 13:44:45,868 - 23268 INFO - order_details Records Inserted
2020-09-30 13:44:45,868 - 23268 INFO - order_details Records Inserted
2020-09-30 13:44:45,868 - 23268 INFO - order_details Records Inserted
2020-09-30 13:44:45,868 - 23268 INFO - order_details Records Inserted
2020-09-30 13:44:45,868 - 23268 INFO - order_details Records Inserted
2020-09-30 13:44:45,868 - 23268 INFO - order_details Records Inserted
2020-09-30 13:44:45,868 - 23268 INFO - order_details Records Inserted
2020-09-30 13:44:45,868 - 23268 INFO - order_details Records Inserted
2020-09-30 13:44:45,868 - 23268 INFO - order_details Records Inserted
2020-09-30 13:44:45,912 - 23268 INFO - product_stock_details Records Inserted
2020-09-30 13:44:45,912 - 23268 INFO - product_stock_details Records Inserted
2020-09-30 13:44:45,912 - 23268 INFO - product_stock_details Records Inserted
2020-09-30 13:44:45,912 - 23268 INFO - product_stock_details Records Inserted
2020-09-30 13:44:45,912 - 23268 INFO - product_stock_details Records Inserted
2020-09-30 13:44:45,912 - 23268 INFO - product_stock_details Records Inserted
2020-09-30 13:44:45,912 - 23268 INFO - product_stock_details Records Inserted
2020-09-30 13:44:45,912 - 23268 INFO - product_stock_details Records Inserted
2020-09-30 13:44:45,912 - 23268 INFO - product_stock_details Records Inserted
2020-09-30 13:44:45,912 - 23268 INFO - product_stock_details Records Inserted
2020-09-30 13:44:45,912 - 23268 INFO - product_stock_details Records Inserted
2020-09-30 13:44:45,912 - 23268 INFO - product_stock_details Records Inserted
2020-09-30 13:44:45,912 - 23268 INFO - product_stock_details Records Inserted
2020-09-30 13:44:45,912 - 23268 INFO - product_stock_details Records Inserted
2020-09-30 13:44:45,912 - 23268 INFO - product_stock_details Records Inserted
2020-09-30 13:44:45,912 - 23268 INFO - product_stock_details Records Inserted
2020-09-30 13:44:45,912 - 23268 INFO - product_stock_details Records Inserted
2020-09-30 13:44:45,958 - 23268 INFO - product_details Records Inserted
2020-09-30 13:44:45,958 - 23268 INFO - product_details Records Inserted
2020-09-30 13:44:45,958 - 23268 INFO - product_details Records Inserted
2020-09-30 13:44:45,958 - 23268 INFO - product_details Records Inserted
2020-09-30 13:44:45,958 - 23268 INFO - product_details Records Inserted
2020-09-30 13:44:45,958 - 23268 INFO - product_details Records Inserted
2020-09-30 13:44:45,958 - 23268 INFO - product_details Records Inserted
2020-09-30 13:44:45,958 - 23268 INFO - product_details Records Inserted
2020-09-30 13:44:45,958 - 23268 INFO - product_details Records Inserted
2020-09-30 13:44:45,958 - 23268 INFO - product_details Records Inserted
2020-09-30 13:44:45,958 - 23268 INFO - product_details Records Inserted
2020-09-30 13:44:45,958 - 23268 INFO - product_details Records Inserted
2020-09-30 13:44:45,958 - 23268 INFO - product_details Records Inserted
2020-09-30 13:44:45,958 - 23268 INFO - product_details Records Inserted
2020-09-30 13:44:45,958 - 23268 INFO - product_details Records Inserted
2020-09-30 13:44:45,958 - 23268 INFO - product_details Records Inserted
2020-09-30 13:44:45,958 - 23268 INFO - product_details Records Inserted
2020-09-30 13:44:45,958 - 23268 INFO - product_details Records Inserted
2020-09-30 13:44:45,958 - 23268 INFO - product_details Records Inserted
2020-09-30 13:44:46,036 - 23268 INFO - cart_product_details Records Inserted
2020-09-30 13:44:46,036 - 23268 INFO - cart_product_details Records Inserted
2020-09-30 13:44:46,036 - 23268 INFO - cart_product_details Records Inserted
2020-09-30 13:44:46,036 - 23268 INFO - cart_product_details Records Inserted
2020-09-30 13:44:46,036 - 23268 INFO - cart_product_details Records Inserted
2020-09-30 13:44:46,036 - 23268 INFO - cart_product_details Records Inserted
2020-09-30 13:44:46,036 - 23268 INFO - cart_product_details Records Inserted
2020-09-30 13:44:46,036 - 23268 INFO - cart_product_details Records Inserted
2020-09-30 13:44:46,036 - 23268 INFO - cart_product_details Records Inserted
2020-09-30 13:44:46,036 - 23268 INFO - cart_product_details Records Inserted
2020-09-30 13:44:46,036 - 23268 INFO - cart_product_details Records Inserted
2020-09-30 13:44:46,036 - 23268 INFO - cart_product_details Records Inserted
2020-09-30 13:44:46,036 - 23268 INFO - cart_product_details Records Inserted
2020-09-30 13:44:46,036 - 23268 INFO - cart_product_details Records Inserted
2020-09-30 13:44:46,036 - 23268 INFO - cart_product_details Records Inserted
2020-09-30 13:44:46,036 - 23268 INFO - cart_product_details Records Inserted
2020-09-30 13:44:46,036 - 23268 INFO - cart_product_details Records Inserted
2020-09-30 13:44:46,036 - 23268 INFO - cart_product_details Records Inserted
2020-09-30 13:44:46,036 - 23268 INFO - cart_product_details Records Inserted
2020-09-30 13:44:46,036 - 23268 INFO - cart_product_details Records Inserted
2020-09-30 13:44:46,036 - 23268 INFO - cart_product_details Records Inserted
2020-09-30 13:44:46,111 - 23268 INFO - category_product_details Records Inserted
2020-09-30 13:44:46,111 - 23268 INFO - category_product_details Records Inserted
2020-09-30 13:44:46,111 - 23268 INFO - category_product_details Records Inserted
2020-09-30 13:44:46,111 - 23268 INFO - category_product_details Records Inserted
2020-09-30 13:44:46,111 - 23268 INFO - category_product_details Records Inserted
2020-09-30 13:44:46,111 - 23268 INFO - category_product_details Records Inserted
2020-09-30 13:44:46,111 - 23268 INFO - category_product_details Records Inserted
2020-09-30 13:44:46,111 - 23268 INFO - category_product_details Records Inserted
2020-09-30 13:44:46,111 - 23268 INFO - category_product_details Records Inserted
2020-09-30 13:44:46,111 - 23268 INFO - category_product_details Records Inserted
2020-09-30 13:44:46,111 - 23268 INFO - category_product_details Records Inserted
2020-09-30 13:44:46,111 - 23268 INFO - category_product_details Records Inserted
2020-09-30 13:44:46,111 - 23268 INFO - category_product_details Records Inserted
2020-09-30 13:44:46,111 - 23268 INFO - category_product_details Records Inserted
2020-09-30 13:44:46,111 - 23268 INFO - category_product_details Records Inserted
2020-09-30 13:44:46,111 - 23268 INFO - category_product_details Records Inserted
2020-09-30 13:44:46,111 - 23268 INFO - category_product_details Records Inserted
2020-09-30 13:44:46,111 - 23268 INFO - category_product_details Records Inserted
2020-09-30 13:44:46,111 - 23268 INFO - category_product_details Records Inserted
2020-09-30 13:44:46,111 - 23268 INFO - category_product_details Records Inserted
2020-09-30 13:44:46,111 - 23268 INFO - category_product_details Records Inserted
2020-09-30 13:44:46,111 - 23268 INFO - category_product_details Records Inserted
2020-09-30 13:44:46,111 - 23268 INFO - category_product_details Records Inserted
2020-09-30 13:44:46,156 - 23268 INFO - customer_rating_details Records Inserted
2020-09-30 13:44:46,156 - 23268 INFO - customer_rating_details Records Inserted
2020-09-30 13:44:46,156 - 23268 INFO - customer_rating_details Records Inserted
2020-09-30 13:44:46,156 - 23268 INFO - customer_rating_details Records Inserted
2020-09-30 13:44:46,156 - 23268 INFO - customer_rating_details Records Inserted
2020-09-30 13:44:46,156 - 23268 INFO - customer_rating_details Records Inserted
2020-09-30 13:44:46,156 - 23268 INFO - customer_rating_details Records Inserted
2020-09-30 13:44:46,156 - 23268 INFO - customer_rating_details Records Inserted
2020-09-30 13:44:46,156 - 23268 INFO - customer_rating_details Records Inserted
2020-09-30 13:44:46,156 - 23268 INFO - customer_rating_details Records Inserted
2020-09-30 13:44:46,156 - 23268 INFO - customer_rating_details Records Inserted
2020-09-30 13:44:46,156 - 23268 INFO - customer_rating_details Records Inserted
2020-09-30 13:44:46,156 - 23268 INFO - customer_rating_details Records Inserted
2020-09-30 13:44:46,156 - 23268 INFO - customer_rating_details Records Inserted
2020-09-30 13:44:46,156 - 23268 INFO - customer_rating_details Records Inserted
2020-09-30 13:44:46,156 - 23268 INFO - customer_rating_details Records Inserted
2020-09-30 13:44:46,156 - 23268 INFO - customer_rating_details Records Inserted
2020-09-30 13:44:46,156 - 23268 INFO - customer_rating_details Records Inserted
2020-09-30 13:44:46,156 - 23268 INFO - customer_rating_details Records Inserted
2020-09-30 13:44:46,156 - 23268 INFO - customer_rating_details Records Inserted
2020-09-30 13:44:46,156 - 23268 INFO - customer_rating_details Records Inserted
2020-09-30 13:44:46,156 - 23268 INFO - customer_rating_details Records Inserted
2020-09-30 13:44:46,156 - 23268 INFO - customer_rating_details Records Inserted
2020-09-30 13:44:46,156 - 23268 INFO - customer_rating_details Records Inserted
2020-09-30 13:44:46,156 - 23268 INFO - customer_rating_details Records Inserted
2020-09-30 13:44:46,200 - 23268 INFO - invoice_details Records Inserted
2020-09-30 13:44:46,200 - 23268 INFO - invoice_details Records Inserted
2020-09-30 13:44:46,200 - 23268 INFO - invoice_details Records Inserted
2020-09-30 13:44:46,200 - 23268 INFO - invoice_details Records Inserted
2020-09-30 13:44:46,200 - 23268 INFO - invoice_details Records Inserted
2020-09-30 13:44:46,200 - 23268 INFO - invoice_details Records Inserted
2020-09-30 13:44:46,200 - 23268 INFO - invoice_details Records Inserted
2020-09-30 13:44:46,200 - 23268 INFO - invoice_details Records Inserted
2020-09-30 13:44:46,200 - 23268 INFO - invoice_details Records Inserted
2020-09-30 13:44:46,200 - 23268 INFO - invoice_details Records Inserted
2020-09-30 13:44:46,200 - 23268 INFO - invoice_details Records Inserted
2020-09-30 13:44:46,200 - 23268 INFO - invoice_details Records Inserted
2020-09-30 13:44:46,200 - 23268 INFO - invoice_details Records Inserted
2020-09-30 13:44:46,200 - 23268 INFO - invoice_details Records Inserted
2020-09-30 13:44:46,200 - 23268 INFO - invoice_details Records Inserted
2020-09-30 13:44:46,200 - 23268 INFO - invoice_details Records Inserted
2020-09-30 13:44:46,200 - 23268 INFO - invoice_details Records Inserted
2020-09-30 13:44:46,200 - 23268 INFO - invoice_details Records Inserted
2020-09-30 13:44:46,200 - 23268 INFO - invoice_details Records Inserted
2020-09-30 13:44:46,200 - 23268 INFO - invoice_details Records Inserted
2020-09-30 13:44:46,200 - 23268 INFO - invoice_details Records Inserted
2020-09-30 13:44:46,200 - 23268 INFO - invoice_details Records Inserted
2020-09-30 13:44:46,200 - 23268 INFO - invoice_details Records Inserted
2020-09-30 13:44:46,200 - 23268 INFO - invoice_details Records Inserted
2020-09-30 13:44:46,200 - 23268 INFO - invoice_details Records Inserted
2020-09-30 13:44:46,200 - 23268 INFO - invoice_details Records Inserted
2020-09-30 13:44:46,200 - 23268 INFO - invoice_details Records Inserted
2020-09-30 13:44:46,248 - 23268 INFO - payment_details Records Inserted
2020-09-30 13:44:46,248 - 23268 INFO - payment_details Records Inserted
2020-09-30 13:44:46,248 - 23268 INFO - payment_details Records Inserted
2020-09-30 13:44:46,248 - 23268 INFO - payment_details Records Inserted
2020-09-30 13:44:46,248 - 23268 INFO - payment_details Records Inserted
2020-09-30 13:44:46,248 - 23268 INFO - payment_details Records Inserted
2020-09-30 13:44:46,248 - 23268 INFO - payment_details Records Inserted
2020-09-30 13:44:46,248 - 23268 INFO - payment_details Records Inserted
2020-09-30 13:44:46,248 - 23268 INFO - payment_details Records Inserted
2020-09-30 13:44:46,248 - 23268 INFO - payment_details Records Inserted
2020-09-30 13:44:46,248 - 23268 INFO - payment_details Records Inserted
2020-09-30 13:44:46,248 - 23268 INFO - payment_details Records Inserted
2020-09-30 13:44:46,248 - 23268 INFO - payment_details Records Inserted
2020-09-30 13:44:46,248 - 23268 INFO - payment_details Records Inserted
2020-09-30 13:44:46,248 - 23268 INFO - payment_details Records Inserted
2020-09-30 13:44:46,248 - 23268 INFO - payment_details Records Inserted
2020-09-30 13:44:46,248 - 23268 INFO - payment_details Records Inserted
2020-09-30 13:44:46,248 - 23268 INFO - payment_details Records Inserted
2020-09-30 13:44:46,248 - 23268 INFO - payment_details Records Inserted
2020-09-30 13:44:46,248 - 23268 INFO - payment_details Records Inserted
2020-09-30 13:44:46,248 - 23268 INFO - payment_details Records Inserted
2020-09-30 13:44:46,248 - 23268 INFO - payment_details Records Inserted
2020-09-30 13:44:46,248 - 23268 INFO - payment_details Records Inserted
2020-09-30 13:44:46,248 - 23268 INFO - payment_details Records Inserted
2020-09-30 13:44:46,248 - 23268 INFO - payment_details Records Inserted
2020-09-30 13:44:46,248 - 23268 INFO - payment_details Records Inserted
2020-09-30 13:44:46,248 - 23268 INFO - payment_details Records Inserted
2020-09-30 13:44:46,248 - 23268 INFO - payment_details Records Inserted
2020-09-30 13:44:46,248 - 23268 INFO - payment_details Records Inserted
2020-09-30 13:44:46,299 - 23268 INFO - product_ordered_details Records Inserted
2020-09-30 13:44:46,299 - 23268 INFO - product_ordered_details Records Inserted
2020-09-30 13:44:46,299 - 23268 INFO - product_ordered_details Records Inserted
2020-09-30 13:44:46,299 - 23268 INFO - product_ordered_details Records Inserted
2020-09-30 13:44:46,299 - 23268 INFO - product_ordered_details Records Inserted
2020-09-30 13:44:46,299 - 23268 INFO - product_ordered_details Records Inserted
2020-09-30 13:44:46,299 - 23268 INFO - product_ordered_details Records Inserted
2020-09-30 13:44:46,299 - 23268 INFO - product_ordered_details Records Inserted
2020-09-30 13:44:46,299 - 23268 INFO - product_ordered_details Records Inserted
2020-09-30 13:44:46,299 - 23268 INFO - product_ordered_details Records Inserted
2020-09-30 13:44:46,299 - 23268 INFO - product_ordered_details Records Inserted
2020-09-30 13:44:46,299 - 23268 INFO - product_ordered_details Records Inserted
2020-09-30 13:44:46,299 - 23268 INFO - product_ordered_details Records Inserted
2020-09-30 13:44:46,299 - 23268 INFO - product_ordered_details Records Inserted
2020-09-30 13:44:46,299 - 23268 INFO - product_ordered_details Records Inserted
2020-09-30 13:44:46,299 - 23268 INFO - product_ordered_details Records Inserted
2020-09-30 13:44:46,299 - 23268 INFO - product_ordered_details Records Inserted
2020-09-30 13:44:46,299 - 23268 INFO - product_ordered_details Records Inserted
2020-09-30 13:44:46,299 - 23268 INFO - product_ordered_details Records Inserted
2020-09-30 13:44:46,299 - 23268 INFO - product_ordered_details Records Inserted
2020-09-30 13:44:46,299 - 23268 INFO - product_ordered_details Records Inserted
2020-09-30 13:44:46,299 - 23268 INFO - product_ordered_details Records Inserted
2020-09-30 13:44:46,299 - 23268 INFO - product_ordered_details Records Inserted
2020-09-30 13:44:46,299 - 23268 INFO - product_ordered_details Records Inserted
2020-09-30 13:44:46,299 - 23268 INFO - product_ordered_details Records Inserted
2020-09-30 13:44:46,299 - 23268 INFO - product_ordered_details Records Inserted
2020-09-30 13:44:46,299 - 23268 INFO - product_ordered_details Records Inserted
2020-09-30 13:44:46,299 - 23268 INFO - product_ordered_details Records Inserted
2020-09-30 13:44:46,299 - 23268 INFO - product_ordered_details Records Inserted
2020-09-30 13:44:46,299 - 23268 INFO - product_ordered_details Records Inserted
2020-09-30 13:44:46,299 - 23268 INFO - product_ordered_details Records Inserted
2020-09-30 13:44:46,344 - 23268 INFO - shipping_status Records Inserted
2020-09-30 13:44:46,344 - 23268 INFO - shipping_status Records Inserted
2020-09-30 13:44:46,344 - 23268 INFO - shipping_status Records Inserted
2020-09-30 13:44:46,344 - 23268 INFO - shipping_status Records Inserted
2020-09-30 13:44:46,344 - 23268 INFO - shipping_status Records Inserted
2020-09-30 13:44:46,344 - 23268 INFO - shipping_status Records Inserted
2020-09-30 13:44:46,344 - 23268 INFO - shipping_status Records Inserted
2020-09-30 13:44:46,344 - 23268 INFO - shipping_status Records Inserted
2020-09-30 13:44:46,344 - 23268 INFO - shipping_status Records Inserted
2020-09-30 13:44:46,344 - 23268 INFO - shipping_status Records Inserted
2020-09-30 13:44:46,344 - 23268 INFO - shipping_status Records Inserted
2020-09-30 13:44:46,344 - 23268 INFO - shipping_status Records Inserted
2020-09-30 13:44:46,344 - 23268 INFO - shipping_status Records Inserted
2020-09-30 13:44:46,344 - 23268 INFO - shipping_status Records Inserted
2020-09-30 13:44:46,344 - 23268 INFO - shipping_status Records Inserted
2020-09-30 13:44:46,344 - 23268 INFO - shipping_status Records Inserted
2020-09-30 13:44:46,344 - 23268 INFO - shipping_status Records Inserted
2020-09-30 13:44:46,344 - 23268 INFO - shipping_status Records Inserted
2020-09-30 13:44:46,344 - 23268 INFO - shipping_status Records Inserted
2020-09-30 13:44:46,344 - 23268 INFO - shipping_status Records Inserted
2020-09-30 13:44:46,344 - 23268 INFO - shipping_status Records Inserted
2020-09-30 13:44:46,344 - 23268 INFO - shipping_status Records Inserted
2020-09-30 13:44:46,344 - 23268 INFO - shipping_status Records Inserted
2020-09-30 13:44:46,344 - 23268 INFO - shipping_status Records Inserted
2020-09-30 13:44:46,344 - 23268 INFO - shipping_status Records Inserted
2020-09-30 13:44:46,344 - 23268 INFO - shipping_status Records Inserted
2020-09-30 13:44:46,344 - 23268 INFO - shipping_status Records Inserted
2020-09-30 13:44:46,344 - 23268 INFO - shipping_status Records Inserted
2020-09-30 13:44:46,344 - 23268 INFO - shipping_status Records Inserted
2020-09-30 13:44:46,344 - 23268 INFO - shipping_status Records Inserted
2020-09-30 13:44:46,344 - 23268 INFO - shipping_status Records Inserted
2020-09-30 13:44:46,344 - 23268 INFO - shipping_status Records Inserted
2020-09-30 13:44:46,344 - 23268 INFO - shipping_status Records Inserted
2020-09-30 13:44:57,299 - 17952 INFO - category_details Records Inserted
2020-09-30 13:44:57,299 - 17952 INFO - category_details Records Inserted
2020-09-30 13:44:57,299 - 17952 INFO - category_details Records Inserted
2020-09-30 13:44:57,345 - 17952 INFO - customer_details Records Inserted
2020-09-30 13:44:57,345 - 17952 INFO - customer_details Records Inserted
2020-09-30 13:44:57,345 - 17952 INFO - customer_details Records Inserted
2020-09-30 13:44:57,345 - 17952 INFO - customer_details Records Inserted
2020-09-30 13:44:57,345 - 17952 INFO - customer_details Records Inserted
2020-09-30 13:44:57,389 - 17952 INFO - order_status_details Records Inserted
2020-09-30 13:44:57,389 - 17952 INFO - order_status_details Records Inserted
2020-09-30 13:44:57,389 - 17952 INFO - order_status_details Records Inserted
2020-09-30 13:44:57,389 - 17952 INFO - order_status_details Records Inserted
2020-09-30 13:44:57,389 - 17952 INFO - order_status_details Records Inserted
2020-09-30 13:44:57,389 - 17952 INFO - order_status_details Records Inserted
2020-09-30 13:44:57,389 - 17952 INFO - order_status_details Records Inserted
2020-09-30 13:44:57,436 - 17952 INFO - seller_details Records Inserted
2020-09-30 13:44:57,436 - 17952 INFO - seller_details Records Inserted
2020-09-30 13:44:57,436 - 17952 INFO - seller_details Records Inserted
2020-09-30 13:44:57,436 - 17952 INFO - seller_details Records Inserted
2020-09-30 13:44:57,436 - 17952 INFO - seller_details Records Inserted
2020-09-30 13:44:57,436 - 17952 INFO - seller_details Records Inserted
2020-09-30 13:44:57,436 - 17952 INFO - seller_details Records Inserted
2020-09-30 13:44:57,436 - 17952 INFO - seller_details Records Inserted
2020-09-30 13:44:57,436 - 17952 INFO - seller_details Records Inserted
2020-09-30 13:44:57,486 - 17952 INFO - cart_details Records Inserted
2020-09-30 13:44:57,486 - 17952 INFO - cart_details Records Inserted
2020-09-30 13:44:57,486 - 17952 INFO - cart_details Records Inserted
2020-09-30 13:44:57,486 - 17952 INFO - cart_details Records Inserted
2020-09-30 13:44:57,486 - 17952 INFO - cart_details Records Inserted
2020-09-30 13:44:57,486 - 17952 INFO - cart_details Records Inserted
2020-09-30 13:44:57,486 - 17952 INFO - cart_details Records Inserted
2020-09-30 13:44:57,486 - 17952 INFO - cart_details Records Inserted
2020-09-30 13:44:57,486 - 17952 INFO - cart_details Records Inserted
2020-09-30 13:44:57,486 - 17952 INFO - cart_details Records Inserted
2020-09-30 13:44:57,486 - 17952 INFO - cart_details Records Inserted
2020-09-30 13:44:57,534 - 17952 INFO - customer_address_details Records Inserted
2020-09-30 13:44:57,534 - 17952 INFO - customer_address_details Records Inserted
2020-09-30 13:44:57,534 - 17952 INFO - customer_address_details Records Inserted
2020-09-30 13:44:57,534 - 17952 INFO - customer_address_details Records Inserted
2020-09-30 13:44:57,534 - 17952 INFO - customer_address_details Records Inserted
2020-09-30 13:44:57,534 - 17952 INFO - customer_address_details Records Inserted
2020-09-30 13:44:57,534 - 17952 INFO - customer_address_details Records Inserted
2020-09-30 13:44:57,534 - 17952 INFO - customer_address_details Records Inserted
2020-09-30 13:44:57,534 - 17952 INFO - customer_address_details Records Inserted
2020-09-30 13:44:57,534 - 17952 INFO - customer_address_details Records Inserted
2020-09-30 13:44:57,534 - 17952 INFO - customer_address_details Records Inserted
2020-09-30 13:44:57,534 - 17952 INFO - customer_address_details Records Inserted
2020-09-30 13:44:57,534 - 17952 INFO - customer_address_details Records Inserted
2020-09-30 13:44:57,579 - 17952 INFO - order_details Records Inserted
2020-09-30 13:44:57,579 - 17952 INFO - order_details Records Inserted
2020-09-30 13:44:57,579 - 17952 INFO - order_details Records Inserted
2020-09-30 13:44:57,579 - 17952 INFO - order_details Records Inserted
2020-09-30 13:44:57,579 - 17952 INFO - order_details Records Inserted
2020-09-30 13:44:57,579 - 17952 INFO - order_details Records Inserted
2020-09-30 13:44:57,579 - 17952 INFO - order_details Records Inserted
2020-09-30 13:44:57,579 - 17952 INFO - order_details Records Inserted
2020-09-30 13:44:57,579 - 17952 INFO - order_details Records Inserted
2020-09-30 13:44:57,579 - 17952 INFO - order_details Records Inserted
2020-09-30 13:44:57,579 - 17952 INFO - order_details Records Inserted
2020-09-30 13:44:57,579 - 17952 INFO - order_details Records Inserted
2020-09-30 13:44:57,579 - 17952 INFO - order_details Records Inserted
2020-09-30 13:44:57,579 - 17952 INFO - order_details Records Inserted
2020-09-30 13:44:57,579 - 17952 INFO - order_details Records Inserted
2020-09-30 13:44:57,625 - 17952 INFO - product_stock_details Records Inserted
2020-09-30 13:44:57,625 - 17952 INFO - product_stock_details Records Inserted
2020-09-30 13:44:57,625 - 17952 INFO - product_stock_details Records Inserted
2020-09-30 13:44:57,625 - 17952 INFO - product_stock_details Records Inserted
2020-09-30 13:44:57,625 - 17952 INFO - product_stock_details Records Inserted
2020-09-30 13:44:57,625 - 17952 INFO - product_stock_details Records Inserted
2020-09-30 13:44:57,625 - 17952 INFO - product_stock_details Records Inserted
2020-09-30 13:44:57,625 - 17952 INFO - product_stock_details Records Inserted
2020-09-30 13:44:57,625 - 17952 INFO - product_stock_details Records Inserted
2020-09-30 13:44:57,625 - 17952 INFO - product_stock_details Records Inserted
2020-09-30 13:44:57,625 - 17952 INFO - product_stock_details Records Inserted
2020-09-30 13:44:57,625 - 17952 INFO - product_stock_details Records Inserted
2020-09-30 13:44:57,625 - 17952 INFO - product_stock_details Records Inserted
2020-09-30 13:44:57,625 - 17952 INFO - product_stock_details Records Inserted
2020-09-30 13:44:57,625 - 17952 INFO - product_stock_details Records Inserted
2020-09-30 13:44:57,625 - 17952 INFO - product_stock_details Records Inserted
2020-09-30 13:44:57,625 - 17952 INFO - product_stock_details Records Inserted
2020-09-30 13:44:57,671 - 17952 INFO - product_details Records Inserted
2020-09-30 13:44:57,671 - 17952 INFO - product_details Records Inserted
2020-09-30 13:44:57,671 - 17952 INFO - product_details Records Inserted
2020-09-30 13:44:57,671 - 17952 INFO - product_details Records Inserted
2020-09-30 13:44:57,671 - 17952 INFO - product_details Records Inserted
2020-09-30 13:44:57,671 - 17952 INFO - product_details Records Inserted
2020-09-30 13:44:57,671 - 17952 INFO - product_details Records Inserted
2020-09-30 13:44:57,671 - 17952 INFO - product_details Records Inserted
2020-09-30 13:44:57,671 - 17952 INFO - product_details Records Inserted
2020-09-30 13:44:57,671 - 17952 INFO - product_details Records Inserted
2020-09-30 13:44:57,671 - 17952 INFO - product_details Records Inserted
2020-09-30 13:44:57,671 - 17952 INFO - product_details Records Inserted
2020-09-30 13:44:57,671 - 17952 INFO - product_details Records Inserted
2020-09-30 13:44:57,671 - 17952 INFO - product_details Records Inserted
2020-09-30 13:44:57,671 - 17952 INFO - product_details Records Inserted
2020-09-30 13:44:57,671 - 17952 INFO - product_details Records Inserted
2020-09-30 13:44:57,671 - 17952 INFO - product_details Records Inserted
2020-09-30 13:44:57,671 - 17952 INFO - product_details Records Inserted
2020-09-30 13:44:57,671 - 17952 INFO - product_details Records Inserted
2020-09-30 13:44:57,874 - 17952 INFO - cart_product_details Records Inserted
2020-09-30 13:44:57,874 - 17952 INFO - cart_product_details Records Inserted
2020-09-30 13:44:57,874 - 17952 INFO - cart_product_details Records Inserted
2020-09-30 13:44:57,874 - 17952 INFO - cart_product_details Records Inserted
2020-09-30 13:44:57,874 - 17952 INFO - cart_product_details Records Inserted
2020-09-30 13:44:57,874 - 17952 INFO - cart_product_details Records Inserted
2020-09-30 13:44:57,874 - 17952 INFO - cart_product_details Records Inserted
2020-09-30 13:44:57,874 - 17952 INFO - cart_product_details Records Inserted
2020-09-30 13:44:57,874 - 17952 INFO - cart_product_details Records Inserted
2020-09-30 13:44:57,874 - 17952 INFO - cart_product_details Records Inserted
2020-09-30 13:44:57,874 - 17952 INFO - cart_product_details Records Inserted
2020-09-30 13:44:57,874 - 17952 INFO - cart_product_details Records Inserted
2020-09-30 13:44:57,874 - 17952 INFO - cart_product_details Records Inserted
2020-09-30 13:44:57,874 - 17952 INFO - cart_product_details Records Inserted
2020-09-30 13:44:57,874 - 17952 INFO - cart_product_details Records Inserted
2020-09-30 13:44:57,874 - 17952 INFO - cart_product_details Records Inserted
2020-09-30 13:44:57,874 - 17952 INFO - cart_product_details Records Inserted
2020-09-30 13:44:57,874 - 17952 INFO - cart_product_details Records Inserted
2020-09-30 13:44:57,874 - 17952 INFO - cart_product_details Records Inserted
2020-09-30 13:44:57,874 - 17952 INFO - cart_product_details Records Inserted
2020-09-30 13:44:57,874 - 17952 INFO - cart_product_details Records Inserted
2020-09-30 13:44:57,965 - 17952 INFO - category_product_details Records Inserted
2020-09-30 13:44:57,965 - 17952 INFO - category_product_details Records Inserted
2020-09-30 13:44:57,965 - 17952 INFO - category_product_details Records Inserted
2020-09-30 13:44:57,965 - 17952 INFO - category_product_details Records Inserted
2020-09-30 13:44:57,965 - 17952 INFO - category_product_details Records Inserted
2020-09-30 13:44:57,965 - 17952 INFO - category_product_details Records Inserted
2020-09-30 13:44:57,965 - 17952 INFO - category_product_details Records Inserted
2020-09-30 13:44:57,965 - 17952 INFO - category_product_details Records Inserted
2020-09-30 13:44:57,965 - 17952 INFO - category_product_details Records Inserted
2020-09-30 13:44:57,965 - 17952 INFO - category_product_details Records Inserted
2020-09-30 13:44:57,965 - 17952 INFO - category_product_details Records Inserted
2020-09-30 13:44:57,965 - 17952 INFO - category_product_details Records Inserted
2020-09-30 13:44:57,965 - 17952 INFO - category_product_details Records Inserted
2020-09-30 13:44:57,965 - 17952 INFO - category_product_details Records Inserted
2020-09-30 13:44:57,965 - 17952 INFO - category_product_details Records Inserted
2020-09-30 13:44:57,965 - 17952 INFO - category_product_details Records Inserted
2020-09-30 13:44:57,965 - 17952 INFO - category_product_details Records Inserted
2020-09-30 13:44:57,965 - 17952 INFO - category_product_details Records Inserted
2020-09-30 13:44:57,965 - 17952 INFO - category_product_details Records Inserted
2020-09-30 13:44:57,965 - 17952 INFO - category_product_details Records Inserted
2020-09-30 13:44:57,965 - 17952 INFO - category_product_details Records Inserted
2020-09-30 13:44:57,965 - 17952 INFO - category_product_details Records Inserted
2020-09-30 13:44:57,965 - 17952 INFO - category_product_details Records Inserted
2020-09-30 13:44:58,010 - 17952 INFO - customer_rating_details Records Inserted
2020-09-30 13:44:58,010 - 17952 INFO - customer_rating_details Records Inserted
2020-09-30 13:44:58,010 - 17952 INFO - customer_rating_details Records Inserted
2020-09-30 13:44:58,010 - 17952 INFO - customer_rating_details Records Inserted
2020-09-30 13:44:58,010 - 17952 INFO - customer_rating_details Records Inserted
2020-09-30 13:44:58,010 - 17952 INFO - customer_rating_details Records Inserted
2020-09-30 13:44:58,010 - 17952 INFO - customer_rating_details Records Inserted
2020-09-30 13:44:58,010 - 17952 INFO - customer_rating_details Records Inserted
2020-09-30 13:44:58,010 - 17952 INFO - customer_rating_details Records Inserted
2020-09-30 13:44:58,010 - 17952 INFO - customer_rating_details Records Inserted
2020-09-30 13:44:58,010 - 17952 INFO - customer_rating_details Records Inserted
2020-09-30 13:44:58,010 - 17952 INFO - customer_rating_details Records Inserted
2020-09-30 13:44:58,010 - 17952 INFO - customer_rating_details Records Inserted
2020-09-30 13:44:58,010 - 17952 INFO - customer_rating_details Records Inserted
2020-09-30 13:44:58,010 - 17952 INFO - customer_rating_details Records Inserted
2020-09-30 13:44:58,010 - 17952 INFO - customer_rating_details Records Inserted
2020-09-30 13:44:58,010 - 17952 INFO - customer_rating_details Records Inserted
2020-09-30 13:44:58,010 - 17952 INFO - customer_rating_details Records Inserted
2020-09-30 13:44:58,010 - 17952 INFO - customer_rating_details Records Inserted
2020-09-30 13:44:58,010 - 17952 INFO - customer_rating_details Records Inserted
2020-09-30 13:44:58,010 - 17952 INFO - customer_rating_details Records Inserted
2020-09-30 13:44:58,010 - 17952 INFO - customer_rating_details Records Inserted
2020-09-30 13:44:58,010 - 17952 INFO - customer_rating_details Records Inserted
2020-09-30 13:44:58,010 - 17952 INFO - customer_rating_details Records Inserted
2020-09-30 13:44:58,010 - 17952 INFO - customer_rating_details Records Inserted
2020-09-30 13:44:58,057 - 17952 INFO - invoice_details Records Inserted
2020-09-30 13:44:58,057 - 17952 INFO - invoice_details Records Inserted
2020-09-30 13:44:58,057 - 17952 INFO - invoice_details Records Inserted
2020-09-30 13:44:58,057 - 17952 INFO - invoice_details Records Inserted
2020-09-30 13:44:58,057 - 17952 INFO - invoice_details Records Inserted
2020-09-30 13:44:58,057 - 17952 INFO - invoice_details Records Inserted
2020-09-30 13:44:58,057 - 17952 INFO - invoice_details Records Inserted
2020-09-30 13:44:58,057 - 17952 INFO - invoice_details Records Inserted
2020-09-30 13:44:58,057 - 17952 INFO - invoice_details Records Inserted
2020-09-30 13:44:58,057 - 17952 INFO - invoice_details Records Inserted
2020-09-30 13:44:58,057 - 17952 INFO - invoice_details Records Inserted
2020-09-30 13:44:58,057 - 17952 INFO - invoice_details Records Inserted
2020-09-30 13:44:58,057 - 17952 INFO - invoice_details Records Inserted
2020-09-30 13:44:58,057 - 17952 INFO - invoice_details Records Inserted
2020-09-30 13:44:58,057 - 17952 INFO - invoice_details Records Inserted
2020-09-30 13:44:58,057 - 17952 INFO - invoice_details Records Inserted
2020-09-30 13:44:58,057 - 17952 INFO - invoice_details Records Inserted
2020-09-30 13:44:58,057 - 17952 INFO - invoice_details Records Inserted
2020-09-30 13:44:58,057 - 17952 INFO - invoice_details Records Inserted
2020-09-30 13:44:58,057 - 17952 INFO - invoice_details Records Inserted
2020-09-30 13:44:58,057 - 17952 INFO - invoice_details Records Inserted
2020-09-30 13:44:58,057 - 17952 INFO - invoice_details Records Inserted
2020-09-30 13:44:58,057 - 17952 INFO - invoice_details Records Inserted
2020-09-30 13:44:58,057 - 17952 INFO - invoice_details Records Inserted
2020-09-30 13:44:58,057 - 17952 INFO - invoice_details Records Inserted
2020-09-30 13:44:58,057 - 17952 INFO - invoice_details Records Inserted
2020-09-30 13:44:58,057 - 17952 INFO - invoice_details Records Inserted
2020-09-30 13:44:58,101 - 17952 INFO - payment_details Records Inserted
2020-09-30 13:44:58,101 - 17952 INFO - payment_details Records Inserted
2020-09-30 13:44:58,101 - 17952 INFO - payment_details Records Inserted
2020-09-30 13:44:58,101 - 17952 INFO - payment_details Records Inserted
2020-09-30 13:44:58,101 - 17952 INFO - payment_details Records Inserted
2020-09-30 13:44:58,101 - 17952 INFO - payment_details Records Inserted
2020-09-30 13:44:58,101 - 17952 INFO - payment_details Records Inserted
2020-09-30 13:44:58,101 - 17952 INFO - payment_details Records Inserted
2020-09-30 13:44:58,101 - 17952 INFO - payment_details Records Inserted
2020-09-30 13:44:58,101 - 17952 INFO - payment_details Records Inserted
2020-09-30 13:44:58,101 - 17952 INFO - payment_details Records Inserted
2020-09-30 13:44:58,101 - 17952 INFO - payment_details Records Inserted
2020-09-30 13:44:58,101 - 17952 INFO - payment_details Records Inserted
2020-09-30 13:44:58,101 - 17952 INFO - payment_details Records Inserted
2020-09-30 13:44:58,101 - 17952 INFO - payment_details Records Inserted
2020-09-30 13:44:58,101 - 17952 INFO - payment_details Records Inserted
2020-09-30 13:44:58,101 - 17952 INFO - payment_details Records Inserted
2020-09-30 13:44:58,101 - 17952 INFO - payment_details Records Inserted
2020-09-30 13:44:58,101 - 17952 INFO - payment_details Records Inserted
2020-09-30 13:44:58,101 - 17952 INFO - payment_details Records Inserted
2020-09-30 13:44:58,101 - 17952 INFO - payment_details Records Inserted
2020-09-30 13:44:58,101 - 17952 INFO - payment_details Records Inserted
2020-09-30 13:44:58,101 - 17952 INFO - payment_details Records Inserted
2020-09-30 13:44:58,101 - 17952 INFO - payment_details Records Inserted
2020-09-30 13:44:58,101 - 17952 INFO - payment_details Records Inserted
2020-09-30 13:44:58,101 - 17952 INFO - payment_details Records Inserted
2020-09-30 13:44:58,101 - 17952 INFO - payment_details Records Inserted
2020-09-30 13:44:58,101 - 17952 INFO - payment_details Records Inserted
2020-09-30 13:44:58,101 - 17952 INFO - payment_details Records Inserted
2020-09-30 13:44:58,146 - 17952 INFO - product_ordered_details Records Inserted
2020-09-30 13:44:58,146 - 17952 INFO - product_ordered_details Records Inserted
2020-09-30 13:44:58,146 - 17952 INFO - product_ordered_details Records Inserted
2020-09-30 13:44:58,146 - 17952 INFO - product_ordered_details Records Inserted
2020-09-30 13:44:58,146 - 17952 INFO - product_ordered_details Records Inserted
2020-09-30 13:44:58,146 - 17952 INFO - product_ordered_details Records Inserted
2020-09-30 13:44:58,146 - 17952 INFO - product_ordered_details Records Inserted
2020-09-30 13:44:58,146 - 17952 INFO - product_ordered_details Records Inserted
2020-09-30 13:44:58,146 - 17952 INFO - product_ordered_details Records Inserted
2020-09-30 13:44:58,146 - 17952 INFO - product_ordered_details Records Inserted
2020-09-30 13:44:58,146 - 17952 INFO - product_ordered_details Records Inserted
2020-09-30 13:44:58,146 - 17952 INFO - product_ordered_details Records Inserted
2020-09-30 13:44:58,146 - 17952 INFO - product_ordered_details Records Inserted
2020-09-30 13:44:58,146 - 17952 INFO - product_ordered_details Records Inserted
2020-09-30 13:44:58,146 - 17952 INFO - product_ordered_details Records Inserted
2020-09-30 13:44:58,146 - 17952 INFO - product_ordered_details Records Inserted
2020-09-30 13:44:58,146 - 17952 INFO - product_ordered_details Records Inserted
2020-09-30 13:44:58,146 - 17952 INFO - product_ordered_details Records Inserted
2020-09-30 13:44:58,146 - 17952 INFO - product_ordered_details Records Inserted
2020-09-30 13:44:58,146 - 17952 INFO - product_ordered_details Records Inserted
2020-09-30 13:44:58,146 - 17952 INFO - product_ordered_details Records Inserted
2020-09-30 13:44:58,146 - 17952 INFO - product_ordered_details Records Inserted
2020-09-30 13:44:58,146 - 17952 INFO - product_ordered_details Records Inserted
2020-09-30 13:44:58,146 - 17952 INFO - product_ordered_details Records Inserted
2020-09-30 13:44:58,146 - 17952 INFO - product_ordered_details Records Inserted
2020-09-30 13:44:58,146 - 17952 INFO - product_ordered_details Records Inserted
2020-09-30 13:44:58,146 - 17952 INFO - product_ordered_details Records Inserted
2020-09-30 13:44:58,146 - 17952 INFO - product_ordered_details Records Inserted
2020-09-30 13:44:58,146 - 17952 INFO - product_ordered_details Records Inserted
2020-09-30 13:44:58,146 - 17952 INFO - product_ordered_details Records Inserted
2020-09-30 13:44:58,146 - 17952 INFO - product_ordered_details Records Inserted
2020-09-30 13:44:58,189 - 17952 INFO - shipping_status Records Inserted
2020-09-30 13:44:58,189 - 17952 INFO - shipping_status Records Inserted
2020-09-30 13:44:58,189 - 17952 INFO - shipping_status Records Inserted
2020-09-30 13:44:58,189 - 17952 INFO - shipping_status Records Inserted
2020-09-30 13:44:58,189 - 17952 INFO - shipping_status Records Inserted
2020-09-30 13:44:58,189 - 17952 INFO - shipping_status Records Inserted
2020-09-30 13:44:58,189 - 17952 INFO - shipping_status Records Inserted
2020-09-30 13:44:58,189 - 17952 INFO - shipping_status Records Inserted
2020-09-30 13:44:58,189 - 17952 INFO - shipping_status Records Inserted
2020-09-30 13:44:58,189 - 17952 INFO - shipping_status Records Inserted
2020-09-30 13:44:58,189 - 17952 INFO - shipping_status Records Inserted
2020-09-30 13:44:58,189 - 17952 INFO - shipping_status Records Inserted
2020-09-30 13:44:58,189 - 17952 INFO - shipping_status Records Inserted
2020-09-30 13:44:58,189 - 17952 INFO - shipping_status Records Inserted
2020-09-30 13:44:58,189 - 17952 INFO - shipping_status Records Inserted
2020-09-30 13:44:58,189 - 17952 INFO - shipping_status Records Inserted
2020-09-30 13:44:58,189 - 17952 INFO - shipping_status Records Inserted
2020-09-30 13:44:58,189 - 17952 INFO - shipping_status Records Inserted
2020-09-30 13:44:58,189 - 17952 INFO - shipping_status Records Inserted
2020-09-30 13:44:58,189 - 17952 INFO - shipping_status Records Inserted
2020-09-30 13:44:58,189 - 17952 INFO - shipping_status Records Inserted
2020-09-30 13:44:58,189 - 17952 INFO - shipping_status Records Inserted
2020-09-30 13:44:58,189 - 17952 INFO - shipping_status Records Inserted
2020-09-30 13:44:58,189 - 17952 INFO - shipping_status Records Inserted
2020-09-30 13:44:58,189 - 17952 INFO - shipping_status Records Inserted
2020-09-30 13:44:58,189 - 17952 INFO - shipping_status Records Inserted
2020-09-30 13:44:58,189 - 17952 INFO - shipping_status Records Inserted
2020-09-30 13:44:58,189 - 17952 INFO - shipping_status Records Inserted
2020-09-30 13:44:58,189 - 17952 INFO - shipping_status Records Inserted
2020-09-30 13:44:58,189 - 17952 INFO - shipping_status Records Inserted
2020-09-30 13:44:58,189 - 17952 INFO - shipping_status Records Inserted
2020-09-30 13:44:58,189 - 17952 INFO - shipping_status Records Inserted
2020-09-30 13:44:58,189 - 17952 INFO - shipping_status Records Inserted
