2020-09-30 13:45:43,201 - 18952 INFO - category_details Records Inserted
2020-09-30 13:45:43,201 - 18952 INFO - category_details Records Inserted
2020-09-30 13:45:43,201 - 18952 INFO - category_details Records Inserted
2020-09-30 13:45:43,247 - 18952 INFO - customer_details Records Inserted
2020-09-30 13:45:43,247 - 18952 INFO - customer_details Records Inserted
2020-09-30 13:45:43,247 - 18952 INFO - customer_details Records Inserted
2020-09-30 13:45:43,247 - 18952 INFO - customer_details Records Inserted
2020-09-30 13:45:43,247 - 18952 INFO - customer_details Records Inserted
2020-09-30 13:45:43,290 - 18952 INFO - order_status_details Records Inserted
2020-09-30 13:45:43,290 - 18952 INFO - order_status_details Records Inserted
2020-09-30 13:45:43,290 - 18952 INFO - order_status_details Records Inserted
2020-09-30 13:45:43,290 - 18952 INFO - order_status_details Records Inserted
2020-09-30 13:45:43,290 - 18952 INFO - order_status_details Records Inserted
2020-09-30 13:45:43,290 - 18952 INFO - order_status_details Records Inserted
2020-09-30 13:45:43,290 - 18952 INFO - order_status_details Records Inserted
2020-09-30 13:45:43,330 - 18952 INFO - seller_details Records Inserted
2020-09-30 13:45:43,330 - 18952 INFO - seller_details Records Inserted
2020-09-30 13:45:43,330 - 18952 INFO - seller_details Records Inserted
2020-09-30 13:45:43,330 - 18952 INFO - seller_details Records Inserted
2020-09-30 13:45:43,330 - 18952 INFO - seller_details Records Inserted
2020-09-30 13:45:43,330 - 18952 INFO - seller_details Records Inserted
2020-09-30 13:45:43,330 - 18952 INFO - seller_details Records Inserted
2020-09-30 13:45:43,330 - 18952 INFO - seller_details Records Inserted
2020-09-30 13:45:43,330 - 18952 INFO - seller_details Records Inserted
2020-09-30 13:45:43,371 - 18952 INFO - cart_details Records Inserted
2020-09-30 13:45:43,371 - 18952 INFO - cart_details Records Inserted
2020-09-30 13:45:43,371 - 18952 INFO - cart_details Records Inserted
2020-09-30 13:45:43,371 - 18952 INFO - cart_details Records Inserted
2020-09-30 13:45:43,371 - 18952 INFO - cart_details Records Inserted
2020-09-30 13:45:43,371 - 18952 INFO - cart_details Records Inserted
2020-09-30 13:45:43,371 - 18952 INFO - cart_details Records Inserted
2020-09-30 13:45:43,371 - 18952 INFO - cart_details Records Inserted
2020-09-30 13:45:43,371 - 18952 INFO - cart_details Records Inserted
2020-09-30 13:45:43,371 - 18952 INFO - cart_details Records Inserted
2020-09-30 13:45:43,371 - 18952 INFO - cart_details Records Inserted
2020-09-30 13:45:43,414 - 18952 INFO - customer_address_details Records Inserted
2020-09-30 13:45:43,414 - 18952 INFO - customer_address_details Records Inserted
2020-09-30 13:45:43,414 - 18952 INFO - customer_address_details Records Inserted
2020-09-30 13:45:43,414 - 18952 INFO - customer_address_details Records Inserted
2020-09-30 13:45:43,414 - 18952 INFO - customer_address_details Records Inserted
2020-09-30 13:45:43,414 - 18952 INFO - customer_address_details Records Inserted
2020-09-30 13:45:43,414 - 18952 INFO - customer_address_details Records Inserted
2020-09-30 13:45:43,414 - 18952 INFO - customer_address_details Records Inserted
2020-09-30 13:45:43,414 - 18952 INFO - customer_address_details Records Inserted
2020-09-30 13:45:43,414 - 18952 INFO - customer_address_details Records Inserted
2020-09-30 13:45:43,414 - 18952 INFO - customer_address_details Records Inserted
2020-09-30 13:45:43,414 - 18952 INFO - customer_address_details Records Inserted
2020-09-30 13:45:43,414 - 18952 INFO - customer_address_details Records Inserted
2020-09-30 13:45:43,470 - 18952 INFO - order_details Records Inserted
2020-09-30 13:45:43,470 - 18952 INFO - order_details Records Inserted
2020-09-30 13:45:43,470 - 18952 INFO - order_details Records Inserted
2020-09-30 13:45:43,470 - 18952 INFO - order_details Records Inserted
2020-09-30 13:45:43,470 - 18952 INFO - order_details Records Inserted
2020-09-30 13:45:43,470 - 18952 INFO - order_details Records Inserted
2020-09-30 13:45:43,470 - 18952 INFO - order_details Records Inserted
2020-09-30 13:45:43,470 - 18952 INFO - order_details Records Inserted
2020-09-30 13:45:43,470 - 18952 INFO - order_details Records Inserted
2020-09-30 13:45:43,470 - 18952 INFO - order_details Records Inserted
2020-09-30 13:45:43,470 - 18952 INFO - order_details Records Inserted
2020-09-30 13:45:43,470 - 18952 INFO - order_details Records Inserted
2020-09-30 13:45:43,470 - 18952 INFO - order_details Records Inserted
2020-09-30 13:45:43,470 - 18952 INFO - order_details Records Inserted
2020-09-30 13:45:43,470 - 18952 INFO - order_details Records Inserted
2020-09-30 13:45:43,514 - 18952 INFO - product_stock_details Records Inserted
2020-09-30 13:45:43,514 - 18952 INFO - product_stock_details Records Inserted
2020-09-30 13:45:43,514 - 18952 INFO - product_stock_details Records Inserted
2020-09-30 13:45:43,514 - 18952 INFO - product_stock_details Records Inserted
2020-09-30 13:45:43,514 - 18952 INFO - product_stock_details Records Inserted
2020-09-30 13:45:43,514 - 18952 INFO - product_stock_details Records Inserted
2020-09-30 13:45:43,514 - 18952 INFO - product_stock_details Records Inserted
2020-09-30 13:45:43,514 - 18952 INFO - product_stock_details Records Inserted
2020-09-30 13:45:43,514 - 18952 INFO - product_stock_details Records Inserted
2020-09-30 13:45:43,514 - 18952 INFO - product_stock_details Records Inserted
2020-09-30 13:45:43,514 - 18952 INFO - product_stock_details Records Inserted
2020-09-30 13:45:43,514 - 18952 INFO - product_stock_details Records Inserted
2020-09-30 13:45:43,514 - 18952 INFO - product_stock_details Records Inserted
2020-09-30 13:45:43,514 - 18952 INFO - product_stock_details Records Inserted
2020-09-30 13:45:43,514 - 18952 INFO - product_stock_details Records Inserted
2020-09-30 13:45:43,514 - 18952 INFO - product_stock_details Records Inserted
2020-09-30 13:45:43,514 - 18952 INFO - product_stock_details Records Inserted
2020-09-30 13:45:43,557 - 18952 INFO - product_details Records Inserted
2020-09-30 13:45:43,557 - 18952 INFO - product_details Records Inserted
2020-09-30 13:45:43,557 - 18952 INFO - product_details Records Inserted
2020-09-30 13:45:43,557 - 18952 INFO - product_details Records Inserted
2020-09-30 13:45:43,557 - 18952 INFO - product_details Records Inserted
2020-09-30 13:45:43,557 - 18952 INFO - product_details Records Inserted
2020-09-30 13:45:43,557 - 18952 INFO - product_details Records Inserted
2020-09-30 13:45:43,557 - 18952 INFO - product_details Records Inserted
2020-09-30 13:45:43,557 - 18952 INFO - product_details Records Inserted
2020-09-30 13:45:43,557 - 18952 INFO - product_details Records Inserted
2020-09-30 13:45:43,557 - 18952 INFO - product_details Records Inserted
2020-09-30 13:45:43,557 - 18952 INFO - product_details Records Inserted
2020-09-30 13:45:43,557 - 18952 INFO - product_details Records Inserted
2020-09-30 13:45:43,557 - 18952 INFO - product_details Records Inserted
2020-09-30 13:45:43,557 - 18952 INFO - product_details Records Inserted
2020-09-30 13:45:43,557 - 18952 INFO - product_details Records Inserted
2020-09-30 13:45:43,557 - 18952 INFO - product_details Records Inserted
2020-09-30 13:45:43,557 - 18952 INFO - product_details Records Inserted
2020-09-30 13:45:43,557 - 18952 INFO - product_details Records Inserted
2020-09-30 13:45:43,636 - 18952 INFO - cart_product_details Records Inserted
2020-09-30 13:45:43,636 - 18952 INFO - cart_product_details Records Inserted
2020-09-30 13:45:43,636 - 18952 INFO - cart_product_details Records Inserted
2020-09-30 13:45:43,636 - 18952 INFO - cart_product_details Records Inserted
2020-09-30 13:45:43,636 - 18952 INFO - cart_product_details Records Inserted
2020-09-30 13:45:43,636 - 18952 INFO - cart_product_details Records Inserted
2020-09-30 13:45:43,636 - 18952 INFO - cart_product_details Records Inserted
2020-09-30 13:45:43,636 - 18952 INFO - cart_product_details Records Inserted
2020-09-30 13:45:43,636 - 18952 INFO - cart_product_details Records Inserted
2020-09-30 13:45:43,636 - 18952 INFO - cart_product_details Records Inserted
2020-09-30 13:45:43,636 - 18952 INFO - cart_product_details Records Inserted
2020-09-30 13:45:43,636 - 18952 INFO - cart_product_details Records Inserted
2020-09-30 13:45:43,636 - 18952 INFO - cart_product_details Records Inserted
2020-09-30 13:45:43,636 - 18952 INFO - cart_product_details Records Inserted
2020-09-30 13:45:43,636 - 18952 INFO - cart_product_details Records Inserted
2020-09-30 13:45:43,636 - 18952 INFO - cart_product_details Records Inserted
2020-09-30 13:45:43,636 - 18952 INFO - cart_product_details Records Inserted
2020-09-30 13:45:43,636 - 18952 INFO - cart_product_details Records Inserted
2020-09-30 13:45:43,636 - 18952 INFO - cart_product_details Records Inserted
2020-09-30 13:45:43,636 - 18952 INFO - cart_product_details Records Inserted
2020-09-30 13:45:43,636 - 18952 INFO - cart_product_details Records Inserted
2020-09-30 13:45:43,718 - 18952 INFO - category_product_details Records Inserted
2020-09-30 13:45:43,718 - 18952 INFO - category_product_details Records Inserted
2020-09-30 13:45:43,718 - 18952 INFO - category_product_details Records Inserted
2020-09-30 13:45:43,718 - 18952 INFO - category_product_details Records Inserted
2020-09-30 13:45:43,718 - 18952 INFO - category_product_details Records Inserted
2020-09-30 13:45:43,718 - 18952 INFO - category_product_details Records Inserted
2020-09-30 13:45:43,718 - 18952 INFO - category_product_details Records Inserted
2020-09-30 13:45:43,718 - 18952 INFO - category_product_details Records Inserted
2020-09-30 13:45:43,718 - 18952 INFO - category_product_details Records Inserted
2020-09-30 13:45:43,718 - 18952 INFO - category_product_details Records Inserted
2020-09-30 13:45:43,718 - 18952 INFO - category_product_details Records Inserted
2020-09-30 13:45:43,718 - 18952 INFO - category_product_details Records Inserted
2020-09-30 13:45:43,718 - 18952 INFO - category_product_details Records Inserted
2020-09-30 13:45:43,718 - 18952 INFO - category_product_details Records Inserted
2020-09-30 13:45:43,718 - 18952 INFO - category_product_details Records Inserted
2020-09-30 13:45:43,718 - 18952 INFO - category_product_details Records Inserted
2020-09-30 13:45:43,718 - 18952 INFO - category_product_details Records Inserted
2020-09-30 13:45:43,718 - 18952 INFO - category_product_details Records Inserted
2020-09-30 13:45:43,718 - 18952 INFO - category_product_details Records Inserted
2020-09-30 13:45:43,718 - 18952 INFO - category_product_details Records Inserted
2020-09-30 13:45:43,718 - 18952 INFO - category_product_details Records Inserted
2020-09-30 13:45:43,718 - 18952 INFO - category_product_details Records Inserted
2020-09-30 13:45:43,718 - 18952 INFO - category_product_details Records Inserted
2020-09-30 13:45:43,772 - 18952 INFO - customer_rating_details Records Inserted
2020-09-30 13:45:43,772 - 18952 INFO - customer_rating_details Records Inserted
2020-09-30 13:45:43,772 - 18952 INFO - customer_rating_details Records Inserted
2020-09-30 13:45:43,772 - 18952 INFO - customer_rating_details Records Inserted
2020-09-30 13:45:43,772 - 18952 INFO - customer_rating_details Records Inserted
2020-09-30 13:45:43,772 - 18952 INFO - customer_rating_details Records Inserted
2020-09-30 13:45:43,772 - 18952 INFO - customer_rating_details Records Inserted
2020-09-30 13:45:43,772 - 18952 INFO - customer_rating_details Records Inserted
2020-09-30 13:45:43,772 - 18952 INFO - customer_rating_details Records Inserted
2020-09-30 13:45:43,772 - 18952 INFO - customer_rating_details Records Inserted
2020-09-30 13:45:43,772 - 18952 INFO - customer_rating_details Records Inserted
2020-09-30 13:45:43,772 - 18952 INFO - customer_rating_details Records Inserted
2020-09-30 13:45:43,772 - 18952 INFO - customer_rating_details Records Inserted
2020-09-30 13:45:43,772 - 18952 INFO - customer_rating_details Records Inserted
2020-09-30 13:45:43,772 - 18952 INFO - customer_rating_details Records Inserted
2020-09-30 13:45:43,772 - 18952 INFO - customer_rating_details Records Inserted
2020-09-30 13:45:43,772 - 18952 INFO - customer_rating_details Records Inserted
2020-09-30 13:45:43,772 - 18952 INFO - customer_rating_details Records Inserted
2020-09-30 13:45:43,772 - 18952 INFO - customer_rating_details Records Inserted
2020-09-30 13:45:43,772 - 18952 INFO - customer_rating_details Records Inserted
2020-09-30 13:45:43,772 - 18952 INFO - customer_rating_details Records Inserted
2020-09-30 13:45:43,772 - 18952 INFO - customer_rating_details Records Inserted
2020-09-30 13:45:43,772 - 18952 INFO - customer_rating_details Records Inserted
2020-09-30 13:45:43,772 - 18952 INFO - customer_rating_details Records Inserted
2020-09-30 13:45:43,772 - 18952 INFO - customer_rating_details Records Inserted
2020-09-30 13:45:43,814 - 18952 INFO - invoice_details Records Inserted
2020-09-30 13:45:43,814 - 18952 INFO - invoice_details Records Inserted
2020-09-30 13:45:43,814 - 18952 INFO - invoice_details Records Inserted
2020-09-30 13:45:43,814 - 18952 INFO - invoice_details Records Inserted
2020-09-30 13:45:43,814 - 18952 INFO - invoice_details Records Inserted
2020-09-30 13:45:43,814 - 18952 INFO - invoice_details Records Inserted
2020-09-30 13:45:43,814 - 18952 INFO - invoice_details Records Inserted
2020-09-30 13:45:43,814 - 18952 INFO - invoice_details Records Inserted
2020-09-30 13:45:43,814 - 18952 INFO - invoice_details Records Inserted
2020-09-30 13:45:43,814 - 18952 INFO - invoice_details Records Inserted
2020-09-30 13:45:43,814 - 18952 INFO - invoice_details Records Inserted
2020-09-30 13:45:43,814 - 18952 INFO - invoice_details Records Inserted
2020-09-30 13:45:43,814 - 18952 INFO - invoice_details Records Inserted
2020-09-30 13:45:43,814 - 18952 INFO - invoice_details Records Inserted
2020-09-30 13:45:43,814 - 18952 INFO - invoice_details Records Inserted
2020-09-30 13:45:43,814 - 18952 INFO - invoice_details Records Inserted
2020-09-30 13:45:43,814 - 18952 INFO - invoice_details Records Inserted
2020-09-30 13:45:43,814 - 18952 INFO - invoice_details Records Inserted
2020-09-30 13:45:43,814 - 18952 INFO - invoice_details Records Inserted
2020-09-30 13:45:43,814 - 18952 INFO - invoice_details Records Inserted
2020-09-30 13:45:43,814 - 18952 INFO - invoice_details Records Inserted
2020-09-30 13:45:43,814 - 18952 INFO - invoice_details Records Inserted
2020-09-30 13:45:43,814 - 18952 INFO - invoice_details Records Inserted
2020-09-30 13:45:43,814 - 18952 INFO - invoice_details Records Inserted
2020-09-30 13:45:43,814 - 18952 INFO - invoice_details Records Inserted
2020-09-30 13:45:43,814 - 18952 INFO - invoice_details Records Inserted
2020-09-30 13:45:43,814 - 18952 INFO - invoice_details Records Inserted
2020-09-30 13:45:43,855 - 18952 INFO - payment_details Records Inserted
2020-09-30 13:45:43,855 - 18952 INFO - payment_details Records Inserted
2020-09-30 13:45:43,855 - 18952 INFO - payment_details Records Inserted
2020-09-30 13:45:43,855 - 18952 INFO - payment_details Records Inserted
2020-09-30 13:45:43,855 - 18952 INFO - payment_details Records Inserted
2020-09-30 13:45:43,855 - 18952 INFO - payment_details Records Inserted
2020-09-30 13:45:43,855 - 18952 INFO - payment_details Records Inserted
2020-09-30 13:45:43,855 - 18952 INFO - payment_details Records Inserted
2020-09-30 13:45:43,855 - 18952 INFO - payment_details Records Inserted
2020-09-30 13:45:43,855 - 18952 INFO - payment_details Records Inserted
2020-09-30 13:45:43,855 - 18952 INFO - payment_details Records Inserted
2020-09-30 13:45:43,855 - 18952 INFO - payment_details Records Inserted
2020-09-30 13:45:43,855 - 18952 INFO - payment_details Records Inserted
2020-09-30 13:45:43,855 - 18952 INFO - payment_details Records Inserted
2020-09-30 13:45:43,855 - 18952 INFO - payment_details Records Inserted
2020-09-30 13:45:43,855 - 18952 INFO - payment_details Records Inserted
2020-09-30 13:45:43,855 - 18952 INFO - payment_details Records Inserted
2020-09-30 13:45:43,855 - 18952 INFO - payment_details Records Inserted
2020-09-30 13:45:43,855 - 18952 INFO - payment_details Records Inserted
2020-09-30 13:45:43,855 - 18952 INFO - payment_details Records Inserted
2020-09-30 13:45:43,855 - 18952 INFO - payment_details Records Inserted
2020-09-30 13:45:43,855 - 18952 INFO - payment_details Records Inserted
2020-09-30 13:45:43,855 - 18952 INFO - payment_details Records Inserted
2020-09-30 13:45:43,855 - 18952 INFO - payment_details Records Inserted
2020-09-30 13:45:43,855 - 18952 INFO - payment_details Records Inserted
2020-09-30 13:45:43,855 - 18952 INFO - payment_details Records Inserted
2020-09-30 13:45:43,855 - 18952 INFO - payment_details Records Inserted
2020-09-30 13:45:43,855 - 18952 INFO - payment_details Records Inserted
2020-09-30 13:45:43,855 - 18952 INFO - payment_details Records Inserted
2020-09-30 13:45:43,899 - 18952 INFO - product_ordered_details Records Inserted
2020-09-30 13:45:43,899 - 18952 INFO - product_ordered_details Records Inserted
2020-09-30 13:45:43,899 - 18952 INFO - product_ordered_details Records Inserted
2020-09-30 13:45:43,899 - 18952 INFO - product_ordered_details Records Inserted
2020-09-30 13:45:43,899 - 18952 INFO - product_ordered_details Records Inserted
2020-09-30 13:45:43,899 - 18952 INFO - product_ordered_details Records Inserted
2020-09-30 13:45:43,899 - 18952 INFO - product_ordered_details Records Inserted
2020-09-30 13:45:43,899 - 18952 INFO - product_ordered_details Records Inserted
2020-09-30 13:45:43,899 - 18952 INFO - product_ordered_details Records Inserted
2020-09-30 13:45:43,899 - 18952 INFO - product_ordered_details Records Inserted
2020-09-30 13:45:43,899 - 18952 INFO - product_ordered_details Records Inserted
2020-09-30 13:45:43,899 - 18952 INFO - product_ordered_details Records Inserted
2020-09-30 13:45:43,899 - 18952 INFO - product_ordered_details Records Inserted
2020-09-30 13:45:43,899 - 18952 INFO - product_ordered_details Records Inserted
2020-09-30 13:45:43,899 - 18952 INFO - product_ordered_details Records Inserted
2020-09-30 13:45:43,899 - 18952 INFO - product_ordered_details Records Inserted
2020-09-30 13:45:43,899 - 18952 INFO - product_ordered_details Records Inserted
2020-09-30 13:45:43,899 - 18952 INFO - product_ordered_details Records Inserted
2020-09-30 13:45:43,899 - 18952 INFO - product_ordered_details Records Inserted
2020-09-30 13:45:43,899 - 18952 INFO - product_ordered_details Records Inserted
2020-09-30 13:45:43,899 - 18952 INFO - product_ordered_details Records Inserted
2020-09-30 13:45:43,899 - 18952 INFO - product_ordered_details Records Inserted
2020-09-30 13:45:43,899 - 18952 INFO - product_ordered_details Records Inserted
2020-09-30 13:45:43,899 - 18952 INFO - product_ordered_details Records Inserted
2020-09-30 13:45:43,899 - 18952 INFO - product_ordered_details Records Inserted
2020-09-30 13:45:43,899 - 18952 INFO - product_ordered_details Records Inserted
2020-09-30 13:45:43,899 - 18952 INFO - product_ordered_details Records Inserted
2020-09-30 13:45:43,899 - 18952 INFO - product_ordered_details Records Inserted
2020-09-30 13:45:43,899 - 18952 INFO - product_ordered_details Records Inserted
2020-09-30 13:45:43,899 - 18952 INFO - product_ordered_details Records Inserted
2020-09-30 13:45:43,899 - 18952 INFO - product_ordered_details Records Inserted
2020-09-30 13:45:43,944 - 18952 INFO - shipping_status Records Inserted
2020-09-30 13:45:43,944 - 18952 INFO - shipping_status Records Inserted
2020-09-30 13:45:43,944 - 18952 INFO - shipping_status Records Inserted
2020-09-30 13:45:43,944 - 18952 INFO - shipping_status Records Inserted
2020-09-30 13:45:43,944 - 18952 INFO - shipping_status Records Inserted
2020-09-30 13:45:43,944 - 18952 INFO - shipping_status Records Inserted
2020-09-30 13:45:43,944 - 18952 INFO - shipping_status Records Inserted
2020-09-30 13:45:43,944 - 18952 INFO - shipping_status Records Inserted
2020-09-30 13:45:43,944 - 18952 INFO - shipping_status Records Inserted
2020-09-30 13:45:43,944 - 18952 INFO - shipping_status Records Inserted
2020-09-30 13:45:43,944 - 18952 INFO - shipping_status Records Inserted
2020-09-30 13:45:43,944 - 18952 INFO - shipping_status Records Inserted
2020-09-30 13:45:43,944 - 18952 INFO - shipping_status Records Inserted
2020-09-30 13:45:43,944 - 18952 INFO - shipping_status Records Inserted
2020-09-30 13:45:43,944 - 18952 INFO - shipping_status Records Inserted
2020-09-30 13:45:43,944 - 18952 INFO - shipping_status Records Inserted
2020-09-30 13:45:43,944 - 18952 INFO - shipping_status Records Inserted
2020-09-30 13:45:43,944 - 18952 INFO - shipping_status Records Inserted
2020-09-30 13:45:43,944 - 18952 INFO - shipping_status Records Inserted
2020-09-30 13:45:43,944 - 18952 INFO - shipping_status Records Inserted
2020-09-30 13:45:43,944 - 18952 INFO - shipping_status Records Inserted
2020-09-30 13:45:43,944 - 18952 INFO - shipping_status Records Inserted
2020-09-30 13:45:43,944 - 18952 INFO - shipping_status Records Inserted
2020-09-30 13:45:43,944 - 18952 INFO - shipping_status Records Inserted
2020-09-30 13:45:43,944 - 18952 INFO - shipping_status Records Inserted
2020-09-30 13:45:43,944 - 18952 INFO - shipping_status Records Inserted
2020-09-30 13:45:43,944 - 18952 INFO - shipping_status Records Inserted
2020-09-30 13:45:43,944 - 18952 INFO - shipping_status Records Inserted
2020-09-30 13:45:43,944 - 18952 INFO - shipping_status Records Inserted
2020-09-30 13:45:43,944 - 18952 INFO - shipping_status Records Inserted
2020-09-30 13:45:43,944 - 18952 INFO - shipping_status Records Inserted
2020-09-30 13:45:43,944 - 18952 INFO - shipping_status Records Inserted
2020-09-30 13:45:43,944 - 18952 INFO - shipping_status Records Inserted
