2020-09-30 16:14:30,090 - 26964 DEBUG - ['Traceback (most recent call last):\n', '  File "C:\\Users\\balaji.a.arunachalam\\PycharmProjects\\Back_end(Python,SQL)\\src\\main\\table_creation.py", line 15, in create_table\n    sqlfile = open(file_path,\'r\')\n', "FileNotFoundError: [Errno 2] No such file or directory: 'C:\\\\Users\\\\balaji.a.arunachalam\\\\PycharmProjects\\\\Back_end(Python,SQL)\\\\src\\\\main\\\\table_creation.py.sql'\n"]
2020-09-30 16:14:30,090 - 26964 DEBUG - ['Traceback (most recent call last):\n', '  File "C:\\Users\\balaji.a.arunachalam\\PycharmProjects\\Back_end(Python,SQL)\\src\\main\\table_creation.py", line 15, in create_table\n    sqlfile = open(file_path,\'r\')\n', "FileNotFoundError: [Errno 2] No such file or directory: 'C:\\\\Users\\\\balaji.a.arunachalam\\\\PycharmProjects\\\\Back_end(Python,SQL)\\\\src\\\\main\\\\table_creation.py.sql'\n"]
2020-09-30 16:14:30,090 - 26964 DEBUG - ['Traceback (most recent call last):\n', '  File "C:\\Users\\balaji.a.arunachalam\\PycharmProjects\\Back_end(Python,SQL)\\src\\main\\table_creation.py", line 15, in create_table\n    sqlfile = open(file_path,\'r\')\n', "FileNotFoundError: [Errno 2] No such file or directory: 'C:\\\\Users\\\\balaji.a.arunachalam\\\\PycharmProjects\\\\Back_end(Python,SQL)\\\\src\\\\main\\\\table_creation.py.sql'\n"]
2020-09-30 16:14:56,096 - 29584 INFO - CREATE TABLE if not exists CUSTOMER_DETAILS(
customer_id int PRIMARY KEY NOT NULL ,
customer_name varchar(15) NOT NULL,
customer_ph_no bigint,
customer_type varchar(10) DEFAULT 'GEN',
customer_mail_id varchar(25) NOT NULL,
customer_pass varchar(12) NOT NULL,
customer_gen varchar(10)) customer_details.sql 0.06s customer_details Table CREATED
2020-09-30 16:14:56,096 - 29584 INFO - CREATE TABLE if not exists CUSTOMER_DETAILS(
customer_id int PRIMARY KEY NOT NULL ,
customer_name varchar(15) NOT NULL,
customer_ph_no bigint,
customer_type varchar(10) DEFAULT 'GEN',
customer_mail_id varchar(25) NOT NULL,
customer_pass varchar(12) NOT NULL,
customer_gen varchar(10)) customer_details.sql 0.06s customer_details Table CREATED
2020-09-30 16:14:56,096 - 29584 INFO - CREATE TABLE if not exists CUSTOMER_DETAILS(
customer_id int PRIMARY KEY NOT NULL ,
customer_name varchar(15) NOT NULL,
customer_ph_no bigint,
customer_type varchar(10) DEFAULT 'GEN',
customer_mail_id varchar(25) NOT NULL,
customer_pass varchar(12) NOT NULL,
customer_gen varchar(10)) customer_details.sql 0.06s customer_details Table CREATED
