2020-09-30 13:46:10,781 - 6088 INFO - category_details Records Inserted
2020-09-30 13:46:10,781 - 6088 INFO - category_details Records Inserted
2020-09-30 13:46:10,781 - 6088 INFO - category_details Records Inserted
2020-09-30 13:46:10,826 - 6088 INFO - customer_details Records Inserted
2020-09-30 13:46:10,826 - 6088 INFO - customer_details Records Inserted
2020-09-30 13:46:10,826 - 6088 INFO - customer_details Records Inserted
2020-09-30 13:46:10,826 - 6088 INFO - customer_details Records Inserted
2020-09-30 13:46:10,826 - 6088 INFO - customer_details Records Inserted
2020-09-30 13:46:10,867 - 6088 INFO - order_status_details Records Inserted
2020-09-30 13:46:10,867 - 6088 INFO - order_status_details Records Inserted
2020-09-30 13:46:10,867 - 6088 INFO - order_status_details Records Inserted
2020-09-30 13:46:10,867 - 6088 INFO - order_status_details Records Inserted
2020-09-30 13:46:10,867 - 6088 INFO - order_status_details Records Inserted
2020-09-30 13:46:10,867 - 6088 INFO - order_status_details Records Inserted
2020-09-30 13:46:10,867 - 6088 INFO - order_status_details Records Inserted
2020-09-30 13:46:10,908 - 6088 INFO - seller_details Records Inserted
2020-09-30 13:46:10,908 - 6088 INFO - seller_details Records Inserted
2020-09-30 13:46:10,908 - 6088 INFO - seller_details Records Inserted
2020-09-30 13:46:10,908 - 6088 INFO - seller_details Records Inserted
2020-09-30 13:46:10,908 - 6088 INFO - seller_details Records Inserted
2020-09-30 13:46:10,908 - 6088 INFO - seller_details Records Inserted
2020-09-30 13:46:10,908 - 6088 INFO - seller_details Records Inserted
2020-09-30 13:46:10,908 - 6088 INFO - seller_details Records Inserted
2020-09-30 13:46:10,908 - 6088 INFO - seller_details Records Inserted
2020-09-30 13:46:10,951 - 6088 INFO - cart_details Records Inserted
2020-09-30 13:46:10,951 - 6088 INFO - cart_details Records Inserted
2020-09-30 13:46:10,951 - 6088 INFO - cart_details Records Inserted
2020-09-30 13:46:10,951 - 6088 INFO - cart_details Records Inserted
2020-09-30 13:46:10,951 - 6088 INFO - cart_details Records Inserted
2020-09-30 13:46:10,951 - 6088 INFO - cart_details Records Inserted
2020-09-30 13:46:10,951 - 6088 INFO - cart_details Records Inserted
2020-09-30 13:46:10,951 - 6088 INFO - cart_details Records Inserted
2020-09-30 13:46:10,951 - 6088 INFO - cart_details Records Inserted
2020-09-30 13:46:10,951 - 6088 INFO - cart_details Records Inserted
2020-09-30 13:46:10,951 - 6088 INFO - cart_details Records Inserted
2020-09-30 13:46:11,004 - 6088 INFO - customer_address_details Records Inserted
2020-09-30 13:46:11,004 - 6088 INFO - customer_address_details Records Inserted
2020-09-30 13:46:11,004 - 6088 INFO - customer_address_details Records Inserted
2020-09-30 13:46:11,004 - 6088 INFO - customer_address_details Records Inserted
2020-09-30 13:46:11,004 - 6088 INFO - customer_address_details Records Inserted
2020-09-30 13:46:11,004 - 6088 INFO - customer_address_details Records Inserted
2020-09-30 13:46:11,004 - 6088 INFO - customer_address_details Records Inserted
2020-09-30 13:46:11,004 - 6088 INFO - customer_address_details Records Inserted
2020-09-30 13:46:11,004 - 6088 INFO - customer_address_details Records Inserted
2020-09-30 13:46:11,004 - 6088 INFO - customer_address_details Records Inserted
2020-09-30 13:46:11,004 - 6088 INFO - customer_address_details Records Inserted
2020-09-30 13:46:11,004 - 6088 INFO - customer_address_details Records Inserted
2020-09-30 13:46:11,004 - 6088 INFO - customer_address_details Records Inserted
2020-09-30 13:46:11,050 - 6088 INFO - order_details Records Inserted
2020-09-30 13:46:11,050 - 6088 INFO - order_details Records Inserted
2020-09-30 13:46:11,050 - 6088 INFO - order_details Records Inserted
2020-09-30 13:46:11,050 - 6088 INFO - order_details Records Inserted
2020-09-30 13:46:11,050 - 6088 INFO - order_details Records Inserted
2020-09-30 13:46:11,050 - 6088 INFO - order_details Records Inserted
2020-09-30 13:46:11,050 - 6088 INFO - order_details Records Inserted
2020-09-30 13:46:11,050 - 6088 INFO - order_details Records Inserted
2020-09-30 13:46:11,050 - 6088 INFO - order_details Records Inserted
2020-09-30 13:46:11,050 - 6088 INFO - order_details Records Inserted
2020-09-30 13:46:11,050 - 6088 INFO - order_details Records Inserted
2020-09-30 13:46:11,050 - 6088 INFO - order_details Records Inserted
2020-09-30 13:46:11,050 - 6088 INFO - order_details Records Inserted
2020-09-30 13:46:11,050 - 6088 INFO - order_details Records Inserted
2020-09-30 13:46:11,050 - 6088 INFO - order_details Records Inserted
2020-09-30 13:46:11,094 - 6088 INFO - product_stock_details Records Inserted
2020-09-30 13:46:11,094 - 6088 INFO - product_stock_details Records Inserted
2020-09-30 13:46:11,094 - 6088 INFO - product_stock_details Records Inserted
2020-09-30 13:46:11,094 - 6088 INFO - product_stock_details Records Inserted
2020-09-30 13:46:11,094 - 6088 INFO - product_stock_details Records Inserted
2020-09-30 13:46:11,094 - 6088 INFO - product_stock_details Records Inserted
2020-09-30 13:46:11,094 - 6088 INFO - product_stock_details Records Inserted
2020-09-30 13:46:11,094 - 6088 INFO - product_stock_details Records Inserted
2020-09-30 13:46:11,094 - 6088 INFO - product_stock_details Records Inserted
2020-09-30 13:46:11,094 - 6088 INFO - product_stock_details Records Inserted
2020-09-30 13:46:11,094 - 6088 INFO - product_stock_details Records Inserted
2020-09-30 13:46:11,094 - 6088 INFO - product_stock_details Records Inserted
2020-09-30 13:46:11,094 - 6088 INFO - product_stock_details Records Inserted
2020-09-30 13:46:11,094 - 6088 INFO - product_stock_details Records Inserted
2020-09-30 13:46:11,094 - 6088 INFO - product_stock_details Records Inserted
2020-09-30 13:46:11,094 - 6088 INFO - product_stock_details Records Inserted
2020-09-30 13:46:11,094 - 6088 INFO - product_stock_details Records Inserted
2020-09-30 13:46:11,138 - 6088 INFO - product_details Records Inserted
2020-09-30 13:46:11,138 - 6088 INFO - product_details Records Inserted
2020-09-30 13:46:11,138 - 6088 INFO - product_details Records Inserted
2020-09-30 13:46:11,138 - 6088 INFO - product_details Records Inserted
2020-09-30 13:46:11,138 - 6088 INFO - product_details Records Inserted
2020-09-30 13:46:11,138 - 6088 INFO - product_details Records Inserted
2020-09-30 13:46:11,138 - 6088 INFO - product_details Records Inserted
2020-09-30 13:46:11,138 - 6088 INFO - product_details Records Inserted
2020-09-30 13:46:11,138 - 6088 INFO - product_details Records Inserted
2020-09-30 13:46:11,138 - 6088 INFO - product_details Records Inserted
2020-09-30 13:46:11,138 - 6088 INFO - product_details Records Inserted
2020-09-30 13:46:11,138 - 6088 INFO - product_details Records Inserted
2020-09-30 13:46:11,138 - 6088 INFO - product_details Records Inserted
2020-09-30 13:46:11,138 - 6088 INFO - product_details Records Inserted
2020-09-30 13:46:11,138 - 6088 INFO - product_details Records Inserted
2020-09-30 13:46:11,138 - 6088 INFO - product_details Records Inserted
2020-09-30 13:46:11,138 - 6088 INFO - product_details Records Inserted
2020-09-30 13:46:11,138 - 6088 INFO - product_details Records Inserted
2020-09-30 13:46:11,138 - 6088 INFO - product_details Records Inserted
2020-09-30 13:46:11,224 - 6088 INFO - cart_product_details Records Inserted
2020-09-30 13:46:11,224 - 6088 INFO - cart_product_details Records Inserted
2020-09-30 13:46:11,224 - 6088 INFO - cart_product_details Records Inserted
2020-09-30 13:46:11,224 - 6088 INFO - cart_product_details Records Inserted
2020-09-30 13:46:11,224 - 6088 INFO - cart_product_details Records Inserted
2020-09-30 13:46:11,224 - 6088 INFO - cart_product_details Records Inserted
2020-09-30 13:46:11,224 - 6088 INFO - cart_product_details Records Inserted
2020-09-30 13:46:11,224 - 6088 INFO - cart_product_details Records Inserted
2020-09-30 13:46:11,224 - 6088 INFO - cart_product_details Records Inserted
2020-09-30 13:46:11,224 - 6088 INFO - cart_product_details Records Inserted
2020-09-30 13:46:11,224 - 6088 INFO - cart_product_details Records Inserted
2020-09-30 13:46:11,224 - 6088 INFO - cart_product_details Records Inserted
2020-09-30 13:46:11,224 - 6088 INFO - cart_product_details Records Inserted
2020-09-30 13:46:11,224 - 6088 INFO - cart_product_details Records Inserted
2020-09-30 13:46:11,224 - 6088 INFO - cart_product_details Records Inserted
2020-09-30 13:46:11,224 - 6088 INFO - cart_product_details Records Inserted
2020-09-30 13:46:11,224 - 6088 INFO - cart_product_details Records Inserted
2020-09-30 13:46:11,224 - 6088 INFO - cart_product_details Records Inserted
2020-09-30 13:46:11,224 - 6088 INFO - cart_product_details Records Inserted
2020-09-30 13:46:11,224 - 6088 INFO - cart_product_details Records Inserted
2020-09-30 13:46:11,224 - 6088 INFO - cart_product_details Records Inserted
2020-09-30 13:46:11,415 - 6088 INFO - category_product_details Records Inserted
2020-09-30 13:46:11,415 - 6088 INFO - category_product_details Records Inserted
2020-09-30 13:46:11,415 - 6088 INFO - category_product_details Records Inserted
2020-09-30 13:46:11,415 - 6088 INFO - category_product_details Records Inserted
2020-09-30 13:46:11,415 - 6088 INFO - category_product_details Records Inserted
2020-09-30 13:46:11,415 - 6088 INFO - category_product_details Records Inserted
2020-09-30 13:46:11,415 - 6088 INFO - category_product_details Records Inserted
2020-09-30 13:46:11,415 - 6088 INFO - category_product_details Records Inserted
2020-09-30 13:46:11,415 - 6088 INFO - category_product_details Records Inserted
2020-09-30 13:46:11,415 - 6088 INFO - category_product_details Records Inserted
2020-09-30 13:46:11,415 - 6088 INFO - category_product_details Records Inserted
2020-09-30 13:46:11,415 - 6088 INFO - category_product_details Records Inserted
2020-09-30 13:46:11,415 - 6088 INFO - category_product_details Records Inserted
2020-09-30 13:46:11,415 - 6088 INFO - category_product_details Records Inserted
2020-09-30 13:46:11,415 - 6088 INFO - category_product_details Records Inserted
2020-09-30 13:46:11,415 - 6088 INFO - category_product_details Records Inserted
2020-09-30 13:46:11,415 - 6088 INFO - category_product_details Records Inserted
2020-09-30 13:46:11,415 - 6088 INFO - category_product_details Records Inserted
2020-09-30 13:46:11,415 - 6088 INFO - category_product_details Records Inserted
2020-09-30 13:46:11,415 - 6088 INFO - category_product_details Records Inserted
2020-09-30 13:46:11,415 - 6088 INFO - category_product_details Records Inserted
2020-09-30 13:46:11,415 - 6088 INFO - category_product_details Records Inserted
2020-09-30 13:46:11,415 - 6088 INFO - category_product_details Records Inserted
2020-09-30 13:46:11,460 - 6088 INFO - customer_rating_details Records Inserted
2020-09-30 13:46:11,460 - 6088 INFO - customer_rating_details Records Inserted
2020-09-30 13:46:11,460 - 6088 INFO - customer_rating_details Records Inserted
2020-09-30 13:46:11,460 - 6088 INFO - customer_rating_details Records Inserted
2020-09-30 13:46:11,460 - 6088 INFO - customer_rating_details Records Inserted
2020-09-30 13:46:11,460 - 6088 INFO - customer_rating_details Records Inserted
2020-09-30 13:46:11,460 - 6088 INFO - customer_rating_details Records Inserted
2020-09-30 13:46:11,460 - 6088 INFO - customer_rating_details Records Inserted
2020-09-30 13:46:11,460 - 6088 INFO - customer_rating_details Records Inserted
2020-09-30 13:46:11,460 - 6088 INFO - customer_rating_details Records Inserted
2020-09-30 13:46:11,460 - 6088 INFO - customer_rating_details Records Inserted
2020-09-30 13:46:11,460 - 6088 INFO - customer_rating_details Records Inserted
2020-09-30 13:46:11,460 - 6088 INFO - customer_rating_details Records Inserted
2020-09-30 13:46:11,460 - 6088 INFO - customer_rating_details Records Inserted
2020-09-30 13:46:11,460 - 6088 INFO - customer_rating_details Records Inserted
2020-09-30 13:46:11,460 - 6088 INFO - customer_rating_details Records Inserted
2020-09-30 13:46:11,460 - 6088 INFO - customer_rating_details Records Inserted
2020-09-30 13:46:11,460 - 6088 INFO - customer_rating_details Records Inserted
2020-09-30 13:46:11,460 - 6088 INFO - customer_rating_details Records Inserted
2020-09-30 13:46:11,460 - 6088 INFO - customer_rating_details Records Inserted
2020-09-30 13:46:11,460 - 6088 INFO - customer_rating_details Records Inserted
2020-09-30 13:46:11,460 - 6088 INFO - customer_rating_details Records Inserted
2020-09-30 13:46:11,460 - 6088 INFO - customer_rating_details Records Inserted
2020-09-30 13:46:11,460 - 6088 INFO - customer_rating_details Records Inserted
2020-09-30 13:46:11,460 - 6088 INFO - customer_rating_details Records Inserted
2020-09-30 13:46:11,506 - 6088 INFO - invoice_details Records Inserted
2020-09-30 13:46:11,506 - 6088 INFO - invoice_details Records Inserted
2020-09-30 13:46:11,506 - 6088 INFO - invoice_details Records Inserted
2020-09-30 13:46:11,506 - 6088 INFO - invoice_details Records Inserted
2020-09-30 13:46:11,506 - 6088 INFO - invoice_details Records Inserted
2020-09-30 13:46:11,506 - 6088 INFO - invoice_details Records Inserted
2020-09-30 13:46:11,506 - 6088 INFO - invoice_details Records Inserted
2020-09-30 13:46:11,506 - 6088 INFO - invoice_details Records Inserted
2020-09-30 13:46:11,506 - 6088 INFO - invoice_details Records Inserted
2020-09-30 13:46:11,506 - 6088 INFO - invoice_details Records Inserted
2020-09-30 13:46:11,506 - 6088 INFO - invoice_details Records Inserted
2020-09-30 13:46:11,506 - 6088 INFO - invoice_details Records Inserted
2020-09-30 13:46:11,506 - 6088 INFO - invoice_details Records Inserted
2020-09-30 13:46:11,506 - 6088 INFO - invoice_details Records Inserted
2020-09-30 13:46:11,506 - 6088 INFO - invoice_details Records Inserted
2020-09-30 13:46:11,506 - 6088 INFO - invoice_details Records Inserted
2020-09-30 13:46:11,506 - 6088 INFO - invoice_details Records Inserted
2020-09-30 13:46:11,506 - 6088 INFO - invoice_details Records Inserted
2020-09-30 13:46:11,506 - 6088 INFO - invoice_details Records Inserted
2020-09-30 13:46:11,506 - 6088 INFO - invoice_details Records Inserted
2020-09-30 13:46:11,506 - 6088 INFO - invoice_details Records Inserted
2020-09-30 13:46:11,506 - 6088 INFO - invoice_details Records Inserted
2020-09-30 13:46:11,506 - 6088 INFO - invoice_details Records Inserted
2020-09-30 13:46:11,506 - 6088 INFO - invoice_details Records Inserted
2020-09-30 13:46:11,506 - 6088 INFO - invoice_details Records Inserted
2020-09-30 13:46:11,506 - 6088 INFO - invoice_details Records Inserted
2020-09-30 13:46:11,506 - 6088 INFO - invoice_details Records Inserted
2020-09-30 13:46:11,547 - 6088 INFO - payment_details Records Inserted
2020-09-30 13:46:11,547 - 6088 INFO - payment_details Records Inserted
2020-09-30 13:46:11,547 - 6088 INFO - payment_details Records Inserted
2020-09-30 13:46:11,547 - 6088 INFO - payment_details Records Inserted
2020-09-30 13:46:11,547 - 6088 INFO - payment_details Records Inserted
2020-09-30 13:46:11,547 - 6088 INFO - payment_details Records Inserted
2020-09-30 13:46:11,547 - 6088 INFO - payment_details Records Inserted
2020-09-30 13:46:11,547 - 6088 INFO - payment_details Records Inserted
2020-09-30 13:46:11,547 - 6088 INFO - payment_details Records Inserted
2020-09-30 13:46:11,547 - 6088 INFO - payment_details Records Inserted
2020-09-30 13:46:11,547 - 6088 INFO - payment_details Records Inserted
2020-09-30 13:46:11,547 - 6088 INFO - payment_details Records Inserted
2020-09-30 13:46:11,547 - 6088 INFO - payment_details Records Inserted
2020-09-30 13:46:11,547 - 6088 INFO - payment_details Records Inserted
2020-09-30 13:46:11,547 - 6088 INFO - payment_details Records Inserted
2020-09-30 13:46:11,547 - 6088 INFO - payment_details Records Inserted
2020-09-30 13:46:11,547 - 6088 INFO - payment_details Records Inserted
2020-09-30 13:46:11,547 - 6088 INFO - payment_details Records Inserted
2020-09-30 13:46:11,547 - 6088 INFO - payment_details Records Inserted
2020-09-30 13:46:11,547 - 6088 INFO - payment_details Records Inserted
2020-09-30 13:46:11,547 - 6088 INFO - payment_details Records Inserted
2020-09-30 13:46:11,547 - 6088 INFO - payment_details Records Inserted
2020-09-30 13:46:11,547 - 6088 INFO - payment_details Records Inserted
2020-09-30 13:46:11,547 - 6088 INFO - payment_details Records Inserted
2020-09-30 13:46:11,547 - 6088 INFO - payment_details Records Inserted
2020-09-30 13:46:11,547 - 6088 INFO - payment_details Records Inserted
2020-09-30 13:46:11,547 - 6088 INFO - payment_details Records Inserted
2020-09-30 13:46:11,547 - 6088 INFO - payment_details Records Inserted
2020-09-30 13:46:11,547 - 6088 INFO - payment_details Records Inserted
2020-09-30 13:46:11,591 - 6088 INFO - product_ordered_details Records Inserted
2020-09-30 13:46:11,591 - 6088 INFO - product_ordered_details Records Inserted
2020-09-30 13:46:11,591 - 6088 INFO - product_ordered_details Records Inserted
2020-09-30 13:46:11,591 - 6088 INFO - product_ordered_details Records Inserted
2020-09-30 13:46:11,591 - 6088 INFO - product_ordered_details Records Inserted
2020-09-30 13:46:11,591 - 6088 INFO - product_ordered_details Records Inserted
2020-09-30 13:46:11,591 - 6088 INFO - product_ordered_details Records Inserted
2020-09-30 13:46:11,591 - 6088 INFO - product_ordered_details Records Inserted
2020-09-30 13:46:11,591 - 6088 INFO - product_ordered_details Records Inserted
2020-09-30 13:46:11,591 - 6088 INFO - product_ordered_details Records Inserted
2020-09-30 13:46:11,591 - 6088 INFO - product_ordered_details Records Inserted
2020-09-30 13:46:11,591 - 6088 INFO - product_ordered_details Records Inserted
2020-09-30 13:46:11,591 - 6088 INFO - product_ordered_details Records Inserted
2020-09-30 13:46:11,591 - 6088 INFO - product_ordered_details Records Inserted
2020-09-30 13:46:11,591 - 6088 INFO - product_ordered_details Records Inserted
2020-09-30 13:46:11,591 - 6088 INFO - product_ordered_details Records Inserted
2020-09-30 13:46:11,591 - 6088 INFO - product_ordered_details Records Inserted
2020-09-30 13:46:11,591 - 6088 INFO - product_ordered_details Records Inserted
2020-09-30 13:46:11,591 - 6088 INFO - product_ordered_details Records Inserted
2020-09-30 13:46:11,591 - 6088 INFO - product_ordered_details Records Inserted
2020-09-30 13:46:11,591 - 6088 INFO - product_ordered_details Records Inserted
2020-09-30 13:46:11,591 - 6088 INFO - product_ordered_details Records Inserted
2020-09-30 13:46:11,591 - 6088 INFO - product_ordered_details Records Inserted
2020-09-30 13:46:11,591 - 6088 INFO - product_ordered_details Records Inserted
2020-09-30 13:46:11,591 - 6088 INFO - product_ordered_details Records Inserted
2020-09-30 13:46:11,591 - 6088 INFO - product_ordered_details Records Inserted
2020-09-30 13:46:11,591 - 6088 INFO - product_ordered_details Records Inserted
2020-09-30 13:46:11,591 - 6088 INFO - product_ordered_details Records Inserted
2020-09-30 13:46:11,591 - 6088 INFO - product_ordered_details Records Inserted
2020-09-30 13:46:11,591 - 6088 INFO - product_ordered_details Records Inserted
2020-09-30 13:46:11,591 - 6088 INFO - product_ordered_details Records Inserted
2020-09-30 13:46:11,634 - 6088 INFO - shipping_status Records Inserted
2020-09-30 13:46:11,634 - 6088 INFO - shipping_status Records Inserted
2020-09-30 13:46:11,634 - 6088 INFO - shipping_status Records Inserted
2020-09-30 13:46:11,634 - 6088 INFO - shipping_status Records Inserted
2020-09-30 13:46:11,634 - 6088 INFO - shipping_status Records Inserted
2020-09-30 13:46:11,634 - 6088 INFO - shipping_status Records Inserted
2020-09-30 13:46:11,634 - 6088 INFO - shipping_status Records Inserted
2020-09-30 13:46:11,634 - 6088 INFO - shipping_status Records Inserted
2020-09-30 13:46:11,634 - 6088 INFO - shipping_status Records Inserted
2020-09-30 13:46:11,634 - 6088 INFO - shipping_status Records Inserted
2020-09-30 13:46:11,634 - 6088 INFO - shipping_status Records Inserted
2020-09-30 13:46:11,634 - 6088 INFO - shipping_status Records Inserted
2020-09-30 13:46:11,634 - 6088 INFO - shipping_status Records Inserted
2020-09-30 13:46:11,634 - 6088 INFO - shipping_status Records Inserted
2020-09-30 13:46:11,634 - 6088 INFO - shipping_status Records Inserted
2020-09-30 13:46:11,634 - 6088 INFO - shipping_status Records Inserted
2020-09-30 13:46:11,634 - 6088 INFO - shipping_status Records Inserted
2020-09-30 13:46:11,634 - 6088 INFO - shipping_status Records Inserted
2020-09-30 13:46:11,634 - 6088 INFO - shipping_status Records Inserted
2020-09-30 13:46:11,634 - 6088 INFO - shipping_status Records Inserted
2020-09-30 13:46:11,634 - 6088 INFO - shipping_status Records Inserted
2020-09-30 13:46:11,634 - 6088 INFO - shipping_status Records Inserted
2020-09-30 13:46:11,634 - 6088 INFO - shipping_status Records Inserted
2020-09-30 13:46:11,634 - 6088 INFO - shipping_status Records Inserted
2020-09-30 13:46:11,634 - 6088 INFO - shipping_status Records Inserted
2020-09-30 13:46:11,634 - 6088 INFO - shipping_status Records Inserted
2020-09-30 13:46:11,634 - 6088 INFO - shipping_status Records Inserted
2020-09-30 13:46:11,634 - 6088 INFO - shipping_status Records Inserted
2020-09-30 13:46:11,634 - 6088 INFO - shipping_status Records Inserted
2020-09-30 13:46:11,634 - 6088 INFO - shipping_status Records Inserted
2020-09-30 13:46:11,634 - 6088 INFO - shipping_status Records Inserted
2020-09-30 13:46:11,634 - 6088 INFO - shipping_status Records Inserted
2020-09-30 13:46:11,634 - 6088 INFO - shipping_status Records Inserted
2020-09-30 13:46:26,287 - 30668 INFO - category_details Records Inserted
2020-09-30 13:46:26,287 - 30668 INFO - category_details Records Inserted
2020-09-30 13:46:26,287 - 30668 INFO - category_details Records Inserted
2020-09-30 13:46:26,334 - 30668 INFO - customer_details Records Inserted
2020-09-30 13:46:26,334 - 30668 INFO - customer_details Records Inserted
2020-09-30 13:46:26,334 - 30668 INFO - customer_details Records Inserted
2020-09-30 13:46:26,334 - 30668 INFO - customer_details Records Inserted
2020-09-30 13:46:26,334 - 30668 INFO - customer_details Records Inserted
2020-09-30 13:46:26,380 - 30668 INFO - order_status_details Records Inserted
2020-09-30 13:46:26,380 - 30668 INFO - order_status_details Records Inserted
2020-09-30 13:46:26,380 - 30668 INFO - order_status_details Records Inserted
2020-09-30 13:46:26,380 - 30668 INFO - order_status_details Records Inserted
2020-09-30 13:46:26,380 - 30668 INFO - order_status_details Records Inserted
2020-09-30 13:46:26,380 - 30668 INFO - order_status_details Records Inserted
2020-09-30 13:46:26,380 - 30668 INFO - order_status_details Records Inserted
2020-09-30 13:46:26,426 - 30668 INFO - seller_details Records Inserted
2020-09-30 13:46:26,426 - 30668 INFO - seller_details Records Inserted
2020-09-30 13:46:26,426 - 30668 INFO - seller_details Records Inserted
2020-09-30 13:46:26,426 - 30668 INFO - seller_details Records Inserted
2020-09-30 13:46:26,426 - 30668 INFO - seller_details Records Inserted
2020-09-30 13:46:26,426 - 30668 INFO - seller_details Records Inserted
2020-09-30 13:46:26,426 - 30668 INFO - seller_details Records Inserted
2020-09-30 13:46:26,426 - 30668 INFO - seller_details Records Inserted
2020-09-30 13:46:26,426 - 30668 INFO - seller_details Records Inserted
2020-09-30 13:46:26,474 - 30668 INFO - cart_details Records Inserted
2020-09-30 13:46:26,474 - 30668 INFO - cart_details Records Inserted
2020-09-30 13:46:26,474 - 30668 INFO - cart_details Records Inserted
2020-09-30 13:46:26,474 - 30668 INFO - cart_details Records Inserted
2020-09-30 13:46:26,474 - 30668 INFO - cart_details Records Inserted
2020-09-30 13:46:26,474 - 30668 INFO - cart_details Records Inserted
2020-09-30 13:46:26,474 - 30668 INFO - cart_details Records Inserted
2020-09-30 13:46:26,474 - 30668 INFO - cart_details Records Inserted
2020-09-30 13:46:26,474 - 30668 INFO - cart_details Records Inserted
2020-09-30 13:46:26,474 - 30668 INFO - cart_details Records Inserted
2020-09-30 13:46:26,474 - 30668 INFO - cart_details Records Inserted
2020-09-30 13:46:26,521 - 30668 INFO - customer_address_details Records Inserted
2020-09-30 13:46:26,521 - 30668 INFO - customer_address_details Records Inserted
2020-09-30 13:46:26,521 - 30668 INFO - customer_address_details Records Inserted
2020-09-30 13:46:26,521 - 30668 INFO - customer_address_details Records Inserted
2020-09-30 13:46:26,521 - 30668 INFO - customer_address_details Records Inserted
2020-09-30 13:46:26,521 - 30668 INFO - customer_address_details Records Inserted
2020-09-30 13:46:26,521 - 30668 INFO - customer_address_details Records Inserted
2020-09-30 13:46:26,521 - 30668 INFO - customer_address_details Records Inserted
2020-09-30 13:46:26,521 - 30668 INFO - customer_address_details Records Inserted
2020-09-30 13:46:26,521 - 30668 INFO - customer_address_details Records Inserted
2020-09-30 13:46:26,521 - 30668 INFO - customer_address_details Records Inserted
2020-09-30 13:46:26,521 - 30668 INFO - customer_address_details Records Inserted
2020-09-30 13:46:26,521 - 30668 INFO - customer_address_details Records Inserted
2020-09-30 13:46:26,566 - 30668 INFO - order_details Records Inserted
2020-09-30 13:46:26,566 - 30668 INFO - order_details Records Inserted
2020-09-30 13:46:26,566 - 30668 INFO - order_details Records Inserted
2020-09-30 13:46:26,566 - 30668 INFO - order_details Records Inserted
2020-09-30 13:46:26,566 - 30668 INFO - order_details Records Inserted
2020-09-30 13:46:26,566 - 30668 INFO - order_details Records Inserted
2020-09-30 13:46:26,566 - 30668 INFO - order_details Records Inserted
2020-09-30 13:46:26,566 - 30668 INFO - order_details Records Inserted
2020-09-30 13:46:26,566 - 30668 INFO - order_details Records Inserted
2020-09-30 13:46:26,566 - 30668 INFO - order_details Records Inserted
2020-09-30 13:46:26,566 - 30668 INFO - order_details Records Inserted
2020-09-30 13:46:26,566 - 30668 INFO - order_details Records Inserted
2020-09-30 13:46:26,566 - 30668 INFO - order_details Records Inserted
2020-09-30 13:46:26,566 - 30668 INFO - order_details Records Inserted
2020-09-30 13:46:26,566 - 30668 INFO - order_details Records Inserted
2020-09-30 13:46:26,615 - 30668 INFO - product_stock_details Records Inserted
2020-09-30 13:46:26,615 - 30668 INFO - product_stock_details Records Inserted
2020-09-30 13:46:26,615 - 30668 INFO - product_stock_details Records Inserted
2020-09-30 13:46:26,615 - 30668 INFO - product_stock_details Records Inserted
2020-09-30 13:46:26,615 - 30668 INFO - product_stock_details Records Inserted
2020-09-30 13:46:26,615 - 30668 INFO - product_stock_details Records Inserted
2020-09-30 13:46:26,615 - 30668 INFO - product_stock_details Records Inserted
2020-09-30 13:46:26,615 - 30668 INFO - product_stock_details Records Inserted
2020-09-30 13:46:26,615 - 30668 INFO - product_stock_details Records Inserted
2020-09-30 13:46:26,615 - 30668 INFO - product_stock_details Records Inserted
2020-09-30 13:46:26,615 - 30668 INFO - product_stock_details Records Inserted
2020-09-30 13:46:26,615 - 30668 INFO - product_stock_details Records Inserted
2020-09-30 13:46:26,615 - 30668 INFO - product_stock_details Records Inserted
2020-09-30 13:46:26,615 - 30668 INFO - product_stock_details Records Inserted
2020-09-30 13:46:26,615 - 30668 INFO - product_stock_details Records Inserted
2020-09-30 13:46:26,615 - 30668 INFO - product_stock_details Records Inserted
2020-09-30 13:46:26,615 - 30668 INFO - product_stock_details Records Inserted
2020-09-30 13:46:26,662 - 30668 INFO - product_details Records Inserted
2020-09-30 13:46:26,662 - 30668 INFO - product_details Records Inserted
2020-09-30 13:46:26,662 - 30668 INFO - product_details Records Inserted
2020-09-30 13:46:26,662 - 30668 INFO - product_details Records Inserted
2020-09-30 13:46:26,662 - 30668 INFO - product_details Records Inserted
2020-09-30 13:46:26,662 - 30668 INFO - product_details Records Inserted
2020-09-30 13:46:26,662 - 30668 INFO - product_details Records Inserted
2020-09-30 13:46:26,662 - 30668 INFO - product_details Records Inserted
2020-09-30 13:46:26,662 - 30668 INFO - product_details Records Inserted
2020-09-30 13:46:26,662 - 30668 INFO - product_details Records Inserted
2020-09-30 13:46:26,662 - 30668 INFO - product_details Records Inserted
2020-09-30 13:46:26,662 - 30668 INFO - product_details Records Inserted
2020-09-30 13:46:26,662 - 30668 INFO - product_details Records Inserted
2020-09-30 13:46:26,662 - 30668 INFO - product_details Records Inserted
2020-09-30 13:46:26,662 - 30668 INFO - product_details Records Inserted
2020-09-30 13:46:26,662 - 30668 INFO - product_details Records Inserted
2020-09-30 13:46:26,662 - 30668 INFO - product_details Records Inserted
2020-09-30 13:46:26,662 - 30668 INFO - product_details Records Inserted
2020-09-30 13:46:26,662 - 30668 INFO - product_details Records Inserted
2020-09-30 13:46:26,744 - 30668 INFO - cart_product_details Records Inserted
2020-09-30 13:46:26,744 - 30668 INFO - cart_product_details Records Inserted
2020-09-30 13:46:26,744 - 30668 INFO - cart_product_details Records Inserted
2020-09-30 13:46:26,744 - 30668 INFO - cart_product_details Records Inserted
2020-09-30 13:46:26,744 - 30668 INFO - cart_product_details Records Inserted
2020-09-30 13:46:26,744 - 30668 INFO - cart_product_details Records Inserted
2020-09-30 13:46:26,744 - 30668 INFO - cart_product_details Records Inserted
2020-09-30 13:46:26,744 - 30668 INFO - cart_product_details Records Inserted
2020-09-30 13:46:26,744 - 30668 INFO - cart_product_details Records Inserted
2020-09-30 13:46:26,744 - 30668 INFO - cart_product_details Records Inserted
2020-09-30 13:46:26,744 - 30668 INFO - cart_product_details Records Inserted
2020-09-30 13:46:26,744 - 30668 INFO - cart_product_details Records Inserted
2020-09-30 13:46:26,744 - 30668 INFO - cart_product_details Records Inserted
2020-09-30 13:46:26,744 - 30668 INFO - cart_product_details Records Inserted
2020-09-30 13:46:26,744 - 30668 INFO - cart_product_details Records Inserted
2020-09-30 13:46:26,744 - 30668 INFO - cart_product_details Records Inserted
2020-09-30 13:46:26,744 - 30668 INFO - cart_product_details Records Inserted
2020-09-30 13:46:26,744 - 30668 INFO - cart_product_details Records Inserted
2020-09-30 13:46:26,744 - 30668 INFO - cart_product_details Records Inserted
2020-09-30 13:46:26,744 - 30668 INFO - cart_product_details Records Inserted
2020-09-30 13:46:26,744 - 30668 INFO - cart_product_details Records Inserted
2020-09-30 13:46:26,831 - 30668 INFO - category_product_details Records Inserted
2020-09-30 13:46:26,831 - 30668 INFO - category_product_details Records Inserted
2020-09-30 13:46:26,831 - 30668 INFO - category_product_details Records Inserted
2020-09-30 13:46:26,831 - 30668 INFO - category_product_details Records Inserted
2020-09-30 13:46:26,831 - 30668 INFO - category_product_details Records Inserted
2020-09-30 13:46:26,831 - 30668 INFO - category_product_details Records Inserted
2020-09-30 13:46:26,831 - 30668 INFO - category_product_details Records Inserted
2020-09-30 13:46:26,831 - 30668 INFO - category_product_details Records Inserted
2020-09-30 13:46:26,831 - 30668 INFO - category_product_details Records Inserted
2020-09-30 13:46:26,831 - 30668 INFO - category_product_details Records Inserted
2020-09-30 13:46:26,831 - 30668 INFO - category_product_details Records Inserted
2020-09-30 13:46:26,831 - 30668 INFO - category_product_details Records Inserted
2020-09-30 13:46:26,831 - 30668 INFO - category_product_details Records Inserted
2020-09-30 13:46:26,831 - 30668 INFO - category_product_details Records Inserted
2020-09-30 13:46:26,831 - 30668 INFO - category_product_details Records Inserted
2020-09-30 13:46:26,831 - 30668 INFO - category_product_details Records Inserted
2020-09-30 13:46:26,831 - 30668 INFO - category_product_details Records Inserted
2020-09-30 13:46:26,831 - 30668 INFO - category_product_details Records Inserted
2020-09-30 13:46:26,831 - 30668 INFO - category_product_details Records Inserted
2020-09-30 13:46:26,831 - 30668 INFO - category_product_details Records Inserted
2020-09-30 13:46:26,831 - 30668 INFO - category_product_details Records Inserted
2020-09-30 13:46:26,831 - 30668 INFO - category_product_details Records Inserted
2020-09-30 13:46:26,831 - 30668 INFO - category_product_details Records Inserted
2020-09-30 13:46:26,885 - 30668 INFO - customer_rating_details Records Inserted
2020-09-30 13:46:26,885 - 30668 INFO - customer_rating_details Records Inserted
2020-09-30 13:46:26,885 - 30668 INFO - customer_rating_details Records Inserted
2020-09-30 13:46:26,885 - 30668 INFO - customer_rating_details Records Inserted
2020-09-30 13:46:26,885 - 30668 INFO - customer_rating_details Records Inserted
2020-09-30 13:46:26,885 - 30668 INFO - customer_rating_details Records Inserted
2020-09-30 13:46:26,885 - 30668 INFO - customer_rating_details Records Inserted
2020-09-30 13:46:26,885 - 30668 INFO - customer_rating_details Records Inserted
2020-09-30 13:46:26,885 - 30668 INFO - customer_rating_details Records Inserted
2020-09-30 13:46:26,885 - 30668 INFO - customer_rating_details Records Inserted
2020-09-30 13:46:26,885 - 30668 INFO - customer_rating_details Records Inserted
2020-09-30 13:46:26,885 - 30668 INFO - customer_rating_details Records Inserted
2020-09-30 13:46:26,885 - 30668 INFO - customer_rating_details Records Inserted
2020-09-30 13:46:26,885 - 30668 INFO - customer_rating_details Records Inserted
2020-09-30 13:46:26,885 - 30668 INFO - customer_rating_details Records Inserted
2020-09-30 13:46:26,885 - 30668 INFO - customer_rating_details Records Inserted
2020-09-30 13:46:26,885 - 30668 INFO - customer_rating_details Records Inserted
2020-09-30 13:46:26,885 - 30668 INFO - customer_rating_details Records Inserted
2020-09-30 13:46:26,885 - 30668 INFO - customer_rating_details Records Inserted
2020-09-30 13:46:26,885 - 30668 INFO - customer_rating_details Records Inserted
2020-09-30 13:46:26,885 - 30668 INFO - customer_rating_details Records Inserted
2020-09-30 13:46:26,885 - 30668 INFO - customer_rating_details Records Inserted
2020-09-30 13:46:26,885 - 30668 INFO - customer_rating_details Records Inserted
2020-09-30 13:46:26,885 - 30668 INFO - customer_rating_details Records Inserted
2020-09-30 13:46:26,885 - 30668 INFO - customer_rating_details Records Inserted
2020-09-30 13:46:26,930 - 30668 INFO - invoice_details Records Inserted
2020-09-30 13:46:26,930 - 30668 INFO - invoice_details Records Inserted
2020-09-30 13:46:26,930 - 30668 INFO - invoice_details Records Inserted
2020-09-30 13:46:26,930 - 30668 INFO - invoice_details Records Inserted
2020-09-30 13:46:26,930 - 30668 INFO - invoice_details Records Inserted
2020-09-30 13:46:26,930 - 30668 INFO - invoice_details Records Inserted
2020-09-30 13:46:26,930 - 30668 INFO - invoice_details Records Inserted
2020-09-30 13:46:26,930 - 30668 INFO - invoice_details Records Inserted
2020-09-30 13:46:26,930 - 30668 INFO - invoice_details Records Inserted
2020-09-30 13:46:26,930 - 30668 INFO - invoice_details Records Inserted
2020-09-30 13:46:26,930 - 30668 INFO - invoice_details Records Inserted
2020-09-30 13:46:26,930 - 30668 INFO - invoice_details Records Inserted
2020-09-30 13:46:26,930 - 30668 INFO - invoice_details Records Inserted
2020-09-30 13:46:26,930 - 30668 INFO - invoice_details Records Inserted
2020-09-30 13:46:26,930 - 30668 INFO - invoice_details Records Inserted
2020-09-30 13:46:26,930 - 30668 INFO - invoice_details Records Inserted
2020-09-30 13:46:26,930 - 30668 INFO - invoice_details Records Inserted
2020-09-30 13:46:26,930 - 30668 INFO - invoice_details Records Inserted
2020-09-30 13:46:26,930 - 30668 INFO - invoice_details Records Inserted
2020-09-30 13:46:26,930 - 30668 INFO - invoice_details Records Inserted
2020-09-30 13:46:26,930 - 30668 INFO - invoice_details Records Inserted
2020-09-30 13:46:26,930 - 30668 INFO - invoice_details Records Inserted
2020-09-30 13:46:26,930 - 30668 INFO - invoice_details Records Inserted
2020-09-30 13:46:26,930 - 30668 INFO - invoice_details Records Inserted
2020-09-30 13:46:26,930 - 30668 INFO - invoice_details Records Inserted
2020-09-30 13:46:26,930 - 30668 INFO - invoice_details Records Inserted
2020-09-30 13:46:26,930 - 30668 INFO - invoice_details Records Inserted
2020-09-30 13:46:26,981 - 30668 INFO - payment_details Records Inserted
2020-09-30 13:46:26,981 - 30668 INFO - payment_details Records Inserted
2020-09-30 13:46:26,981 - 30668 INFO - payment_details Records Inserted
2020-09-30 13:46:26,981 - 30668 INFO - payment_details Records Inserted
2020-09-30 13:46:26,981 - 30668 INFO - payment_details Records Inserted
2020-09-30 13:46:26,981 - 30668 INFO - payment_details Records Inserted
2020-09-30 13:46:26,981 - 30668 INFO - payment_details Records Inserted
2020-09-30 13:46:26,981 - 30668 INFO - payment_details Records Inserted
2020-09-30 13:46:26,981 - 30668 INFO - payment_details Records Inserted
2020-09-30 13:46:26,981 - 30668 INFO - payment_details Records Inserted
2020-09-30 13:46:26,981 - 30668 INFO - payment_details Records Inserted
2020-09-30 13:46:26,981 - 30668 INFO - payment_details Records Inserted
2020-09-30 13:46:26,981 - 30668 INFO - payment_details Records Inserted
2020-09-30 13:46:26,981 - 30668 INFO - payment_details Records Inserted
2020-09-30 13:46:26,981 - 30668 INFO - payment_details Records Inserted
2020-09-30 13:46:26,981 - 30668 INFO - payment_details Records Inserted
2020-09-30 13:46:26,981 - 30668 INFO - payment_details Records Inserted
2020-09-30 13:46:26,981 - 30668 INFO - payment_details Records Inserted
2020-09-30 13:46:26,981 - 30668 INFO - payment_details Records Inserted
2020-09-30 13:46:26,981 - 30668 INFO - payment_details Records Inserted
2020-09-30 13:46:26,981 - 30668 INFO - payment_details Records Inserted
2020-09-30 13:46:26,981 - 30668 INFO - payment_details Records Inserted
2020-09-30 13:46:26,981 - 30668 INFO - payment_details Records Inserted
2020-09-30 13:46:26,981 - 30668 INFO - payment_details Records Inserted
2020-09-30 13:46:26,981 - 30668 INFO - payment_details Records Inserted
2020-09-30 13:46:26,981 - 30668 INFO - payment_details Records Inserted
2020-09-30 13:46:26,981 - 30668 INFO - payment_details Records Inserted
2020-09-30 13:46:26,981 - 30668 INFO - payment_details Records Inserted
2020-09-30 13:46:26,981 - 30668 INFO - payment_details Records Inserted
2020-09-30 13:46:27,034 - 30668 INFO - product_ordered_details Records Inserted
2020-09-30 13:46:27,034 - 30668 INFO - product_ordered_details Records Inserted
2020-09-30 13:46:27,034 - 30668 INFO - product_ordered_details Records Inserted
2020-09-30 13:46:27,034 - 30668 INFO - product_ordered_details Records Inserted
2020-09-30 13:46:27,034 - 30668 INFO - product_ordered_details Records Inserted
2020-09-30 13:46:27,034 - 30668 INFO - product_ordered_details Records Inserted
2020-09-30 13:46:27,034 - 30668 INFO - product_ordered_details Records Inserted
2020-09-30 13:46:27,034 - 30668 INFO - product_ordered_details Records Inserted
2020-09-30 13:46:27,034 - 30668 INFO - product_ordered_details Records Inserted
2020-09-30 13:46:27,034 - 30668 INFO - product_ordered_details Records Inserted
2020-09-30 13:46:27,034 - 30668 INFO - product_ordered_details Records Inserted
2020-09-30 13:46:27,034 - 30668 INFO - product_ordered_details Records Inserted
2020-09-30 13:46:27,034 - 30668 INFO - product_ordered_details Records Inserted
2020-09-30 13:46:27,034 - 30668 INFO - product_ordered_details Records Inserted
2020-09-30 13:46:27,034 - 30668 INFO - product_ordered_details Records Inserted
2020-09-30 13:46:27,034 - 30668 INFO - product_ordered_details Records Inserted
2020-09-30 13:46:27,034 - 30668 INFO - product_ordered_details Records Inserted
2020-09-30 13:46:27,034 - 30668 INFO - product_ordered_details Records Inserted
2020-09-30 13:46:27,034 - 30668 INFO - product_ordered_details Records Inserted
2020-09-30 13:46:27,034 - 30668 INFO - product_ordered_details Records Inserted
2020-09-30 13:46:27,034 - 30668 INFO - product_ordered_details Records Inserted
2020-09-30 13:46:27,034 - 30668 INFO - product_ordered_details Records Inserted
2020-09-30 13:46:27,034 - 30668 INFO - product_ordered_details Records Inserted
2020-09-30 13:46:27,034 - 30668 INFO - product_ordered_details Records Inserted
2020-09-30 13:46:27,034 - 30668 INFO - product_ordered_details Records Inserted
2020-09-30 13:46:27,034 - 30668 INFO - product_ordered_details Records Inserted
2020-09-30 13:46:27,034 - 30668 INFO - product_ordered_details Records Inserted
2020-09-30 13:46:27,034 - 30668 INFO - product_ordered_details Records Inserted
2020-09-30 13:46:27,034 - 30668 INFO - product_ordered_details Records Inserted
2020-09-30 13:46:27,034 - 30668 INFO - product_ordered_details Records Inserted
2020-09-30 13:46:27,034 - 30668 INFO - product_ordered_details Records Inserted
2020-09-30 13:46:27,082 - 30668 INFO - shipping_status Records Inserted
2020-09-30 13:46:27,082 - 30668 INFO - shipping_status Records Inserted
2020-09-30 13:46:27,082 - 30668 INFO - shipping_status Records Inserted
2020-09-30 13:46:27,082 - 30668 INFO - shipping_status Records Inserted
2020-09-30 13:46:27,082 - 30668 INFO - shipping_status Records Inserted
2020-09-30 13:46:27,082 - 30668 INFO - shipping_status Records Inserted
2020-09-30 13:46:27,082 - 30668 INFO - shipping_status Records Inserted
2020-09-30 13:46:27,082 - 30668 INFO - shipping_status Records Inserted
2020-09-30 13:46:27,082 - 30668 INFO - shipping_status Records Inserted
2020-09-30 13:46:27,082 - 30668 INFO - shipping_status Records Inserted
2020-09-30 13:46:27,082 - 30668 INFO - shipping_status Records Inserted
2020-09-30 13:46:27,082 - 30668 INFO - shipping_status Records Inserted
2020-09-30 13:46:27,082 - 30668 INFO - shipping_status Records Inserted
2020-09-30 13:46:27,082 - 30668 INFO - shipping_status Records Inserted
2020-09-30 13:46:27,082 - 30668 INFO - shipping_status Records Inserted
2020-09-30 13:46:27,082 - 30668 INFO - shipping_status Records Inserted
2020-09-30 13:46:27,082 - 30668 INFO - shipping_status Records Inserted
2020-09-30 13:46:27,082 - 30668 INFO - shipping_status Records Inserted
2020-09-30 13:46:27,082 - 30668 INFO - shipping_status Records Inserted
2020-09-30 13:46:27,082 - 30668 INFO - shipping_status Records Inserted
2020-09-30 13:46:27,082 - 30668 INFO - shipping_status Records Inserted
2020-09-30 13:46:27,082 - 30668 INFO - shipping_status Records Inserted
2020-09-30 13:46:27,082 - 30668 INFO - shipping_status Records Inserted
2020-09-30 13:46:27,082 - 30668 INFO - shipping_status Records Inserted
2020-09-30 13:46:27,082 - 30668 INFO - shipping_status Records Inserted
2020-09-30 13:46:27,082 - 30668 INFO - shipping_status Records Inserted
2020-09-30 13:46:27,082 - 30668 INFO - shipping_status Records Inserted
2020-09-30 13:46:27,082 - 30668 INFO - shipping_status Records Inserted
2020-09-30 13:46:27,082 - 30668 INFO - shipping_status Records Inserted
2020-09-30 13:46:27,082 - 30668 INFO - shipping_status Records Inserted
2020-09-30 13:46:27,082 - 30668 INFO - shipping_status Records Inserted
2020-09-30 13:46:27,082 - 30668 INFO - shipping_status Records Inserted
2020-09-30 13:46:27,082 - 30668 INFO - shipping_status Records Inserted
2020-09-30 13:46:57,704 - 9864 INFO - category_details Records Inserted
2020-09-30 13:46:57,704 - 9864 INFO - category_details Records Inserted
2020-09-30 13:46:57,704 - 9864 INFO - category_details Records Inserted
2020-09-30 13:46:57,836 - 9864 INFO - customer_details Records Inserted
2020-09-30 13:46:57,836 - 9864 INFO - customer_details Records Inserted
2020-09-30 13:46:57,836 - 9864 INFO - customer_details Records Inserted
2020-09-30 13:46:57,836 - 9864 INFO - customer_details Records Inserted
2020-09-30 13:46:57,836 - 9864 INFO - customer_details Records Inserted
2020-09-30 13:46:57,909 - 9864 INFO - order_status_details Records Inserted
2020-09-30 13:46:57,909 - 9864 INFO - order_status_details Records Inserted
2020-09-30 13:46:57,909 - 9864 INFO - order_status_details Records Inserted
2020-09-30 13:46:57,909 - 9864 INFO - order_status_details Records Inserted
2020-09-30 13:46:57,909 - 9864 INFO - order_status_details Records Inserted
2020-09-30 13:46:57,909 - 9864 INFO - order_status_details Records Inserted
2020-09-30 13:46:57,909 - 9864 INFO - order_status_details Records Inserted
2020-09-30 13:46:57,971 - 9864 INFO - seller_details Records Inserted
2020-09-30 13:46:57,971 - 9864 INFO - seller_details Records Inserted
2020-09-30 13:46:57,971 - 9864 INFO - seller_details Records Inserted
2020-09-30 13:46:57,971 - 9864 INFO - seller_details Records Inserted
2020-09-30 13:46:57,971 - 9864 INFO - seller_details Records Inserted
2020-09-30 13:46:57,971 - 9864 INFO - seller_details Records Inserted
2020-09-30 13:46:57,971 - 9864 INFO - seller_details Records Inserted
2020-09-30 13:46:57,971 - 9864 INFO - seller_details Records Inserted
2020-09-30 13:46:57,971 - 9864 INFO - seller_details Records Inserted
2020-09-30 13:46:58,021 - 9864 INFO - cart_details Records Inserted
2020-09-30 13:46:58,021 - 9864 INFO - cart_details Records Inserted
2020-09-30 13:46:58,021 - 9864 INFO - cart_details Records Inserted
2020-09-30 13:46:58,021 - 9864 INFO - cart_details Records Inserted
2020-09-30 13:46:58,021 - 9864 INFO - cart_details Records Inserted
2020-09-30 13:46:58,021 - 9864 INFO - cart_details Records Inserted
2020-09-30 13:46:58,021 - 9864 INFO - cart_details Records Inserted
2020-09-30 13:46:58,021 - 9864 INFO - cart_details Records Inserted
2020-09-30 13:46:58,021 - 9864 INFO - cart_details Records Inserted
2020-09-30 13:46:58,021 - 9864 INFO - cart_details Records Inserted
2020-09-30 13:46:58,021 - 9864 INFO - cart_details Records Inserted
2020-09-30 13:46:58,069 - 9864 INFO - customer_address_details Records Inserted
2020-09-30 13:46:58,069 - 9864 INFO - customer_address_details Records Inserted
2020-09-30 13:46:58,069 - 9864 INFO - customer_address_details Records Inserted
2020-09-30 13:46:58,069 - 9864 INFO - customer_address_details Records Inserted
2020-09-30 13:46:58,069 - 9864 INFO - customer_address_details Records Inserted
2020-09-30 13:46:58,069 - 9864 INFO - customer_address_details Records Inserted
2020-09-30 13:46:58,069 - 9864 INFO - customer_address_details Records Inserted
2020-09-30 13:46:58,069 - 9864 INFO - customer_address_details Records Inserted
2020-09-30 13:46:58,069 - 9864 INFO - customer_address_details Records Inserted
2020-09-30 13:46:58,069 - 9864 INFO - customer_address_details Records Inserted
2020-09-30 13:46:58,069 - 9864 INFO - customer_address_details Records Inserted
2020-09-30 13:46:58,069 - 9864 INFO - customer_address_details Records Inserted
2020-09-30 13:46:58,069 - 9864 INFO - customer_address_details Records Inserted
2020-09-30 13:46:58,122 - 9864 INFO - order_details Records Inserted
2020-09-30 13:46:58,122 - 9864 INFO - order_details Records Inserted
2020-09-30 13:46:58,122 - 9864 INFO - order_details Records Inserted
2020-09-30 13:46:58,122 - 9864 INFO - order_details Records Inserted
2020-09-30 13:46:58,122 - 9864 INFO - order_details Records Inserted
2020-09-30 13:46:58,122 - 9864 INFO - order_details Records Inserted
2020-09-30 13:46:58,122 - 9864 INFO - order_details Records Inserted
2020-09-30 13:46:58,122 - 9864 INFO - order_details Records Inserted
2020-09-30 13:46:58,122 - 9864 INFO - order_details Records Inserted
2020-09-30 13:46:58,122 - 9864 INFO - order_details Records Inserted
2020-09-30 13:46:58,122 - 9864 INFO - order_details Records Inserted
2020-09-30 13:46:58,122 - 9864 INFO - order_details Records Inserted
2020-09-30 13:46:58,122 - 9864 INFO - order_details Records Inserted
2020-09-30 13:46:58,122 - 9864 INFO - order_details Records Inserted
2020-09-30 13:46:58,122 - 9864 INFO - order_details Records Inserted
2020-09-30 13:46:58,172 - 9864 INFO - product_stock_details Records Inserted
2020-09-30 13:46:58,172 - 9864 INFO - product_stock_details Records Inserted
2020-09-30 13:46:58,172 - 9864 INFO - product_stock_details Records Inserted
2020-09-30 13:46:58,172 - 9864 INFO - product_stock_details Records Inserted
2020-09-30 13:46:58,172 - 9864 INFO - product_stock_details Records Inserted
2020-09-30 13:46:58,172 - 9864 INFO - product_stock_details Records Inserted
2020-09-30 13:46:58,172 - 9864 INFO - product_stock_details Records Inserted
2020-09-30 13:46:58,172 - 9864 INFO - product_stock_details Records Inserted
2020-09-30 13:46:58,172 - 9864 INFO - product_stock_details Records Inserted
2020-09-30 13:46:58,172 - 9864 INFO - product_stock_details Records Inserted
2020-09-30 13:46:58,172 - 9864 INFO - product_stock_details Records Inserted
2020-09-30 13:46:58,172 - 9864 INFO - product_stock_details Records Inserted
2020-09-30 13:46:58,172 - 9864 INFO - product_stock_details Records Inserted
2020-09-30 13:46:58,172 - 9864 INFO - product_stock_details Records Inserted
2020-09-30 13:46:58,172 - 9864 INFO - product_stock_details Records Inserted
2020-09-30 13:46:58,172 - 9864 INFO - product_stock_details Records Inserted
2020-09-30 13:46:58,172 - 9864 INFO - product_stock_details Records Inserted
2020-09-30 13:46:58,221 - 9864 INFO - product_details Records Inserted
2020-09-30 13:46:58,221 - 9864 INFO - product_details Records Inserted
2020-09-30 13:46:58,221 - 9864 INFO - product_details Records Inserted
2020-09-30 13:46:58,221 - 9864 INFO - product_details Records Inserted
2020-09-30 13:46:58,221 - 9864 INFO - product_details Records Inserted
2020-09-30 13:46:58,221 - 9864 INFO - product_details Records Inserted
2020-09-30 13:46:58,221 - 9864 INFO - product_details Records Inserted
2020-09-30 13:46:58,221 - 9864 INFO - product_details Records Inserted
2020-09-30 13:46:58,221 - 9864 INFO - product_details Records Inserted
2020-09-30 13:46:58,221 - 9864 INFO - product_details Records Inserted
2020-09-30 13:46:58,221 - 9864 INFO - product_details Records Inserted
2020-09-30 13:46:58,221 - 9864 INFO - product_details Records Inserted
2020-09-30 13:46:58,221 - 9864 INFO - product_details Records Inserted
2020-09-30 13:46:58,221 - 9864 INFO - product_details Records Inserted
2020-09-30 13:46:58,221 - 9864 INFO - product_details Records Inserted
2020-09-30 13:46:58,221 - 9864 INFO - product_details Records Inserted
2020-09-30 13:46:58,221 - 9864 INFO - product_details Records Inserted
2020-09-30 13:46:58,221 - 9864 INFO - product_details Records Inserted
2020-09-30 13:46:58,221 - 9864 INFO - product_details Records Inserted
2020-09-30 13:46:58,305 - 9864 INFO - cart_product_details Records Inserted
2020-09-30 13:46:58,305 - 9864 INFO - cart_product_details Records Inserted
2020-09-30 13:46:58,305 - 9864 INFO - cart_product_details Records Inserted
2020-09-30 13:46:58,305 - 9864 INFO - cart_product_details Records Inserted
2020-09-30 13:46:58,305 - 9864 INFO - cart_product_details Records Inserted
2020-09-30 13:46:58,305 - 9864 INFO - cart_product_details Records Inserted
2020-09-30 13:46:58,305 - 9864 INFO - cart_product_details Records Inserted
2020-09-30 13:46:58,305 - 9864 INFO - cart_product_details Records Inserted
2020-09-30 13:46:58,305 - 9864 INFO - cart_product_details Records Inserted
2020-09-30 13:46:58,305 - 9864 INFO - cart_product_details Records Inserted
2020-09-30 13:46:58,305 - 9864 INFO - cart_product_details Records Inserted
2020-09-30 13:46:58,305 - 9864 INFO - cart_product_details Records Inserted
2020-09-30 13:46:58,305 - 9864 INFO - cart_product_details Records Inserted
2020-09-30 13:46:58,305 - 9864 INFO - cart_product_details Records Inserted
2020-09-30 13:46:58,305 - 9864 INFO - cart_product_details Records Inserted
2020-09-30 13:46:58,305 - 9864 INFO - cart_product_details Records Inserted
2020-09-30 13:46:58,305 - 9864 INFO - cart_product_details Records Inserted
2020-09-30 13:46:58,305 - 9864 INFO - cart_product_details Records Inserted
2020-09-30 13:46:58,305 - 9864 INFO - cart_product_details Records Inserted
2020-09-30 13:46:58,305 - 9864 INFO - cart_product_details Records Inserted
2020-09-30 13:46:58,305 - 9864 INFO - cart_product_details Records Inserted
2020-09-30 13:46:58,394 - 9864 INFO - category_product_details Records Inserted
2020-09-30 13:46:58,394 - 9864 INFO - category_product_details Records Inserted
2020-09-30 13:46:58,394 - 9864 INFO - category_product_details Records Inserted
2020-09-30 13:46:58,394 - 9864 INFO - category_product_details Records Inserted
2020-09-30 13:46:58,394 - 9864 INFO - category_product_details Records Inserted
2020-09-30 13:46:58,394 - 9864 INFO - category_product_details Records Inserted
2020-09-30 13:46:58,394 - 9864 INFO - category_product_details Records Inserted
2020-09-30 13:46:58,394 - 9864 INFO - category_product_details Records Inserted
2020-09-30 13:46:58,394 - 9864 INFO - category_product_details Records Inserted
2020-09-30 13:46:58,394 - 9864 INFO - category_product_details Records Inserted
2020-09-30 13:46:58,394 - 9864 INFO - category_product_details Records Inserted
2020-09-30 13:46:58,394 - 9864 INFO - category_product_details Records Inserted
2020-09-30 13:46:58,394 - 9864 INFO - category_product_details Records Inserted
2020-09-30 13:46:58,394 - 9864 INFO - category_product_details Records Inserted
2020-09-30 13:46:58,394 - 9864 INFO - category_product_details Records Inserted
2020-09-30 13:46:58,394 - 9864 INFO - category_product_details Records Inserted
2020-09-30 13:46:58,394 - 9864 INFO - category_product_details Records Inserted
2020-09-30 13:46:58,394 - 9864 INFO - category_product_details Records Inserted
2020-09-30 13:46:58,394 - 9864 INFO - category_product_details Records Inserted
2020-09-30 13:46:58,394 - 9864 INFO - category_product_details Records Inserted
2020-09-30 13:46:58,394 - 9864 INFO - category_product_details Records Inserted
2020-09-30 13:46:58,394 - 9864 INFO - category_product_details Records Inserted
2020-09-30 13:46:58,394 - 9864 INFO - category_product_details Records Inserted
2020-09-30 13:46:58,444 - 9864 INFO - customer_rating_details Records Inserted
2020-09-30 13:46:58,444 - 9864 INFO - customer_rating_details Records Inserted
2020-09-30 13:46:58,444 - 9864 INFO - customer_rating_details Records Inserted
2020-09-30 13:46:58,444 - 9864 INFO - customer_rating_details Records Inserted
2020-09-30 13:46:58,444 - 9864 INFO - customer_rating_details Records Inserted
2020-09-30 13:46:58,444 - 9864 INFO - customer_rating_details Records Inserted
2020-09-30 13:46:58,444 - 9864 INFO - customer_rating_details Records Inserted
2020-09-30 13:46:58,444 - 9864 INFO - customer_rating_details Records Inserted
2020-09-30 13:46:58,444 - 9864 INFO - customer_rating_details Records Inserted
2020-09-30 13:46:58,444 - 9864 INFO - customer_rating_details Records Inserted
2020-09-30 13:46:58,444 - 9864 INFO - customer_rating_details Records Inserted
2020-09-30 13:46:58,444 - 9864 INFO - customer_rating_details Records Inserted
2020-09-30 13:46:58,444 - 9864 INFO - customer_rating_details Records Inserted
2020-09-30 13:46:58,444 - 9864 INFO - customer_rating_details Records Inserted
2020-09-30 13:46:58,444 - 9864 INFO - customer_rating_details Records Inserted
2020-09-30 13:46:58,444 - 9864 INFO - customer_rating_details Records Inserted
2020-09-30 13:46:58,444 - 9864 INFO - customer_rating_details Records Inserted
2020-09-30 13:46:58,444 - 9864 INFO - customer_rating_details Records Inserted
2020-09-30 13:46:58,444 - 9864 INFO - customer_rating_details Records Inserted
2020-09-30 13:46:58,444 - 9864 INFO - customer_rating_details Records Inserted
2020-09-30 13:46:58,444 - 9864 INFO - customer_rating_details Records Inserted
2020-09-30 13:46:58,444 - 9864 INFO - customer_rating_details Records Inserted
2020-09-30 13:46:58,444 - 9864 INFO - customer_rating_details Records Inserted
2020-09-30 13:46:58,444 - 9864 INFO - customer_rating_details Records Inserted
2020-09-30 13:46:58,444 - 9864 INFO - customer_rating_details Records Inserted
2020-09-30 13:46:58,499 - 9864 INFO - invoice_details Records Inserted
2020-09-30 13:46:58,499 - 9864 INFO - invoice_details Records Inserted
2020-09-30 13:46:58,499 - 9864 INFO - invoice_details Records Inserted
2020-09-30 13:46:58,499 - 9864 INFO - invoice_details Records Inserted
2020-09-30 13:46:58,499 - 9864 INFO - invoice_details Records Inserted
2020-09-30 13:46:58,499 - 9864 INFO - invoice_details Records Inserted
2020-09-30 13:46:58,499 - 9864 INFO - invoice_details Records Inserted
2020-09-30 13:46:58,499 - 9864 INFO - invoice_details Records Inserted
2020-09-30 13:46:58,499 - 9864 INFO - invoice_details Records Inserted
2020-09-30 13:46:58,499 - 9864 INFO - invoice_details Records Inserted
2020-09-30 13:46:58,499 - 9864 INFO - invoice_details Records Inserted
2020-09-30 13:46:58,499 - 9864 INFO - invoice_details Records Inserted
2020-09-30 13:46:58,499 - 9864 INFO - invoice_details Records Inserted
2020-09-30 13:46:58,499 - 9864 INFO - invoice_details Records Inserted
2020-09-30 13:46:58,499 - 9864 INFO - invoice_details Records Inserted
2020-09-30 13:46:58,499 - 9864 INFO - invoice_details Records Inserted
2020-09-30 13:46:58,499 - 9864 INFO - invoice_details Records Inserted
2020-09-30 13:46:58,499 - 9864 INFO - invoice_details Records Inserted
2020-09-30 13:46:58,499 - 9864 INFO - invoice_details Records Inserted
2020-09-30 13:46:58,499 - 9864 INFO - invoice_details Records Inserted
2020-09-30 13:46:58,499 - 9864 INFO - invoice_details Records Inserted
2020-09-30 13:46:58,499 - 9864 INFO - invoice_details Records Inserted
2020-09-30 13:46:58,499 - 9864 INFO - invoice_details Records Inserted
2020-09-30 13:46:58,499 - 9864 INFO - invoice_details Records Inserted
2020-09-30 13:46:58,499 - 9864 INFO - invoice_details Records Inserted
2020-09-30 13:46:58,499 - 9864 INFO - invoice_details Records Inserted
2020-09-30 13:46:58,499 - 9864 INFO - invoice_details Records Inserted
2020-09-30 13:46:58,549 - 9864 INFO - payment_details Records Inserted
2020-09-30 13:46:58,549 - 9864 INFO - payment_details Records Inserted
2020-09-30 13:46:58,549 - 9864 INFO - payment_details Records Inserted
2020-09-30 13:46:58,549 - 9864 INFO - payment_details Records Inserted
2020-09-30 13:46:58,549 - 9864 INFO - payment_details Records Inserted
2020-09-30 13:46:58,549 - 9864 INFO - payment_details Records Inserted
2020-09-30 13:46:58,549 - 9864 INFO - payment_details Records Inserted
2020-09-30 13:46:58,549 - 9864 INFO - payment_details Records Inserted
2020-09-30 13:46:58,549 - 9864 INFO - payment_details Records Inserted
2020-09-30 13:46:58,549 - 9864 INFO - payment_details Records Inserted
2020-09-30 13:46:58,549 - 9864 INFO - payment_details Records Inserted
2020-09-30 13:46:58,549 - 9864 INFO - payment_details Records Inserted
2020-09-30 13:46:58,549 - 9864 INFO - payment_details Records Inserted
2020-09-30 13:46:58,549 - 9864 INFO - payment_details Records Inserted
2020-09-30 13:46:58,549 - 9864 INFO - payment_details Records Inserted
2020-09-30 13:46:58,549 - 9864 INFO - payment_details Records Inserted
2020-09-30 13:46:58,549 - 9864 INFO - payment_details Records Inserted
2020-09-30 13:46:58,549 - 9864 INFO - payment_details Records Inserted
2020-09-30 13:46:58,549 - 9864 INFO - payment_details Records Inserted
2020-09-30 13:46:58,549 - 9864 INFO - payment_details Records Inserted
2020-09-30 13:46:58,549 - 9864 INFO - payment_details Records Inserted
2020-09-30 13:46:58,549 - 9864 INFO - payment_details Records Inserted
2020-09-30 13:46:58,549 - 9864 INFO - payment_details Records Inserted
2020-09-30 13:46:58,549 - 9864 INFO - payment_details Records Inserted
2020-09-30 13:46:58,549 - 9864 INFO - payment_details Records Inserted
2020-09-30 13:46:58,549 - 9864 INFO - payment_details Records Inserted
2020-09-30 13:46:58,549 - 9864 INFO - payment_details Records Inserted
2020-09-30 13:46:58,549 - 9864 INFO - payment_details Records Inserted
2020-09-30 13:46:58,549 - 9864 INFO - payment_details Records Inserted
2020-09-30 13:46:58,601 - 9864 INFO - product_ordered_details Records Inserted
2020-09-30 13:46:58,601 - 9864 INFO - product_ordered_details Records Inserted
2020-09-30 13:46:58,601 - 9864 INFO - product_ordered_details Records Inserted
2020-09-30 13:46:58,601 - 9864 INFO - product_ordered_details Records Inserted
2020-09-30 13:46:58,601 - 9864 INFO - product_ordered_details Records Inserted
2020-09-30 13:46:58,601 - 9864 INFO - product_ordered_details Records Inserted
2020-09-30 13:46:58,601 - 9864 INFO - product_ordered_details Records Inserted
2020-09-30 13:46:58,601 - 9864 INFO - product_ordered_details Records Inserted
2020-09-30 13:46:58,601 - 9864 INFO - product_ordered_details Records Inserted
2020-09-30 13:46:58,601 - 9864 INFO - product_ordered_details Records Inserted
2020-09-30 13:46:58,601 - 9864 INFO - product_ordered_details Records Inserted
2020-09-30 13:46:58,601 - 9864 INFO - product_ordered_details Records Inserted
2020-09-30 13:46:58,601 - 9864 INFO - product_ordered_details Records Inserted
2020-09-30 13:46:58,601 - 9864 INFO - product_ordered_details Records Inserted
2020-09-30 13:46:58,601 - 9864 INFO - product_ordered_details Records Inserted
2020-09-30 13:46:58,601 - 9864 INFO - product_ordered_details Records Inserted
2020-09-30 13:46:58,601 - 9864 INFO - product_ordered_details Records Inserted
2020-09-30 13:46:58,601 - 9864 INFO - product_ordered_details Records Inserted
2020-09-30 13:46:58,601 - 9864 INFO - product_ordered_details Records Inserted
2020-09-30 13:46:58,601 - 9864 INFO - product_ordered_details Records Inserted
2020-09-30 13:46:58,601 - 9864 INFO - product_ordered_details Records Inserted
2020-09-30 13:46:58,601 - 9864 INFO - product_ordered_details Records Inserted
2020-09-30 13:46:58,601 - 9864 INFO - product_ordered_details Records Inserted
2020-09-30 13:46:58,601 - 9864 INFO - product_ordered_details Records Inserted
2020-09-30 13:46:58,601 - 9864 INFO - product_ordered_details Records Inserted
2020-09-30 13:46:58,601 - 9864 INFO - product_ordered_details Records Inserted
2020-09-30 13:46:58,601 - 9864 INFO - product_ordered_details Records Inserted
2020-09-30 13:46:58,601 - 9864 INFO - product_ordered_details Records Inserted
2020-09-30 13:46:58,601 - 9864 INFO - product_ordered_details Records Inserted
2020-09-30 13:46:58,601 - 9864 INFO - product_ordered_details Records Inserted
2020-09-30 13:46:58,601 - 9864 INFO - product_ordered_details Records Inserted
2020-09-30 13:46:58,651 - 9864 INFO - shipping_status Records Inserted
2020-09-30 13:46:58,651 - 9864 INFO - shipping_status Records Inserted
2020-09-30 13:46:58,651 - 9864 INFO - shipping_status Records Inserted
2020-09-30 13:46:58,651 - 9864 INFO - shipping_status Records Inserted
2020-09-30 13:46:58,651 - 9864 INFO - shipping_status Records Inserted
2020-09-30 13:46:58,651 - 9864 INFO - shipping_status Records Inserted
2020-09-30 13:46:58,651 - 9864 INFO - shipping_status Records Inserted
2020-09-30 13:46:58,651 - 9864 INFO - shipping_status Records Inserted
2020-09-30 13:46:58,651 - 9864 INFO - shipping_status Records Inserted
2020-09-30 13:46:58,651 - 9864 INFO - shipping_status Records Inserted
2020-09-30 13:46:58,651 - 9864 INFO - shipping_status Records Inserted
2020-09-30 13:46:58,651 - 9864 INFO - shipping_status Records Inserted
2020-09-30 13:46:58,651 - 9864 INFO - shipping_status Records Inserted
2020-09-30 13:46:58,651 - 9864 INFO - shipping_status Records Inserted
2020-09-30 13:46:58,651 - 9864 INFO - shipping_status Records Inserted
2020-09-30 13:46:58,651 - 9864 INFO - shipping_status Records Inserted
2020-09-30 13:46:58,651 - 9864 INFO - shipping_status Records Inserted
2020-09-30 13:46:58,651 - 9864 INFO - shipping_status Records Inserted
2020-09-30 13:46:58,651 - 9864 INFO - shipping_status Records Inserted
2020-09-30 13:46:58,651 - 9864 INFO - shipping_status Records Inserted
2020-09-30 13:46:58,651 - 9864 INFO - shipping_status Records Inserted
2020-09-30 13:46:58,651 - 9864 INFO - shipping_status Records Inserted
2020-09-30 13:46:58,651 - 9864 INFO - shipping_status Records Inserted
2020-09-30 13:46:58,651 - 9864 INFO - shipping_status Records Inserted
2020-09-30 13:46:58,651 - 9864 INFO - shipping_status Records Inserted
2020-09-30 13:46:58,651 - 9864 INFO - shipping_status Records Inserted
2020-09-30 13:46:58,651 - 9864 INFO - shipping_status Records Inserted
2020-09-30 13:46:58,651 - 9864 INFO - shipping_status Records Inserted
2020-09-30 13:46:58,651 - 9864 INFO - shipping_status Records Inserted
2020-09-30 13:46:58,651 - 9864 INFO - shipping_status Records Inserted
2020-09-30 13:46:58,651 - 9864 INFO - shipping_status Records Inserted
2020-09-30 13:46:58,651 - 9864 INFO - shipping_status Records Inserted
2020-09-30 13:46:58,651 - 9864 INFO - shipping_status Records Inserted
