2020-09-30 13:38:31,583 - 1460 INFO - category_details Records Inserted
2020-09-30 13:38:31,583 - 1460 INFO - category_details Records Inserted
2020-09-30 13:38:31,583 - 1460 INFO - category_details Records Inserted
2020-09-30 13:38:31,629 - 1460 INFO - customer_details Records Inserted
2020-09-30 13:38:31,629 - 1460 INFO - customer_details Records Inserted
2020-09-30 13:38:31,629 - 1460 INFO - customer_details Records Inserted
2020-09-30 13:38:31,629 - 1460 INFO - customer_details Records Inserted
2020-09-30 13:38:31,629 - 1460 INFO - customer_details Records Inserted
2020-09-30 13:38:31,689 - 1460 INFO - order_status_details Records Inserted
2020-09-30 13:38:31,689 - 1460 INFO - order_status_details Records Inserted
2020-09-30 13:38:31,689 - 1460 INFO - order_status_details Records Inserted
2020-09-30 13:38:31,689 - 1460 INFO - order_status_details Records Inserted
2020-09-30 13:38:31,689 - 1460 INFO - order_status_details Records Inserted
2020-09-30 13:38:31,689 - 1460 INFO - order_status_details Records Inserted
2020-09-30 13:38:31,689 - 1460 INFO - order_status_details Records Inserted
2020-09-30 13:38:31,732 - 1460 INFO - seller_details Records Inserted
2020-09-30 13:38:31,732 - 1460 INFO - seller_details Records Inserted
2020-09-30 13:38:31,732 - 1460 INFO - seller_details Records Inserted
2020-09-30 13:38:31,732 - 1460 INFO - seller_details Records Inserted
2020-09-30 13:38:31,732 - 1460 INFO - seller_details Records Inserted
2020-09-30 13:38:31,732 - 1460 INFO - seller_details Records Inserted
2020-09-30 13:38:31,732 - 1460 INFO - seller_details Records Inserted
2020-09-30 13:38:31,732 - 1460 INFO - seller_details Records Inserted
2020-09-30 13:38:31,732 - 1460 INFO - seller_details Records Inserted
2020-09-30 13:38:31,774 - 1460 INFO - cart_details Records Inserted
2020-09-30 13:38:31,774 - 1460 INFO - cart_details Records Inserted
2020-09-30 13:38:31,774 - 1460 INFO - cart_details Records Inserted
2020-09-30 13:38:31,774 - 1460 INFO - cart_details Records Inserted
2020-09-30 13:38:31,774 - 1460 INFO - cart_details Records Inserted
2020-09-30 13:38:31,774 - 1460 INFO - cart_details Records Inserted
2020-09-30 13:38:31,774 - 1460 INFO - cart_details Records Inserted
2020-09-30 13:38:31,774 - 1460 INFO - cart_details Records Inserted
2020-09-30 13:38:31,774 - 1460 INFO - cart_details Records Inserted
2020-09-30 13:38:31,774 - 1460 INFO - cart_details Records Inserted
2020-09-30 13:38:31,774 - 1460 INFO - cart_details Records Inserted
2020-09-30 13:38:31,825 - 1460 INFO - customer_address_details Records Inserted
2020-09-30 13:38:31,825 - 1460 INFO - customer_address_details Records Inserted
2020-09-30 13:38:31,825 - 1460 INFO - customer_address_details Records Inserted
2020-09-30 13:38:31,825 - 1460 INFO - customer_address_details Records Inserted
2020-09-30 13:38:31,825 - 1460 INFO - customer_address_details Records Inserted
2020-09-30 13:38:31,825 - 1460 INFO - customer_address_details Records Inserted
2020-09-30 13:38:31,825 - 1460 INFO - customer_address_details Records Inserted
2020-09-30 13:38:31,825 - 1460 INFO - customer_address_details Records Inserted
2020-09-30 13:38:31,825 - 1460 INFO - customer_address_details Records Inserted
2020-09-30 13:38:31,825 - 1460 INFO - customer_address_details Records Inserted
2020-09-30 13:38:31,825 - 1460 INFO - customer_address_details Records Inserted
2020-09-30 13:38:31,825 - 1460 INFO - customer_address_details Records Inserted
2020-09-30 13:38:31,825 - 1460 INFO - customer_address_details Records Inserted
2020-09-30 13:38:31,873 - 1460 INFO - order_details Records Inserted
2020-09-30 13:38:31,873 - 1460 INFO - order_details Records Inserted
2020-09-30 13:38:31,873 - 1460 INFO - order_details Records Inserted
2020-09-30 13:38:31,873 - 1460 INFO - order_details Records Inserted
2020-09-30 13:38:31,873 - 1460 INFO - order_details Records Inserted
2020-09-30 13:38:31,873 - 1460 INFO - order_details Records Inserted
2020-09-30 13:38:31,873 - 1460 INFO - order_details Records Inserted
2020-09-30 13:38:31,873 - 1460 INFO - order_details Records Inserted
2020-09-30 13:38:31,873 - 1460 INFO - order_details Records Inserted
2020-09-30 13:38:31,873 - 1460 INFO - order_details Records Inserted
2020-09-30 13:38:31,873 - 1460 INFO - order_details Records Inserted
2020-09-30 13:38:31,873 - 1460 INFO - order_details Records Inserted
2020-09-30 13:38:31,873 - 1460 INFO - order_details Records Inserted
2020-09-30 13:38:31,873 - 1460 INFO - order_details Records Inserted
2020-09-30 13:38:31,873 - 1460 INFO - order_details Records Inserted
2020-09-30 13:38:31,919 - 1460 INFO - product_stock_details Records Inserted
2020-09-30 13:38:31,919 - 1460 INFO - product_stock_details Records Inserted
2020-09-30 13:38:31,919 - 1460 INFO - product_stock_details Records Inserted
2020-09-30 13:38:31,919 - 1460 INFO - product_stock_details Records Inserted
2020-09-30 13:38:31,919 - 1460 INFO - product_stock_details Records Inserted
2020-09-30 13:38:31,919 - 1460 INFO - product_stock_details Records Inserted
2020-09-30 13:38:31,919 - 1460 INFO - product_stock_details Records Inserted
2020-09-30 13:38:31,919 - 1460 INFO - product_stock_details Records Inserted
2020-09-30 13:38:31,919 - 1460 INFO - product_stock_details Records Inserted
2020-09-30 13:38:31,919 - 1460 INFO - product_stock_details Records Inserted
2020-09-30 13:38:31,919 - 1460 INFO - product_stock_details Records Inserted
2020-09-30 13:38:31,919 - 1460 INFO - product_stock_details Records Inserted
2020-09-30 13:38:31,919 - 1460 INFO - product_stock_details Records Inserted
2020-09-30 13:38:31,919 - 1460 INFO - product_stock_details Records Inserted
2020-09-30 13:38:31,919 - 1460 INFO - product_stock_details Records Inserted
2020-09-30 13:38:31,919 - 1460 INFO - product_stock_details Records Inserted
2020-09-30 13:38:31,919 - 1460 INFO - product_stock_details Records Inserted
2020-09-30 13:38:31,964 - 1460 INFO - product_details Records Inserted
2020-09-30 13:38:31,964 - 1460 INFO - product_details Records Inserted
2020-09-30 13:38:31,964 - 1460 INFO - product_details Records Inserted
2020-09-30 13:38:31,964 - 1460 INFO - product_details Records Inserted
2020-09-30 13:38:31,964 - 1460 INFO - product_details Records Inserted
2020-09-30 13:38:31,964 - 1460 INFO - product_details Records Inserted
2020-09-30 13:38:31,964 - 1460 INFO - product_details Records Inserted
2020-09-30 13:38:31,964 - 1460 INFO - product_details Records Inserted
2020-09-30 13:38:31,964 - 1460 INFO - product_details Records Inserted
2020-09-30 13:38:31,964 - 1460 INFO - product_details Records Inserted
2020-09-30 13:38:31,964 - 1460 INFO - product_details Records Inserted
2020-09-30 13:38:31,964 - 1460 INFO - product_details Records Inserted
2020-09-30 13:38:31,964 - 1460 INFO - product_details Records Inserted
2020-09-30 13:38:31,964 - 1460 INFO - product_details Records Inserted
2020-09-30 13:38:31,964 - 1460 INFO - product_details Records Inserted
2020-09-30 13:38:31,964 - 1460 INFO - product_details Records Inserted
2020-09-30 13:38:31,964 - 1460 INFO - product_details Records Inserted
2020-09-30 13:38:31,964 - 1460 INFO - product_details Records Inserted
2020-09-30 13:38:31,964 - 1460 INFO - product_details Records Inserted
2020-09-30 13:38:32,126 - 1460 INFO - cart_product_details Records Inserted
2020-09-30 13:38:32,126 - 1460 INFO - cart_product_details Records Inserted
2020-09-30 13:38:32,126 - 1460 INFO - cart_product_details Records Inserted
2020-09-30 13:38:32,126 - 1460 INFO - cart_product_details Records Inserted
2020-09-30 13:38:32,126 - 1460 INFO - cart_product_details Records Inserted
2020-09-30 13:38:32,126 - 1460 INFO - cart_product_details Records Inserted
2020-09-30 13:38:32,126 - 1460 INFO - cart_product_details Records Inserted
2020-09-30 13:38:32,126 - 1460 INFO - cart_product_details Records Inserted
2020-09-30 13:38:32,126 - 1460 INFO - cart_product_details Records Inserted
2020-09-30 13:38:32,126 - 1460 INFO - cart_product_details Records Inserted
2020-09-30 13:38:32,126 - 1460 INFO - cart_product_details Records Inserted
2020-09-30 13:38:32,126 - 1460 INFO - cart_product_details Records Inserted
2020-09-30 13:38:32,126 - 1460 INFO - cart_product_details Records Inserted
2020-09-30 13:38:32,126 - 1460 INFO - cart_product_details Records Inserted
2020-09-30 13:38:32,126 - 1460 INFO - cart_product_details Records Inserted
2020-09-30 13:38:32,126 - 1460 INFO - cart_product_details Records Inserted
2020-09-30 13:38:32,126 - 1460 INFO - cart_product_details Records Inserted
2020-09-30 13:38:32,126 - 1460 INFO - cart_product_details Records Inserted
2020-09-30 13:38:32,126 - 1460 INFO - cart_product_details Records Inserted
2020-09-30 13:38:32,126 - 1460 INFO - cart_product_details Records Inserted
2020-09-30 13:38:32,126 - 1460 INFO - cart_product_details Records Inserted
2020-09-30 13:38:32,271 - 1460 INFO - category_product_details Records Inserted
2020-09-30 13:38:32,271 - 1460 INFO - category_product_details Records Inserted
2020-09-30 13:38:32,271 - 1460 INFO - category_product_details Records Inserted
2020-09-30 13:38:32,271 - 1460 INFO - category_product_details Records Inserted
2020-09-30 13:38:32,271 - 1460 INFO - category_product_details Records Inserted
2020-09-30 13:38:32,271 - 1460 INFO - category_product_details Records Inserted
2020-09-30 13:38:32,271 - 1460 INFO - category_product_details Records Inserted
2020-09-30 13:38:32,271 - 1460 INFO - category_product_details Records Inserted
2020-09-30 13:38:32,271 - 1460 INFO - category_product_details Records Inserted
2020-09-30 13:38:32,271 - 1460 INFO - category_product_details Records Inserted
2020-09-30 13:38:32,271 - 1460 INFO - category_product_details Records Inserted
2020-09-30 13:38:32,271 - 1460 INFO - category_product_details Records Inserted
2020-09-30 13:38:32,271 - 1460 INFO - category_product_details Records Inserted
2020-09-30 13:38:32,271 - 1460 INFO - category_product_details Records Inserted
2020-09-30 13:38:32,271 - 1460 INFO - category_product_details Records Inserted
2020-09-30 13:38:32,271 - 1460 INFO - category_product_details Records Inserted
2020-09-30 13:38:32,271 - 1460 INFO - category_product_details Records Inserted
2020-09-30 13:38:32,271 - 1460 INFO - category_product_details Records Inserted
2020-09-30 13:38:32,271 - 1460 INFO - category_product_details Records Inserted
2020-09-30 13:38:32,271 - 1460 INFO - category_product_details Records Inserted
2020-09-30 13:38:32,271 - 1460 INFO - category_product_details Records Inserted
2020-09-30 13:38:32,271 - 1460 INFO - category_product_details Records Inserted
2020-09-30 13:38:32,271 - 1460 INFO - category_product_details Records Inserted
2020-09-30 13:38:32,318 - 1460 INFO - customer_rating_details Records Inserted
2020-09-30 13:38:32,318 - 1460 INFO - customer_rating_details Records Inserted
2020-09-30 13:38:32,318 - 1460 INFO - customer_rating_details Records Inserted
2020-09-30 13:38:32,318 - 1460 INFO - customer_rating_details Records Inserted
2020-09-30 13:38:32,318 - 1460 INFO - customer_rating_details Records Inserted
2020-09-30 13:38:32,318 - 1460 INFO - customer_rating_details Records Inserted
2020-09-30 13:38:32,318 - 1460 INFO - customer_rating_details Records Inserted
2020-09-30 13:38:32,318 - 1460 INFO - customer_rating_details Records Inserted
2020-09-30 13:38:32,318 - 1460 INFO - customer_rating_details Records Inserted
2020-09-30 13:38:32,318 - 1460 INFO - customer_rating_details Records Inserted
2020-09-30 13:38:32,318 - 1460 INFO - customer_rating_details Records Inserted
2020-09-30 13:38:32,318 - 1460 INFO - customer_rating_details Records Inserted
2020-09-30 13:38:32,318 - 1460 INFO - customer_rating_details Records Inserted
2020-09-30 13:38:32,318 - 1460 INFO - customer_rating_details Records Inserted
2020-09-30 13:38:32,318 - 1460 INFO - customer_rating_details Records Inserted
2020-09-30 13:38:32,318 - 1460 INFO - customer_rating_details Records Inserted
2020-09-30 13:38:32,318 - 1460 INFO - customer_rating_details Records Inserted
2020-09-30 13:38:32,318 - 1460 INFO - customer_rating_details Records Inserted
2020-09-30 13:38:32,318 - 1460 INFO - customer_rating_details Records Inserted
2020-09-30 13:38:32,318 - 1460 INFO - customer_rating_details Records Inserted
2020-09-30 13:38:32,318 - 1460 INFO - customer_rating_details Records Inserted
2020-09-30 13:38:32,318 - 1460 INFO - customer_rating_details Records Inserted
2020-09-30 13:38:32,318 - 1460 INFO - customer_rating_details Records Inserted
2020-09-30 13:38:32,318 - 1460 INFO - customer_rating_details Records Inserted
2020-09-30 13:38:32,318 - 1460 INFO - customer_rating_details Records Inserted
2020-09-30 13:38:32,361 - 1460 INFO - invoice_details Records Inserted
2020-09-30 13:38:32,361 - 1460 INFO - invoice_details Records Inserted
2020-09-30 13:38:32,361 - 1460 INFO - invoice_details Records Inserted
2020-09-30 13:38:32,361 - 1460 INFO - invoice_details Records Inserted
2020-09-30 13:38:32,361 - 1460 INFO - invoice_details Records Inserted
2020-09-30 13:38:32,361 - 1460 INFO - invoice_details Records Inserted
2020-09-30 13:38:32,361 - 1460 INFO - invoice_details Records Inserted
2020-09-30 13:38:32,361 - 1460 INFO - invoice_details Records Inserted
2020-09-30 13:38:32,361 - 1460 INFO - invoice_details Records Inserted
2020-09-30 13:38:32,361 - 1460 INFO - invoice_details Records Inserted
2020-09-30 13:38:32,361 - 1460 INFO - invoice_details Records Inserted
2020-09-30 13:38:32,361 - 1460 INFO - invoice_details Records Inserted
2020-09-30 13:38:32,361 - 1460 INFO - invoice_details Records Inserted
2020-09-30 13:38:32,361 - 1460 INFO - invoice_details Records Inserted
2020-09-30 13:38:32,361 - 1460 INFO - invoice_details Records Inserted
2020-09-30 13:38:32,361 - 1460 INFO - invoice_details Records Inserted
2020-09-30 13:38:32,361 - 1460 INFO - invoice_details Records Inserted
2020-09-30 13:38:32,361 - 1460 INFO - invoice_details Records Inserted
2020-09-30 13:38:32,361 - 1460 INFO - invoice_details Records Inserted
2020-09-30 13:38:32,361 - 1460 INFO - invoice_details Records Inserted
2020-09-30 13:38:32,361 - 1460 INFO - invoice_details Records Inserted
2020-09-30 13:38:32,361 - 1460 INFO - invoice_details Records Inserted
2020-09-30 13:38:32,361 - 1460 INFO - invoice_details Records Inserted
2020-09-30 13:38:32,361 - 1460 INFO - invoice_details Records Inserted
2020-09-30 13:38:32,361 - 1460 INFO - invoice_details Records Inserted
2020-09-30 13:38:32,361 - 1460 INFO - invoice_details Records Inserted
2020-09-30 13:38:32,361 - 1460 INFO - invoice_details Records Inserted
2020-09-30 13:38:32,405 - 1460 INFO - payment_details Records Inserted
2020-09-30 13:38:32,405 - 1460 INFO - payment_details Records Inserted
2020-09-30 13:38:32,405 - 1460 INFO - payment_details Records Inserted
2020-09-30 13:38:32,405 - 1460 INFO - payment_details Records Inserted
2020-09-30 13:38:32,405 - 1460 INFO - payment_details Records Inserted
2020-09-30 13:38:32,405 - 1460 INFO - payment_details Records Inserted
2020-09-30 13:38:32,405 - 1460 INFO - payment_details Records Inserted
2020-09-30 13:38:32,405 - 1460 INFO - payment_details Records Inserted
2020-09-30 13:38:32,405 - 1460 INFO - payment_details Records Inserted
2020-09-30 13:38:32,405 - 1460 INFO - payment_details Records Inserted
2020-09-30 13:38:32,405 - 1460 INFO - payment_details Records Inserted
2020-09-30 13:38:32,405 - 1460 INFO - payment_details Records Inserted
2020-09-30 13:38:32,405 - 1460 INFO - payment_details Records Inserted
2020-09-30 13:38:32,405 - 1460 INFO - payment_details Records Inserted
2020-09-30 13:38:32,405 - 1460 INFO - payment_details Records Inserted
2020-09-30 13:38:32,405 - 1460 INFO - payment_details Records Inserted
2020-09-30 13:38:32,405 - 1460 INFO - payment_details Records Inserted
2020-09-30 13:38:32,405 - 1460 INFO - payment_details Records Inserted
2020-09-30 13:38:32,405 - 1460 INFO - payment_details Records Inserted
2020-09-30 13:38:32,405 - 1460 INFO - payment_details Records Inserted
2020-09-30 13:38:32,405 - 1460 INFO - payment_details Records Inserted
2020-09-30 13:38:32,405 - 1460 INFO - payment_details Records Inserted
2020-09-30 13:38:32,405 - 1460 INFO - payment_details Records Inserted
2020-09-30 13:38:32,405 - 1460 INFO - payment_details Records Inserted
2020-09-30 13:38:32,405 - 1460 INFO - payment_details Records Inserted
2020-09-30 13:38:32,405 - 1460 INFO - payment_details Records Inserted
2020-09-30 13:38:32,405 - 1460 INFO - payment_details Records Inserted
2020-09-30 13:38:32,405 - 1460 INFO - payment_details Records Inserted
2020-09-30 13:38:32,405 - 1460 INFO - payment_details Records Inserted
2020-09-30 13:38:32,447 - 1460 INFO - product_ordered_details Records Inserted
2020-09-30 13:38:32,447 - 1460 INFO - product_ordered_details Records Inserted
2020-09-30 13:38:32,447 - 1460 INFO - product_ordered_details Records Inserted
2020-09-30 13:38:32,447 - 1460 INFO - product_ordered_details Records Inserted
2020-09-30 13:38:32,447 - 1460 INFO - product_ordered_details Records Inserted
2020-09-30 13:38:32,447 - 1460 INFO - product_ordered_details Records Inserted
2020-09-30 13:38:32,447 - 1460 INFO - product_ordered_details Records Inserted
2020-09-30 13:38:32,447 - 1460 INFO - product_ordered_details Records Inserted
2020-09-30 13:38:32,447 - 1460 INFO - product_ordered_details Records Inserted
2020-09-30 13:38:32,447 - 1460 INFO - product_ordered_details Records Inserted
2020-09-30 13:38:32,447 - 1460 INFO - product_ordered_details Records Inserted
2020-09-30 13:38:32,447 - 1460 INFO - product_ordered_details Records Inserted
2020-09-30 13:38:32,447 - 1460 INFO - product_ordered_details Records Inserted
2020-09-30 13:38:32,447 - 1460 INFO - product_ordered_details Records Inserted
2020-09-30 13:38:32,447 - 1460 INFO - product_ordered_details Records Inserted
2020-09-30 13:38:32,447 - 1460 INFO - product_ordered_details Records Inserted
2020-09-30 13:38:32,447 - 1460 INFO - product_ordered_details Records Inserted
2020-09-30 13:38:32,447 - 1460 INFO - product_ordered_details Records Inserted
2020-09-30 13:38:32,447 - 1460 INFO - product_ordered_details Records Inserted
2020-09-30 13:38:32,447 - 1460 INFO - product_ordered_details Records Inserted
2020-09-30 13:38:32,447 - 1460 INFO - product_ordered_details Records Inserted
2020-09-30 13:38:32,447 - 1460 INFO - product_ordered_details Records Inserted
2020-09-30 13:38:32,447 - 1460 INFO - product_ordered_details Records Inserted
2020-09-30 13:38:32,447 - 1460 INFO - product_ordered_details Records Inserted
2020-09-30 13:38:32,447 - 1460 INFO - product_ordered_details Records Inserted
2020-09-30 13:38:32,447 - 1460 INFO - product_ordered_details Records Inserted
2020-09-30 13:38:32,447 - 1460 INFO - product_ordered_details Records Inserted
2020-09-30 13:38:32,447 - 1460 INFO - product_ordered_details Records Inserted
2020-09-30 13:38:32,447 - 1460 INFO - product_ordered_details Records Inserted
2020-09-30 13:38:32,447 - 1460 INFO - product_ordered_details Records Inserted
2020-09-30 13:38:32,447 - 1460 INFO - product_ordered_details Records Inserted
2020-09-30 13:38:32,491 - 1460 INFO - shipping_status Records Inserted
2020-09-30 13:38:32,491 - 1460 INFO - shipping_status Records Inserted
2020-09-30 13:38:32,491 - 1460 INFO - shipping_status Records Inserted
2020-09-30 13:38:32,491 - 1460 INFO - shipping_status Records Inserted
2020-09-30 13:38:32,491 - 1460 INFO - shipping_status Records Inserted
2020-09-30 13:38:32,491 - 1460 INFO - shipping_status Records Inserted
2020-09-30 13:38:32,491 - 1460 INFO - shipping_status Records Inserted
2020-09-30 13:38:32,491 - 1460 INFO - shipping_status Records Inserted
2020-09-30 13:38:32,491 - 1460 INFO - shipping_status Records Inserted
2020-09-30 13:38:32,491 - 1460 INFO - shipping_status Records Inserted
2020-09-30 13:38:32,491 - 1460 INFO - shipping_status Records Inserted
2020-09-30 13:38:32,491 - 1460 INFO - shipping_status Records Inserted
2020-09-30 13:38:32,491 - 1460 INFO - shipping_status Records Inserted
2020-09-30 13:38:32,491 - 1460 INFO - shipping_status Records Inserted
2020-09-30 13:38:32,491 - 1460 INFO - shipping_status Records Inserted
2020-09-30 13:38:32,491 - 1460 INFO - shipping_status Records Inserted
2020-09-30 13:38:32,491 - 1460 INFO - shipping_status Records Inserted
2020-09-30 13:38:32,491 - 1460 INFO - shipping_status Records Inserted
2020-09-30 13:38:32,491 - 1460 INFO - shipping_status Records Inserted
2020-09-30 13:38:32,491 - 1460 INFO - shipping_status Records Inserted
2020-09-30 13:38:32,491 - 1460 INFO - shipping_status Records Inserted
2020-09-30 13:38:32,491 - 1460 INFO - shipping_status Records Inserted
2020-09-30 13:38:32,491 - 1460 INFO - shipping_status Records Inserted
2020-09-30 13:38:32,491 - 1460 INFO - shipping_status Records Inserted
2020-09-30 13:38:32,491 - 1460 INFO - shipping_status Records Inserted
2020-09-30 13:38:32,491 - 1460 INFO - shipping_status Records Inserted
2020-09-30 13:38:32,491 - 1460 INFO - shipping_status Records Inserted
2020-09-30 13:38:32,491 - 1460 INFO - shipping_status Records Inserted
2020-09-30 13:38:32,491 - 1460 INFO - shipping_status Records Inserted
2020-09-30 13:38:32,491 - 1460 INFO - shipping_status Records Inserted
2020-09-30 13:38:32,491 - 1460 INFO - shipping_status Records Inserted
2020-09-30 13:38:32,491 - 1460 INFO - shipping_status Records Inserted
2020-09-30 13:38:32,491 - 1460 INFO - shipping_status Records Inserted
