2020-10-06 14:55:07,862 - 18480 INFO - CREATE TABLE if not exists CART_DETAILS(
cart_id	INT PRIMARY KEY NOT NULL,
cart_added_date DATE,
customer_id INT) cart_details.sql 0.14s cart_details Table CREATED
2020-10-06 14:55:07,862 - 18480 INFO - CREATE TABLE if not exists CART_DETAILS(
cart_id	INT PRIMARY KEY NOT NULL,
cart_added_date DATE,
customer_id INT) cart_details.sql 0.14s cart_details Table CREATED
2020-10-06 14:55:07,862 - 18480 INFO - CREATE TABLE if not exists CART_DETAILS(
cart_id	INT PRIMARY KEY NOT NULL,
cart_added_date DATE,
customer_id INT) cart_details.sql 0.14s cart_details Table CREATED
2020-10-06 14:55:07,862 - 18480 INFO - CREATE TABLE if not exists CART_DETAILS(
cart_id	INT PRIMARY KEY NOT NULL,
cart_added_date DATE,
customer_id INT) cart_details.sql 0.14s cart_details Table CREATED
2020-10-06 14:55:07,862 - 18480 INFO - CREATE TABLE if not exists CART_DETAILS(
cart_id	INT PRIMARY KEY NOT NULL,
cart_added_date DATE,
customer_id INT) cart_details.sql 0.14s cart_details Table CREATED
2020-10-06 14:55:07,926 - 18480 INFO - CREATE TABLE if not exists CART_PRODUCT_DETAILS(
cart_id	int,
product_id	int,
quantity int) cart_product_details.sql 0.06s cart_product_details Table CREATED
2020-10-06 14:55:07,926 - 18480 INFO - CREATE TABLE if not exists CART_PRODUCT_DETAILS(
cart_id	int,
product_id	int,
quantity int) cart_product_details.sql 0.06s cart_product_details Table CREATED
2020-10-06 14:55:07,926 - 18480 INFO - CREATE TABLE if not exists CART_PRODUCT_DETAILS(
cart_id	int,
product_id	int,
quantity int) cart_product_details.sql 0.06s cart_product_details Table CREATED
2020-10-06 14:55:07,926 - 18480 INFO - CREATE TABLE if not exists CART_PRODUCT_DETAILS(
cart_id	int,
product_id	int,
quantity int) cart_product_details.sql 0.06s cart_product_details Table CREATED
2020-10-06 14:55:07,926 - 18480 INFO - CREATE TABLE if not exists CART_PRODUCT_DETAILS(
cart_id	int,
product_id	int,
quantity int) cart_product_details.sql 0.06s cart_product_details Table CREATED
2020-10-06 14:55:07,926 - 18480 INFO - CREATE TABLE if not exists CART_PRODUCT_DETAILS(
cart_id	int,
product_id	int,
quantity int) cart_product_details.sql 0.06s cart_product_details Table CREATED
2020-10-06 14:55:08,011 - 18480 INFO - CREATE TABLE if not exists CATEGORY_DETAILS(
category_id	INT PRIMARY KEY NOT NULL,
category_name VARCHAR(20) NOT NULL) category_details.sql 0.08s category_details Table CREATED
2020-10-06 14:55:08,011 - 18480 INFO - CREATE TABLE if not exists CATEGORY_DETAILS(
category_id	INT PRIMARY KEY NOT NULL,
category_name VARCHAR(20) NOT NULL) category_details.sql 0.08s category_details Table CREATED
2020-10-06 14:55:08,011 - 18480 INFO - CREATE TABLE if not exists CATEGORY_DETAILS(
category_id	INT PRIMARY KEY NOT NULL,
category_name VARCHAR(20) NOT NULL) category_details.sql 0.08s category_details Table CREATED
2020-10-06 14:55:08,011 - 18480 INFO - CREATE TABLE if not exists CATEGORY_DETAILS(
category_id	INT PRIMARY KEY NOT NULL,
category_name VARCHAR(20) NOT NULL) category_details.sql 0.08s category_details Table CREATED
2020-10-06 14:55:08,011 - 18480 INFO - CREATE TABLE if not exists CATEGORY_DETAILS(
category_id	INT PRIMARY KEY NOT NULL,
category_name VARCHAR(20) NOT NULL) category_details.sql 0.08s category_details Table CREATED
2020-10-06 14:55:08,011 - 18480 INFO - CREATE TABLE if not exists CATEGORY_DETAILS(
category_id	INT PRIMARY KEY NOT NULL,
category_name VARCHAR(20) NOT NULL) category_details.sql 0.08s category_details Table CREATED
2020-10-06 14:55:08,011 - 18480 INFO - CREATE TABLE if not exists CATEGORY_DETAILS(
category_id	INT PRIMARY KEY NOT NULL,
category_name VARCHAR(20) NOT NULL) category_details.sql 0.08s category_details Table CREATED
2020-10-06 14:55:08,075 - 18480 INFO - CREATE TABLE if not exists CATEGORY_PRODUCT_DETAILS(
product_id	INT,
category_id INT) category_product_details.sql 0.06s category_product_details Table CREATED
2020-10-06 14:55:08,075 - 18480 INFO - CREATE TABLE if not exists CATEGORY_PRODUCT_DETAILS(
product_id	INT,
category_id INT) category_product_details.sql 0.06s category_product_details Table CREATED
2020-10-06 14:55:08,075 - 18480 INFO - CREATE TABLE if not exists CATEGORY_PRODUCT_DETAILS(
product_id	INT,
category_id INT) category_product_details.sql 0.06s category_product_details Table CREATED
2020-10-06 14:55:08,075 - 18480 INFO - CREATE TABLE if not exists CATEGORY_PRODUCT_DETAILS(
product_id	INT,
category_id INT) category_product_details.sql 0.06s category_product_details Table CREATED
2020-10-06 14:55:08,075 - 18480 INFO - CREATE TABLE if not exists CATEGORY_PRODUCT_DETAILS(
product_id	INT,
category_id INT) category_product_details.sql 0.06s category_product_details Table CREATED
2020-10-06 14:55:08,075 - 18480 INFO - CREATE TABLE if not exists CATEGORY_PRODUCT_DETAILS(
product_id	INT,
category_id INT) category_product_details.sql 0.06s category_product_details Table CREATED
2020-10-06 14:55:08,075 - 18480 INFO - CREATE TABLE if not exists CATEGORY_PRODUCT_DETAILS(
product_id	INT,
category_id INT) category_product_details.sql 0.06s category_product_details Table CREATED
2020-10-06 14:55:08,075 - 18480 INFO - CREATE TABLE if not exists CATEGORY_PRODUCT_DETAILS(
product_id	INT,
category_id INT) category_product_details.sql 0.06s category_product_details Table CREATED
2020-10-06 14:55:08,132 - 18480 INFO - CREATE TABLE if not exists CUSTOMER_ADDRESS_DETAILS(
address_id int PRIMARY KEY NOT NULL,
address_1 varchar(25),
address_2 varchar(25),
state varchar(20),
country varchar(20),
address_type varchar(15),
pin_code bigint not null,
customer_id int) customer_address_details.sql 0.05s customer_address_details Table CREATED
2020-10-06 14:55:08,132 - 18480 INFO - CREATE TABLE if not exists CUSTOMER_ADDRESS_DETAILS(
address_id int PRIMARY KEY NOT NULL,
address_1 varchar(25),
address_2 varchar(25),
state varchar(20),
country varchar(20),
address_type varchar(15),
pin_code bigint not null,
customer_id int) customer_address_details.sql 0.05s customer_address_details Table CREATED
2020-10-06 14:55:08,132 - 18480 INFO - CREATE TABLE if not exists CUSTOMER_ADDRESS_DETAILS(
address_id int PRIMARY KEY NOT NULL,
address_1 varchar(25),
address_2 varchar(25),
state varchar(20),
country varchar(20),
address_type varchar(15),
pin_code bigint not null,
customer_id int) customer_address_details.sql 0.05s customer_address_details Table CREATED
2020-10-06 14:55:08,132 - 18480 INFO - CREATE TABLE if not exists CUSTOMER_ADDRESS_DETAILS(
address_id int PRIMARY KEY NOT NULL,
address_1 varchar(25),
address_2 varchar(25),
state varchar(20),
country varchar(20),
address_type varchar(15),
pin_code bigint not null,
customer_id int) customer_address_details.sql 0.05s customer_address_details Table CREATED
2020-10-06 14:55:08,132 - 18480 INFO - CREATE TABLE if not exists CUSTOMER_ADDRESS_DETAILS(
address_id int PRIMARY KEY NOT NULL,
address_1 varchar(25),
address_2 varchar(25),
state varchar(20),
country varchar(20),
address_type varchar(15),
pin_code bigint not null,
customer_id int) customer_address_details.sql 0.05s customer_address_details Table CREATED
2020-10-06 14:55:08,132 - 18480 INFO - CREATE TABLE if not exists CUSTOMER_ADDRESS_DETAILS(
address_id int PRIMARY KEY NOT NULL,
address_1 varchar(25),
address_2 varchar(25),
state varchar(20),
country varchar(20),
address_type varchar(15),
pin_code bigint not null,
customer_id int) customer_address_details.sql 0.05s customer_address_details Table CREATED
2020-10-06 14:55:08,132 - 18480 INFO - CREATE TABLE if not exists CUSTOMER_ADDRESS_DETAILS(
address_id int PRIMARY KEY NOT NULL,
address_1 varchar(25),
address_2 varchar(25),
state varchar(20),
country varchar(20),
address_type varchar(15),
pin_code bigint not null,
customer_id int) customer_address_details.sql 0.05s customer_address_details Table CREATED
2020-10-06 14:55:08,132 - 18480 INFO - CREATE TABLE if not exists CUSTOMER_ADDRESS_DETAILS(
address_id int PRIMARY KEY NOT NULL,
address_1 varchar(25),
address_2 varchar(25),
state varchar(20),
country varchar(20),
address_type varchar(15),
pin_code bigint not null,
customer_id int) customer_address_details.sql 0.05s customer_address_details Table CREATED
2020-10-06 14:55:08,132 - 18480 INFO - CREATE TABLE if not exists CUSTOMER_ADDRESS_DETAILS(
address_id int PRIMARY KEY NOT NULL,
address_1 varchar(25),
address_2 varchar(25),
state varchar(20),
country varchar(20),
address_type varchar(15),
pin_code bigint not null,
customer_id int) customer_address_details.sql 0.05s customer_address_details Table CREATED
2020-10-06 14:55:08,355 - 18480 INFO - CREATE TABLE if not exists CUSTOMER_DETAILS(
customer_id int PRIMARY KEY NOT NULL ,
customer_name varchar(15) NOT NULL,
customer_ph_no bigint,
customer_type varchar(10) DEFAULT 'GEN',
customer_mail_id varchar(25) NOT NULL,
customer_pass varchar(12) NOT NULL,
customer_gen varchar(10)) customer_details.sql 0.22s customer_details Table CREATED
2020-10-06 14:55:08,355 - 18480 INFO - CREATE TABLE if not exists CUSTOMER_DETAILS(
customer_id int PRIMARY KEY NOT NULL ,
customer_name varchar(15) NOT NULL,
customer_ph_no bigint,
customer_type varchar(10) DEFAULT 'GEN',
customer_mail_id varchar(25) NOT NULL,
customer_pass varchar(12) NOT NULL,
customer_gen varchar(10)) customer_details.sql 0.22s customer_details Table CREATED
2020-10-06 14:55:08,355 - 18480 INFO - CREATE TABLE if not exists CUSTOMER_DETAILS(
customer_id int PRIMARY KEY NOT NULL ,
customer_name varchar(15) NOT NULL,
customer_ph_no bigint,
customer_type varchar(10) DEFAULT 'GEN',
customer_mail_id varchar(25) NOT NULL,
customer_pass varchar(12) NOT NULL,
customer_gen varchar(10)) customer_details.sql 0.22s customer_details Table CREATED
2020-10-06 14:55:08,355 - 18480 INFO - CREATE TABLE if not exists CUSTOMER_DETAILS(
customer_id int PRIMARY KEY NOT NULL ,
customer_name varchar(15) NOT NULL,
customer_ph_no bigint,
customer_type varchar(10) DEFAULT 'GEN',
customer_mail_id varchar(25) NOT NULL,
customer_pass varchar(12) NOT NULL,
customer_gen varchar(10)) customer_details.sql 0.22s customer_details Table CREATED
2020-10-06 14:55:08,355 - 18480 INFO - CREATE TABLE if not exists CUSTOMER_DETAILS(
customer_id int PRIMARY KEY NOT NULL ,
customer_name varchar(15) NOT NULL,
customer_ph_no bigint,
customer_type varchar(10) DEFAULT 'GEN',
customer_mail_id varchar(25) NOT NULL,
customer_pass varchar(12) NOT NULL,
customer_gen varchar(10)) customer_details.sql 0.22s customer_details Table CREATED
2020-10-06 14:55:08,355 - 18480 INFO - CREATE TABLE if not exists CUSTOMER_DETAILS(
customer_id int PRIMARY KEY NOT NULL ,
customer_name varchar(15) NOT NULL,
customer_ph_no bigint,
customer_type varchar(10) DEFAULT 'GEN',
customer_mail_id varchar(25) NOT NULL,
customer_pass varchar(12) NOT NULL,
customer_gen varchar(10)) customer_details.sql 0.22s customer_details Table CREATED
2020-10-06 14:55:08,355 - 18480 INFO - CREATE TABLE if not exists CUSTOMER_DETAILS(
customer_id int PRIMARY KEY NOT NULL ,
customer_name varchar(15) NOT NULL,
customer_ph_no bigint,
customer_type varchar(10) DEFAULT 'GEN',
customer_mail_id varchar(25) NOT NULL,
customer_pass varchar(12) NOT NULL,
customer_gen varchar(10)) customer_details.sql 0.22s customer_details Table CREATED
2020-10-06 14:55:08,355 - 18480 INFO - CREATE TABLE if not exists CUSTOMER_DETAILS(
customer_id int PRIMARY KEY NOT NULL ,
customer_name varchar(15) NOT NULL,
customer_ph_no bigint,
customer_type varchar(10) DEFAULT 'GEN',
customer_mail_id varchar(25) NOT NULL,
customer_pass varchar(12) NOT NULL,
customer_gen varchar(10)) customer_details.sql 0.22s customer_details Table CREATED
2020-10-06 14:55:08,355 - 18480 INFO - CREATE TABLE if not exists CUSTOMER_DETAILS(
customer_id int PRIMARY KEY NOT NULL ,
customer_name varchar(15) NOT NULL,
customer_ph_no bigint,
customer_type varchar(10) DEFAULT 'GEN',
customer_mail_id varchar(25) NOT NULL,
customer_pass varchar(12) NOT NULL,
customer_gen varchar(10)) customer_details.sql 0.22s customer_details Table CREATED
2020-10-06 14:55:08,355 - 18480 INFO - CREATE TABLE if not exists CUSTOMER_DETAILS(
customer_id int PRIMARY KEY NOT NULL ,
customer_name varchar(15) NOT NULL,
customer_ph_no bigint,
customer_type varchar(10) DEFAULT 'GEN',
customer_mail_id varchar(25) NOT NULL,
customer_pass varchar(12) NOT NULL,
customer_gen varchar(10)) customer_details.sql 0.22s customer_details Table CREATED
2020-10-06 14:55:08,440 - 18480 INFO - CREATE TABLE if not exists CUSTOMER_RATING_DETAILS(
rating_id INT PRIMARY KEY NOT NULL,
rating_star DOUBLE,
rating_desc VARCHAR(50),
customer_id INT,
product_id INT) customer_rating_details.sql 0.08s customer_rating_details Table CREATED
2020-10-06 14:55:08,440 - 18480 INFO - CREATE TABLE if not exists CUSTOMER_RATING_DETAILS(
rating_id INT PRIMARY KEY NOT NULL,
rating_star DOUBLE,
rating_desc VARCHAR(50),
customer_id INT,
product_id INT) customer_rating_details.sql 0.08s customer_rating_details Table CREATED
2020-10-06 14:55:08,440 - 18480 INFO - CREATE TABLE if not exists CUSTOMER_RATING_DETAILS(
rating_id INT PRIMARY KEY NOT NULL,
rating_star DOUBLE,
rating_desc VARCHAR(50),
customer_id INT,
product_id INT) customer_rating_details.sql 0.08s customer_rating_details Table CREATED
2020-10-06 14:55:08,440 - 18480 INFO - CREATE TABLE if not exists CUSTOMER_RATING_DETAILS(
rating_id INT PRIMARY KEY NOT NULL,
rating_star DOUBLE,
rating_desc VARCHAR(50),
customer_id INT,
product_id INT) customer_rating_details.sql 0.08s customer_rating_details Table CREATED
2020-10-06 14:55:08,440 - 18480 INFO - CREATE TABLE if not exists CUSTOMER_RATING_DETAILS(
rating_id INT PRIMARY KEY NOT NULL,
rating_star DOUBLE,
rating_desc VARCHAR(50),
customer_id INT,
product_id INT) customer_rating_details.sql 0.08s customer_rating_details Table CREATED
2020-10-06 14:55:08,440 - 18480 INFO - CREATE TABLE if not exists CUSTOMER_RATING_DETAILS(
rating_id INT PRIMARY KEY NOT NULL,
rating_star DOUBLE,
rating_desc VARCHAR(50),
customer_id INT,
product_id INT) customer_rating_details.sql 0.08s customer_rating_details Table CREATED
2020-10-06 14:55:08,440 - 18480 INFO - CREATE TABLE if not exists CUSTOMER_RATING_DETAILS(
rating_id INT PRIMARY KEY NOT NULL,
rating_star DOUBLE,
rating_desc VARCHAR(50),
customer_id INT,
product_id INT) customer_rating_details.sql 0.08s customer_rating_details Table CREATED
2020-10-06 14:55:08,440 - 18480 INFO - CREATE TABLE if not exists CUSTOMER_RATING_DETAILS(
rating_id INT PRIMARY KEY NOT NULL,
rating_star DOUBLE,
rating_desc VARCHAR(50),
customer_id INT,
product_id INT) customer_rating_details.sql 0.08s customer_rating_details Table CREATED
2020-10-06 14:55:08,440 - 18480 INFO - CREATE TABLE if not exists CUSTOMER_RATING_DETAILS(
rating_id INT PRIMARY KEY NOT NULL,
rating_star DOUBLE,
rating_desc VARCHAR(50),
customer_id INT,
product_id INT) customer_rating_details.sql 0.08s customer_rating_details Table CREATED
2020-10-06 14:55:08,440 - 18480 INFO - CREATE TABLE if not exists CUSTOMER_RATING_DETAILS(
rating_id INT PRIMARY KEY NOT NULL,
rating_star DOUBLE,
rating_desc VARCHAR(50),
customer_id INT,
product_id INT) customer_rating_details.sql 0.08s customer_rating_details Table CREATED
2020-10-06 14:55:08,440 - 18480 INFO - CREATE TABLE if not exists CUSTOMER_RATING_DETAILS(
rating_id INT PRIMARY KEY NOT NULL,
rating_star DOUBLE,
rating_desc VARCHAR(50),
customer_id INT,
product_id INT) customer_rating_details.sql 0.08s customer_rating_details Table CREATED
2020-10-06 14:55:08,612 - 18480 INFO - CREATE TABLE if not exists INVOICE_DETAILS(
invoice_num INT PRIMARY KEY ,
invoice_date DATE,
invoice_desc VARCHAR(30),
order_id INT,
product_id INT) invoice_details.sql 0.17s invoice_details Table CREATED
2020-10-06 14:55:08,612 - 18480 INFO - CREATE TABLE if not exists INVOICE_DETAILS(
invoice_num INT PRIMARY KEY ,
invoice_date DATE,
invoice_desc VARCHAR(30),
order_id INT,
product_id INT) invoice_details.sql 0.17s invoice_details Table CREATED
2020-10-06 14:55:08,612 - 18480 INFO - CREATE TABLE if not exists INVOICE_DETAILS(
invoice_num INT PRIMARY KEY ,
invoice_date DATE,
invoice_desc VARCHAR(30),
order_id INT,
product_id INT) invoice_details.sql 0.17s invoice_details Table CREATED
2020-10-06 14:55:08,612 - 18480 INFO - CREATE TABLE if not exists INVOICE_DETAILS(
invoice_num INT PRIMARY KEY ,
invoice_date DATE,
invoice_desc VARCHAR(30),
order_id INT,
product_id INT) invoice_details.sql 0.17s invoice_details Table CREATED
2020-10-06 14:55:08,612 - 18480 INFO - CREATE TABLE if not exists INVOICE_DETAILS(
invoice_num INT PRIMARY KEY ,
invoice_date DATE,
invoice_desc VARCHAR(30),
order_id INT,
product_id INT) invoice_details.sql 0.17s invoice_details Table CREATED
2020-10-06 14:55:08,612 - 18480 INFO - CREATE TABLE if not exists INVOICE_DETAILS(
invoice_num INT PRIMARY KEY ,
invoice_date DATE,
invoice_desc VARCHAR(30),
order_id INT,
product_id INT) invoice_details.sql 0.17s invoice_details Table CREATED
2020-10-06 14:55:08,612 - 18480 INFO - CREATE TABLE if not exists INVOICE_DETAILS(
invoice_num INT PRIMARY KEY ,
invoice_date DATE,
invoice_desc VARCHAR(30),
order_id INT,
product_id INT) invoice_details.sql 0.17s invoice_details Table CREATED
2020-10-06 14:55:08,612 - 18480 INFO - CREATE TABLE if not exists INVOICE_DETAILS(
invoice_num INT PRIMARY KEY ,
invoice_date DATE,
invoice_desc VARCHAR(30),
order_id INT,
product_id INT) invoice_details.sql 0.17s invoice_details Table CREATED
2020-10-06 14:55:08,612 - 18480 INFO - CREATE TABLE if not exists INVOICE_DETAILS(
invoice_num INT PRIMARY KEY ,
invoice_date DATE,
invoice_desc VARCHAR(30),
order_id INT,
product_id INT) invoice_details.sql 0.17s invoice_details Table CREATED
2020-10-06 14:55:08,612 - 18480 INFO - CREATE TABLE if not exists INVOICE_DETAILS(
invoice_num INT PRIMARY KEY ,
invoice_date DATE,
invoice_desc VARCHAR(30),
order_id INT,
product_id INT) invoice_details.sql 0.17s invoice_details Table CREATED
2020-10-06 14:55:08,612 - 18480 INFO - CREATE TABLE if not exists INVOICE_DETAILS(
invoice_num INT PRIMARY KEY ,
invoice_date DATE,
invoice_desc VARCHAR(30),
order_id INT,
product_id INT) invoice_details.sql 0.17s invoice_details Table CREATED
2020-10-06 14:55:08,612 - 18480 INFO - CREATE TABLE if not exists INVOICE_DETAILS(
invoice_num INT PRIMARY KEY ,
invoice_date DATE,
invoice_desc VARCHAR(30),
order_id INT,
product_id INT) invoice_details.sql 0.17s invoice_details Table CREATED
2020-10-06 14:55:08,729 - 18480 INFO - CREATE TABLE if not exists ORDER_DETAILS(
order_id INT PRIMARY KEY NOT NULL,
order_date DATE,
billing_name VARCHAR(10),
delivery_name VARCHAR(10),
billing_address_id int,
delivery_address_id int,
order_status_id	int,
customer_id int) order_details.sql 0.12s order_details Table CREATED
2020-10-06 14:55:08,729 - 18480 INFO - CREATE TABLE if not exists ORDER_DETAILS(
order_id INT PRIMARY KEY NOT NULL,
order_date DATE,
billing_name VARCHAR(10),
delivery_name VARCHAR(10),
billing_address_id int,
delivery_address_id int,
order_status_id	int,
customer_id int) order_details.sql 0.12s order_details Table CREATED
2020-10-06 14:55:08,729 - 18480 INFO - CREATE TABLE if not exists ORDER_DETAILS(
order_id INT PRIMARY KEY NOT NULL,
order_date DATE,
billing_name VARCHAR(10),
delivery_name VARCHAR(10),
billing_address_id int,
delivery_address_id int,
order_status_id	int,
customer_id int) order_details.sql 0.12s order_details Table CREATED
2020-10-06 14:55:08,729 - 18480 INFO - CREATE TABLE if not exists ORDER_DETAILS(
order_id INT PRIMARY KEY NOT NULL,
order_date DATE,
billing_name VARCHAR(10),
delivery_name VARCHAR(10),
billing_address_id int,
delivery_address_id int,
order_status_id	int,
customer_id int) order_details.sql 0.12s order_details Table CREATED
2020-10-06 14:55:08,729 - 18480 INFO - CREATE TABLE if not exists ORDER_DETAILS(
order_id INT PRIMARY KEY NOT NULL,
order_date DATE,
billing_name VARCHAR(10),
delivery_name VARCHAR(10),
billing_address_id int,
delivery_address_id int,
order_status_id	int,
customer_id int) order_details.sql 0.12s order_details Table CREATED
2020-10-06 14:55:08,729 - 18480 INFO - CREATE TABLE if not exists ORDER_DETAILS(
order_id INT PRIMARY KEY NOT NULL,
order_date DATE,
billing_name VARCHAR(10),
delivery_name VARCHAR(10),
billing_address_id int,
delivery_address_id int,
order_status_id	int,
customer_id int) order_details.sql 0.12s order_details Table CREATED
2020-10-06 14:55:08,729 - 18480 INFO - CREATE TABLE if not exists ORDER_DETAILS(
order_id INT PRIMARY KEY NOT NULL,
order_date DATE,
billing_name VARCHAR(10),
delivery_name VARCHAR(10),
billing_address_id int,
delivery_address_id int,
order_status_id	int,
customer_id int) order_details.sql 0.12s order_details Table CREATED
2020-10-06 14:55:08,729 - 18480 INFO - CREATE TABLE if not exists ORDER_DETAILS(
order_id INT PRIMARY KEY NOT NULL,
order_date DATE,
billing_name VARCHAR(10),
delivery_name VARCHAR(10),
billing_address_id int,
delivery_address_id int,
order_status_id	int,
customer_id int) order_details.sql 0.12s order_details Table CREATED
2020-10-06 14:55:08,729 - 18480 INFO - CREATE TABLE if not exists ORDER_DETAILS(
order_id INT PRIMARY KEY NOT NULL,
order_date DATE,
billing_name VARCHAR(10),
delivery_name VARCHAR(10),
billing_address_id int,
delivery_address_id int,
order_status_id	int,
customer_id int) order_details.sql 0.12s order_details Table CREATED
2020-10-06 14:55:08,729 - 18480 INFO - CREATE TABLE if not exists ORDER_DETAILS(
order_id INT PRIMARY KEY NOT NULL,
order_date DATE,
billing_name VARCHAR(10),
delivery_name VARCHAR(10),
billing_address_id int,
delivery_address_id int,
order_status_id	int,
customer_id int) order_details.sql 0.12s order_details Table CREATED
2020-10-06 14:55:08,729 - 18480 INFO - CREATE TABLE if not exists ORDER_DETAILS(
order_id INT PRIMARY KEY NOT NULL,
order_date DATE,
billing_name VARCHAR(10),
delivery_name VARCHAR(10),
billing_address_id int,
delivery_address_id int,
order_status_id	int,
customer_id int) order_details.sql 0.12s order_details Table CREATED
2020-10-06 14:55:08,729 - 18480 INFO - CREATE TABLE if not exists ORDER_DETAILS(
order_id INT PRIMARY KEY NOT NULL,
order_date DATE,
billing_name VARCHAR(10),
delivery_name VARCHAR(10),
billing_address_id int,
delivery_address_id int,
order_status_id	int,
customer_id int) order_details.sql 0.12s order_details Table CREATED
2020-10-06 14:55:08,729 - 18480 INFO - CREATE TABLE if not exists ORDER_DETAILS(
order_id INT PRIMARY KEY NOT NULL,
order_date DATE,
billing_name VARCHAR(10),
delivery_name VARCHAR(10),
billing_address_id int,
delivery_address_id int,
order_status_id	int,
customer_id int) order_details.sql 0.12s order_details Table CREATED
2020-10-06 14:55:08,811 - 18480 INFO - CREATE TABLE if not exists ORDER_STATUS_DETAILS(
order_status_id INT PRIMARY KEY NOT NULL,
order_status_desc varchar(35)) order_status_details.sql 0.08s order_status_details Table CREATED
2020-10-06 14:55:08,811 - 18480 INFO - CREATE TABLE if not exists ORDER_STATUS_DETAILS(
order_status_id INT PRIMARY KEY NOT NULL,
order_status_desc varchar(35)) order_status_details.sql 0.08s order_status_details Table CREATED
2020-10-06 14:55:08,811 - 18480 INFO - CREATE TABLE if not exists ORDER_STATUS_DETAILS(
order_status_id INT PRIMARY KEY NOT NULL,
order_status_desc varchar(35)) order_status_details.sql 0.08s order_status_details Table CREATED
2020-10-06 14:55:08,811 - 18480 INFO - CREATE TABLE if not exists ORDER_STATUS_DETAILS(
order_status_id INT PRIMARY KEY NOT NULL,
order_status_desc varchar(35)) order_status_details.sql 0.08s order_status_details Table CREATED
2020-10-06 14:55:08,811 - 18480 INFO - CREATE TABLE if not exists ORDER_STATUS_DETAILS(
order_status_id INT PRIMARY KEY NOT NULL,
order_status_desc varchar(35)) order_status_details.sql 0.08s order_status_details Table CREATED
2020-10-06 14:55:08,811 - 18480 INFO - CREATE TABLE if not exists ORDER_STATUS_DETAILS(
order_status_id INT PRIMARY KEY NOT NULL,
order_status_desc varchar(35)) order_status_details.sql 0.08s order_status_details Table CREATED
2020-10-06 14:55:08,811 - 18480 INFO - CREATE TABLE if not exists ORDER_STATUS_DETAILS(
order_status_id INT PRIMARY KEY NOT NULL,
order_status_desc varchar(35)) order_status_details.sql 0.08s order_status_details Table CREATED
2020-10-06 14:55:08,811 - 18480 INFO - CREATE TABLE if not exists ORDER_STATUS_DETAILS(
order_status_id INT PRIMARY KEY NOT NULL,
order_status_desc varchar(35)) order_status_details.sql 0.08s order_status_details Table CREATED
2020-10-06 14:55:08,811 - 18480 INFO - CREATE TABLE if not exists ORDER_STATUS_DETAILS(
order_status_id INT PRIMARY KEY NOT NULL,
order_status_desc varchar(35)) order_status_details.sql 0.08s order_status_details Table CREATED
2020-10-06 14:55:08,811 - 18480 INFO - CREATE TABLE if not exists ORDER_STATUS_DETAILS(
order_status_id INT PRIMARY KEY NOT NULL,
order_status_desc varchar(35)) order_status_details.sql 0.08s order_status_details Table CREATED
2020-10-06 14:55:08,811 - 18480 INFO - CREATE TABLE if not exists ORDER_STATUS_DETAILS(
order_status_id INT PRIMARY KEY NOT NULL,
order_status_desc varchar(35)) order_status_details.sql 0.08s order_status_details Table CREATED
2020-10-06 14:55:08,811 - 18480 INFO - CREATE TABLE if not exists ORDER_STATUS_DETAILS(
order_status_id INT PRIMARY KEY NOT NULL,
order_status_desc varchar(35)) order_status_details.sql 0.08s order_status_details Table CREATED
2020-10-06 14:55:08,811 - 18480 INFO - CREATE TABLE if not exists ORDER_STATUS_DETAILS(
order_status_id INT PRIMARY KEY NOT NULL,
order_status_desc varchar(35)) order_status_details.sql 0.08s order_status_details Table CREATED
2020-10-06 14:55:08,811 - 18480 INFO - CREATE TABLE if not exists ORDER_STATUS_DETAILS(
order_status_id INT PRIMARY KEY NOT NULL,
order_status_desc varchar(35)) order_status_details.sql 0.08s order_status_details Table CREATED
2020-10-06 14:55:08,888 - 18480 INFO - CREATE TABLE if not exists PAYMENT_DETAILS(
payment_code INT PRIMARY KEY NOT NULL,
payment_desc VARCHAR(35),
order_id INT,
product_id INT,
customer_id INT) payment_details.sql 0.07s payment_details Table CREATED
2020-10-06 14:55:08,888 - 18480 INFO - CREATE TABLE if not exists PAYMENT_DETAILS(
payment_code INT PRIMARY KEY NOT NULL,
payment_desc VARCHAR(35),
order_id INT,
product_id INT,
customer_id INT) payment_details.sql 0.07s payment_details Table CREATED
2020-10-06 14:55:08,888 - 18480 INFO - CREATE TABLE if not exists PAYMENT_DETAILS(
payment_code INT PRIMARY KEY NOT NULL,
payment_desc VARCHAR(35),
order_id INT,
product_id INT,
customer_id INT) payment_details.sql 0.07s payment_details Table CREATED
2020-10-06 14:55:08,888 - 18480 INFO - CREATE TABLE if not exists PAYMENT_DETAILS(
payment_code INT PRIMARY KEY NOT NULL,
payment_desc VARCHAR(35),
order_id INT,
product_id INT,
customer_id INT) payment_details.sql 0.07s payment_details Table CREATED
2020-10-06 14:55:08,888 - 18480 INFO - CREATE TABLE if not exists PAYMENT_DETAILS(
payment_code INT PRIMARY KEY NOT NULL,
payment_desc VARCHAR(35),
order_id INT,
product_id INT,
customer_id INT) payment_details.sql 0.07s payment_details Table CREATED
2020-10-06 14:55:08,888 - 18480 INFO - CREATE TABLE if not exists PAYMENT_DETAILS(
payment_code INT PRIMARY KEY NOT NULL,
payment_desc VARCHAR(35),
order_id INT,
product_id INT,
customer_id INT) payment_details.sql 0.07s payment_details Table CREATED
2020-10-06 14:55:08,888 - 18480 INFO - CREATE TABLE if not exists PAYMENT_DETAILS(
payment_code INT PRIMARY KEY NOT NULL,
payment_desc VARCHAR(35),
order_id INT,
product_id INT,
customer_id INT) payment_details.sql 0.07s payment_details Table CREATED
2020-10-06 14:55:08,888 - 18480 INFO - CREATE TABLE if not exists PAYMENT_DETAILS(
payment_code INT PRIMARY KEY NOT NULL,
payment_desc VARCHAR(35),
order_id INT,
product_id INT,
customer_id INT) payment_details.sql 0.07s payment_details Table CREATED
2020-10-06 14:55:08,888 - 18480 INFO - CREATE TABLE if not exists PAYMENT_DETAILS(
payment_code INT PRIMARY KEY NOT NULL,
payment_desc VARCHAR(35),
order_id INT,
product_id INT,
customer_id INT) payment_details.sql 0.07s payment_details Table CREATED
2020-10-06 14:55:08,888 - 18480 INFO - CREATE TABLE if not exists PAYMENT_DETAILS(
payment_code INT PRIMARY KEY NOT NULL,
payment_desc VARCHAR(35),
order_id INT,
product_id INT,
customer_id INT) payment_details.sql 0.07s payment_details Table CREATED
2020-10-06 14:55:08,888 - 18480 INFO - CREATE TABLE if not exists PAYMENT_DETAILS(
payment_code INT PRIMARY KEY NOT NULL,
payment_desc VARCHAR(35),
order_id INT,
product_id INT,
customer_id INT) payment_details.sql 0.07s payment_details Table CREATED
2020-10-06 14:55:08,888 - 18480 INFO - CREATE TABLE if not exists PAYMENT_DETAILS(
payment_code INT PRIMARY KEY NOT NULL,
payment_desc VARCHAR(35),
order_id INT,
product_id INT,
customer_id INT) payment_details.sql 0.07s payment_details Table CREATED
2020-10-06 14:55:08,888 - 18480 INFO - CREATE TABLE if not exists PAYMENT_DETAILS(
payment_code INT PRIMARY KEY NOT NULL,
payment_desc VARCHAR(35),
order_id INT,
product_id INT,
customer_id INT) payment_details.sql 0.07s payment_details Table CREATED
2020-10-06 14:55:08,888 - 18480 INFO - CREATE TABLE if not exists PAYMENT_DETAILS(
payment_code INT PRIMARY KEY NOT NULL,
payment_desc VARCHAR(35),
order_id INT,
product_id INT,
customer_id INT) payment_details.sql 0.07s payment_details Table CREATED
2020-10-06 14:55:08,888 - 18480 INFO - CREATE TABLE if not exists PAYMENT_DETAILS(
payment_code INT PRIMARY KEY NOT NULL,
payment_desc VARCHAR(35),
order_id INT,
product_id INT,
customer_id INT) payment_details.sql 0.07s payment_details Table CREATED
2020-10-06 14:55:08,998 - 18480 INFO - CREATE TABLE if not exists PRODUCT_DETAILS(
product_id int primary key not null,
product_name varchar(20),
product_idealfor varchar(20),
product_brand varchar(20),
product_price bigint,
product_desc varchar(20),
product_stock_id int) product_details.sql 0.11s product_details Table CREATED
2020-10-06 14:55:08,998 - 18480 INFO - CREATE TABLE if not exists PRODUCT_DETAILS(
product_id int primary key not null,
product_name varchar(20),
product_idealfor varchar(20),
product_brand varchar(20),
product_price bigint,
product_desc varchar(20),
product_stock_id int) product_details.sql 0.11s product_details Table CREATED
2020-10-06 14:55:08,998 - 18480 INFO - CREATE TABLE if not exists PRODUCT_DETAILS(
product_id int primary key not null,
product_name varchar(20),
product_idealfor varchar(20),
product_brand varchar(20),
product_price bigint,
product_desc varchar(20),
product_stock_id int) product_details.sql 0.11s product_details Table CREATED
2020-10-06 14:55:08,998 - 18480 INFO - CREATE TABLE if not exists PRODUCT_DETAILS(
product_id int primary key not null,
product_name varchar(20),
product_idealfor varchar(20),
product_brand varchar(20),
product_price bigint,
product_desc varchar(20),
product_stock_id int) product_details.sql 0.11s product_details Table CREATED
2020-10-06 14:55:08,998 - 18480 INFO - CREATE TABLE if not exists PRODUCT_DETAILS(
product_id int primary key not null,
product_name varchar(20),
product_idealfor varchar(20),
product_brand varchar(20),
product_price bigint,
product_desc varchar(20),
product_stock_id int) product_details.sql 0.11s product_details Table CREATED
2020-10-06 14:55:08,998 - 18480 INFO - CREATE TABLE if not exists PRODUCT_DETAILS(
product_id int primary key not null,
product_name varchar(20),
product_idealfor varchar(20),
product_brand varchar(20),
product_price bigint,
product_desc varchar(20),
product_stock_id int) product_details.sql 0.11s product_details Table CREATED
2020-10-06 14:55:08,998 - 18480 INFO - CREATE TABLE if not exists PRODUCT_DETAILS(
product_id int primary key not null,
product_name varchar(20),
product_idealfor varchar(20),
product_brand varchar(20),
product_price bigint,
product_desc varchar(20),
product_stock_id int) product_details.sql 0.11s product_details Table CREATED
2020-10-06 14:55:08,998 - 18480 INFO - CREATE TABLE if not exists PRODUCT_DETAILS(
product_id int primary key not null,
product_name varchar(20),
product_idealfor varchar(20),
product_brand varchar(20),
product_price bigint,
product_desc varchar(20),
product_stock_id int) product_details.sql 0.11s product_details Table CREATED
2020-10-06 14:55:08,998 - 18480 INFO - CREATE TABLE if not exists PRODUCT_DETAILS(
product_id int primary key not null,
product_name varchar(20),
product_idealfor varchar(20),
product_brand varchar(20),
product_price bigint,
product_desc varchar(20),
product_stock_id int) product_details.sql 0.11s product_details Table CREATED
2020-10-06 14:55:08,998 - 18480 INFO - CREATE TABLE if not exists PRODUCT_DETAILS(
product_id int primary key not null,
product_name varchar(20),
product_idealfor varchar(20),
product_brand varchar(20),
product_price bigint,
product_desc varchar(20),
product_stock_id int) product_details.sql 0.11s product_details Table CREATED
2020-10-06 14:55:08,998 - 18480 INFO - CREATE TABLE if not exists PRODUCT_DETAILS(
product_id int primary key not null,
product_name varchar(20),
product_idealfor varchar(20),
product_brand varchar(20),
product_price bigint,
product_desc varchar(20),
product_stock_id int) product_details.sql 0.11s product_details Table CREATED
2020-10-06 14:55:08,998 - 18480 INFO - CREATE TABLE if not exists PRODUCT_DETAILS(
product_id int primary key not null,
product_name varchar(20),
product_idealfor varchar(20),
product_brand varchar(20),
product_price bigint,
product_desc varchar(20),
product_stock_id int) product_details.sql 0.11s product_details Table CREATED
2020-10-06 14:55:08,998 - 18480 INFO - CREATE TABLE if not exists PRODUCT_DETAILS(
product_id int primary key not null,
product_name varchar(20),
product_idealfor varchar(20),
product_brand varchar(20),
product_price bigint,
product_desc varchar(20),
product_stock_id int) product_details.sql 0.11s product_details Table CREATED
2020-10-06 14:55:08,998 - 18480 INFO - CREATE TABLE if not exists PRODUCT_DETAILS(
product_id int primary key not null,
product_name varchar(20),
product_idealfor varchar(20),
product_brand varchar(20),
product_price bigint,
product_desc varchar(20),
product_stock_id int) product_details.sql 0.11s product_details Table CREATED
2020-10-06 14:55:08,998 - 18480 INFO - CREATE TABLE if not exists PRODUCT_DETAILS(
product_id int primary key not null,
product_name varchar(20),
product_idealfor varchar(20),
product_brand varchar(20),
product_price bigint,
product_desc varchar(20),
product_stock_id int) product_details.sql 0.11s product_details Table CREATED
2020-10-06 14:55:08,998 - 18480 INFO - CREATE TABLE if not exists PRODUCT_DETAILS(
product_id int primary key not null,
product_name varchar(20),
product_idealfor varchar(20),
product_brand varchar(20),
product_price bigint,
product_desc varchar(20),
product_stock_id int) product_details.sql 0.11s product_details Table CREATED
2020-10-06 14:55:09,097 - 18480 INFO - CREATE TABLE if not exists PRODUCT_ORDERED_DETAILS(
ordered_product_id INT PRIMARY KEY NOT NULL,
ordered_quantity INT,
ordered_date DATE,
order_id INT,
product_id INT) product_ordered_details.sql 0.09s product_ordered_details Table CREATED
2020-10-06 14:55:09,097 - 18480 INFO - CREATE TABLE if not exists PRODUCT_ORDERED_DETAILS(
ordered_product_id INT PRIMARY KEY NOT NULL,
ordered_quantity INT,
ordered_date DATE,
order_id INT,
product_id INT) product_ordered_details.sql 0.09s product_ordered_details Table CREATED
2020-10-06 14:55:09,097 - 18480 INFO - CREATE TABLE if not exists PRODUCT_ORDERED_DETAILS(
ordered_product_id INT PRIMARY KEY NOT NULL,
ordered_quantity INT,
ordered_date DATE,
order_id INT,
product_id INT) product_ordered_details.sql 0.09s product_ordered_details Table CREATED
2020-10-06 14:55:09,097 - 18480 INFO - CREATE TABLE if not exists PRODUCT_ORDERED_DETAILS(
ordered_product_id INT PRIMARY KEY NOT NULL,
ordered_quantity INT,
ordered_date DATE,
order_id INT,
product_id INT) product_ordered_details.sql 0.09s product_ordered_details Table CREATED
2020-10-06 14:55:09,097 - 18480 INFO - CREATE TABLE if not exists PRODUCT_ORDERED_DETAILS(
ordered_product_id INT PRIMARY KEY NOT NULL,
ordered_quantity INT,
ordered_date DATE,
order_id INT,
product_id INT) product_ordered_details.sql 0.09s product_ordered_details Table CREATED
2020-10-06 14:55:09,097 - 18480 INFO - CREATE TABLE if not exists PRODUCT_ORDERED_DETAILS(
ordered_product_id INT PRIMARY KEY NOT NULL,
ordered_quantity INT,
ordered_date DATE,
order_id INT,
product_id INT) product_ordered_details.sql 0.09s product_ordered_details Table CREATED
2020-10-06 14:55:09,097 - 18480 INFO - CREATE TABLE if not exists PRODUCT_ORDERED_DETAILS(
ordered_product_id INT PRIMARY KEY NOT NULL,
ordered_quantity INT,
ordered_date DATE,
order_id INT,
product_id INT) product_ordered_details.sql 0.09s product_ordered_details Table CREATED
2020-10-06 14:55:09,097 - 18480 INFO - CREATE TABLE if not exists PRODUCT_ORDERED_DETAILS(
ordered_product_id INT PRIMARY KEY NOT NULL,
ordered_quantity INT,
ordered_date DATE,
order_id INT,
product_id INT) product_ordered_details.sql 0.09s product_ordered_details Table CREATED
2020-10-06 14:55:09,097 - 18480 INFO - CREATE TABLE if not exists PRODUCT_ORDERED_DETAILS(
ordered_product_id INT PRIMARY KEY NOT NULL,
ordered_quantity INT,
ordered_date DATE,
order_id INT,
product_id INT) product_ordered_details.sql 0.09s product_ordered_details Table CREATED
2020-10-06 14:55:09,097 - 18480 INFO - CREATE TABLE if not exists PRODUCT_ORDERED_DETAILS(
ordered_product_id INT PRIMARY KEY NOT NULL,
ordered_quantity INT,
ordered_date DATE,
order_id INT,
product_id INT) product_ordered_details.sql 0.09s product_ordered_details Table CREATED
2020-10-06 14:55:09,097 - 18480 INFO - CREATE TABLE if not exists PRODUCT_ORDERED_DETAILS(
ordered_product_id INT PRIMARY KEY NOT NULL,
ordered_quantity INT,
ordered_date DATE,
order_id INT,
product_id INT) product_ordered_details.sql 0.09s product_ordered_details Table CREATED
2020-10-06 14:55:09,097 - 18480 INFO - CREATE TABLE if not exists PRODUCT_ORDERED_DETAILS(
ordered_product_id INT PRIMARY KEY NOT NULL,
ordered_quantity INT,
ordered_date DATE,
order_id INT,
product_id INT) product_ordered_details.sql 0.09s product_ordered_details Table CREATED
2020-10-06 14:55:09,097 - 18480 INFO - CREATE TABLE if not exists PRODUCT_ORDERED_DETAILS(
ordered_product_id INT PRIMARY KEY NOT NULL,
ordered_quantity INT,
ordered_date DATE,
order_id INT,
product_id INT) product_ordered_details.sql 0.09s product_ordered_details Table CREATED
2020-10-06 14:55:09,097 - 18480 INFO - CREATE TABLE if not exists PRODUCT_ORDERED_DETAILS(
ordered_product_id INT PRIMARY KEY NOT NULL,
ordered_quantity INT,
ordered_date DATE,
order_id INT,
product_id INT) product_ordered_details.sql 0.09s product_ordered_details Table CREATED
2020-10-06 14:55:09,097 - 18480 INFO - CREATE TABLE if not exists PRODUCT_ORDERED_DETAILS(
ordered_product_id INT PRIMARY KEY NOT NULL,
ordered_quantity INT,
ordered_date DATE,
order_id INT,
product_id INT) product_ordered_details.sql 0.09s product_ordered_details Table CREATED
2020-10-06 14:55:09,097 - 18480 INFO - CREATE TABLE if not exists PRODUCT_ORDERED_DETAILS(
ordered_product_id INT PRIMARY KEY NOT NULL,
ordered_quantity INT,
ordered_date DATE,
order_id INT,
product_id INT) product_ordered_details.sql 0.09s product_ordered_details Table CREATED
2020-10-06 14:55:09,097 - 18480 INFO - CREATE TABLE if not exists PRODUCT_ORDERED_DETAILS(
ordered_product_id INT PRIMARY KEY NOT NULL,
ordered_quantity INT,
ordered_date DATE,
order_id INT,
product_id INT) product_ordered_details.sql 0.09s product_ordered_details Table CREATED
2020-10-06 14:55:09,195 - 18480 INFO - CREATE TABLE if not exists PRODUCT_STOCK_DETAILS(
product_stock_id int primary key not null,
stock_quantity int,
seller_id int) product_stock_details.sql 0.09s product_stock_details Table CREATED
2020-10-06 14:55:09,195 - 18480 INFO - CREATE TABLE if not exists PRODUCT_STOCK_DETAILS(
product_stock_id int primary key not null,
stock_quantity int,
seller_id int) product_stock_details.sql 0.09s product_stock_details Table CREATED
2020-10-06 14:55:09,195 - 18480 INFO - CREATE TABLE if not exists PRODUCT_STOCK_DETAILS(
product_stock_id int primary key not null,
stock_quantity int,
seller_id int) product_stock_details.sql 0.09s product_stock_details Table CREATED
2020-10-06 14:55:09,195 - 18480 INFO - CREATE TABLE if not exists PRODUCT_STOCK_DETAILS(
product_stock_id int primary key not null,
stock_quantity int,
seller_id int) product_stock_details.sql 0.09s product_stock_details Table CREATED
2020-10-06 14:55:09,195 - 18480 INFO - CREATE TABLE if not exists PRODUCT_STOCK_DETAILS(
product_stock_id int primary key not null,
stock_quantity int,
seller_id int) product_stock_details.sql 0.09s product_stock_details Table CREATED
2020-10-06 14:55:09,195 - 18480 INFO - CREATE TABLE if not exists PRODUCT_STOCK_DETAILS(
product_stock_id int primary key not null,
stock_quantity int,
seller_id int) product_stock_details.sql 0.09s product_stock_details Table CREATED
2020-10-06 14:55:09,195 - 18480 INFO - CREATE TABLE if not exists PRODUCT_STOCK_DETAILS(
product_stock_id int primary key not null,
stock_quantity int,
seller_id int) product_stock_details.sql 0.09s product_stock_details Table CREATED
2020-10-06 14:55:09,195 - 18480 INFO - CREATE TABLE if not exists PRODUCT_STOCK_DETAILS(
product_stock_id int primary key not null,
stock_quantity int,
seller_id int) product_stock_details.sql 0.09s product_stock_details Table CREATED
2020-10-06 14:55:09,195 - 18480 INFO - CREATE TABLE if not exists PRODUCT_STOCK_DETAILS(
product_stock_id int primary key not null,
stock_quantity int,
seller_id int) product_stock_details.sql 0.09s product_stock_details Table CREATED
2020-10-06 14:55:09,195 - 18480 INFO - CREATE TABLE if not exists PRODUCT_STOCK_DETAILS(
product_stock_id int primary key not null,
stock_quantity int,
seller_id int) product_stock_details.sql 0.09s product_stock_details Table CREATED
2020-10-06 14:55:09,195 - 18480 INFO - CREATE TABLE if not exists PRODUCT_STOCK_DETAILS(
product_stock_id int primary key not null,
stock_quantity int,
seller_id int) product_stock_details.sql 0.09s product_stock_details Table CREATED
2020-10-06 14:55:09,195 - 18480 INFO - CREATE TABLE if not exists PRODUCT_STOCK_DETAILS(
product_stock_id int primary key not null,
stock_quantity int,
seller_id int) product_stock_details.sql 0.09s product_stock_details Table CREATED
2020-10-06 14:55:09,195 - 18480 INFO - CREATE TABLE if not exists PRODUCT_STOCK_DETAILS(
product_stock_id int primary key not null,
stock_quantity int,
seller_id int) product_stock_details.sql 0.09s product_stock_details Table CREATED
2020-10-06 14:55:09,195 - 18480 INFO - CREATE TABLE if not exists PRODUCT_STOCK_DETAILS(
product_stock_id int primary key not null,
stock_quantity int,
seller_id int) product_stock_details.sql 0.09s product_stock_details Table CREATED
2020-10-06 14:55:09,195 - 18480 INFO - CREATE TABLE if not exists PRODUCT_STOCK_DETAILS(
product_stock_id int primary key not null,
stock_quantity int,
seller_id int) product_stock_details.sql 0.09s product_stock_details Table CREATED
2020-10-06 14:55:09,195 - 18480 INFO - CREATE TABLE if not exists PRODUCT_STOCK_DETAILS(
product_stock_id int primary key not null,
stock_quantity int,
seller_id int) product_stock_details.sql 0.09s product_stock_details Table CREATED
2020-10-06 14:55:09,195 - 18480 INFO - CREATE TABLE if not exists PRODUCT_STOCK_DETAILS(
product_stock_id int primary key not null,
stock_quantity int,
seller_id int) product_stock_details.sql 0.09s product_stock_details Table CREATED
2020-10-06 14:55:09,195 - 18480 INFO - CREATE TABLE if not exists PRODUCT_STOCK_DETAILS(
product_stock_id int primary key not null,
stock_quantity int,
seller_id int) product_stock_details.sql 0.09s product_stock_details Table CREATED
2020-10-06 14:55:09,255 - 18480 INFO - create table if not exists sample(
e_num int,
e_name varchar(5)) sample.sql 0.06s sample Table CREATED
2020-10-06 14:55:09,255 - 18480 INFO - create table if not exists sample(
e_num int,
e_name varchar(5)) sample.sql 0.06s sample Table CREATED
2020-10-06 14:55:09,255 - 18480 INFO - create table if not exists sample(
e_num int,
e_name varchar(5)) sample.sql 0.06s sample Table CREATED
2020-10-06 14:55:09,255 - 18480 INFO - create table if not exists sample(
e_num int,
e_name varchar(5)) sample.sql 0.06s sample Table CREATED
2020-10-06 14:55:09,255 - 18480 INFO - create table if not exists sample(
e_num int,
e_name varchar(5)) sample.sql 0.06s sample Table CREATED
2020-10-06 14:55:09,255 - 18480 INFO - create table if not exists sample(
e_num int,
e_name varchar(5)) sample.sql 0.06s sample Table CREATED
2020-10-06 14:55:09,255 - 18480 INFO - create table if not exists sample(
e_num int,
e_name varchar(5)) sample.sql 0.06s sample Table CREATED
2020-10-06 14:55:09,255 - 18480 INFO - create table if not exists sample(
e_num int,
e_name varchar(5)) sample.sql 0.06s sample Table CREATED
2020-10-06 14:55:09,255 - 18480 INFO - create table if not exists sample(
e_num int,
e_name varchar(5)) sample.sql 0.06s sample Table CREATED
2020-10-06 14:55:09,255 - 18480 INFO - create table if not exists sample(
e_num int,
e_name varchar(5)) sample.sql 0.06s sample Table CREATED
2020-10-06 14:55:09,255 - 18480 INFO - create table if not exists sample(
e_num int,
e_name varchar(5)) sample.sql 0.06s sample Table CREATED
2020-10-06 14:55:09,255 - 18480 INFO - create table if not exists sample(
e_num int,
e_name varchar(5)) sample.sql 0.06s sample Table CREATED
2020-10-06 14:55:09,255 - 18480 INFO - create table if not exists sample(
e_num int,
e_name varchar(5)) sample.sql 0.06s sample Table CREATED
2020-10-06 14:55:09,255 - 18480 INFO - create table if not exists sample(
e_num int,
e_name varchar(5)) sample.sql 0.06s sample Table CREATED
2020-10-06 14:55:09,255 - 18480 INFO - create table if not exists sample(
e_num int,
e_name varchar(5)) sample.sql 0.06s sample Table CREATED
2020-10-06 14:55:09,255 - 18480 INFO - create table if not exists sample(
e_num int,
e_name varchar(5)) sample.sql 0.06s sample Table CREATED
2020-10-06 14:55:09,255 - 18480 INFO - create table if not exists sample(
e_num int,
e_name varchar(5)) sample.sql 0.06s sample Table CREATED
2020-10-06 14:55:09,255 - 18480 INFO - create table if not exists sample(
e_num int,
e_name varchar(5)) sample.sql 0.06s sample Table CREATED
2020-10-06 14:55:09,255 - 18480 INFO - create table if not exists sample(
e_num int,
e_name varchar(5)) sample.sql 0.06s sample Table CREATED
2020-10-06 14:55:09,266 - 18480 INFO - CREATE TABLE if not exists SELLER_DETAILS(
seller_id INT PRIMARY KEY NOT NULL,
seller_name VARCHAR(20),
seller_address VARCHAR(25),
seller_ratings INT) seller_details.sql 0.01s seller_details Table CREATED
2020-10-06 14:55:09,266 - 18480 INFO - CREATE TABLE if not exists SELLER_DETAILS(
seller_id INT PRIMARY KEY NOT NULL,
seller_name VARCHAR(20),
seller_address VARCHAR(25),
seller_ratings INT) seller_details.sql 0.01s seller_details Table CREATED
2020-10-06 14:55:09,266 - 18480 INFO - CREATE TABLE if not exists SELLER_DETAILS(
seller_id INT PRIMARY KEY NOT NULL,
seller_name VARCHAR(20),
seller_address VARCHAR(25),
seller_ratings INT) seller_details.sql 0.01s seller_details Table CREATED
2020-10-06 14:55:09,266 - 18480 INFO - CREATE TABLE if not exists SELLER_DETAILS(
seller_id INT PRIMARY KEY NOT NULL,
seller_name VARCHAR(20),
seller_address VARCHAR(25),
seller_ratings INT) seller_details.sql 0.01s seller_details Table CREATED
2020-10-06 14:55:09,266 - 18480 INFO - CREATE TABLE if not exists SELLER_DETAILS(
seller_id INT PRIMARY KEY NOT NULL,
seller_name VARCHAR(20),
seller_address VARCHAR(25),
seller_ratings INT) seller_details.sql 0.01s seller_details Table CREATED
2020-10-06 14:55:09,266 - 18480 INFO - CREATE TABLE if not exists SELLER_DETAILS(
seller_id INT PRIMARY KEY NOT NULL,
seller_name VARCHAR(20),
seller_address VARCHAR(25),
seller_ratings INT) seller_details.sql 0.01s seller_details Table CREATED
2020-10-06 14:55:09,266 - 18480 INFO - CREATE TABLE if not exists SELLER_DETAILS(
seller_id INT PRIMARY KEY NOT NULL,
seller_name VARCHAR(20),
seller_address VARCHAR(25),
seller_ratings INT) seller_details.sql 0.01s seller_details Table CREATED
2020-10-06 14:55:09,266 - 18480 INFO - CREATE TABLE if not exists SELLER_DETAILS(
seller_id INT PRIMARY KEY NOT NULL,
seller_name VARCHAR(20),
seller_address VARCHAR(25),
seller_ratings INT) seller_details.sql 0.01s seller_details Table CREATED
2020-10-06 14:55:09,266 - 18480 INFO - CREATE TABLE if not exists SELLER_DETAILS(
seller_id INT PRIMARY KEY NOT NULL,
seller_name VARCHAR(20),
seller_address VARCHAR(25),
seller_ratings INT) seller_details.sql 0.01s seller_details Table CREATED
2020-10-06 14:55:09,266 - 18480 INFO - CREATE TABLE if not exists SELLER_DETAILS(
seller_id INT PRIMARY KEY NOT NULL,
seller_name VARCHAR(20),
seller_address VARCHAR(25),
seller_ratings INT) seller_details.sql 0.01s seller_details Table CREATED
2020-10-06 14:55:09,266 - 18480 INFO - CREATE TABLE if not exists SELLER_DETAILS(
seller_id INT PRIMARY KEY NOT NULL,
seller_name VARCHAR(20),
seller_address VARCHAR(25),
seller_ratings INT) seller_details.sql 0.01s seller_details Table CREATED
2020-10-06 14:55:09,266 - 18480 INFO - CREATE TABLE if not exists SELLER_DETAILS(
seller_id INT PRIMARY KEY NOT NULL,
seller_name VARCHAR(20),
seller_address VARCHAR(25),
seller_ratings INT) seller_details.sql 0.01s seller_details Table CREATED
2020-10-06 14:55:09,266 - 18480 INFO - CREATE TABLE if not exists SELLER_DETAILS(
seller_id INT PRIMARY KEY NOT NULL,
seller_name VARCHAR(20),
seller_address VARCHAR(25),
seller_ratings INT) seller_details.sql 0.01s seller_details Table CREATED
2020-10-06 14:55:09,266 - 18480 INFO - CREATE TABLE if not exists SELLER_DETAILS(
seller_id INT PRIMARY KEY NOT NULL,
seller_name VARCHAR(20),
seller_address VARCHAR(25),
seller_ratings INT) seller_details.sql 0.01s seller_details Table CREATED
2020-10-06 14:55:09,266 - 18480 INFO - CREATE TABLE if not exists SELLER_DETAILS(
seller_id INT PRIMARY KEY NOT NULL,
seller_name VARCHAR(20),
seller_address VARCHAR(25),
seller_ratings INT) seller_details.sql 0.01s seller_details Table CREATED
2020-10-06 14:55:09,266 - 18480 INFO - CREATE TABLE if not exists SELLER_DETAILS(
seller_id INT PRIMARY KEY NOT NULL,
seller_name VARCHAR(20),
seller_address VARCHAR(25),
seller_ratings INT) seller_details.sql 0.01s seller_details Table CREATED
2020-10-06 14:55:09,266 - 18480 INFO - CREATE TABLE if not exists SELLER_DETAILS(
seller_id INT PRIMARY KEY NOT NULL,
seller_name VARCHAR(20),
seller_address VARCHAR(25),
seller_ratings INT) seller_details.sql 0.01s seller_details Table CREATED
2020-10-06 14:55:09,266 - 18480 INFO - CREATE TABLE if not exists SELLER_DETAILS(
seller_id INT PRIMARY KEY NOT NULL,
seller_name VARCHAR(20),
seller_address VARCHAR(25),
seller_ratings INT) seller_details.sql 0.01s seller_details Table CREATED
2020-10-06 14:55:09,266 - 18480 INFO - CREATE TABLE if not exists SELLER_DETAILS(
seller_id INT PRIMARY KEY NOT NULL,
seller_name VARCHAR(20),
seller_address VARCHAR(25),
seller_ratings INT) seller_details.sql 0.01s seller_details Table CREATED
2020-10-06 14:55:09,266 - 18480 INFO - CREATE TABLE if not exists SELLER_DETAILS(
seller_id INT PRIMARY KEY NOT NULL,
seller_name VARCHAR(20),
seller_address VARCHAR(25),
seller_ratings INT) seller_details.sql 0.01s seller_details Table CREATED
2020-10-06 14:55:09,491 - 18480 INFO - CREATE TABLE if not exists SHIPPING_STATUS(
ship_id	INT PRIMARY KEY NOT NULL,
ship_date DATE,
ship_track_no BIGINT,
order_id INT,
invoice_num INT) shipping_status.sql 0.22s shipping_status Table CREATED
2020-10-06 14:55:09,491 - 18480 INFO - CREATE TABLE if not exists SHIPPING_STATUS(
ship_id	INT PRIMARY KEY NOT NULL,
ship_date DATE,
ship_track_no BIGINT,
order_id INT,
invoice_num INT) shipping_status.sql 0.22s shipping_status Table CREATED
2020-10-06 14:55:09,491 - 18480 INFO - CREATE TABLE if not exists SHIPPING_STATUS(
ship_id	INT PRIMARY KEY NOT NULL,
ship_date DATE,
ship_track_no BIGINT,
order_id INT,
invoice_num INT) shipping_status.sql 0.22s shipping_status Table CREATED
2020-10-06 14:55:09,491 - 18480 INFO - CREATE TABLE if not exists SHIPPING_STATUS(
ship_id	INT PRIMARY KEY NOT NULL,
ship_date DATE,
ship_track_no BIGINT,
order_id INT,
invoice_num INT) shipping_status.sql 0.22s shipping_status Table CREATED
2020-10-06 14:55:09,491 - 18480 INFO - CREATE TABLE if not exists SHIPPING_STATUS(
ship_id	INT PRIMARY KEY NOT NULL,
ship_date DATE,
ship_track_no BIGINT,
order_id INT,
invoice_num INT) shipping_status.sql 0.22s shipping_status Table CREATED
2020-10-06 14:55:09,491 - 18480 INFO - CREATE TABLE if not exists SHIPPING_STATUS(
ship_id	INT PRIMARY KEY NOT NULL,
ship_date DATE,
ship_track_no BIGINT,
order_id INT,
invoice_num INT) shipping_status.sql 0.22s shipping_status Table CREATED
2020-10-06 14:55:09,491 - 18480 INFO - CREATE TABLE if not exists SHIPPING_STATUS(
ship_id	INT PRIMARY KEY NOT NULL,
ship_date DATE,
ship_track_no BIGINT,
order_id INT,
invoice_num INT) shipping_status.sql 0.22s shipping_status Table CREATED
2020-10-06 14:55:09,491 - 18480 INFO - CREATE TABLE if not exists SHIPPING_STATUS(
ship_id	INT PRIMARY KEY NOT NULL,
ship_date DATE,
ship_track_no BIGINT,
order_id INT,
invoice_num INT) shipping_status.sql 0.22s shipping_status Table CREATED
2020-10-06 14:55:09,491 - 18480 INFO - CREATE TABLE if not exists SHIPPING_STATUS(
ship_id	INT PRIMARY KEY NOT NULL,
ship_date DATE,
ship_track_no BIGINT,
order_id INT,
invoice_num INT) shipping_status.sql 0.22s shipping_status Table CREATED
2020-10-06 14:55:09,491 - 18480 INFO - CREATE TABLE if not exists SHIPPING_STATUS(
ship_id	INT PRIMARY KEY NOT NULL,
ship_date DATE,
ship_track_no BIGINT,
order_id INT,
invoice_num INT) shipping_status.sql 0.22s shipping_status Table CREATED
2020-10-06 14:55:09,491 - 18480 INFO - CREATE TABLE if not exists SHIPPING_STATUS(
ship_id	INT PRIMARY KEY NOT NULL,
ship_date DATE,
ship_track_no BIGINT,
order_id INT,
invoice_num INT) shipping_status.sql 0.22s shipping_status Table CREATED
2020-10-06 14:55:09,491 - 18480 INFO - CREATE TABLE if not exists SHIPPING_STATUS(
ship_id	INT PRIMARY KEY NOT NULL,
ship_date DATE,
ship_track_no BIGINT,
order_id INT,
invoice_num INT) shipping_status.sql 0.22s shipping_status Table CREATED
2020-10-06 14:55:09,491 - 18480 INFO - CREATE TABLE if not exists SHIPPING_STATUS(
ship_id	INT PRIMARY KEY NOT NULL,
ship_date DATE,
ship_track_no BIGINT,
order_id INT,
invoice_num INT) shipping_status.sql 0.22s shipping_status Table CREATED
2020-10-06 14:55:09,491 - 18480 INFO - CREATE TABLE if not exists SHIPPING_STATUS(
ship_id	INT PRIMARY KEY NOT NULL,
ship_date DATE,
ship_track_no BIGINT,
order_id INT,
invoice_num INT) shipping_status.sql 0.22s shipping_status Table CREATED
2020-10-06 14:55:09,491 - 18480 INFO - CREATE TABLE if not exists SHIPPING_STATUS(
ship_id	INT PRIMARY KEY NOT NULL,
ship_date DATE,
ship_track_no BIGINT,
order_id INT,
invoice_num INT) shipping_status.sql 0.22s shipping_status Table CREATED
2020-10-06 14:55:09,491 - 18480 INFO - CREATE TABLE if not exists SHIPPING_STATUS(
ship_id	INT PRIMARY KEY NOT NULL,
ship_date DATE,
ship_track_no BIGINT,
order_id INT,
invoice_num INT) shipping_status.sql 0.22s shipping_status Table CREATED
2020-10-06 14:55:09,491 - 18480 INFO - CREATE TABLE if not exists SHIPPING_STATUS(
ship_id	INT PRIMARY KEY NOT NULL,
ship_date DATE,
ship_track_no BIGINT,
order_id INT,
invoice_num INT) shipping_status.sql 0.22s shipping_status Table CREATED
2020-10-06 14:55:09,491 - 18480 INFO - CREATE TABLE if not exists SHIPPING_STATUS(
ship_id	INT PRIMARY KEY NOT NULL,
ship_date DATE,
ship_track_no BIGINT,
order_id INT,
invoice_num INT) shipping_status.sql 0.22s shipping_status Table CREATED
2020-10-06 14:55:09,491 - 18480 INFO - CREATE TABLE if not exists SHIPPING_STATUS(
ship_id	INT PRIMARY KEY NOT NULL,
ship_date DATE,
ship_track_no BIGINT,
order_id INT,
invoice_num INT) shipping_status.sql 0.22s shipping_status Table CREATED
2020-10-06 14:55:09,491 - 18480 INFO - CREATE TABLE if not exists SHIPPING_STATUS(
ship_id	INT PRIMARY KEY NOT NULL,
ship_date DATE,
ship_track_no BIGINT,
order_id INT,
invoice_num INT) shipping_status.sql 0.22s shipping_status Table CREATED
2020-10-06 14:55:09,491 - 18480 INFO - CREATE TABLE if not exists SHIPPING_STATUS(
ship_id	INT PRIMARY KEY NOT NULL,
ship_date DATE,
ship_track_no BIGINT,
order_id INT,
invoice_num INT) shipping_status.sql 0.22s shipping_status Table CREATED
2020-10-06 14:55:26,723 - 26424 INFO - category_details Records Inserted
2020-10-06 14:55:26,723 - 26424 INFO - category_details Records Inserted
2020-10-06 14:55:26,723 - 26424 INFO - category_details Records Inserted
2020-10-06 14:55:26,836 - 26424 INFO - customer_details Records Inserted
2020-10-06 14:55:26,836 - 26424 INFO - customer_details Records Inserted
2020-10-06 14:55:26,836 - 26424 INFO - customer_details Records Inserted
2020-10-06 14:55:26,945 - 26424 INFO - order_status_details Records Inserted
2020-10-06 14:55:26,945 - 26424 INFO - order_status_details Records Inserted
2020-10-06 14:55:26,945 - 26424 INFO - order_status_details Records Inserted
2020-10-06 14:55:26,952 - 26424 INFO - seller_details Records Inserted
2020-10-06 14:55:26,952 - 26424 INFO - seller_details Records Inserted
2020-10-06 14:55:26,952 - 26424 INFO - seller_details Records Inserted
2020-10-06 14:55:27,045 - 26424 INFO - cart_details Records Inserted
2020-10-06 14:55:27,045 - 26424 INFO - cart_details Records Inserted
2020-10-06 14:55:27,045 - 26424 INFO - cart_details Records Inserted
2020-10-06 14:55:27,173 - 26424 INFO - customer_address_details Records Inserted
2020-10-06 14:55:27,173 - 26424 INFO - customer_address_details Records Inserted
2020-10-06 14:55:27,173 - 26424 INFO - customer_address_details Records Inserted
2020-10-06 14:55:27,287 - 26424 INFO - order_details Records Inserted
2020-10-06 14:55:27,287 - 26424 INFO - order_details Records Inserted
2020-10-06 14:55:27,287 - 26424 INFO - order_details Records Inserted
2020-10-06 14:55:27,424 - 26424 INFO - product_stock_details Records Inserted
2020-10-06 14:55:27,424 - 26424 INFO - product_stock_details Records Inserted
2020-10-06 14:55:27,424 - 26424 INFO - product_stock_details Records Inserted
2020-10-06 14:55:27,776 - 26424 INFO - product_details Records Inserted
2020-10-06 14:55:27,776 - 26424 INFO - product_details Records Inserted
2020-10-06 14:55:27,776 - 26424 INFO - product_details Records Inserted
2020-10-06 14:55:27,905 - 26424 INFO - cart_product_details Records Inserted
2020-10-06 14:55:27,905 - 26424 INFO - cart_product_details Records Inserted
2020-10-06 14:55:27,905 - 26424 INFO - cart_product_details Records Inserted
2020-10-06 14:55:28,005 - 26424 INFO - category_product_details Records Inserted
2020-10-06 14:55:28,005 - 26424 INFO - category_product_details Records Inserted
2020-10-06 14:55:28,005 - 26424 INFO - category_product_details Records Inserted
2020-10-06 14:55:28,105 - 26424 INFO - customer_rating_details Records Inserted
2020-10-06 14:55:28,105 - 26424 INFO - customer_rating_details Records Inserted
2020-10-06 14:55:28,105 - 26424 INFO - customer_rating_details Records Inserted
2020-10-06 14:55:28,211 - 26424 INFO - invoice_details Records Inserted
2020-10-06 14:55:28,211 - 26424 INFO - invoice_details Records Inserted
2020-10-06 14:55:28,211 - 26424 INFO - invoice_details Records Inserted
2020-10-06 14:55:28,289 - 26424 INFO - payment_details Records Inserted
2020-10-06 14:55:28,289 - 26424 INFO - payment_details Records Inserted
2020-10-06 14:55:28,289 - 26424 INFO - payment_details Records Inserted
2020-10-06 14:55:28,422 - 26424 INFO - product_ordered_details Records Inserted
2020-10-06 14:55:28,422 - 26424 INFO - product_ordered_details Records Inserted
2020-10-06 14:55:28,422 - 26424 INFO - product_ordered_details Records Inserted
2020-10-06 14:55:28,584 - 26424 INFO - shipping_status Records Inserted
2020-10-06 14:55:28,584 - 26424 INFO - shipping_status Records Inserted
2020-10-06 14:55:28,584 - 26424 INFO - shipping_status Records Inserted
