2020-09-30 16:28:45,230 - 1356 INFO - CREATE TABLE if not exists CART_DETAILS(
cart_id	INT PRIMARY KEY NOT NULL,
cart_added_date DATE,
customer_id INT) cart_details.sql 0.05s cart_details Table CREATED
2020-09-30 16:28:45,230 - 1356 INFO - CREATE TABLE if not exists CART_DETAILS(
cart_id	INT PRIMARY KEY NOT NULL,
cart_added_date DATE,
customer_id INT) cart_details.sql 0.05s cart_details Table CREATED
2020-09-30 16:28:45,230 - 1356 INFO - CREATE TABLE if not exists CART_DETAILS(
cart_id	INT PRIMARY KEY NOT NULL,
cart_added_date DATE,
customer_id INT) cart_details.sql 0.05s cart_details Table CREATED
2020-09-30 16:28:45,230 - 1356 INFO - CREATE TABLE if not exists CART_DETAILS(
cart_id	INT PRIMARY KEY NOT NULL,
cart_added_date DATE,
customer_id INT) cart_details.sql 0.05s cart_details Table CREATED
2020-09-30 16:28:45,231 - 1356 INFO - Table cart_details.sql is ready to add in DB
2020-09-30 16:28:45,231 - 1356 INFO - Table cart_details.sql is ready to add in DB
2020-09-30 16:28:45,231 - 1356 INFO - Table cart_details.sql is ready to add in DB
2020-09-30 16:28:45,231 - 1356 INFO - Table cart_details.sql is ready to add in DB
2020-09-30 16:28:45,258 - 1356 INFO - CREATE TABLE if not exists CART_PRODUCT_DETAILS(
cart_id	int,
product_id	int,
quantity int) cart_product_details.sql 0.03s cart_product_details Table CREATED
2020-09-30 16:28:45,258 - 1356 INFO - CREATE TABLE if not exists CART_PRODUCT_DETAILS(
cart_id	int,
product_id	int,
quantity int) cart_product_details.sql 0.03s cart_product_details Table CREATED
2020-09-30 16:28:45,258 - 1356 INFO - CREATE TABLE if not exists CART_PRODUCT_DETAILS(
cart_id	int,
product_id	int,
quantity int) cart_product_details.sql 0.03s cart_product_details Table CREATED
2020-09-30 16:28:45,258 - 1356 INFO - CREATE TABLE if not exists CART_PRODUCT_DETAILS(
cart_id	int,
product_id	int,
quantity int) cart_product_details.sql 0.03s cart_product_details Table CREATED
2020-09-30 16:28:45,259 - 1356 INFO - Table cart_product_details.sql is ready to add in DB
2020-09-30 16:28:45,259 - 1356 INFO - Table cart_product_details.sql is ready to add in DB
2020-09-30 16:28:45,259 - 1356 INFO - Table cart_product_details.sql is ready to add in DB
2020-09-30 16:28:45,259 - 1356 INFO - Table cart_product_details.sql is ready to add in DB
2020-09-30 16:28:45,288 - 1356 INFO - CREATE TABLE if not exists CATEGORY_DETAILS(
category_id	INT PRIMARY KEY NOT NULL,
category_name VARCHAR(20) NOT NULL) category_details.sql 0.03s category_details Table CREATED
2020-09-30 16:28:45,288 - 1356 INFO - CREATE TABLE if not exists CATEGORY_DETAILS(
category_id	INT PRIMARY KEY NOT NULL,
category_name VARCHAR(20) NOT NULL) category_details.sql 0.03s category_details Table CREATED
2020-09-30 16:28:45,288 - 1356 INFO - CREATE TABLE if not exists CATEGORY_DETAILS(
category_id	INT PRIMARY KEY NOT NULL,
category_name VARCHAR(20) NOT NULL) category_details.sql 0.03s category_details Table CREATED
2020-09-30 16:28:45,288 - 1356 INFO - CREATE TABLE if not exists CATEGORY_DETAILS(
category_id	INT PRIMARY KEY NOT NULL,
category_name VARCHAR(20) NOT NULL) category_details.sql 0.03s category_details Table CREATED
2020-09-30 16:28:45,288 - 1356 INFO - Table category_details.sql is ready to add in DB
2020-09-30 16:28:45,288 - 1356 INFO - Table category_details.sql is ready to add in DB
2020-09-30 16:28:45,288 - 1356 INFO - Table category_details.sql is ready to add in DB
2020-09-30 16:28:45,288 - 1356 INFO - Table category_details.sql is ready to add in DB
2020-09-30 16:28:45,315 - 1356 INFO - CREATE TABLE if not exists CATEGORY_PRODUCT_DETAILS(
product_id	INT,
category_id INT) category_product_details.sql 0.03s category_product_details Table CREATED
2020-09-30 16:28:45,315 - 1356 INFO - CREATE TABLE if not exists CATEGORY_PRODUCT_DETAILS(
product_id	INT,
category_id INT) category_product_details.sql 0.03s category_product_details Table CREATED
2020-09-30 16:28:45,315 - 1356 INFO - CREATE TABLE if not exists CATEGORY_PRODUCT_DETAILS(
product_id	INT,
category_id INT) category_product_details.sql 0.03s category_product_details Table CREATED
2020-09-30 16:28:45,315 - 1356 INFO - CREATE TABLE if not exists CATEGORY_PRODUCT_DETAILS(
product_id	INT,
category_id INT) category_product_details.sql 0.03s category_product_details Table CREATED
2020-09-30 16:28:45,316 - 1356 INFO - Table category_product_details.sql is ready to add in DB
2020-09-30 16:28:45,316 - 1356 INFO - Table category_product_details.sql is ready to add in DB
2020-09-30 16:28:45,316 - 1356 INFO - Table category_product_details.sql is ready to add in DB
2020-09-30 16:28:45,316 - 1356 INFO - Table category_product_details.sql is ready to add in DB
2020-09-30 16:28:45,347 - 1356 INFO - CREATE TABLE if not exists CUSTOMER_ADDRESS_DETAILS(
address_id int PRIMARY KEY NOT NULL,
address_1 varchar(25),
address_2 varchar(25),
state varchar(20),
country varchar(20),
address_type varchar(15),
pin_code bigint not null,
customer_id int) customer_address_details.sql 0.03s customer_address_details Table CREATED
2020-09-30 16:28:45,347 - 1356 INFO - CREATE TABLE if not exists CUSTOMER_ADDRESS_DETAILS(
address_id int PRIMARY KEY NOT NULL,
address_1 varchar(25),
address_2 varchar(25),
state varchar(20),
country varchar(20),
address_type varchar(15),
pin_code bigint not null,
customer_id int) customer_address_details.sql 0.03s customer_address_details Table CREATED
2020-09-30 16:28:45,347 - 1356 INFO - CREATE TABLE if not exists CUSTOMER_ADDRESS_DETAILS(
address_id int PRIMARY KEY NOT NULL,
address_1 varchar(25),
address_2 varchar(25),
state varchar(20),
country varchar(20),
address_type varchar(15),
pin_code bigint not null,
customer_id int) customer_address_details.sql 0.03s customer_address_details Table CREATED
2020-09-30 16:28:45,347 - 1356 INFO - CREATE TABLE if not exists CUSTOMER_ADDRESS_DETAILS(
address_id int PRIMARY KEY NOT NULL,
address_1 varchar(25),
address_2 varchar(25),
state varchar(20),
country varchar(20),
address_type varchar(15),
pin_code bigint not null,
customer_id int) customer_address_details.sql 0.03s customer_address_details Table CREATED
2020-09-30 16:28:45,347 - 1356 INFO - Table customer_address_details.sql is ready to add in DB
2020-09-30 16:28:45,347 - 1356 INFO - Table customer_address_details.sql is ready to add in DB
2020-09-30 16:28:45,347 - 1356 INFO - Table customer_address_details.sql is ready to add in DB
2020-09-30 16:28:45,347 - 1356 INFO - Table customer_address_details.sql is ready to add in DB
2020-09-30 16:28:45,380 - 1356 INFO - CREATE TABLE if not exists CUSTOMER_DETAILS(
customer_id int PRIMARY KEY NOT NULL ,
customer_name varchar(15) NOT NULL,
customer_ph_no bigint,
customer_type varchar(10) DEFAULT 'GEN',
customer_mail_id varchar(25) NOT NULL,
customer_pass varchar(12) NOT NULL,
customer_gen varchar(10)) customer_details.sql 0.03s customer_details Table CREATED
2020-09-30 16:28:45,380 - 1356 INFO - CREATE TABLE if not exists CUSTOMER_DETAILS(
customer_id int PRIMARY KEY NOT NULL ,
customer_name varchar(15) NOT NULL,
customer_ph_no bigint,
customer_type varchar(10) DEFAULT 'GEN',
customer_mail_id varchar(25) NOT NULL,
customer_pass varchar(12) NOT NULL,
customer_gen varchar(10)) customer_details.sql 0.03s customer_details Table CREATED
2020-09-30 16:28:45,380 - 1356 INFO - CREATE TABLE if not exists CUSTOMER_DETAILS(
customer_id int PRIMARY KEY NOT NULL ,
customer_name varchar(15) NOT NULL,
customer_ph_no bigint,
customer_type varchar(10) DEFAULT 'GEN',
customer_mail_id varchar(25) NOT NULL,
customer_pass varchar(12) NOT NULL,
customer_gen varchar(10)) customer_details.sql 0.03s customer_details Table CREATED
2020-09-30 16:28:45,380 - 1356 INFO - CREATE TABLE if not exists CUSTOMER_DETAILS(
customer_id int PRIMARY KEY NOT NULL ,
customer_name varchar(15) NOT NULL,
customer_ph_no bigint,
customer_type varchar(10) DEFAULT 'GEN',
customer_mail_id varchar(25) NOT NULL,
customer_pass varchar(12) NOT NULL,
customer_gen varchar(10)) customer_details.sql 0.03s customer_details Table CREATED
2020-09-30 16:28:45,380 - 1356 INFO - Table customer_details.sql is ready to add in DB
2020-09-30 16:28:45,380 - 1356 INFO - Table customer_details.sql is ready to add in DB
2020-09-30 16:28:45,380 - 1356 INFO - Table customer_details.sql is ready to add in DB
2020-09-30 16:28:45,380 - 1356 INFO - Table customer_details.sql is ready to add in DB
2020-09-30 16:28:45,410 - 1356 INFO - CREATE TABLE if not exists CUSTOMER_RATING_DETAILS(
rating_id INT PRIMARY KEY NOT NULL,
rating_star DOUBLE,
rating_desc VARCHAR(50),
customer_id INT,
product_id INT) customer_rating_details.sql 0.03s customer_rating_details Table CREATED
2020-09-30 16:28:45,410 - 1356 INFO - CREATE TABLE if not exists CUSTOMER_RATING_DETAILS(
rating_id INT PRIMARY KEY NOT NULL,
rating_star DOUBLE,
rating_desc VARCHAR(50),
customer_id INT,
product_id INT) customer_rating_details.sql 0.03s customer_rating_details Table CREATED
2020-09-30 16:28:45,410 - 1356 INFO - CREATE TABLE if not exists CUSTOMER_RATING_DETAILS(
rating_id INT PRIMARY KEY NOT NULL,
rating_star DOUBLE,
rating_desc VARCHAR(50),
customer_id INT,
product_id INT) customer_rating_details.sql 0.03s customer_rating_details Table CREATED
2020-09-30 16:28:45,410 - 1356 INFO - CREATE TABLE if not exists CUSTOMER_RATING_DETAILS(
rating_id INT PRIMARY KEY NOT NULL,
rating_star DOUBLE,
rating_desc VARCHAR(50),
customer_id INT,
product_id INT) customer_rating_details.sql 0.03s customer_rating_details Table CREATED
2020-09-30 16:28:45,410 - 1356 INFO - Table customer_rating_details.sql is ready to add in DB
2020-09-30 16:28:45,410 - 1356 INFO - Table customer_rating_details.sql is ready to add in DB
2020-09-30 16:28:45,410 - 1356 INFO - Table customer_rating_details.sql is ready to add in DB
2020-09-30 16:28:45,410 - 1356 INFO - Table customer_rating_details.sql is ready to add in DB
2020-09-30 16:28:45,441 - 1356 INFO - CREATE TABLE if not exists INVOICE_DETAILS(
invoice_num INT PRIMARY KEY ,
invoice_date DATE,
invoice_desc VARCHAR(30),
order_id INT,
product_id INT) invoice_details.sql 0.03s invoice_details Table CREATED
2020-09-30 16:28:45,441 - 1356 INFO - CREATE TABLE if not exists INVOICE_DETAILS(
invoice_num INT PRIMARY KEY ,
invoice_date DATE,
invoice_desc VARCHAR(30),
order_id INT,
product_id INT) invoice_details.sql 0.03s invoice_details Table CREATED
2020-09-30 16:28:45,441 - 1356 INFO - CREATE TABLE if not exists INVOICE_DETAILS(
invoice_num INT PRIMARY KEY ,
invoice_date DATE,
invoice_desc VARCHAR(30),
order_id INT,
product_id INT) invoice_details.sql 0.03s invoice_details Table CREATED
2020-09-30 16:28:45,441 - 1356 INFO - CREATE TABLE if not exists INVOICE_DETAILS(
invoice_num INT PRIMARY KEY ,
invoice_date DATE,
invoice_desc VARCHAR(30),
order_id INT,
product_id INT) invoice_details.sql 0.03s invoice_details Table CREATED
2020-09-30 16:28:45,441 - 1356 INFO - Table invoice_details.sql is ready to add in DB
2020-09-30 16:28:45,441 - 1356 INFO - Table invoice_details.sql is ready to add in DB
2020-09-30 16:28:45,441 - 1356 INFO - Table invoice_details.sql is ready to add in DB
2020-09-30 16:28:45,441 - 1356 INFO - Table invoice_details.sql is ready to add in DB
2020-09-30 16:28:45,475 - 1356 INFO - CREATE TABLE if not exists ORDER_DETAILS(
order_id INT PRIMARY KEY NOT NULL,
order_date DATE,
billing_name VARCHAR(10),
delivery_name VARCHAR(10),
billing_address_id int,
delivery_address_id int,
order_status_id	int,
customer_id int) order_details.sql 0.03s order_details Table CREATED
2020-09-30 16:28:45,475 - 1356 INFO - CREATE TABLE if not exists ORDER_DETAILS(
order_id INT PRIMARY KEY NOT NULL,
order_date DATE,
billing_name VARCHAR(10),
delivery_name VARCHAR(10),
billing_address_id int,
delivery_address_id int,
order_status_id	int,
customer_id int) order_details.sql 0.03s order_details Table CREATED
2020-09-30 16:28:45,475 - 1356 INFO - CREATE TABLE if not exists ORDER_DETAILS(
order_id INT PRIMARY KEY NOT NULL,
order_date DATE,
billing_name VARCHAR(10),
delivery_name VARCHAR(10),
billing_address_id int,
delivery_address_id int,
order_status_id	int,
customer_id int) order_details.sql 0.03s order_details Table CREATED
2020-09-30 16:28:45,475 - 1356 INFO - CREATE TABLE if not exists ORDER_DETAILS(
order_id INT PRIMARY KEY NOT NULL,
order_date DATE,
billing_name VARCHAR(10),
delivery_name VARCHAR(10),
billing_address_id int,
delivery_address_id int,
order_status_id	int,
customer_id int) order_details.sql 0.03s order_details Table CREATED
2020-09-30 16:28:45,475 - 1356 INFO - Table order_details.sql is ready to add in DB
2020-09-30 16:28:45,475 - 1356 INFO - Table order_details.sql is ready to add in DB
2020-09-30 16:28:45,475 - 1356 INFO - Table order_details.sql is ready to add in DB
2020-09-30 16:28:45,475 - 1356 INFO - Table order_details.sql is ready to add in DB
2020-09-30 16:28:45,501 - 1356 INFO - CREATE TABLE if not exists ORDER_STATUS_DETAILS(
order_status_id INT PRIMARY KEY NOT NULL,
order_status_desc varchar(35)) order_status_details.sql 0.03s order_status_details Table CREATED
2020-09-30 16:28:45,501 - 1356 INFO - CREATE TABLE if not exists ORDER_STATUS_DETAILS(
order_status_id INT PRIMARY KEY NOT NULL,
order_status_desc varchar(35)) order_status_details.sql 0.03s order_status_details Table CREATED
2020-09-30 16:28:45,501 - 1356 INFO - CREATE TABLE if not exists ORDER_STATUS_DETAILS(
order_status_id INT PRIMARY KEY NOT NULL,
order_status_desc varchar(35)) order_status_details.sql 0.03s order_status_details Table CREATED
2020-09-30 16:28:45,501 - 1356 INFO - CREATE TABLE if not exists ORDER_STATUS_DETAILS(
order_status_id INT PRIMARY KEY NOT NULL,
order_status_desc varchar(35)) order_status_details.sql 0.03s order_status_details Table CREATED
2020-09-30 16:28:45,502 - 1356 INFO - Table order_status_details.sql is ready to add in DB
2020-09-30 16:28:45,502 - 1356 INFO - Table order_status_details.sql is ready to add in DB
2020-09-30 16:28:45,502 - 1356 INFO - Table order_status_details.sql is ready to add in DB
2020-09-30 16:28:45,502 - 1356 INFO - Table order_status_details.sql is ready to add in DB
2020-09-30 16:28:45,530 - 1356 INFO - CREATE TABLE if not exists PAYMENT_DETAILS(
payment_code INT PRIMARY KEY NOT NULL,
payment_desc VARCHAR(35),
order_id INT,
product_id INT,
customer_id INT) payment_details.sql 0.03s payment_details Table CREATED
2020-09-30 16:28:45,530 - 1356 INFO - CREATE TABLE if not exists PAYMENT_DETAILS(
payment_code INT PRIMARY KEY NOT NULL,
payment_desc VARCHAR(35),
order_id INT,
product_id INT,
customer_id INT) payment_details.sql 0.03s payment_details Table CREATED
2020-09-30 16:28:45,530 - 1356 INFO - CREATE TABLE if not exists PAYMENT_DETAILS(
payment_code INT PRIMARY KEY NOT NULL,
payment_desc VARCHAR(35),
order_id INT,
product_id INT,
customer_id INT) payment_details.sql 0.03s payment_details Table CREATED
2020-09-30 16:28:45,530 - 1356 INFO - CREATE TABLE if not exists PAYMENT_DETAILS(
payment_code INT PRIMARY KEY NOT NULL,
payment_desc VARCHAR(35),
order_id INT,
product_id INT,
customer_id INT) payment_details.sql 0.03s payment_details Table CREATED
2020-09-30 16:28:45,530 - 1356 INFO - Table payment_details.sql is ready to add in DB
2020-09-30 16:28:45,530 - 1356 INFO - Table payment_details.sql is ready to add in DB
2020-09-30 16:28:45,530 - 1356 INFO - Table payment_details.sql is ready to add in DB
2020-09-30 16:28:45,530 - 1356 INFO - Table payment_details.sql is ready to add in DB
2020-09-30 16:28:45,563 - 1356 INFO - CREATE TABLE if not exists PRODUCT_DETAILS(
product_id int primary key not null,
product_name varchar(20),
product_idealfor varchar(20),
product_brand varchar(20),
product_price bigint,
product_desc varchar(20),
product_stock_id int) product_details.sql 0.03s product_details Table CREATED
2020-09-30 16:28:45,563 - 1356 INFO - CREATE TABLE if not exists PRODUCT_DETAILS(
product_id int primary key not null,
product_name varchar(20),
product_idealfor varchar(20),
product_brand varchar(20),
product_price bigint,
product_desc varchar(20),
product_stock_id int) product_details.sql 0.03s product_details Table CREATED
2020-09-30 16:28:45,563 - 1356 INFO - CREATE TABLE if not exists PRODUCT_DETAILS(
product_id int primary key not null,
product_name varchar(20),
product_idealfor varchar(20),
product_brand varchar(20),
product_price bigint,
product_desc varchar(20),
product_stock_id int) product_details.sql 0.03s product_details Table CREATED
2020-09-30 16:28:45,563 - 1356 INFO - CREATE TABLE if not exists PRODUCT_DETAILS(
product_id int primary key not null,
product_name varchar(20),
product_idealfor varchar(20),
product_brand varchar(20),
product_price bigint,
product_desc varchar(20),
product_stock_id int) product_details.sql 0.03s product_details Table CREATED
2020-09-30 16:28:45,563 - 1356 INFO - Table product_details.sql is ready to add in DB
2020-09-30 16:28:45,563 - 1356 INFO - Table product_details.sql is ready to add in DB
2020-09-30 16:28:45,563 - 1356 INFO - Table product_details.sql is ready to add in DB
2020-09-30 16:28:45,563 - 1356 INFO - Table product_details.sql is ready to add in DB
2020-09-30 16:28:45,593 - 1356 INFO - CREATE TABLE if not exists PRODUCT_ORDERED_DETAILS(
ordered_product_id INT PRIMARY KEY NOT NULL,
ordered_quantity INT,
ordered_date DATE,
order_id INT,
product_id INT) product_ordered_details.sql 0.03s product_ordered_details Table CREATED
2020-09-30 16:28:45,593 - 1356 INFO - CREATE TABLE if not exists PRODUCT_ORDERED_DETAILS(
ordered_product_id INT PRIMARY KEY NOT NULL,
ordered_quantity INT,
ordered_date DATE,
order_id INT,
product_id INT) product_ordered_details.sql 0.03s product_ordered_details Table CREATED
2020-09-30 16:28:45,593 - 1356 INFO - CREATE TABLE if not exists PRODUCT_ORDERED_DETAILS(
ordered_product_id INT PRIMARY KEY NOT NULL,
ordered_quantity INT,
ordered_date DATE,
order_id INT,
product_id INT) product_ordered_details.sql 0.03s product_ordered_details Table CREATED
2020-09-30 16:28:45,593 - 1356 INFO - CREATE TABLE if not exists PRODUCT_ORDERED_DETAILS(
ordered_product_id INT PRIMARY KEY NOT NULL,
ordered_quantity INT,
ordered_date DATE,
order_id INT,
product_id INT) product_ordered_details.sql 0.03s product_ordered_details Table CREATED
2020-09-30 16:28:45,594 - 1356 INFO - Table product_ordered_details.sql is ready to add in DB
2020-09-30 16:28:45,594 - 1356 INFO - Table product_ordered_details.sql is ready to add in DB
2020-09-30 16:28:45,594 - 1356 INFO - Table product_ordered_details.sql is ready to add in DB
2020-09-30 16:28:45,594 - 1356 INFO - Table product_ordered_details.sql is ready to add in DB
2020-09-30 16:28:45,626 - 1356 INFO - CREATE TABLE if not exists PRODUCT_STOCK_DETAILS(
product_stock_id int primary key not null,
stock_quantity int,
seller_id int) product_stock_details.sql 0.03s product_stock_details Table CREATED
2020-09-30 16:28:45,626 - 1356 INFO - CREATE TABLE if not exists PRODUCT_STOCK_DETAILS(
product_stock_id int primary key not null,
stock_quantity int,
seller_id int) product_stock_details.sql 0.03s product_stock_details Table CREATED
2020-09-30 16:28:45,626 - 1356 INFO - CREATE TABLE if not exists PRODUCT_STOCK_DETAILS(
product_stock_id int primary key not null,
stock_quantity int,
seller_id int) product_stock_details.sql 0.03s product_stock_details Table CREATED
2020-09-30 16:28:45,626 - 1356 INFO - CREATE TABLE if not exists PRODUCT_STOCK_DETAILS(
product_stock_id int primary key not null,
stock_quantity int,
seller_id int) product_stock_details.sql 0.03s product_stock_details Table CREATED
2020-09-30 16:28:45,626 - 1356 INFO - Table product_stock_details.sql is ready to add in DB
2020-09-30 16:28:45,626 - 1356 INFO - Table product_stock_details.sql is ready to add in DB
2020-09-30 16:28:45,626 - 1356 INFO - Table product_stock_details.sql is ready to add in DB
2020-09-30 16:28:45,626 - 1356 INFO - Table product_stock_details.sql is ready to add in DB
2020-09-30 16:28:45,627 - 1356 INFO - Table ref_1_cart_details is ready to add in DB
2020-09-30 16:28:45,627 - 1356 INFO - Table ref_1_cart_details is ready to add in DB
2020-09-30 16:28:45,627 - 1356 INFO - Table ref_1_cart_details is ready to add in DB
2020-09-30 16:28:45,627 - 1356 INFO - Table ref_1_cart_details is ready to add in DB
2020-09-30 16:28:45,627 - 1356 INFO - Table ref_2_customer_address_details is ready to add in DB
2020-09-30 16:28:45,627 - 1356 INFO - Table ref_2_customer_address_details is ready to add in DB
2020-09-30 16:28:45,627 - 1356 INFO - Table ref_2_customer_address_details is ready to add in DB
2020-09-30 16:28:45,627 - 1356 INFO - Table ref_2_customer_address_details is ready to add in DB
2020-09-30 16:28:45,627 - 1356 INFO - Table ref_3_order_details is ready to add in DB
2020-09-30 16:28:45,627 - 1356 INFO - Table ref_3_order_details is ready to add in DB
2020-09-30 16:28:45,627 - 1356 INFO - Table ref_3_order_details is ready to add in DB
2020-09-30 16:28:45,627 - 1356 INFO - Table ref_3_order_details is ready to add in DB
2020-09-30 16:28:45,628 - 1356 INFO - Table ref_4_product_stock_details is ready to add in DB
2020-09-30 16:28:45,628 - 1356 INFO - Table ref_4_product_stock_details is ready to add in DB
2020-09-30 16:28:45,628 - 1356 INFO - Table ref_4_product_stock_details is ready to add in DB
2020-09-30 16:28:45,628 - 1356 INFO - Table ref_4_product_stock_details is ready to add in DB
2020-09-30 16:28:45,628 - 1356 INFO - Table ref_5_product_details is ready to add in DB
2020-09-30 16:28:45,628 - 1356 INFO - Table ref_5_product_details is ready to add in DB
2020-09-30 16:28:45,628 - 1356 INFO - Table ref_5_product_details is ready to add in DB
2020-09-30 16:28:45,628 - 1356 INFO - Table ref_5_product_details is ready to add in DB
2020-09-30 16:28:45,629 - 1356 INFO - Table ref_6_cart_product_details is ready to add in DB
2020-09-30 16:28:45,629 - 1356 INFO - Table ref_6_cart_product_details is ready to add in DB
2020-09-30 16:28:45,629 - 1356 INFO - Table ref_6_cart_product_details is ready to add in DB
2020-09-30 16:28:45,629 - 1356 INFO - Table ref_6_cart_product_details is ready to add in DB
2020-09-30 16:28:45,629 - 1356 INFO - Table ref_7_category_product_details is ready to add in DB
2020-09-30 16:28:45,629 - 1356 INFO - Table ref_7_category_product_details is ready to add in DB
2020-09-30 16:28:45,629 - 1356 INFO - Table ref_7_category_product_details is ready to add in DB
2020-09-30 16:28:45,629 - 1356 INFO - Table ref_7_category_product_details is ready to add in DB
2020-09-30 16:28:45,629 - 1356 INFO - Table ref_8_customer_rating_details is ready to add in DB
2020-09-30 16:28:45,629 - 1356 INFO - Table ref_8_customer_rating_details is ready to add in DB
2020-09-30 16:28:45,629 - 1356 INFO - Table ref_8_customer_rating_details is ready to add in DB
2020-09-30 16:28:45,629 - 1356 INFO - Table ref_8_customer_rating_details is ready to add in DB
2020-09-30 16:28:45,630 - 1356 INFO - Table ref_9_invoice_details is ready to add in DB
2020-09-30 16:28:45,630 - 1356 INFO - Table ref_9_invoice_details is ready to add in DB
2020-09-30 16:28:45,630 - 1356 INFO - Table ref_9_invoice_details is ready to add in DB
2020-09-30 16:28:45,630 - 1356 INFO - Table ref_9_invoice_details is ready to add in DB
2020-09-30 16:28:45,630 - 1356 INFO - Table ref_payment_details is ready to add in DB
2020-09-30 16:28:45,630 - 1356 INFO - Table ref_payment_details is ready to add in DB
2020-09-30 16:28:45,630 - 1356 INFO - Table ref_payment_details is ready to add in DB
2020-09-30 16:28:45,630 - 1356 INFO - Table ref_payment_details is ready to add in DB
2020-09-30 16:28:45,631 - 1356 INFO - Table ref_product_ordered_details is ready to add in DB
2020-09-30 16:28:45,631 - 1356 INFO - Table ref_product_ordered_details is ready to add in DB
2020-09-30 16:28:45,631 - 1356 INFO - Table ref_product_ordered_details is ready to add in DB
2020-09-30 16:28:45,631 - 1356 INFO - Table ref_product_ordered_details is ready to add in DB
2020-09-30 16:28:45,631 - 1356 INFO - Table ref_shipping_status is ready to add in DB
2020-09-30 16:28:45,631 - 1356 INFO - Table ref_shipping_status is ready to add in DB
2020-09-30 16:28:45,631 - 1356 INFO - Table ref_shipping_status is ready to add in DB
2020-09-30 16:28:45,631 - 1356 INFO - Table ref_shipping_status is ready to add in DB
2020-09-30 16:28:45,664 - 1356 INFO - CREATE TABLE if not exists SELLER_DETAILS(
seller_id INT PRIMARY KEY NOT NULL,
seller_name VARCHAR(20),
seller_address VARCHAR(25),
seller_ratings INT) seller_details.sql 0.03s seller_details Table CREATED
2020-09-30 16:28:45,664 - 1356 INFO - CREATE TABLE if not exists SELLER_DETAILS(
seller_id INT PRIMARY KEY NOT NULL,
seller_name VARCHAR(20),
seller_address VARCHAR(25),
seller_ratings INT) seller_details.sql 0.03s seller_details Table CREATED
2020-09-30 16:28:45,664 - 1356 INFO - CREATE TABLE if not exists SELLER_DETAILS(
seller_id INT PRIMARY KEY NOT NULL,
seller_name VARCHAR(20),
seller_address VARCHAR(25),
seller_ratings INT) seller_details.sql 0.03s seller_details Table CREATED
2020-09-30 16:28:45,664 - 1356 INFO - CREATE TABLE if not exists SELLER_DETAILS(
seller_id INT PRIMARY KEY NOT NULL,
seller_name VARCHAR(20),
seller_address VARCHAR(25),
seller_ratings INT) seller_details.sql 0.03s seller_details Table CREATED
2020-09-30 16:28:45,664 - 1356 INFO - Table seller_details.sql is ready to add in DB
2020-09-30 16:28:45,664 - 1356 INFO - Table seller_details.sql is ready to add in DB
2020-09-30 16:28:45,664 - 1356 INFO - Table seller_details.sql is ready to add in DB
2020-09-30 16:28:45,664 - 1356 INFO - Table seller_details.sql is ready to add in DB
2020-09-30 16:28:45,695 - 1356 INFO - CREATE TABLE if not exists SHIPPING_STATUS(
ship_id	INT PRIMARY KEY NOT NULL,
ship_date DATE,
ship_track_no BIGINT,
order_id INT,
invoice_num INT) shipping_status.sql 0.03s shipping_status Table CREATED
2020-09-30 16:28:45,695 - 1356 INFO - CREATE TABLE if not exists SHIPPING_STATUS(
ship_id	INT PRIMARY KEY NOT NULL,
ship_date DATE,
ship_track_no BIGINT,
order_id INT,
invoice_num INT) shipping_status.sql 0.03s shipping_status Table CREATED
2020-09-30 16:28:45,695 - 1356 INFO - CREATE TABLE if not exists SHIPPING_STATUS(
ship_id	INT PRIMARY KEY NOT NULL,
ship_date DATE,
ship_track_no BIGINT,
order_id INT,
invoice_num INT) shipping_status.sql 0.03s shipping_status Table CREATED
2020-09-30 16:28:45,695 - 1356 INFO - CREATE TABLE if not exists SHIPPING_STATUS(
ship_id	INT PRIMARY KEY NOT NULL,
ship_date DATE,
ship_track_no BIGINT,
order_id INT,
invoice_num INT) shipping_status.sql 0.03s shipping_status Table CREATED
2020-09-30 16:28:45,696 - 1356 INFO - Table shipping_status.sql is ready to add in DB
2020-09-30 16:28:45,696 - 1356 INFO - Table shipping_status.sql is ready to add in DB
2020-09-30 16:28:45,696 - 1356 INFO - Table shipping_status.sql is ready to add in DB
2020-09-30 16:28:45,696 - 1356 INFO - Table shipping_status.sql is ready to add in DB
