2020-09-30 13:42:34,477 - 6724 INFO - category_details Records Inserted
2020-09-30 13:42:34,477 - 6724 INFO - category_details Records Inserted
2020-09-30 13:42:34,477 - 6724 INFO - category_details Records Inserted
2020-09-30 13:42:34,572 - 6724 INFO - customer_details Records Inserted
2020-09-30 13:42:34,572 - 6724 INFO - customer_details Records Inserted
2020-09-30 13:42:34,572 - 6724 INFO - customer_details Records Inserted
2020-09-30 13:42:34,572 - 6724 INFO - customer_details Records Inserted
2020-09-30 13:42:34,572 - 6724 INFO - customer_details Records Inserted
2020-09-30 13:42:34,664 - 6724 INFO - order_status_details Records Inserted
2020-09-30 13:42:34,664 - 6724 INFO - order_status_details Records Inserted
2020-09-30 13:42:34,664 - 6724 INFO - order_status_details Records Inserted
2020-09-30 13:42:34,664 - 6724 INFO - order_status_details Records Inserted
2020-09-30 13:42:34,664 - 6724 INFO - order_status_details Records Inserted
2020-09-30 13:42:34,664 - 6724 INFO - order_status_details Records Inserted
2020-09-30 13:42:34,664 - 6724 INFO - order_status_details Records Inserted
2020-09-30 13:42:34,749 - 6724 INFO - seller_details Records Inserted
2020-09-30 13:42:34,749 - 6724 INFO - seller_details Records Inserted
2020-09-30 13:42:34,749 - 6724 INFO - seller_details Records Inserted
2020-09-30 13:42:34,749 - 6724 INFO - seller_details Records Inserted
2020-09-30 13:42:34,749 - 6724 INFO - seller_details Records Inserted
2020-09-30 13:42:34,749 - 6724 INFO - seller_details Records Inserted
2020-09-30 13:42:34,749 - 6724 INFO - seller_details Records Inserted
2020-09-30 13:42:34,749 - 6724 INFO - seller_details Records Inserted
2020-09-30 13:42:34,749 - 6724 INFO - seller_details Records Inserted
2020-09-30 13:42:34,855 - 6724 INFO - cart_details Records Inserted
2020-09-30 13:42:34,855 - 6724 INFO - cart_details Records Inserted
2020-09-30 13:42:34,855 - 6724 INFO - cart_details Records Inserted
2020-09-30 13:42:34,855 - 6724 INFO - cart_details Records Inserted
2020-09-30 13:42:34,855 - 6724 INFO - cart_details Records Inserted
2020-09-30 13:42:34,855 - 6724 INFO - cart_details Records Inserted
2020-09-30 13:42:34,855 - 6724 INFO - cart_details Records Inserted
2020-09-30 13:42:34,855 - 6724 INFO - cart_details Records Inserted
2020-09-30 13:42:34,855 - 6724 INFO - cart_details Records Inserted
2020-09-30 13:42:34,855 - 6724 INFO - cart_details Records Inserted
2020-09-30 13:42:34,855 - 6724 INFO - cart_details Records Inserted
2020-09-30 13:42:34,939 - 6724 INFO - customer_address_details Records Inserted
2020-09-30 13:42:34,939 - 6724 INFO - customer_address_details Records Inserted
2020-09-30 13:42:34,939 - 6724 INFO - customer_address_details Records Inserted
2020-09-30 13:42:34,939 - 6724 INFO - customer_address_details Records Inserted
2020-09-30 13:42:34,939 - 6724 INFO - customer_address_details Records Inserted
2020-09-30 13:42:34,939 - 6724 INFO - customer_address_details Records Inserted
2020-09-30 13:42:34,939 - 6724 INFO - customer_address_details Records Inserted
2020-09-30 13:42:34,939 - 6724 INFO - customer_address_details Records Inserted
2020-09-30 13:42:34,939 - 6724 INFO - customer_address_details Records Inserted
2020-09-30 13:42:34,939 - 6724 INFO - customer_address_details Records Inserted
2020-09-30 13:42:34,939 - 6724 INFO - customer_address_details Records Inserted
2020-09-30 13:42:34,939 - 6724 INFO - customer_address_details Records Inserted
2020-09-30 13:42:34,939 - 6724 INFO - customer_address_details Records Inserted
2020-09-30 13:42:35,113 - 6724 INFO - order_details Records Inserted
2020-09-30 13:42:35,113 - 6724 INFO - order_details Records Inserted
2020-09-30 13:42:35,113 - 6724 INFO - order_details Records Inserted
2020-09-30 13:42:35,113 - 6724 INFO - order_details Records Inserted
2020-09-30 13:42:35,113 - 6724 INFO - order_details Records Inserted
2020-09-30 13:42:35,113 - 6724 INFO - order_details Records Inserted
2020-09-30 13:42:35,113 - 6724 INFO - order_details Records Inserted
2020-09-30 13:42:35,113 - 6724 INFO - order_details Records Inserted
2020-09-30 13:42:35,113 - 6724 INFO - order_details Records Inserted
2020-09-30 13:42:35,113 - 6724 INFO - order_details Records Inserted
2020-09-30 13:42:35,113 - 6724 INFO - order_details Records Inserted
2020-09-30 13:42:35,113 - 6724 INFO - order_details Records Inserted
2020-09-30 13:42:35,113 - 6724 INFO - order_details Records Inserted
2020-09-30 13:42:35,113 - 6724 INFO - order_details Records Inserted
2020-09-30 13:42:35,113 - 6724 INFO - order_details Records Inserted
2020-09-30 13:42:35,164 - 6724 INFO - product_stock_details Records Inserted
2020-09-30 13:42:35,164 - 6724 INFO - product_stock_details Records Inserted
2020-09-30 13:42:35,164 - 6724 INFO - product_stock_details Records Inserted
2020-09-30 13:42:35,164 - 6724 INFO - product_stock_details Records Inserted
2020-09-30 13:42:35,164 - 6724 INFO - product_stock_details Records Inserted
2020-09-30 13:42:35,164 - 6724 INFO - product_stock_details Records Inserted
2020-09-30 13:42:35,164 - 6724 INFO - product_stock_details Records Inserted
2020-09-30 13:42:35,164 - 6724 INFO - product_stock_details Records Inserted
2020-09-30 13:42:35,164 - 6724 INFO - product_stock_details Records Inserted
2020-09-30 13:42:35,164 - 6724 INFO - product_stock_details Records Inserted
2020-09-30 13:42:35,164 - 6724 INFO - product_stock_details Records Inserted
2020-09-30 13:42:35,164 - 6724 INFO - product_stock_details Records Inserted
2020-09-30 13:42:35,164 - 6724 INFO - product_stock_details Records Inserted
2020-09-30 13:42:35,164 - 6724 INFO - product_stock_details Records Inserted
2020-09-30 13:42:35,164 - 6724 INFO - product_stock_details Records Inserted
2020-09-30 13:42:35,164 - 6724 INFO - product_stock_details Records Inserted
2020-09-30 13:42:35,164 - 6724 INFO - product_stock_details Records Inserted
2020-09-30 13:42:35,215 - 6724 INFO - product_details Records Inserted
2020-09-30 13:42:35,215 - 6724 INFO - product_details Records Inserted
2020-09-30 13:42:35,215 - 6724 INFO - product_details Records Inserted
2020-09-30 13:42:35,215 - 6724 INFO - product_details Records Inserted
2020-09-30 13:42:35,215 - 6724 INFO - product_details Records Inserted
2020-09-30 13:42:35,215 - 6724 INFO - product_details Records Inserted
2020-09-30 13:42:35,215 - 6724 INFO - product_details Records Inserted
2020-09-30 13:42:35,215 - 6724 INFO - product_details Records Inserted
2020-09-30 13:42:35,215 - 6724 INFO - product_details Records Inserted
2020-09-30 13:42:35,215 - 6724 INFO - product_details Records Inserted
2020-09-30 13:42:35,215 - 6724 INFO - product_details Records Inserted
2020-09-30 13:42:35,215 - 6724 INFO - product_details Records Inserted
2020-09-30 13:42:35,215 - 6724 INFO - product_details Records Inserted
2020-09-30 13:42:35,215 - 6724 INFO - product_details Records Inserted
2020-09-30 13:42:35,215 - 6724 INFO - product_details Records Inserted
2020-09-30 13:42:35,215 - 6724 INFO - product_details Records Inserted
2020-09-30 13:42:35,215 - 6724 INFO - product_details Records Inserted
2020-09-30 13:42:35,215 - 6724 INFO - product_details Records Inserted
2020-09-30 13:42:35,215 - 6724 INFO - product_details Records Inserted
2020-09-30 13:42:35,392 - 6724 INFO - cart_product_details Records Inserted
2020-09-30 13:42:35,392 - 6724 INFO - cart_product_details Records Inserted
2020-09-30 13:42:35,392 - 6724 INFO - cart_product_details Records Inserted
2020-09-30 13:42:35,392 - 6724 INFO - cart_product_details Records Inserted
2020-09-30 13:42:35,392 - 6724 INFO - cart_product_details Records Inserted
2020-09-30 13:42:35,392 - 6724 INFO - cart_product_details Records Inserted
2020-09-30 13:42:35,392 - 6724 INFO - cart_product_details Records Inserted
2020-09-30 13:42:35,392 - 6724 INFO - cart_product_details Records Inserted
2020-09-30 13:42:35,392 - 6724 INFO - cart_product_details Records Inserted
2020-09-30 13:42:35,392 - 6724 INFO - cart_product_details Records Inserted
2020-09-30 13:42:35,392 - 6724 INFO - cart_product_details Records Inserted
2020-09-30 13:42:35,392 - 6724 INFO - cart_product_details Records Inserted
2020-09-30 13:42:35,392 - 6724 INFO - cart_product_details Records Inserted
2020-09-30 13:42:35,392 - 6724 INFO - cart_product_details Records Inserted
2020-09-30 13:42:35,392 - 6724 INFO - cart_product_details Records Inserted
2020-09-30 13:42:35,392 - 6724 INFO - cart_product_details Records Inserted
2020-09-30 13:42:35,392 - 6724 INFO - cart_product_details Records Inserted
2020-09-30 13:42:35,392 - 6724 INFO - cart_product_details Records Inserted
2020-09-30 13:42:35,392 - 6724 INFO - cart_product_details Records Inserted
2020-09-30 13:42:35,392 - 6724 INFO - cart_product_details Records Inserted
2020-09-30 13:42:35,392 - 6724 INFO - cart_product_details Records Inserted
2020-09-30 13:42:35,548 - 6724 INFO - category_product_details Records Inserted
2020-09-30 13:42:35,548 - 6724 INFO - category_product_details Records Inserted
2020-09-30 13:42:35,548 - 6724 INFO - category_product_details Records Inserted
2020-09-30 13:42:35,548 - 6724 INFO - category_product_details Records Inserted
2020-09-30 13:42:35,548 - 6724 INFO - category_product_details Records Inserted
2020-09-30 13:42:35,548 - 6724 INFO - category_product_details Records Inserted
2020-09-30 13:42:35,548 - 6724 INFO - category_product_details Records Inserted
2020-09-30 13:42:35,548 - 6724 INFO - category_product_details Records Inserted
2020-09-30 13:42:35,548 - 6724 INFO - category_product_details Records Inserted
2020-09-30 13:42:35,548 - 6724 INFO - category_product_details Records Inserted
2020-09-30 13:42:35,548 - 6724 INFO - category_product_details Records Inserted
2020-09-30 13:42:35,548 - 6724 INFO - category_product_details Records Inserted
2020-09-30 13:42:35,548 - 6724 INFO - category_product_details Records Inserted
2020-09-30 13:42:35,548 - 6724 INFO - category_product_details Records Inserted
2020-09-30 13:42:35,548 - 6724 INFO - category_product_details Records Inserted
2020-09-30 13:42:35,548 - 6724 INFO - category_product_details Records Inserted
2020-09-30 13:42:35,548 - 6724 INFO - category_product_details Records Inserted
2020-09-30 13:42:35,548 - 6724 INFO - category_product_details Records Inserted
2020-09-30 13:42:35,548 - 6724 INFO - category_product_details Records Inserted
2020-09-30 13:42:35,548 - 6724 INFO - category_product_details Records Inserted
2020-09-30 13:42:35,548 - 6724 INFO - category_product_details Records Inserted
2020-09-30 13:42:35,548 - 6724 INFO - category_product_details Records Inserted
2020-09-30 13:42:35,548 - 6724 INFO - category_product_details Records Inserted
2020-09-30 13:42:35,596 - 6724 INFO - customer_rating_details Records Inserted
2020-09-30 13:42:35,596 - 6724 INFO - customer_rating_details Records Inserted
2020-09-30 13:42:35,596 - 6724 INFO - customer_rating_details Records Inserted
2020-09-30 13:42:35,596 - 6724 INFO - customer_rating_details Records Inserted
2020-09-30 13:42:35,596 - 6724 INFO - customer_rating_details Records Inserted
2020-09-30 13:42:35,596 - 6724 INFO - customer_rating_details Records Inserted
2020-09-30 13:42:35,596 - 6724 INFO - customer_rating_details Records Inserted
2020-09-30 13:42:35,596 - 6724 INFO - customer_rating_details Records Inserted
2020-09-30 13:42:35,596 - 6724 INFO - customer_rating_details Records Inserted
2020-09-30 13:42:35,596 - 6724 INFO - customer_rating_details Records Inserted
2020-09-30 13:42:35,596 - 6724 INFO - customer_rating_details Records Inserted
2020-09-30 13:42:35,596 - 6724 INFO - customer_rating_details Records Inserted
2020-09-30 13:42:35,596 - 6724 INFO - customer_rating_details Records Inserted
2020-09-30 13:42:35,596 - 6724 INFO - customer_rating_details Records Inserted
2020-09-30 13:42:35,596 - 6724 INFO - customer_rating_details Records Inserted
2020-09-30 13:42:35,596 - 6724 INFO - customer_rating_details Records Inserted
2020-09-30 13:42:35,596 - 6724 INFO - customer_rating_details Records Inserted
2020-09-30 13:42:35,596 - 6724 INFO - customer_rating_details Records Inserted
2020-09-30 13:42:35,596 - 6724 INFO - customer_rating_details Records Inserted
2020-09-30 13:42:35,596 - 6724 INFO - customer_rating_details Records Inserted
2020-09-30 13:42:35,596 - 6724 INFO - customer_rating_details Records Inserted
2020-09-30 13:42:35,596 - 6724 INFO - customer_rating_details Records Inserted
2020-09-30 13:42:35,596 - 6724 INFO - customer_rating_details Records Inserted
2020-09-30 13:42:35,596 - 6724 INFO - customer_rating_details Records Inserted
2020-09-30 13:42:35,596 - 6724 INFO - customer_rating_details Records Inserted
2020-09-30 13:42:35,646 - 6724 INFO - invoice_details Records Inserted
2020-09-30 13:42:35,646 - 6724 INFO - invoice_details Records Inserted
2020-09-30 13:42:35,646 - 6724 INFO - invoice_details Records Inserted
2020-09-30 13:42:35,646 - 6724 INFO - invoice_details Records Inserted
2020-09-30 13:42:35,646 - 6724 INFO - invoice_details Records Inserted
2020-09-30 13:42:35,646 - 6724 INFO - invoice_details Records Inserted
2020-09-30 13:42:35,646 - 6724 INFO - invoice_details Records Inserted
2020-09-30 13:42:35,646 - 6724 INFO - invoice_details Records Inserted
2020-09-30 13:42:35,646 - 6724 INFO - invoice_details Records Inserted
2020-09-30 13:42:35,646 - 6724 INFO - invoice_details Records Inserted
2020-09-30 13:42:35,646 - 6724 INFO - invoice_details Records Inserted
2020-09-30 13:42:35,646 - 6724 INFO - invoice_details Records Inserted
2020-09-30 13:42:35,646 - 6724 INFO - invoice_details Records Inserted
2020-09-30 13:42:35,646 - 6724 INFO - invoice_details Records Inserted
2020-09-30 13:42:35,646 - 6724 INFO - invoice_details Records Inserted
2020-09-30 13:42:35,646 - 6724 INFO - invoice_details Records Inserted
2020-09-30 13:42:35,646 - 6724 INFO - invoice_details Records Inserted
2020-09-30 13:42:35,646 - 6724 INFO - invoice_details Records Inserted
2020-09-30 13:42:35,646 - 6724 INFO - invoice_details Records Inserted
2020-09-30 13:42:35,646 - 6724 INFO - invoice_details Records Inserted
2020-09-30 13:42:35,646 - 6724 INFO - invoice_details Records Inserted
2020-09-30 13:42:35,646 - 6724 INFO - invoice_details Records Inserted
2020-09-30 13:42:35,646 - 6724 INFO - invoice_details Records Inserted
2020-09-30 13:42:35,646 - 6724 INFO - invoice_details Records Inserted
2020-09-30 13:42:35,646 - 6724 INFO - invoice_details Records Inserted
2020-09-30 13:42:35,646 - 6724 INFO - invoice_details Records Inserted
2020-09-30 13:42:35,646 - 6724 INFO - invoice_details Records Inserted
2020-09-30 13:42:35,693 - 6724 INFO - payment_details Records Inserted
2020-09-30 13:42:35,693 - 6724 INFO - payment_details Records Inserted
2020-09-30 13:42:35,693 - 6724 INFO - payment_details Records Inserted
2020-09-30 13:42:35,693 - 6724 INFO - payment_details Records Inserted
2020-09-30 13:42:35,693 - 6724 INFO - payment_details Records Inserted
2020-09-30 13:42:35,693 - 6724 INFO - payment_details Records Inserted
2020-09-30 13:42:35,693 - 6724 INFO - payment_details Records Inserted
2020-09-30 13:42:35,693 - 6724 INFO - payment_details Records Inserted
2020-09-30 13:42:35,693 - 6724 INFO - payment_details Records Inserted
2020-09-30 13:42:35,693 - 6724 INFO - payment_details Records Inserted
2020-09-30 13:42:35,693 - 6724 INFO - payment_details Records Inserted
2020-09-30 13:42:35,693 - 6724 INFO - payment_details Records Inserted
2020-09-30 13:42:35,693 - 6724 INFO - payment_details Records Inserted
2020-09-30 13:42:35,693 - 6724 INFO - payment_details Records Inserted
2020-09-30 13:42:35,693 - 6724 INFO - payment_details Records Inserted
2020-09-30 13:42:35,693 - 6724 INFO - payment_details Records Inserted
2020-09-30 13:42:35,693 - 6724 INFO - payment_details Records Inserted
2020-09-30 13:42:35,693 - 6724 INFO - payment_details Records Inserted
2020-09-30 13:42:35,693 - 6724 INFO - payment_details Records Inserted
2020-09-30 13:42:35,693 - 6724 INFO - payment_details Records Inserted
2020-09-30 13:42:35,693 - 6724 INFO - payment_details Records Inserted
2020-09-30 13:42:35,693 - 6724 INFO - payment_details Records Inserted
2020-09-30 13:42:35,693 - 6724 INFO - payment_details Records Inserted
2020-09-30 13:42:35,693 - 6724 INFO - payment_details Records Inserted
2020-09-30 13:42:35,693 - 6724 INFO - payment_details Records Inserted
2020-09-30 13:42:35,693 - 6724 INFO - payment_details Records Inserted
2020-09-30 13:42:35,693 - 6724 INFO - payment_details Records Inserted
2020-09-30 13:42:35,693 - 6724 INFO - payment_details Records Inserted
2020-09-30 13:42:35,693 - 6724 INFO - payment_details Records Inserted
2020-09-30 13:42:35,742 - 6724 INFO - product_ordered_details Records Inserted
2020-09-30 13:42:35,742 - 6724 INFO - product_ordered_details Records Inserted
2020-09-30 13:42:35,742 - 6724 INFO - product_ordered_details Records Inserted
2020-09-30 13:42:35,742 - 6724 INFO - product_ordered_details Records Inserted
2020-09-30 13:42:35,742 - 6724 INFO - product_ordered_details Records Inserted
2020-09-30 13:42:35,742 - 6724 INFO - product_ordered_details Records Inserted
2020-09-30 13:42:35,742 - 6724 INFO - product_ordered_details Records Inserted
2020-09-30 13:42:35,742 - 6724 INFO - product_ordered_details Records Inserted
2020-09-30 13:42:35,742 - 6724 INFO - product_ordered_details Records Inserted
2020-09-30 13:42:35,742 - 6724 INFO - product_ordered_details Records Inserted
2020-09-30 13:42:35,742 - 6724 INFO - product_ordered_details Records Inserted
2020-09-30 13:42:35,742 - 6724 INFO - product_ordered_details Records Inserted
2020-09-30 13:42:35,742 - 6724 INFO - product_ordered_details Records Inserted
2020-09-30 13:42:35,742 - 6724 INFO - product_ordered_details Records Inserted
2020-09-30 13:42:35,742 - 6724 INFO - product_ordered_details Records Inserted
2020-09-30 13:42:35,742 - 6724 INFO - product_ordered_details Records Inserted
2020-09-30 13:42:35,742 - 6724 INFO - product_ordered_details Records Inserted
2020-09-30 13:42:35,742 - 6724 INFO - product_ordered_details Records Inserted
2020-09-30 13:42:35,742 - 6724 INFO - product_ordered_details Records Inserted
2020-09-30 13:42:35,742 - 6724 INFO - product_ordered_details Records Inserted
2020-09-30 13:42:35,742 - 6724 INFO - product_ordered_details Records Inserted
2020-09-30 13:42:35,742 - 6724 INFO - product_ordered_details Records Inserted
2020-09-30 13:42:35,742 - 6724 INFO - product_ordered_details Records Inserted
2020-09-30 13:42:35,742 - 6724 INFO - product_ordered_details Records Inserted
2020-09-30 13:42:35,742 - 6724 INFO - product_ordered_details Records Inserted
2020-09-30 13:42:35,742 - 6724 INFO - product_ordered_details Records Inserted
2020-09-30 13:42:35,742 - 6724 INFO - product_ordered_details Records Inserted
2020-09-30 13:42:35,742 - 6724 INFO - product_ordered_details Records Inserted
2020-09-30 13:42:35,742 - 6724 INFO - product_ordered_details Records Inserted
2020-09-30 13:42:35,742 - 6724 INFO - product_ordered_details Records Inserted
2020-09-30 13:42:35,742 - 6724 INFO - product_ordered_details Records Inserted
2020-09-30 13:42:35,790 - 6724 INFO - shipping_status Records Inserted
2020-09-30 13:42:35,790 - 6724 INFO - shipping_status Records Inserted
2020-09-30 13:42:35,790 - 6724 INFO - shipping_status Records Inserted
2020-09-30 13:42:35,790 - 6724 INFO - shipping_status Records Inserted
2020-09-30 13:42:35,790 - 6724 INFO - shipping_status Records Inserted
2020-09-30 13:42:35,790 - 6724 INFO - shipping_status Records Inserted
2020-09-30 13:42:35,790 - 6724 INFO - shipping_status Records Inserted
2020-09-30 13:42:35,790 - 6724 INFO - shipping_status Records Inserted
2020-09-30 13:42:35,790 - 6724 INFO - shipping_status Records Inserted
2020-09-30 13:42:35,790 - 6724 INFO - shipping_status Records Inserted
2020-09-30 13:42:35,790 - 6724 INFO - shipping_status Records Inserted
2020-09-30 13:42:35,790 - 6724 INFO - shipping_status Records Inserted
2020-09-30 13:42:35,790 - 6724 INFO - shipping_status Records Inserted
2020-09-30 13:42:35,790 - 6724 INFO - shipping_status Records Inserted
2020-09-30 13:42:35,790 - 6724 INFO - shipping_status Records Inserted
2020-09-30 13:42:35,790 - 6724 INFO - shipping_status Records Inserted
2020-09-30 13:42:35,790 - 6724 INFO - shipping_status Records Inserted
2020-09-30 13:42:35,790 - 6724 INFO - shipping_status Records Inserted
2020-09-30 13:42:35,790 - 6724 INFO - shipping_status Records Inserted
2020-09-30 13:42:35,790 - 6724 INFO - shipping_status Records Inserted
2020-09-30 13:42:35,790 - 6724 INFO - shipping_status Records Inserted
2020-09-30 13:42:35,790 - 6724 INFO - shipping_status Records Inserted
2020-09-30 13:42:35,790 - 6724 INFO - shipping_status Records Inserted
2020-09-30 13:42:35,790 - 6724 INFO - shipping_status Records Inserted
2020-09-30 13:42:35,790 - 6724 INFO - shipping_status Records Inserted
2020-09-30 13:42:35,790 - 6724 INFO - shipping_status Records Inserted
2020-09-30 13:42:35,790 - 6724 INFO - shipping_status Records Inserted
2020-09-30 13:42:35,790 - 6724 INFO - shipping_status Records Inserted
2020-09-30 13:42:35,790 - 6724 INFO - shipping_status Records Inserted
2020-09-30 13:42:35,790 - 6724 INFO - shipping_status Records Inserted
2020-09-30 13:42:35,790 - 6724 INFO - shipping_status Records Inserted
2020-09-30 13:42:35,790 - 6724 INFO - shipping_status Records Inserted
2020-09-30 13:42:35,790 - 6724 INFO - shipping_status Records Inserted
2020-09-30 13:42:57,990 - 24724 INFO - category_details Records Inserted
2020-09-30 13:42:57,990 - 24724 INFO - category_details Records Inserted
2020-09-30 13:42:57,990 - 24724 INFO - category_details Records Inserted
2020-09-30 13:42:58,041 - 24724 INFO - customer_details Records Inserted
2020-09-30 13:42:58,041 - 24724 INFO - customer_details Records Inserted
2020-09-30 13:42:58,041 - 24724 INFO - customer_details Records Inserted
2020-09-30 13:42:58,041 - 24724 INFO - customer_details Records Inserted
2020-09-30 13:42:58,041 - 24724 INFO - customer_details Records Inserted
2020-09-30 13:42:58,090 - 24724 INFO - order_status_details Records Inserted
2020-09-30 13:42:58,090 - 24724 INFO - order_status_details Records Inserted
2020-09-30 13:42:58,090 - 24724 INFO - order_status_details Records Inserted
2020-09-30 13:42:58,090 - 24724 INFO - order_status_details Records Inserted
2020-09-30 13:42:58,090 - 24724 INFO - order_status_details Records Inserted
2020-09-30 13:42:58,090 - 24724 INFO - order_status_details Records Inserted
2020-09-30 13:42:58,090 - 24724 INFO - order_status_details Records Inserted
2020-09-30 13:42:58,135 - 24724 INFO - seller_details Records Inserted
2020-09-30 13:42:58,135 - 24724 INFO - seller_details Records Inserted
2020-09-30 13:42:58,135 - 24724 INFO - seller_details Records Inserted
2020-09-30 13:42:58,135 - 24724 INFO - seller_details Records Inserted
2020-09-30 13:42:58,135 - 24724 INFO - seller_details Records Inserted
2020-09-30 13:42:58,135 - 24724 INFO - seller_details Records Inserted
2020-09-30 13:42:58,135 - 24724 INFO - seller_details Records Inserted
2020-09-30 13:42:58,135 - 24724 INFO - seller_details Records Inserted
2020-09-30 13:42:58,135 - 24724 INFO - seller_details Records Inserted
2020-09-30 13:42:58,183 - 24724 INFO - cart_details Records Inserted
2020-09-30 13:42:58,183 - 24724 INFO - cart_details Records Inserted
2020-09-30 13:42:58,183 - 24724 INFO - cart_details Records Inserted
2020-09-30 13:42:58,183 - 24724 INFO - cart_details Records Inserted
2020-09-30 13:42:58,183 - 24724 INFO - cart_details Records Inserted
2020-09-30 13:42:58,183 - 24724 INFO - cart_details Records Inserted
2020-09-30 13:42:58,183 - 24724 INFO - cart_details Records Inserted
2020-09-30 13:42:58,183 - 24724 INFO - cart_details Records Inserted
2020-09-30 13:42:58,183 - 24724 INFO - cart_details Records Inserted
2020-09-30 13:42:58,183 - 24724 INFO - cart_details Records Inserted
2020-09-30 13:42:58,183 - 24724 INFO - cart_details Records Inserted
2020-09-30 13:42:58,231 - 24724 INFO - customer_address_details Records Inserted
2020-09-30 13:42:58,231 - 24724 INFO - customer_address_details Records Inserted
2020-09-30 13:42:58,231 - 24724 INFO - customer_address_details Records Inserted
2020-09-30 13:42:58,231 - 24724 INFO - customer_address_details Records Inserted
2020-09-30 13:42:58,231 - 24724 INFO - customer_address_details Records Inserted
2020-09-30 13:42:58,231 - 24724 INFO - customer_address_details Records Inserted
2020-09-30 13:42:58,231 - 24724 INFO - customer_address_details Records Inserted
2020-09-30 13:42:58,231 - 24724 INFO - customer_address_details Records Inserted
2020-09-30 13:42:58,231 - 24724 INFO - customer_address_details Records Inserted
2020-09-30 13:42:58,231 - 24724 INFO - customer_address_details Records Inserted
2020-09-30 13:42:58,231 - 24724 INFO - customer_address_details Records Inserted
2020-09-30 13:42:58,231 - 24724 INFO - customer_address_details Records Inserted
2020-09-30 13:42:58,231 - 24724 INFO - customer_address_details Records Inserted
2020-09-30 13:42:58,277 - 24724 INFO - order_details Records Inserted
2020-09-30 13:42:58,277 - 24724 INFO - order_details Records Inserted
2020-09-30 13:42:58,277 - 24724 INFO - order_details Records Inserted
2020-09-30 13:42:58,277 - 24724 INFO - order_details Records Inserted
2020-09-30 13:42:58,277 - 24724 INFO - order_details Records Inserted
2020-09-30 13:42:58,277 - 24724 INFO - order_details Records Inserted
2020-09-30 13:42:58,277 - 24724 INFO - order_details Records Inserted
2020-09-30 13:42:58,277 - 24724 INFO - order_details Records Inserted
2020-09-30 13:42:58,277 - 24724 INFO - order_details Records Inserted
2020-09-30 13:42:58,277 - 24724 INFO - order_details Records Inserted
2020-09-30 13:42:58,277 - 24724 INFO - order_details Records Inserted
2020-09-30 13:42:58,277 - 24724 INFO - order_details Records Inserted
2020-09-30 13:42:58,277 - 24724 INFO - order_details Records Inserted
2020-09-30 13:42:58,277 - 24724 INFO - order_details Records Inserted
2020-09-30 13:42:58,277 - 24724 INFO - order_details Records Inserted
2020-09-30 13:42:58,324 - 24724 INFO - product_stock_details Records Inserted
2020-09-30 13:42:58,324 - 24724 INFO - product_stock_details Records Inserted
2020-09-30 13:42:58,324 - 24724 INFO - product_stock_details Records Inserted
2020-09-30 13:42:58,324 - 24724 INFO - product_stock_details Records Inserted
2020-09-30 13:42:58,324 - 24724 INFO - product_stock_details Records Inserted
2020-09-30 13:42:58,324 - 24724 INFO - product_stock_details Records Inserted
2020-09-30 13:42:58,324 - 24724 INFO - product_stock_details Records Inserted
2020-09-30 13:42:58,324 - 24724 INFO - product_stock_details Records Inserted
2020-09-30 13:42:58,324 - 24724 INFO - product_stock_details Records Inserted
2020-09-30 13:42:58,324 - 24724 INFO - product_stock_details Records Inserted
2020-09-30 13:42:58,324 - 24724 INFO - product_stock_details Records Inserted
2020-09-30 13:42:58,324 - 24724 INFO - product_stock_details Records Inserted
2020-09-30 13:42:58,324 - 24724 INFO - product_stock_details Records Inserted
2020-09-30 13:42:58,324 - 24724 INFO - product_stock_details Records Inserted
2020-09-30 13:42:58,324 - 24724 INFO - product_stock_details Records Inserted
2020-09-30 13:42:58,324 - 24724 INFO - product_stock_details Records Inserted
2020-09-30 13:42:58,324 - 24724 INFO - product_stock_details Records Inserted
2020-09-30 13:42:58,370 - 24724 INFO - product_details Records Inserted
2020-09-30 13:42:58,370 - 24724 INFO - product_details Records Inserted
2020-09-30 13:42:58,370 - 24724 INFO - product_details Records Inserted
2020-09-30 13:42:58,370 - 24724 INFO - product_details Records Inserted
2020-09-30 13:42:58,370 - 24724 INFO - product_details Records Inserted
2020-09-30 13:42:58,370 - 24724 INFO - product_details Records Inserted
2020-09-30 13:42:58,370 - 24724 INFO - product_details Records Inserted
2020-09-30 13:42:58,370 - 24724 INFO - product_details Records Inserted
2020-09-30 13:42:58,370 - 24724 INFO - product_details Records Inserted
2020-09-30 13:42:58,370 - 24724 INFO - product_details Records Inserted
2020-09-30 13:42:58,370 - 24724 INFO - product_details Records Inserted
2020-09-30 13:42:58,370 - 24724 INFO - product_details Records Inserted
2020-09-30 13:42:58,370 - 24724 INFO - product_details Records Inserted
2020-09-30 13:42:58,370 - 24724 INFO - product_details Records Inserted
2020-09-30 13:42:58,370 - 24724 INFO - product_details Records Inserted
2020-09-30 13:42:58,370 - 24724 INFO - product_details Records Inserted
2020-09-30 13:42:58,370 - 24724 INFO - product_details Records Inserted
2020-09-30 13:42:58,370 - 24724 INFO - product_details Records Inserted
2020-09-30 13:42:58,370 - 24724 INFO - product_details Records Inserted
2020-09-30 13:42:58,524 - 24724 INFO - cart_product_details Records Inserted
2020-09-30 13:42:58,524 - 24724 INFO - cart_product_details Records Inserted
2020-09-30 13:42:58,524 - 24724 INFO - cart_product_details Records Inserted
2020-09-30 13:42:58,524 - 24724 INFO - cart_product_details Records Inserted
2020-09-30 13:42:58,524 - 24724 INFO - cart_product_details Records Inserted
2020-09-30 13:42:58,524 - 24724 INFO - cart_product_details Records Inserted
2020-09-30 13:42:58,524 - 24724 INFO - cart_product_details Records Inserted
2020-09-30 13:42:58,524 - 24724 INFO - cart_product_details Records Inserted
2020-09-30 13:42:58,524 - 24724 INFO - cart_product_details Records Inserted
2020-09-30 13:42:58,524 - 24724 INFO - cart_product_details Records Inserted
2020-09-30 13:42:58,524 - 24724 INFO - cart_product_details Records Inserted
2020-09-30 13:42:58,524 - 24724 INFO - cart_product_details Records Inserted
2020-09-30 13:42:58,524 - 24724 INFO - cart_product_details Records Inserted
2020-09-30 13:42:58,524 - 24724 INFO - cart_product_details Records Inserted
2020-09-30 13:42:58,524 - 24724 INFO - cart_product_details Records Inserted
2020-09-30 13:42:58,524 - 24724 INFO - cart_product_details Records Inserted
2020-09-30 13:42:58,524 - 24724 INFO - cart_product_details Records Inserted
2020-09-30 13:42:58,524 - 24724 INFO - cart_product_details Records Inserted
2020-09-30 13:42:58,524 - 24724 INFO - cart_product_details Records Inserted
2020-09-30 13:42:58,524 - 24724 INFO - cart_product_details Records Inserted
2020-09-30 13:42:58,524 - 24724 INFO - cart_product_details Records Inserted
2020-09-30 13:42:58,683 - 24724 INFO - category_product_details Records Inserted
2020-09-30 13:42:58,683 - 24724 INFO - category_product_details Records Inserted
2020-09-30 13:42:58,683 - 24724 INFO - category_product_details Records Inserted
2020-09-30 13:42:58,683 - 24724 INFO - category_product_details Records Inserted
2020-09-30 13:42:58,683 - 24724 INFO - category_product_details Records Inserted
2020-09-30 13:42:58,683 - 24724 INFO - category_product_details Records Inserted
2020-09-30 13:42:58,683 - 24724 INFO - category_product_details Records Inserted
2020-09-30 13:42:58,683 - 24724 INFO - category_product_details Records Inserted
2020-09-30 13:42:58,683 - 24724 INFO - category_product_details Records Inserted
2020-09-30 13:42:58,683 - 24724 INFO - category_product_details Records Inserted
2020-09-30 13:42:58,683 - 24724 INFO - category_product_details Records Inserted
2020-09-30 13:42:58,683 - 24724 INFO - category_product_details Records Inserted
2020-09-30 13:42:58,683 - 24724 INFO - category_product_details Records Inserted
2020-09-30 13:42:58,683 - 24724 INFO - category_product_details Records Inserted
2020-09-30 13:42:58,683 - 24724 INFO - category_product_details Records Inserted
2020-09-30 13:42:58,683 - 24724 INFO - category_product_details Records Inserted
2020-09-30 13:42:58,683 - 24724 INFO - category_product_details Records Inserted
2020-09-30 13:42:58,683 - 24724 INFO - category_product_details Records Inserted
2020-09-30 13:42:58,683 - 24724 INFO - category_product_details Records Inserted
2020-09-30 13:42:58,683 - 24724 INFO - category_product_details Records Inserted
2020-09-30 13:42:58,683 - 24724 INFO - category_product_details Records Inserted
2020-09-30 13:42:58,683 - 24724 INFO - category_product_details Records Inserted
2020-09-30 13:42:58,683 - 24724 INFO - category_product_details Records Inserted
2020-09-30 13:42:58,756 - 24724 INFO - customer_rating_details Records Inserted
2020-09-30 13:42:58,756 - 24724 INFO - customer_rating_details Records Inserted
2020-09-30 13:42:58,756 - 24724 INFO - customer_rating_details Records Inserted
2020-09-30 13:42:58,756 - 24724 INFO - customer_rating_details Records Inserted
2020-09-30 13:42:58,756 - 24724 INFO - customer_rating_details Records Inserted
2020-09-30 13:42:58,756 - 24724 INFO - customer_rating_details Records Inserted
2020-09-30 13:42:58,756 - 24724 INFO - customer_rating_details Records Inserted
2020-09-30 13:42:58,756 - 24724 INFO - customer_rating_details Records Inserted
2020-09-30 13:42:58,756 - 24724 INFO - customer_rating_details Records Inserted
2020-09-30 13:42:58,756 - 24724 INFO - customer_rating_details Records Inserted
2020-09-30 13:42:58,756 - 24724 INFO - customer_rating_details Records Inserted
2020-09-30 13:42:58,756 - 24724 INFO - customer_rating_details Records Inserted
2020-09-30 13:42:58,756 - 24724 INFO - customer_rating_details Records Inserted
2020-09-30 13:42:58,756 - 24724 INFO - customer_rating_details Records Inserted
2020-09-30 13:42:58,756 - 24724 INFO - customer_rating_details Records Inserted
2020-09-30 13:42:58,756 - 24724 INFO - customer_rating_details Records Inserted
2020-09-30 13:42:58,756 - 24724 INFO - customer_rating_details Records Inserted
2020-09-30 13:42:58,756 - 24724 INFO - customer_rating_details Records Inserted
2020-09-30 13:42:58,756 - 24724 INFO - customer_rating_details Records Inserted
2020-09-30 13:42:58,756 - 24724 INFO - customer_rating_details Records Inserted
2020-09-30 13:42:58,756 - 24724 INFO - customer_rating_details Records Inserted
2020-09-30 13:42:58,756 - 24724 INFO - customer_rating_details Records Inserted
2020-09-30 13:42:58,756 - 24724 INFO - customer_rating_details Records Inserted
2020-09-30 13:42:58,756 - 24724 INFO - customer_rating_details Records Inserted
2020-09-30 13:42:58,756 - 24724 INFO - customer_rating_details Records Inserted
2020-09-30 13:42:58,839 - 24724 INFO - invoice_details Records Inserted
2020-09-30 13:42:58,839 - 24724 INFO - invoice_details Records Inserted
2020-09-30 13:42:58,839 - 24724 INFO - invoice_details Records Inserted
2020-09-30 13:42:58,839 - 24724 INFO - invoice_details Records Inserted
2020-09-30 13:42:58,839 - 24724 INFO - invoice_details Records Inserted
2020-09-30 13:42:58,839 - 24724 INFO - invoice_details Records Inserted
2020-09-30 13:42:58,839 - 24724 INFO - invoice_details Records Inserted
2020-09-30 13:42:58,839 - 24724 INFO - invoice_details Records Inserted
2020-09-30 13:42:58,839 - 24724 INFO - invoice_details Records Inserted
2020-09-30 13:42:58,839 - 24724 INFO - invoice_details Records Inserted
2020-09-30 13:42:58,839 - 24724 INFO - invoice_details Records Inserted
2020-09-30 13:42:58,839 - 24724 INFO - invoice_details Records Inserted
2020-09-30 13:42:58,839 - 24724 INFO - invoice_details Records Inserted
2020-09-30 13:42:58,839 - 24724 INFO - invoice_details Records Inserted
2020-09-30 13:42:58,839 - 24724 INFO - invoice_details Records Inserted
2020-09-30 13:42:58,839 - 24724 INFO - invoice_details Records Inserted
2020-09-30 13:42:58,839 - 24724 INFO - invoice_details Records Inserted
2020-09-30 13:42:58,839 - 24724 INFO - invoice_details Records Inserted
2020-09-30 13:42:58,839 - 24724 INFO - invoice_details Records Inserted
2020-09-30 13:42:58,839 - 24724 INFO - invoice_details Records Inserted
2020-09-30 13:42:58,839 - 24724 INFO - invoice_details Records Inserted
2020-09-30 13:42:58,839 - 24724 INFO - invoice_details Records Inserted
2020-09-30 13:42:58,839 - 24724 INFO - invoice_details Records Inserted
2020-09-30 13:42:58,839 - 24724 INFO - invoice_details Records Inserted
2020-09-30 13:42:58,839 - 24724 INFO - invoice_details Records Inserted
2020-09-30 13:42:58,839 - 24724 INFO - invoice_details Records Inserted
2020-09-30 13:42:58,839 - 24724 INFO - invoice_details Records Inserted
2020-09-30 13:42:58,900 - 24724 INFO - payment_details Records Inserted
2020-09-30 13:42:58,900 - 24724 INFO - payment_details Records Inserted
2020-09-30 13:42:58,900 - 24724 INFO - payment_details Records Inserted
2020-09-30 13:42:58,900 - 24724 INFO - payment_details Records Inserted
2020-09-30 13:42:58,900 - 24724 INFO - payment_details Records Inserted
2020-09-30 13:42:58,900 - 24724 INFO - payment_details Records Inserted
2020-09-30 13:42:58,900 - 24724 INFO - payment_details Records Inserted
2020-09-30 13:42:58,900 - 24724 INFO - payment_details Records Inserted
2020-09-30 13:42:58,900 - 24724 INFO - payment_details Records Inserted
2020-09-30 13:42:58,900 - 24724 INFO - payment_details Records Inserted
2020-09-30 13:42:58,900 - 24724 INFO - payment_details Records Inserted
2020-09-30 13:42:58,900 - 24724 INFO - payment_details Records Inserted
2020-09-30 13:42:58,900 - 24724 INFO - payment_details Records Inserted
2020-09-30 13:42:58,900 - 24724 INFO - payment_details Records Inserted
2020-09-30 13:42:58,900 - 24724 INFO - payment_details Records Inserted
2020-09-30 13:42:58,900 - 24724 INFO - payment_details Records Inserted
2020-09-30 13:42:58,900 - 24724 INFO - payment_details Records Inserted
2020-09-30 13:42:58,900 - 24724 INFO - payment_details Records Inserted
2020-09-30 13:42:58,900 - 24724 INFO - payment_details Records Inserted
2020-09-30 13:42:58,900 - 24724 INFO - payment_details Records Inserted
2020-09-30 13:42:58,900 - 24724 INFO - payment_details Records Inserted
2020-09-30 13:42:58,900 - 24724 INFO - payment_details Records Inserted
2020-09-30 13:42:58,900 - 24724 INFO - payment_details Records Inserted
2020-09-30 13:42:58,900 - 24724 INFO - payment_details Records Inserted
2020-09-30 13:42:58,900 - 24724 INFO - payment_details Records Inserted
2020-09-30 13:42:58,900 - 24724 INFO - payment_details Records Inserted
2020-09-30 13:42:58,900 - 24724 INFO - payment_details Records Inserted
2020-09-30 13:42:58,900 - 24724 INFO - payment_details Records Inserted
2020-09-30 13:42:58,900 - 24724 INFO - payment_details Records Inserted
2020-09-30 13:42:58,950 - 24724 INFO - product_ordered_details Records Inserted
2020-09-30 13:42:58,950 - 24724 INFO - product_ordered_details Records Inserted
2020-09-30 13:42:58,950 - 24724 INFO - product_ordered_details Records Inserted
2020-09-30 13:42:58,950 - 24724 INFO - product_ordered_details Records Inserted
2020-09-30 13:42:58,950 - 24724 INFO - product_ordered_details Records Inserted
2020-09-30 13:42:58,950 - 24724 INFO - product_ordered_details Records Inserted
2020-09-30 13:42:58,950 - 24724 INFO - product_ordered_details Records Inserted
2020-09-30 13:42:58,950 - 24724 INFO - product_ordered_details Records Inserted
2020-09-30 13:42:58,950 - 24724 INFO - product_ordered_details Records Inserted
2020-09-30 13:42:58,950 - 24724 INFO - product_ordered_details Records Inserted
2020-09-30 13:42:58,950 - 24724 INFO - product_ordered_details Records Inserted
2020-09-30 13:42:58,950 - 24724 INFO - product_ordered_details Records Inserted
2020-09-30 13:42:58,950 - 24724 INFO - product_ordered_details Records Inserted
2020-09-30 13:42:58,950 - 24724 INFO - product_ordered_details Records Inserted
2020-09-30 13:42:58,950 - 24724 INFO - product_ordered_details Records Inserted
2020-09-30 13:42:58,950 - 24724 INFO - product_ordered_details Records Inserted
2020-09-30 13:42:58,950 - 24724 INFO - product_ordered_details Records Inserted
2020-09-30 13:42:58,950 - 24724 INFO - product_ordered_details Records Inserted
2020-09-30 13:42:58,950 - 24724 INFO - product_ordered_details Records Inserted
2020-09-30 13:42:58,950 - 24724 INFO - product_ordered_details Records Inserted
2020-09-30 13:42:58,950 - 24724 INFO - product_ordered_details Records Inserted
2020-09-30 13:42:58,950 - 24724 INFO - product_ordered_details Records Inserted
2020-09-30 13:42:58,950 - 24724 INFO - product_ordered_details Records Inserted
2020-09-30 13:42:58,950 - 24724 INFO - product_ordered_details Records Inserted
2020-09-30 13:42:58,950 - 24724 INFO - product_ordered_details Records Inserted
2020-09-30 13:42:58,950 - 24724 INFO - product_ordered_details Records Inserted
2020-09-30 13:42:58,950 - 24724 INFO - product_ordered_details Records Inserted
2020-09-30 13:42:58,950 - 24724 INFO - product_ordered_details Records Inserted
2020-09-30 13:42:58,950 - 24724 INFO - product_ordered_details Records Inserted
2020-09-30 13:42:58,950 - 24724 INFO - product_ordered_details Records Inserted
2020-09-30 13:42:58,950 - 24724 INFO - product_ordered_details Records Inserted
2020-09-30 13:42:58,995 - 24724 INFO - shipping_status Records Inserted
2020-09-30 13:42:58,995 - 24724 INFO - shipping_status Records Inserted
2020-09-30 13:42:58,995 - 24724 INFO - shipping_status Records Inserted
2020-09-30 13:42:58,995 - 24724 INFO - shipping_status Records Inserted
2020-09-30 13:42:58,995 - 24724 INFO - shipping_status Records Inserted
2020-09-30 13:42:58,995 - 24724 INFO - shipping_status Records Inserted
2020-09-30 13:42:58,995 - 24724 INFO - shipping_status Records Inserted
2020-09-30 13:42:58,995 - 24724 INFO - shipping_status Records Inserted
2020-09-30 13:42:58,995 - 24724 INFO - shipping_status Records Inserted
2020-09-30 13:42:58,995 - 24724 INFO - shipping_status Records Inserted
2020-09-30 13:42:58,995 - 24724 INFO - shipping_status Records Inserted
2020-09-30 13:42:58,995 - 24724 INFO - shipping_status Records Inserted
2020-09-30 13:42:58,995 - 24724 INFO - shipping_status Records Inserted
2020-09-30 13:42:58,995 - 24724 INFO - shipping_status Records Inserted
2020-09-30 13:42:58,995 - 24724 INFO - shipping_status Records Inserted
2020-09-30 13:42:58,995 - 24724 INFO - shipping_status Records Inserted
2020-09-30 13:42:58,995 - 24724 INFO - shipping_status Records Inserted
2020-09-30 13:42:58,995 - 24724 INFO - shipping_status Records Inserted
2020-09-30 13:42:58,995 - 24724 INFO - shipping_status Records Inserted
2020-09-30 13:42:58,995 - 24724 INFO - shipping_status Records Inserted
2020-09-30 13:42:58,995 - 24724 INFO - shipping_status Records Inserted
2020-09-30 13:42:58,995 - 24724 INFO - shipping_status Records Inserted
2020-09-30 13:42:58,995 - 24724 INFO - shipping_status Records Inserted
2020-09-30 13:42:58,995 - 24724 INFO - shipping_status Records Inserted
2020-09-30 13:42:58,995 - 24724 INFO - shipping_status Records Inserted
2020-09-30 13:42:58,995 - 24724 INFO - shipping_status Records Inserted
2020-09-30 13:42:58,995 - 24724 INFO - shipping_status Records Inserted
2020-09-30 13:42:58,995 - 24724 INFO - shipping_status Records Inserted
2020-09-30 13:42:58,995 - 24724 INFO - shipping_status Records Inserted
2020-09-30 13:42:58,995 - 24724 INFO - shipping_status Records Inserted
2020-09-30 13:42:58,995 - 24724 INFO - shipping_status Records Inserted
2020-09-30 13:42:58,995 - 24724 INFO - shipping_status Records Inserted
2020-09-30 13:42:58,995 - 24724 INFO - shipping_status Records Inserted
