2020-10-05 20:10:11,342 - 31800 INFO - category_details Records Inserted
2020-10-05 20:10:11,342 - 31800 INFO - category_details Records Inserted
2020-10-05 20:10:11,342 - 31800 INFO - category_details Records Inserted
2020-10-05 20:10:11,585 - 31800 INFO - customer_details Records Inserted
2020-10-05 20:10:11,585 - 31800 INFO - customer_details Records Inserted
2020-10-05 20:10:11,585 - 31800 INFO - customer_details Records Inserted
2020-10-05 20:10:11,585 - 31800 INFO - customer_details Records Inserted
2020-10-05 20:10:11,585 - 31800 INFO - customer_details Records Inserted
2020-10-05 20:10:12,020 - 31800 INFO - order_status_details Records Inserted
2020-10-05 20:10:12,020 - 31800 INFO - order_status_details Records Inserted
2020-10-05 20:10:12,020 - 31800 INFO - order_status_details Records Inserted
2020-10-05 20:10:12,020 - 31800 INFO - order_status_details Records Inserted
2020-10-05 20:10:12,020 - 31800 INFO - order_status_details Records Inserted
2020-10-05 20:10:12,020 - 31800 INFO - order_status_details Records Inserted
2020-10-05 20:10:12,020 - 31800 INFO - order_status_details Records Inserted
2020-10-05 20:10:12,171 - 31800 INFO - seller_details Records Inserted
2020-10-05 20:10:12,171 - 31800 INFO - seller_details Records Inserted
2020-10-05 20:10:12,171 - 31800 INFO - seller_details Records Inserted
2020-10-05 20:10:12,171 - 31800 INFO - seller_details Records Inserted
2020-10-05 20:10:12,171 - 31800 INFO - seller_details Records Inserted
2020-10-05 20:10:12,171 - 31800 INFO - seller_details Records Inserted
2020-10-05 20:10:12,171 - 31800 INFO - seller_details Records Inserted
2020-10-05 20:10:12,171 - 31800 INFO - seller_details Records Inserted
2020-10-05 20:10:12,171 - 31800 INFO - seller_details Records Inserted
2020-10-05 20:10:12,373 - 31800 INFO - cart_details Records Inserted
2020-10-05 20:10:12,373 - 31800 INFO - cart_details Records Inserted
2020-10-05 20:10:12,373 - 31800 INFO - cart_details Records Inserted
2020-10-05 20:10:12,373 - 31800 INFO - cart_details Records Inserted
2020-10-05 20:10:12,373 - 31800 INFO - cart_details Records Inserted
2020-10-05 20:10:12,373 - 31800 INFO - cart_details Records Inserted
2020-10-05 20:10:12,373 - 31800 INFO - cart_details Records Inserted
2020-10-05 20:10:12,373 - 31800 INFO - cart_details Records Inserted
2020-10-05 20:10:12,373 - 31800 INFO - cart_details Records Inserted
2020-10-05 20:10:12,373 - 31800 INFO - cart_details Records Inserted
2020-10-05 20:10:12,373 - 31800 INFO - cart_details Records Inserted
2020-10-05 20:10:12,588 - 31800 INFO - customer_address_details Records Inserted
2020-10-05 20:10:12,588 - 31800 INFO - customer_address_details Records Inserted
2020-10-05 20:10:12,588 - 31800 INFO - customer_address_details Records Inserted
2020-10-05 20:10:12,588 - 31800 INFO - customer_address_details Records Inserted
2020-10-05 20:10:12,588 - 31800 INFO - customer_address_details Records Inserted
2020-10-05 20:10:12,588 - 31800 INFO - customer_address_details Records Inserted
2020-10-05 20:10:12,588 - 31800 INFO - customer_address_details Records Inserted
2020-10-05 20:10:12,588 - 31800 INFO - customer_address_details Records Inserted
2020-10-05 20:10:12,588 - 31800 INFO - customer_address_details Records Inserted
2020-10-05 20:10:12,588 - 31800 INFO - customer_address_details Records Inserted
2020-10-05 20:10:12,588 - 31800 INFO - customer_address_details Records Inserted
2020-10-05 20:10:12,588 - 31800 INFO - customer_address_details Records Inserted
2020-10-05 20:10:12,588 - 31800 INFO - customer_address_details Records Inserted
2020-10-05 20:10:12,800 - 31800 INFO - order_details Records Inserted
2020-10-05 20:10:12,800 - 31800 INFO - order_details Records Inserted
2020-10-05 20:10:12,800 - 31800 INFO - order_details Records Inserted
2020-10-05 20:10:12,800 - 31800 INFO - order_details Records Inserted
2020-10-05 20:10:12,800 - 31800 INFO - order_details Records Inserted
2020-10-05 20:10:12,800 - 31800 INFO - order_details Records Inserted
2020-10-05 20:10:12,800 - 31800 INFO - order_details Records Inserted
2020-10-05 20:10:12,800 - 31800 INFO - order_details Records Inserted
2020-10-05 20:10:12,800 - 31800 INFO - order_details Records Inserted
2020-10-05 20:10:12,800 - 31800 INFO - order_details Records Inserted
2020-10-05 20:10:12,800 - 31800 INFO - order_details Records Inserted
2020-10-05 20:10:12,800 - 31800 INFO - order_details Records Inserted
2020-10-05 20:10:12,800 - 31800 INFO - order_details Records Inserted
2020-10-05 20:10:12,800 - 31800 INFO - order_details Records Inserted
2020-10-05 20:10:12,800 - 31800 INFO - order_details Records Inserted
2020-10-05 20:10:13,202 - 31800 INFO - product_stock_details Records Inserted
2020-10-05 20:10:13,202 - 31800 INFO - product_stock_details Records Inserted
2020-10-05 20:10:13,202 - 31800 INFO - product_stock_details Records Inserted
2020-10-05 20:10:13,202 - 31800 INFO - product_stock_details Records Inserted
2020-10-05 20:10:13,202 - 31800 INFO - product_stock_details Records Inserted
2020-10-05 20:10:13,202 - 31800 INFO - product_stock_details Records Inserted
2020-10-05 20:10:13,202 - 31800 INFO - product_stock_details Records Inserted
2020-10-05 20:10:13,202 - 31800 INFO - product_stock_details Records Inserted
2020-10-05 20:10:13,202 - 31800 INFO - product_stock_details Records Inserted
2020-10-05 20:10:13,202 - 31800 INFO - product_stock_details Records Inserted
2020-10-05 20:10:13,202 - 31800 INFO - product_stock_details Records Inserted
2020-10-05 20:10:13,202 - 31800 INFO - product_stock_details Records Inserted
2020-10-05 20:10:13,202 - 31800 INFO - product_stock_details Records Inserted
2020-10-05 20:10:13,202 - 31800 INFO - product_stock_details Records Inserted
2020-10-05 20:10:13,202 - 31800 INFO - product_stock_details Records Inserted
2020-10-05 20:10:13,202 - 31800 INFO - product_stock_details Records Inserted
2020-10-05 20:10:13,202 - 31800 INFO - product_stock_details Records Inserted
2020-10-05 20:10:13,453 - 31800 INFO - product_details Records Inserted
2020-10-05 20:10:13,453 - 31800 INFO - product_details Records Inserted
2020-10-05 20:10:13,453 - 31800 INFO - product_details Records Inserted
2020-10-05 20:10:13,453 - 31800 INFO - product_details Records Inserted
2020-10-05 20:10:13,453 - 31800 INFO - product_details Records Inserted
2020-10-05 20:10:13,453 - 31800 INFO - product_details Records Inserted
2020-10-05 20:10:13,453 - 31800 INFO - product_details Records Inserted
2020-10-05 20:10:13,453 - 31800 INFO - product_details Records Inserted
2020-10-05 20:10:13,453 - 31800 INFO - product_details Records Inserted
2020-10-05 20:10:13,453 - 31800 INFO - product_details Records Inserted
2020-10-05 20:10:13,453 - 31800 INFO - product_details Records Inserted
2020-10-05 20:10:13,453 - 31800 INFO - product_details Records Inserted
2020-10-05 20:10:13,453 - 31800 INFO - product_details Records Inserted
2020-10-05 20:10:13,453 - 31800 INFO - product_details Records Inserted
2020-10-05 20:10:13,453 - 31800 INFO - product_details Records Inserted
2020-10-05 20:10:13,453 - 31800 INFO - product_details Records Inserted
2020-10-05 20:10:13,453 - 31800 INFO - product_details Records Inserted
2020-10-05 20:10:13,453 - 31800 INFO - product_details Records Inserted
2020-10-05 20:10:13,453 - 31800 INFO - product_details Records Inserted
2020-10-05 20:10:13,677 - 31800 INFO - cart_product_details Records Inserted
2020-10-05 20:10:13,677 - 31800 INFO - cart_product_details Records Inserted
2020-10-05 20:10:13,677 - 31800 INFO - cart_product_details Records Inserted
2020-10-05 20:10:13,677 - 31800 INFO - cart_product_details Records Inserted
2020-10-05 20:10:13,677 - 31800 INFO - cart_product_details Records Inserted
2020-10-05 20:10:13,677 - 31800 INFO - cart_product_details Records Inserted
2020-10-05 20:10:13,677 - 31800 INFO - cart_product_details Records Inserted
2020-10-05 20:10:13,677 - 31800 INFO - cart_product_details Records Inserted
2020-10-05 20:10:13,677 - 31800 INFO - cart_product_details Records Inserted
2020-10-05 20:10:13,677 - 31800 INFO - cart_product_details Records Inserted
2020-10-05 20:10:13,677 - 31800 INFO - cart_product_details Records Inserted
2020-10-05 20:10:13,677 - 31800 INFO - cart_product_details Records Inserted
2020-10-05 20:10:13,677 - 31800 INFO - cart_product_details Records Inserted
2020-10-05 20:10:13,677 - 31800 INFO - cart_product_details Records Inserted
2020-10-05 20:10:13,677 - 31800 INFO - cart_product_details Records Inserted
2020-10-05 20:10:13,677 - 31800 INFO - cart_product_details Records Inserted
2020-10-05 20:10:13,677 - 31800 INFO - cart_product_details Records Inserted
2020-10-05 20:10:13,677 - 31800 INFO - cart_product_details Records Inserted
2020-10-05 20:10:13,677 - 31800 INFO - cart_product_details Records Inserted
2020-10-05 20:10:13,677 - 31800 INFO - cart_product_details Records Inserted
2020-10-05 20:10:13,677 - 31800 INFO - cart_product_details Records Inserted
2020-10-05 20:10:13,903 - 31800 INFO - category_product_details Records Inserted
2020-10-05 20:10:13,903 - 31800 INFO - category_product_details Records Inserted
2020-10-05 20:10:13,903 - 31800 INFO - category_product_details Records Inserted
2020-10-05 20:10:13,903 - 31800 INFO - category_product_details Records Inserted
2020-10-05 20:10:13,903 - 31800 INFO - category_product_details Records Inserted
2020-10-05 20:10:13,903 - 31800 INFO - category_product_details Records Inserted
2020-10-05 20:10:13,903 - 31800 INFO - category_product_details Records Inserted
2020-10-05 20:10:13,903 - 31800 INFO - category_product_details Records Inserted
2020-10-05 20:10:13,903 - 31800 INFO - category_product_details Records Inserted
2020-10-05 20:10:13,903 - 31800 INFO - category_product_details Records Inserted
2020-10-05 20:10:13,903 - 31800 INFO - category_product_details Records Inserted
2020-10-05 20:10:13,903 - 31800 INFO - category_product_details Records Inserted
2020-10-05 20:10:13,903 - 31800 INFO - category_product_details Records Inserted
2020-10-05 20:10:13,903 - 31800 INFO - category_product_details Records Inserted
2020-10-05 20:10:13,903 - 31800 INFO - category_product_details Records Inserted
2020-10-05 20:10:13,903 - 31800 INFO - category_product_details Records Inserted
2020-10-05 20:10:13,903 - 31800 INFO - category_product_details Records Inserted
2020-10-05 20:10:13,903 - 31800 INFO - category_product_details Records Inserted
2020-10-05 20:10:13,903 - 31800 INFO - category_product_details Records Inserted
2020-10-05 20:10:13,903 - 31800 INFO - category_product_details Records Inserted
2020-10-05 20:10:13,903 - 31800 INFO - category_product_details Records Inserted
2020-10-05 20:10:13,903 - 31800 INFO - category_product_details Records Inserted
2020-10-05 20:10:13,903 - 31800 INFO - category_product_details Records Inserted
2020-10-05 20:10:14,259 - 31800 INFO - customer_rating_details Records Inserted
2020-10-05 20:10:14,259 - 31800 INFO - customer_rating_details Records Inserted
2020-10-05 20:10:14,259 - 31800 INFO - customer_rating_details Records Inserted
2020-10-05 20:10:14,259 - 31800 INFO - customer_rating_details Records Inserted
2020-10-05 20:10:14,259 - 31800 INFO - customer_rating_details Records Inserted
2020-10-05 20:10:14,259 - 31800 INFO - customer_rating_details Records Inserted
2020-10-05 20:10:14,259 - 31800 INFO - customer_rating_details Records Inserted
2020-10-05 20:10:14,259 - 31800 INFO - customer_rating_details Records Inserted
2020-10-05 20:10:14,259 - 31800 INFO - customer_rating_details Records Inserted
2020-10-05 20:10:14,259 - 31800 INFO - customer_rating_details Records Inserted
2020-10-05 20:10:14,259 - 31800 INFO - customer_rating_details Records Inserted
2020-10-05 20:10:14,259 - 31800 INFO - customer_rating_details Records Inserted
2020-10-05 20:10:14,259 - 31800 INFO - customer_rating_details Records Inserted
2020-10-05 20:10:14,259 - 31800 INFO - customer_rating_details Records Inserted
2020-10-05 20:10:14,259 - 31800 INFO - customer_rating_details Records Inserted
2020-10-05 20:10:14,259 - 31800 INFO - customer_rating_details Records Inserted
2020-10-05 20:10:14,259 - 31800 INFO - customer_rating_details Records Inserted
2020-10-05 20:10:14,259 - 31800 INFO - customer_rating_details Records Inserted
2020-10-05 20:10:14,259 - 31800 INFO - customer_rating_details Records Inserted
2020-10-05 20:10:14,259 - 31800 INFO - customer_rating_details Records Inserted
2020-10-05 20:10:14,259 - 31800 INFO - customer_rating_details Records Inserted
2020-10-05 20:10:14,259 - 31800 INFO - customer_rating_details Records Inserted
2020-10-05 20:10:14,259 - 31800 INFO - customer_rating_details Records Inserted
2020-10-05 20:10:14,259 - 31800 INFO - customer_rating_details Records Inserted
2020-10-05 20:10:14,259 - 31800 INFO - customer_rating_details Records Inserted
2020-10-05 20:10:14,590 - 31800 INFO - invoice_details Records Inserted
2020-10-05 20:10:14,590 - 31800 INFO - invoice_details Records Inserted
2020-10-05 20:10:14,590 - 31800 INFO - invoice_details Records Inserted
2020-10-05 20:10:14,590 - 31800 INFO - invoice_details Records Inserted
2020-10-05 20:10:14,590 - 31800 INFO - invoice_details Records Inserted
2020-10-05 20:10:14,590 - 31800 INFO - invoice_details Records Inserted
2020-10-05 20:10:14,590 - 31800 INFO - invoice_details Records Inserted
2020-10-05 20:10:14,590 - 31800 INFO - invoice_details Records Inserted
2020-10-05 20:10:14,590 - 31800 INFO - invoice_details Records Inserted
2020-10-05 20:10:14,590 - 31800 INFO - invoice_details Records Inserted
2020-10-05 20:10:14,590 - 31800 INFO - invoice_details Records Inserted
2020-10-05 20:10:14,590 - 31800 INFO - invoice_details Records Inserted
2020-10-05 20:10:14,590 - 31800 INFO - invoice_details Records Inserted
2020-10-05 20:10:14,590 - 31800 INFO - invoice_details Records Inserted
2020-10-05 20:10:14,590 - 31800 INFO - invoice_details Records Inserted
2020-10-05 20:10:14,590 - 31800 INFO - invoice_details Records Inserted
2020-10-05 20:10:14,590 - 31800 INFO - invoice_details Records Inserted
2020-10-05 20:10:14,590 - 31800 INFO - invoice_details Records Inserted
2020-10-05 20:10:14,590 - 31800 INFO - invoice_details Records Inserted
2020-10-05 20:10:14,590 - 31800 INFO - invoice_details Records Inserted
2020-10-05 20:10:14,590 - 31800 INFO - invoice_details Records Inserted
2020-10-05 20:10:14,590 - 31800 INFO - invoice_details Records Inserted
2020-10-05 20:10:14,590 - 31800 INFO - invoice_details Records Inserted
2020-10-05 20:10:14,590 - 31800 INFO - invoice_details Records Inserted
2020-10-05 20:10:14,590 - 31800 INFO - invoice_details Records Inserted
2020-10-05 20:10:14,590 - 31800 INFO - invoice_details Records Inserted
2020-10-05 20:10:14,590 - 31800 INFO - invoice_details Records Inserted
2020-10-05 20:10:14,780 - 31800 INFO - payment_details Records Inserted
2020-10-05 20:10:14,780 - 31800 INFO - payment_details Records Inserted
2020-10-05 20:10:14,780 - 31800 INFO - payment_details Records Inserted
2020-10-05 20:10:14,780 - 31800 INFO - payment_details Records Inserted
2020-10-05 20:10:14,780 - 31800 INFO - payment_details Records Inserted
2020-10-05 20:10:14,780 - 31800 INFO - payment_details Records Inserted
2020-10-05 20:10:14,780 - 31800 INFO - payment_details Records Inserted
2020-10-05 20:10:14,780 - 31800 INFO - payment_details Records Inserted
2020-10-05 20:10:14,780 - 31800 INFO - payment_details Records Inserted
2020-10-05 20:10:14,780 - 31800 INFO - payment_details Records Inserted
2020-10-05 20:10:14,780 - 31800 INFO - payment_details Records Inserted
2020-10-05 20:10:14,780 - 31800 INFO - payment_details Records Inserted
2020-10-05 20:10:14,780 - 31800 INFO - payment_details Records Inserted
2020-10-05 20:10:14,780 - 31800 INFO - payment_details Records Inserted
2020-10-05 20:10:14,780 - 31800 INFO - payment_details Records Inserted
2020-10-05 20:10:14,780 - 31800 INFO - payment_details Records Inserted
2020-10-05 20:10:14,780 - 31800 INFO - payment_details Records Inserted
2020-10-05 20:10:14,780 - 31800 INFO - payment_details Records Inserted
2020-10-05 20:10:14,780 - 31800 INFO - payment_details Records Inserted
2020-10-05 20:10:14,780 - 31800 INFO - payment_details Records Inserted
2020-10-05 20:10:14,780 - 31800 INFO - payment_details Records Inserted
2020-10-05 20:10:14,780 - 31800 INFO - payment_details Records Inserted
2020-10-05 20:10:14,780 - 31800 INFO - payment_details Records Inserted
2020-10-05 20:10:14,780 - 31800 INFO - payment_details Records Inserted
2020-10-05 20:10:14,780 - 31800 INFO - payment_details Records Inserted
2020-10-05 20:10:14,780 - 31800 INFO - payment_details Records Inserted
2020-10-05 20:10:14,780 - 31800 INFO - payment_details Records Inserted
2020-10-05 20:10:14,780 - 31800 INFO - payment_details Records Inserted
2020-10-05 20:10:14,780 - 31800 INFO - payment_details Records Inserted
2020-10-05 20:10:15,019 - 31800 INFO - product_ordered_details Records Inserted
2020-10-05 20:10:15,019 - 31800 INFO - product_ordered_details Records Inserted
2020-10-05 20:10:15,019 - 31800 INFO - product_ordered_details Records Inserted
2020-10-05 20:10:15,019 - 31800 INFO - product_ordered_details Records Inserted
2020-10-05 20:10:15,019 - 31800 INFO - product_ordered_details Records Inserted
2020-10-05 20:10:15,019 - 31800 INFO - product_ordered_details Records Inserted
2020-10-05 20:10:15,019 - 31800 INFO - product_ordered_details Records Inserted
2020-10-05 20:10:15,019 - 31800 INFO - product_ordered_details Records Inserted
2020-10-05 20:10:15,019 - 31800 INFO - product_ordered_details Records Inserted
2020-10-05 20:10:15,019 - 31800 INFO - product_ordered_details Records Inserted
2020-10-05 20:10:15,019 - 31800 INFO - product_ordered_details Records Inserted
2020-10-05 20:10:15,019 - 31800 INFO - product_ordered_details Records Inserted
2020-10-05 20:10:15,019 - 31800 INFO - product_ordered_details Records Inserted
2020-10-05 20:10:15,019 - 31800 INFO - product_ordered_details Records Inserted
2020-10-05 20:10:15,019 - 31800 INFO - product_ordered_details Records Inserted
2020-10-05 20:10:15,019 - 31800 INFO - product_ordered_details Records Inserted
2020-10-05 20:10:15,019 - 31800 INFO - product_ordered_details Records Inserted
2020-10-05 20:10:15,019 - 31800 INFO - product_ordered_details Records Inserted
2020-10-05 20:10:15,019 - 31800 INFO - product_ordered_details Records Inserted
2020-10-05 20:10:15,019 - 31800 INFO - product_ordered_details Records Inserted
2020-10-05 20:10:15,019 - 31800 INFO - product_ordered_details Records Inserted
2020-10-05 20:10:15,019 - 31800 INFO - product_ordered_details Records Inserted
2020-10-05 20:10:15,019 - 31800 INFO - product_ordered_details Records Inserted
2020-10-05 20:10:15,019 - 31800 INFO - product_ordered_details Records Inserted
2020-10-05 20:10:15,019 - 31800 INFO - product_ordered_details Records Inserted
2020-10-05 20:10:15,019 - 31800 INFO - product_ordered_details Records Inserted
2020-10-05 20:10:15,019 - 31800 INFO - product_ordered_details Records Inserted
2020-10-05 20:10:15,019 - 31800 INFO - product_ordered_details Records Inserted
2020-10-05 20:10:15,019 - 31800 INFO - product_ordered_details Records Inserted
2020-10-05 20:10:15,019 - 31800 INFO - product_ordered_details Records Inserted
2020-10-05 20:10:15,019 - 31800 INFO - product_ordered_details Records Inserted
2020-10-05 20:10:15,360 - 31800 INFO - shipping_status Records Inserted
2020-10-05 20:10:15,360 - 31800 INFO - shipping_status Records Inserted
2020-10-05 20:10:15,360 - 31800 INFO - shipping_status Records Inserted
2020-10-05 20:10:15,360 - 31800 INFO - shipping_status Records Inserted
2020-10-05 20:10:15,360 - 31800 INFO - shipping_status Records Inserted
2020-10-05 20:10:15,360 - 31800 INFO - shipping_status Records Inserted
2020-10-05 20:10:15,360 - 31800 INFO - shipping_status Records Inserted
2020-10-05 20:10:15,360 - 31800 INFO - shipping_status Records Inserted
2020-10-05 20:10:15,360 - 31800 INFO - shipping_status Records Inserted
2020-10-05 20:10:15,360 - 31800 INFO - shipping_status Records Inserted
2020-10-05 20:10:15,360 - 31800 INFO - shipping_status Records Inserted
2020-10-05 20:10:15,360 - 31800 INFO - shipping_status Records Inserted
2020-10-05 20:10:15,360 - 31800 INFO - shipping_status Records Inserted
2020-10-05 20:10:15,360 - 31800 INFO - shipping_status Records Inserted
2020-10-05 20:10:15,360 - 31800 INFO - shipping_status Records Inserted
2020-10-05 20:10:15,360 - 31800 INFO - shipping_status Records Inserted
2020-10-05 20:10:15,360 - 31800 INFO - shipping_status Records Inserted
2020-10-05 20:10:15,360 - 31800 INFO - shipping_status Records Inserted
2020-10-05 20:10:15,360 - 31800 INFO - shipping_status Records Inserted
2020-10-05 20:10:15,360 - 31800 INFO - shipping_status Records Inserted
2020-10-05 20:10:15,360 - 31800 INFO - shipping_status Records Inserted
2020-10-05 20:10:15,360 - 31800 INFO - shipping_status Records Inserted
2020-10-05 20:10:15,360 - 31800 INFO - shipping_status Records Inserted
2020-10-05 20:10:15,360 - 31800 INFO - shipping_status Records Inserted
2020-10-05 20:10:15,360 - 31800 INFO - shipping_status Records Inserted
2020-10-05 20:10:15,360 - 31800 INFO - shipping_status Records Inserted
2020-10-05 20:10:15,360 - 31800 INFO - shipping_status Records Inserted
2020-10-05 20:10:15,360 - 31800 INFO - shipping_status Records Inserted
2020-10-05 20:10:15,360 - 31800 INFO - shipping_status Records Inserted
2020-10-05 20:10:15,360 - 31800 INFO - shipping_status Records Inserted
2020-10-05 20:10:15,360 - 31800 INFO - shipping_status Records Inserted
2020-10-05 20:10:15,360 - 31800 INFO - shipping_status Records Inserted
2020-10-05 20:10:15,360 - 31800 INFO - shipping_status Records Inserted
