2020-10-04 10:36:00,050 - 21012 INFO - ALTER TABLE CART_DETAILS
ADD FOREIGN KEY (customer_id) REFERENCES CUSTOMER_DETAILS (customer_id) ref_cart_details.sql 0.46s ref_cart_details Table CREATED
2020-10-04 10:36:00,070 - 21012 INFO - CREATE TABLE if not exists CART_PRODUCT_DETAILS(
cart_id	int,
product_id	int,
quantity int) cart_product_details.sql 0.01s cart_product_details Table CREATED
2020-10-04 10:36:00,070 - 21012 INFO - CREATE TABLE if not exists CART_PRODUCT_DETAILS(
cart_id	int,
product_id	int,
quantity int) cart_product_details.sql 0.01s cart_product_details Table CREATED
2020-10-04 10:36:00,406 - 21012 INFO - ALTER TABLE CART_PRODUCT_DETAILS
ADD FOREIGN KEY(cart_id) REFERENCES CART_DETAILS (cart_id),
ADD FOREIGN KEY(product_id) REFERENCES PRODUCT_DETAILS (product_id) ref_cart_product_details.sql 0.33s ref_cart_product_details Table CREATED
2020-10-04 10:36:00,406 - 21012 INFO - ALTER TABLE CART_PRODUCT_DETAILS
ADD FOREIGN KEY(cart_id) REFERENCES CART_DETAILS (cart_id),
ADD FOREIGN KEY(product_id) REFERENCES PRODUCT_DETAILS (product_id) ref_cart_product_details.sql 0.33s ref_cart_product_details Table CREATED
2020-10-04 10:36:00,406 - 21012 INFO - ALTER TABLE CART_PRODUCT_DETAILS
ADD FOREIGN KEY(cart_id) REFERENCES CART_DETAILS (cart_id),
ADD FOREIGN KEY(product_id) REFERENCES PRODUCT_DETAILS (product_id) ref_cart_product_details.sql 0.33s ref_cart_product_details Table CREATED
2020-10-04 10:36:00,424 - 21012 INFO - CREATE TABLE if not exists CATEGORY_PRODUCT_DETAILS(
product_id	INT,
category_id INT) category_product_details.sql 0.01s category_product_details Table CREATED
2020-10-04 10:36:00,424 - 21012 INFO - CREATE TABLE if not exists CATEGORY_PRODUCT_DETAILS(
product_id	INT,
category_id INT) category_product_details.sql 0.01s category_product_details Table CREATED
2020-10-04 10:36:00,424 - 21012 INFO - CREATE TABLE if not exists CATEGORY_PRODUCT_DETAILS(
product_id	INT,
category_id INT) category_product_details.sql 0.01s category_product_details Table CREATED
2020-10-04 10:36:00,424 - 21012 INFO - CREATE TABLE if not exists CATEGORY_PRODUCT_DETAILS(
product_id	INT,
category_id INT) category_product_details.sql 0.01s category_product_details Table CREATED
2020-10-04 10:36:00,726 - 21012 INFO - ALTER TABLE CATEGORY_PRODUCT_DETAILS
ADD FOREIGN KEY (product_id) REFERENCES PRODUCT_DETAILS (product_id),
ADD FOREIGN KEY (category_id) REFERENCES CATEGORY_DETAILS (category_id) ref_category_product_details.sql 0.28s ref_category_product_details Table CREATED
2020-10-04 10:36:00,726 - 21012 INFO - ALTER TABLE CATEGORY_PRODUCT_DETAILS
ADD FOREIGN KEY (product_id) REFERENCES PRODUCT_DETAILS (product_id),
ADD FOREIGN KEY (category_id) REFERENCES CATEGORY_DETAILS (category_id) ref_category_product_details.sql 0.28s ref_category_product_details Table CREATED
2020-10-04 10:36:00,726 - 21012 INFO - ALTER TABLE CATEGORY_PRODUCT_DETAILS
ADD FOREIGN KEY (product_id) REFERENCES PRODUCT_DETAILS (product_id),
ADD FOREIGN KEY (category_id) REFERENCES CATEGORY_DETAILS (category_id) ref_category_product_details.sql 0.28s ref_category_product_details Table CREATED
2020-10-04 10:36:00,726 - 21012 INFO - ALTER TABLE CATEGORY_PRODUCT_DETAILS
ADD FOREIGN KEY (product_id) REFERENCES PRODUCT_DETAILS (product_id),
ADD FOREIGN KEY (category_id) REFERENCES CATEGORY_DETAILS (category_id) ref_category_product_details.sql 0.28s ref_category_product_details Table CREATED
2020-10-04 10:36:00,726 - 21012 INFO - ALTER TABLE CATEGORY_PRODUCT_DETAILS
ADD FOREIGN KEY (product_id) REFERENCES PRODUCT_DETAILS (product_id),
ADD FOREIGN KEY (category_id) REFERENCES CATEGORY_DETAILS (category_id) ref_category_product_details.sql 0.28s ref_category_product_details Table CREATED
2020-10-04 10:36:00,755 - 21012 INFO - CREATE TABLE if not exists CUSTOMER_ADDRESS_DETAILS(
address_id int PRIMARY KEY NOT NULL,
address_1 varchar(25),
address_2 varchar(25),
state varchar(20),
country varchar(20),
address_type varchar(15),
pin_code bigint not null,
customer_id int) customer_address_details.sql 0.01s customer_address_details Table CREATED
2020-10-04 10:36:00,755 - 21012 INFO - CREATE TABLE if not exists CUSTOMER_ADDRESS_DETAILS(
address_id int PRIMARY KEY NOT NULL,
address_1 varchar(25),
address_2 varchar(25),
state varchar(20),
country varchar(20),
address_type varchar(15),
pin_code bigint not null,
customer_id int) customer_address_details.sql 0.01s customer_address_details Table CREATED
2020-10-04 10:36:00,755 - 21012 INFO - CREATE TABLE if not exists CUSTOMER_ADDRESS_DETAILS(
address_id int PRIMARY KEY NOT NULL,
address_1 varchar(25),
address_2 varchar(25),
state varchar(20),
country varchar(20),
address_type varchar(15),
pin_code bigint not null,
customer_id int) customer_address_details.sql 0.01s customer_address_details Table CREATED
2020-10-04 10:36:00,755 - 21012 INFO - CREATE TABLE if not exists CUSTOMER_ADDRESS_DETAILS(
address_id int PRIMARY KEY NOT NULL,
address_1 varchar(25),
address_2 varchar(25),
state varchar(20),
country varchar(20),
address_type varchar(15),
pin_code bigint not null,
customer_id int) customer_address_details.sql 0.01s customer_address_details Table CREATED
2020-10-04 10:36:00,755 - 21012 INFO - CREATE TABLE if not exists CUSTOMER_ADDRESS_DETAILS(
address_id int PRIMARY KEY NOT NULL,
address_1 varchar(25),
address_2 varchar(25),
state varchar(20),
country varchar(20),
address_type varchar(15),
pin_code bigint not null,
customer_id int) customer_address_details.sql 0.01s customer_address_details Table CREATED
2020-10-04 10:36:00,755 - 21012 INFO - CREATE TABLE if not exists CUSTOMER_ADDRESS_DETAILS(
address_id int PRIMARY KEY NOT NULL,
address_1 varchar(25),
address_2 varchar(25),
state varchar(20),
country varchar(20),
address_type varchar(15),
pin_code bigint not null,
customer_id int) customer_address_details.sql 0.01s customer_address_details Table CREATED
2020-10-04 10:36:01,189 - 21012 INFO - ALTER TABLE CUSTOMER_ADDRESS_DETAILS
ADD FOREIGN KEY (customer_id) REFERENCES CUSTOMER_DETAILS(customer_id) ref_customer_address_details.sql 0.42s ref_customer_address_details Table CREATED
2020-10-04 10:36:01,189 - 21012 INFO - ALTER TABLE CUSTOMER_ADDRESS_DETAILS
ADD FOREIGN KEY (customer_id) REFERENCES CUSTOMER_DETAILS(customer_id) ref_customer_address_details.sql 0.42s ref_customer_address_details Table CREATED
2020-10-04 10:36:01,189 - 21012 INFO - ALTER TABLE CUSTOMER_ADDRESS_DETAILS
ADD FOREIGN KEY (customer_id) REFERENCES CUSTOMER_DETAILS(customer_id) ref_customer_address_details.sql 0.42s ref_customer_address_details Table CREATED
2020-10-04 10:36:01,189 - 21012 INFO - ALTER TABLE CUSTOMER_ADDRESS_DETAILS
ADD FOREIGN KEY (customer_id) REFERENCES CUSTOMER_DETAILS(customer_id) ref_customer_address_details.sql 0.42s ref_customer_address_details Table CREATED
2020-10-04 10:36:01,189 - 21012 INFO - ALTER TABLE CUSTOMER_ADDRESS_DETAILS
ADD FOREIGN KEY (customer_id) REFERENCES CUSTOMER_DETAILS(customer_id) ref_customer_address_details.sql 0.42s ref_customer_address_details Table CREATED
2020-10-04 10:36:01,189 - 21012 INFO - ALTER TABLE CUSTOMER_ADDRESS_DETAILS
ADD FOREIGN KEY (customer_id) REFERENCES CUSTOMER_DETAILS(customer_id) ref_customer_address_details.sql 0.42s ref_customer_address_details Table CREATED
2020-10-04 10:36:01,189 - 21012 INFO - ALTER TABLE CUSTOMER_ADDRESS_DETAILS
ADD FOREIGN KEY (customer_id) REFERENCES CUSTOMER_DETAILS(customer_id) ref_customer_address_details.sql 0.42s ref_customer_address_details Table CREATED
2020-10-04 10:36:01,208 - 21012 INFO - CREATE TABLE if not exists CUSTOMER_RATING_DETAILS(
rating_id INT PRIMARY KEY NOT NULL,
rating_star DOUBLE,
rating_desc VARCHAR(50),
customer_id INT,
product_id INT) customer_rating_details.sql 0.01s customer_rating_details Table CREATED
2020-10-04 10:36:01,208 - 21012 INFO - CREATE TABLE if not exists CUSTOMER_RATING_DETAILS(
rating_id INT PRIMARY KEY NOT NULL,
rating_star DOUBLE,
rating_desc VARCHAR(50),
customer_id INT,
product_id INT) customer_rating_details.sql 0.01s customer_rating_details Table CREATED
2020-10-04 10:36:01,208 - 21012 INFO - CREATE TABLE if not exists CUSTOMER_RATING_DETAILS(
rating_id INT PRIMARY KEY NOT NULL,
rating_star DOUBLE,
rating_desc VARCHAR(50),
customer_id INT,
product_id INT) customer_rating_details.sql 0.01s customer_rating_details Table CREATED
2020-10-04 10:36:01,208 - 21012 INFO - CREATE TABLE if not exists CUSTOMER_RATING_DETAILS(
rating_id INT PRIMARY KEY NOT NULL,
rating_star DOUBLE,
rating_desc VARCHAR(50),
customer_id INT,
product_id INT) customer_rating_details.sql 0.01s customer_rating_details Table CREATED
2020-10-04 10:36:01,208 - 21012 INFO - CREATE TABLE if not exists CUSTOMER_RATING_DETAILS(
rating_id INT PRIMARY KEY NOT NULL,
rating_star DOUBLE,
rating_desc VARCHAR(50),
customer_id INT,
product_id INT) customer_rating_details.sql 0.01s customer_rating_details Table CREATED
2020-10-04 10:36:01,208 - 21012 INFO - CREATE TABLE if not exists CUSTOMER_RATING_DETAILS(
rating_id INT PRIMARY KEY NOT NULL,
rating_star DOUBLE,
rating_desc VARCHAR(50),
customer_id INT,
product_id INT) customer_rating_details.sql 0.01s customer_rating_details Table CREATED
2020-10-04 10:36:01,208 - 21012 INFO - CREATE TABLE if not exists CUSTOMER_RATING_DETAILS(
rating_id INT PRIMARY KEY NOT NULL,
rating_star DOUBLE,
rating_desc VARCHAR(50),
customer_id INT,
product_id INT) customer_rating_details.sql 0.01s customer_rating_details Table CREATED
2020-10-04 10:36:01,208 - 21012 INFO - CREATE TABLE if not exists CUSTOMER_RATING_DETAILS(
rating_id INT PRIMARY KEY NOT NULL,
rating_star DOUBLE,
rating_desc VARCHAR(50),
customer_id INT,
product_id INT) customer_rating_details.sql 0.01s customer_rating_details Table CREATED
2020-10-04 10:36:01,547 - 21012 INFO - ALTER TABLE CUSTOMER_RATING_DETAILS
ADD FOREIGN KEY (product_id) REFERENCES PRODUCT_DETAILS (product_id),
ADD FOREIGN KEY (customer_id) REFERENCES CUSTOMER_DETAILS (customer_id) ref_customer_rating_details.sql 0.33s ref_customer_rating_details Table CREATED
2020-10-04 10:36:01,547 - 21012 INFO - ALTER TABLE CUSTOMER_RATING_DETAILS
ADD FOREIGN KEY (product_id) REFERENCES PRODUCT_DETAILS (product_id),
ADD FOREIGN KEY (customer_id) REFERENCES CUSTOMER_DETAILS (customer_id) ref_customer_rating_details.sql 0.33s ref_customer_rating_details Table CREATED
2020-10-04 10:36:01,547 - 21012 INFO - ALTER TABLE CUSTOMER_RATING_DETAILS
ADD FOREIGN KEY (product_id) REFERENCES PRODUCT_DETAILS (product_id),
ADD FOREIGN KEY (customer_id) REFERENCES CUSTOMER_DETAILS (customer_id) ref_customer_rating_details.sql 0.33s ref_customer_rating_details Table CREATED
2020-10-04 10:36:01,547 - 21012 INFO - ALTER TABLE CUSTOMER_RATING_DETAILS
ADD FOREIGN KEY (product_id) REFERENCES PRODUCT_DETAILS (product_id),
ADD FOREIGN KEY (customer_id) REFERENCES CUSTOMER_DETAILS (customer_id) ref_customer_rating_details.sql 0.33s ref_customer_rating_details Table CREATED
2020-10-04 10:36:01,547 - 21012 INFO - ALTER TABLE CUSTOMER_RATING_DETAILS
ADD FOREIGN KEY (product_id) REFERENCES PRODUCT_DETAILS (product_id),
ADD FOREIGN KEY (customer_id) REFERENCES CUSTOMER_DETAILS (customer_id) ref_customer_rating_details.sql 0.33s ref_customer_rating_details Table CREATED
2020-10-04 10:36:01,547 - 21012 INFO - ALTER TABLE CUSTOMER_RATING_DETAILS
ADD FOREIGN KEY (product_id) REFERENCES PRODUCT_DETAILS (product_id),
ADD FOREIGN KEY (customer_id) REFERENCES CUSTOMER_DETAILS (customer_id) ref_customer_rating_details.sql 0.33s ref_customer_rating_details Table CREATED
2020-10-04 10:36:01,547 - 21012 INFO - ALTER TABLE CUSTOMER_RATING_DETAILS
ADD FOREIGN KEY (product_id) REFERENCES PRODUCT_DETAILS (product_id),
ADD FOREIGN KEY (customer_id) REFERENCES CUSTOMER_DETAILS (customer_id) ref_customer_rating_details.sql 0.33s ref_customer_rating_details Table CREATED
2020-10-04 10:36:01,547 - 21012 INFO - ALTER TABLE CUSTOMER_RATING_DETAILS
ADD FOREIGN KEY (product_id) REFERENCES PRODUCT_DETAILS (product_id),
ADD FOREIGN KEY (customer_id) REFERENCES CUSTOMER_DETAILS (customer_id) ref_customer_rating_details.sql 0.33s ref_customer_rating_details Table CREATED
2020-10-04 10:36:01,547 - 21012 INFO - ALTER TABLE CUSTOMER_RATING_DETAILS
ADD FOREIGN KEY (product_id) REFERENCES PRODUCT_DETAILS (product_id),
ADD FOREIGN KEY (customer_id) REFERENCES CUSTOMER_DETAILS (customer_id) ref_customer_rating_details.sql 0.33s ref_customer_rating_details Table CREATED
2020-10-04 10:36:01,571 - 21012 INFO - CREATE TABLE if not exists INVOICE_DETAILS(
invoice_num INT PRIMARY KEY ,
invoice_date DATE,
invoice_desc VARCHAR(30),
order_id INT,
product_id INT) invoice_details.sql 0.01s invoice_details Table CREATED
2020-10-04 10:36:01,571 - 21012 INFO - CREATE TABLE if not exists INVOICE_DETAILS(
invoice_num INT PRIMARY KEY ,
invoice_date DATE,
invoice_desc VARCHAR(30),
order_id INT,
product_id INT) invoice_details.sql 0.01s invoice_details Table CREATED
2020-10-04 10:36:01,571 - 21012 INFO - CREATE TABLE if not exists INVOICE_DETAILS(
invoice_num INT PRIMARY KEY ,
invoice_date DATE,
invoice_desc VARCHAR(30),
order_id INT,
product_id INT) invoice_details.sql 0.01s invoice_details Table CREATED
2020-10-04 10:36:01,571 - 21012 INFO - CREATE TABLE if not exists INVOICE_DETAILS(
invoice_num INT PRIMARY KEY ,
invoice_date DATE,
invoice_desc VARCHAR(30),
order_id INT,
product_id INT) invoice_details.sql 0.01s invoice_details Table CREATED
2020-10-04 10:36:01,571 - 21012 INFO - CREATE TABLE if not exists INVOICE_DETAILS(
invoice_num INT PRIMARY KEY ,
invoice_date DATE,
invoice_desc VARCHAR(30),
order_id INT,
product_id INT) invoice_details.sql 0.01s invoice_details Table CREATED
2020-10-04 10:36:01,571 - 21012 INFO - CREATE TABLE if not exists INVOICE_DETAILS(
invoice_num INT PRIMARY KEY ,
invoice_date DATE,
invoice_desc VARCHAR(30),
order_id INT,
product_id INT) invoice_details.sql 0.01s invoice_details Table CREATED
2020-10-04 10:36:01,571 - 21012 INFO - CREATE TABLE if not exists INVOICE_DETAILS(
invoice_num INT PRIMARY KEY ,
invoice_date DATE,
invoice_desc VARCHAR(30),
order_id INT,
product_id INT) invoice_details.sql 0.01s invoice_details Table CREATED
2020-10-04 10:36:01,571 - 21012 INFO - CREATE TABLE if not exists INVOICE_DETAILS(
invoice_num INT PRIMARY KEY ,
invoice_date DATE,
invoice_desc VARCHAR(30),
order_id INT,
product_id INT) invoice_details.sql 0.01s invoice_details Table CREATED
2020-10-04 10:36:01,571 - 21012 INFO - CREATE TABLE if not exists INVOICE_DETAILS(
invoice_num INT PRIMARY KEY ,
invoice_date DATE,
invoice_desc VARCHAR(30),
order_id INT,
product_id INT) invoice_details.sql 0.01s invoice_details Table CREATED
2020-10-04 10:36:01,571 - 21012 INFO - CREATE TABLE if not exists INVOICE_DETAILS(
invoice_num INT PRIMARY KEY ,
invoice_date DATE,
invoice_desc VARCHAR(30),
order_id INT,
product_id INT) invoice_details.sql 0.01s invoice_details Table CREATED
2020-10-04 10:36:01,877 - 21012 INFO - ALTER TABLE INVOICE_DETAILS
ADD FOREIGN KEY (order_id) REFERENCES ORDER_DETAILS (order_id),
ADD FOREIGN KEY (product_id) REFERENCES PRODUCT_DETAILS (product_id) ref_invoice_details.sql 0.29s ref_invoice_details Table CREATED
2020-10-04 10:36:01,877 - 21012 INFO - ALTER TABLE INVOICE_DETAILS
ADD FOREIGN KEY (order_id) REFERENCES ORDER_DETAILS (order_id),
ADD FOREIGN KEY (product_id) REFERENCES PRODUCT_DETAILS (product_id) ref_invoice_details.sql 0.29s ref_invoice_details Table CREATED
2020-10-04 10:36:01,877 - 21012 INFO - ALTER TABLE INVOICE_DETAILS
ADD FOREIGN KEY (order_id) REFERENCES ORDER_DETAILS (order_id),
ADD FOREIGN KEY (product_id) REFERENCES PRODUCT_DETAILS (product_id) ref_invoice_details.sql 0.29s ref_invoice_details Table CREATED
2020-10-04 10:36:01,877 - 21012 INFO - ALTER TABLE INVOICE_DETAILS
ADD FOREIGN KEY (order_id) REFERENCES ORDER_DETAILS (order_id),
ADD FOREIGN KEY (product_id) REFERENCES PRODUCT_DETAILS (product_id) ref_invoice_details.sql 0.29s ref_invoice_details Table CREATED
2020-10-04 10:36:01,877 - 21012 INFO - ALTER TABLE INVOICE_DETAILS
ADD FOREIGN KEY (order_id) REFERENCES ORDER_DETAILS (order_id),
ADD FOREIGN KEY (product_id) REFERENCES PRODUCT_DETAILS (product_id) ref_invoice_details.sql 0.29s ref_invoice_details Table CREATED
2020-10-04 10:36:01,877 - 21012 INFO - ALTER TABLE INVOICE_DETAILS
ADD FOREIGN KEY (order_id) REFERENCES ORDER_DETAILS (order_id),
ADD FOREIGN KEY (product_id) REFERENCES PRODUCT_DETAILS (product_id) ref_invoice_details.sql 0.29s ref_invoice_details Table CREATED
2020-10-04 10:36:01,877 - 21012 INFO - ALTER TABLE INVOICE_DETAILS
ADD FOREIGN KEY (order_id) REFERENCES ORDER_DETAILS (order_id),
ADD FOREIGN KEY (product_id) REFERENCES PRODUCT_DETAILS (product_id) ref_invoice_details.sql 0.29s ref_invoice_details Table CREATED
2020-10-04 10:36:01,877 - 21012 INFO - ALTER TABLE INVOICE_DETAILS
ADD FOREIGN KEY (order_id) REFERENCES ORDER_DETAILS (order_id),
ADD FOREIGN KEY (product_id) REFERENCES PRODUCT_DETAILS (product_id) ref_invoice_details.sql 0.29s ref_invoice_details Table CREATED
2020-10-04 10:36:01,877 - 21012 INFO - ALTER TABLE INVOICE_DETAILS
ADD FOREIGN KEY (order_id) REFERENCES ORDER_DETAILS (order_id),
ADD FOREIGN KEY (product_id) REFERENCES PRODUCT_DETAILS (product_id) ref_invoice_details.sql 0.29s ref_invoice_details Table CREATED
2020-10-04 10:36:01,877 - 21012 INFO - ALTER TABLE INVOICE_DETAILS
ADD FOREIGN KEY (order_id) REFERENCES ORDER_DETAILS (order_id),
ADD FOREIGN KEY (product_id) REFERENCES PRODUCT_DETAILS (product_id) ref_invoice_details.sql 0.29s ref_invoice_details Table CREATED
2020-10-04 10:36:01,877 - 21012 INFO - ALTER TABLE INVOICE_DETAILS
ADD FOREIGN KEY (order_id) REFERENCES ORDER_DETAILS (order_id),
ADD FOREIGN KEY (product_id) REFERENCES PRODUCT_DETAILS (product_id) ref_invoice_details.sql 0.29s ref_invoice_details Table CREATED
2020-10-04 10:36:01,901 - 21012 INFO - CREATE TABLE if not exists ORDER_DETAILS(
order_id INT PRIMARY KEY NOT NULL,
order_date DATE,
billing_name VARCHAR(10),
delivery_name VARCHAR(10),
billing_address_id int,
delivery_address_id int,
order_status_id	int,
customer_id int) order_details.sql 0.01s order_details Table CREATED
2020-10-04 10:36:01,901 - 21012 INFO - CREATE TABLE if not exists ORDER_DETAILS(
order_id INT PRIMARY KEY NOT NULL,
order_date DATE,
billing_name VARCHAR(10),
delivery_name VARCHAR(10),
billing_address_id int,
delivery_address_id int,
order_status_id	int,
customer_id int) order_details.sql 0.01s order_details Table CREATED
2020-10-04 10:36:01,901 - 21012 INFO - CREATE TABLE if not exists ORDER_DETAILS(
order_id INT PRIMARY KEY NOT NULL,
order_date DATE,
billing_name VARCHAR(10),
delivery_name VARCHAR(10),
billing_address_id int,
delivery_address_id int,
order_status_id	int,
customer_id int) order_details.sql 0.01s order_details Table CREATED
2020-10-04 10:36:01,901 - 21012 INFO - CREATE TABLE if not exists ORDER_DETAILS(
order_id INT PRIMARY KEY NOT NULL,
order_date DATE,
billing_name VARCHAR(10),
delivery_name VARCHAR(10),
billing_address_id int,
delivery_address_id int,
order_status_id	int,
customer_id int) order_details.sql 0.01s order_details Table CREATED
2020-10-04 10:36:01,901 - 21012 INFO - CREATE TABLE if not exists ORDER_DETAILS(
order_id INT PRIMARY KEY NOT NULL,
order_date DATE,
billing_name VARCHAR(10),
delivery_name VARCHAR(10),
billing_address_id int,
delivery_address_id int,
order_status_id	int,
customer_id int) order_details.sql 0.01s order_details Table CREATED
2020-10-04 10:36:01,901 - 21012 INFO - CREATE TABLE if not exists ORDER_DETAILS(
order_id INT PRIMARY KEY NOT NULL,
order_date DATE,
billing_name VARCHAR(10),
delivery_name VARCHAR(10),
billing_address_id int,
delivery_address_id int,
order_status_id	int,
customer_id int) order_details.sql 0.01s order_details Table CREATED
2020-10-04 10:36:01,901 - 21012 INFO - CREATE TABLE if not exists ORDER_DETAILS(
order_id INT PRIMARY KEY NOT NULL,
order_date DATE,
billing_name VARCHAR(10),
delivery_name VARCHAR(10),
billing_address_id int,
delivery_address_id int,
order_status_id	int,
customer_id int) order_details.sql 0.01s order_details Table CREATED
2020-10-04 10:36:01,901 - 21012 INFO - CREATE TABLE if not exists ORDER_DETAILS(
order_id INT PRIMARY KEY NOT NULL,
order_date DATE,
billing_name VARCHAR(10),
delivery_name VARCHAR(10),
billing_address_id int,
delivery_address_id int,
order_status_id	int,
customer_id int) order_details.sql 0.01s order_details Table CREATED
2020-10-04 10:36:01,901 - 21012 INFO - CREATE TABLE if not exists ORDER_DETAILS(
order_id INT PRIMARY KEY NOT NULL,
order_date DATE,
billing_name VARCHAR(10),
delivery_name VARCHAR(10),
billing_address_id int,
delivery_address_id int,
order_status_id	int,
customer_id int) order_details.sql 0.01s order_details Table CREATED
2020-10-04 10:36:01,901 - 21012 INFO - CREATE TABLE if not exists ORDER_DETAILS(
order_id INT PRIMARY KEY NOT NULL,
order_date DATE,
billing_name VARCHAR(10),
delivery_name VARCHAR(10),
billing_address_id int,
delivery_address_id int,
order_status_id	int,
customer_id int) order_details.sql 0.01s order_details Table CREATED
2020-10-04 10:36:01,901 - 21012 INFO - CREATE TABLE if not exists ORDER_DETAILS(
order_id INT PRIMARY KEY NOT NULL,
order_date DATE,
billing_name VARCHAR(10),
delivery_name VARCHAR(10),
billing_address_id int,
delivery_address_id int,
order_status_id	int,
customer_id int) order_details.sql 0.01s order_details Table CREATED
2020-10-04 10:36:01,901 - 21012 INFO - CREATE TABLE if not exists ORDER_DETAILS(
order_id INT PRIMARY KEY NOT NULL,
order_date DATE,
billing_name VARCHAR(10),
delivery_name VARCHAR(10),
billing_address_id int,
delivery_address_id int,
order_status_id	int,
customer_id int) order_details.sql 0.01s order_details Table CREATED
2020-10-04 10:36:01,923 - 21012 INFO - CREATE TABLE if not exists ORDER_DETAILS(
order_id INT PRIMARY KEY NOT NULL,
order_date DATE,
billing_name VARCHAR(10),
delivery_name VARCHAR(10),
billing_address_id int,
delivery_address_id int,
order_status_id	int,
customer_id int,
FOREIGN KEY (billing_address_id) REFERENCES CUSTOMER_ADDRESS_DETAILS (address_id),
FOREIGN KEY (delivery_address_id) REFERENCES CUSTOMER_ADDRESS_DETAILS (address_id),
FOREIGN KEY (order_status_id) REFERENCES ORDER_STATUS_DETAILS (order_status_id),
FOREIGN KEY (customer_id) REFERENCES CUSTOMER_DETAILS (customer_id)) ref_order_details.sql 0.01s ref_order_details Table CREATED
2020-10-04 10:36:01,923 - 21012 INFO - CREATE TABLE if not exists ORDER_DETAILS(
order_id INT PRIMARY KEY NOT NULL,
order_date DATE,
billing_name VARCHAR(10),
delivery_name VARCHAR(10),
billing_address_id int,
delivery_address_id int,
order_status_id	int,
customer_id int,
FOREIGN KEY (billing_address_id) REFERENCES CUSTOMER_ADDRESS_DETAILS (address_id),
FOREIGN KEY (delivery_address_id) REFERENCES CUSTOMER_ADDRESS_DETAILS (address_id),
FOREIGN KEY (order_status_id) REFERENCES ORDER_STATUS_DETAILS (order_status_id),
FOREIGN KEY (customer_id) REFERENCES CUSTOMER_DETAILS (customer_id)) ref_order_details.sql 0.01s ref_order_details Table CREATED
2020-10-04 10:36:01,923 - 21012 INFO - CREATE TABLE if not exists ORDER_DETAILS(
order_id INT PRIMARY KEY NOT NULL,
order_date DATE,
billing_name VARCHAR(10),
delivery_name VARCHAR(10),
billing_address_id int,
delivery_address_id int,
order_status_id	int,
customer_id int,
FOREIGN KEY (billing_address_id) REFERENCES CUSTOMER_ADDRESS_DETAILS (address_id),
FOREIGN KEY (delivery_address_id) REFERENCES CUSTOMER_ADDRESS_DETAILS (address_id),
FOREIGN KEY (order_status_id) REFERENCES ORDER_STATUS_DETAILS (order_status_id),
FOREIGN KEY (customer_id) REFERENCES CUSTOMER_DETAILS (customer_id)) ref_order_details.sql 0.01s ref_order_details Table CREATED
2020-10-04 10:36:01,923 - 21012 INFO - CREATE TABLE if not exists ORDER_DETAILS(
order_id INT PRIMARY KEY NOT NULL,
order_date DATE,
billing_name VARCHAR(10),
delivery_name VARCHAR(10),
billing_address_id int,
delivery_address_id int,
order_status_id	int,
customer_id int,
FOREIGN KEY (billing_address_id) REFERENCES CUSTOMER_ADDRESS_DETAILS (address_id),
FOREIGN KEY (delivery_address_id) REFERENCES CUSTOMER_ADDRESS_DETAILS (address_id),
FOREIGN KEY (order_status_id) REFERENCES ORDER_STATUS_DETAILS (order_status_id),
FOREIGN KEY (customer_id) REFERENCES CUSTOMER_DETAILS (customer_id)) ref_order_details.sql 0.01s ref_order_details Table CREATED
2020-10-04 10:36:01,923 - 21012 INFO - CREATE TABLE if not exists ORDER_DETAILS(
order_id INT PRIMARY KEY NOT NULL,
order_date DATE,
billing_name VARCHAR(10),
delivery_name VARCHAR(10),
billing_address_id int,
delivery_address_id int,
order_status_id	int,
customer_id int,
FOREIGN KEY (billing_address_id) REFERENCES CUSTOMER_ADDRESS_DETAILS (address_id),
FOREIGN KEY (delivery_address_id) REFERENCES CUSTOMER_ADDRESS_DETAILS (address_id),
FOREIGN KEY (order_status_id) REFERENCES ORDER_STATUS_DETAILS (order_status_id),
FOREIGN KEY (customer_id) REFERENCES CUSTOMER_DETAILS (customer_id)) ref_order_details.sql 0.01s ref_order_details Table CREATED
2020-10-04 10:36:01,923 - 21012 INFO - CREATE TABLE if not exists ORDER_DETAILS(
order_id INT PRIMARY KEY NOT NULL,
order_date DATE,
billing_name VARCHAR(10),
delivery_name VARCHAR(10),
billing_address_id int,
delivery_address_id int,
order_status_id	int,
customer_id int,
FOREIGN KEY (billing_address_id) REFERENCES CUSTOMER_ADDRESS_DETAILS (address_id),
FOREIGN KEY (delivery_address_id) REFERENCES CUSTOMER_ADDRESS_DETAILS (address_id),
FOREIGN KEY (order_status_id) REFERENCES ORDER_STATUS_DETAILS (order_status_id),
FOREIGN KEY (customer_id) REFERENCES CUSTOMER_DETAILS (customer_id)) ref_order_details.sql 0.01s ref_order_details Table CREATED
2020-10-04 10:36:01,923 - 21012 INFO - CREATE TABLE if not exists ORDER_DETAILS(
order_id INT PRIMARY KEY NOT NULL,
order_date DATE,
billing_name VARCHAR(10),
delivery_name VARCHAR(10),
billing_address_id int,
delivery_address_id int,
order_status_id	int,
customer_id int,
FOREIGN KEY (billing_address_id) REFERENCES CUSTOMER_ADDRESS_DETAILS (address_id),
FOREIGN KEY (delivery_address_id) REFERENCES CUSTOMER_ADDRESS_DETAILS (address_id),
FOREIGN KEY (order_status_id) REFERENCES ORDER_STATUS_DETAILS (order_status_id),
FOREIGN KEY (customer_id) REFERENCES CUSTOMER_DETAILS (customer_id)) ref_order_details.sql 0.01s ref_order_details Table CREATED
2020-10-04 10:36:01,923 - 21012 INFO - CREATE TABLE if not exists ORDER_DETAILS(
order_id INT PRIMARY KEY NOT NULL,
order_date DATE,
billing_name VARCHAR(10),
delivery_name VARCHAR(10),
billing_address_id int,
delivery_address_id int,
order_status_id	int,
customer_id int,
FOREIGN KEY (billing_address_id) REFERENCES CUSTOMER_ADDRESS_DETAILS (address_id),
FOREIGN KEY (delivery_address_id) REFERENCES CUSTOMER_ADDRESS_DETAILS (address_id),
FOREIGN KEY (order_status_id) REFERENCES ORDER_STATUS_DETAILS (order_status_id),
FOREIGN KEY (customer_id) REFERENCES CUSTOMER_DETAILS (customer_id)) ref_order_details.sql 0.01s ref_order_details Table CREATED
2020-10-04 10:36:01,923 - 21012 INFO - CREATE TABLE if not exists ORDER_DETAILS(
order_id INT PRIMARY KEY NOT NULL,
order_date DATE,
billing_name VARCHAR(10),
delivery_name VARCHAR(10),
billing_address_id int,
delivery_address_id int,
order_status_id	int,
customer_id int,
FOREIGN KEY (billing_address_id) REFERENCES CUSTOMER_ADDRESS_DETAILS (address_id),
FOREIGN KEY (delivery_address_id) REFERENCES CUSTOMER_ADDRESS_DETAILS (address_id),
FOREIGN KEY (order_status_id) REFERENCES ORDER_STATUS_DETAILS (order_status_id),
FOREIGN KEY (customer_id) REFERENCES CUSTOMER_DETAILS (customer_id)) ref_order_details.sql 0.01s ref_order_details Table CREATED
2020-10-04 10:36:01,923 - 21012 INFO - CREATE TABLE if not exists ORDER_DETAILS(
order_id INT PRIMARY KEY NOT NULL,
order_date DATE,
billing_name VARCHAR(10),
delivery_name VARCHAR(10),
billing_address_id int,
delivery_address_id int,
order_status_id	int,
customer_id int,
FOREIGN KEY (billing_address_id) REFERENCES CUSTOMER_ADDRESS_DETAILS (address_id),
FOREIGN KEY (delivery_address_id) REFERENCES CUSTOMER_ADDRESS_DETAILS (address_id),
FOREIGN KEY (order_status_id) REFERENCES ORDER_STATUS_DETAILS (order_status_id),
FOREIGN KEY (customer_id) REFERENCES CUSTOMER_DETAILS (customer_id)) ref_order_details.sql 0.01s ref_order_details Table CREATED
2020-10-04 10:36:01,923 - 21012 INFO - CREATE TABLE if not exists ORDER_DETAILS(
order_id INT PRIMARY KEY NOT NULL,
order_date DATE,
billing_name VARCHAR(10),
delivery_name VARCHAR(10),
billing_address_id int,
delivery_address_id int,
order_status_id	int,
customer_id int,
FOREIGN KEY (billing_address_id) REFERENCES CUSTOMER_ADDRESS_DETAILS (address_id),
FOREIGN KEY (delivery_address_id) REFERENCES CUSTOMER_ADDRESS_DETAILS (address_id),
FOREIGN KEY (order_status_id) REFERENCES ORDER_STATUS_DETAILS (order_status_id),
FOREIGN KEY (customer_id) REFERENCES CUSTOMER_DETAILS (customer_id)) ref_order_details.sql 0.01s ref_order_details Table CREATED
2020-10-04 10:36:01,923 - 21012 INFO - CREATE TABLE if not exists ORDER_DETAILS(
order_id INT PRIMARY KEY NOT NULL,
order_date DATE,
billing_name VARCHAR(10),
delivery_name VARCHAR(10),
billing_address_id int,
delivery_address_id int,
order_status_id	int,
customer_id int,
FOREIGN KEY (billing_address_id) REFERENCES CUSTOMER_ADDRESS_DETAILS (address_id),
FOREIGN KEY (delivery_address_id) REFERENCES CUSTOMER_ADDRESS_DETAILS (address_id),
FOREIGN KEY (order_status_id) REFERENCES ORDER_STATUS_DETAILS (order_status_id),
FOREIGN KEY (customer_id) REFERENCES CUSTOMER_DETAILS (customer_id)) ref_order_details.sql 0.01s ref_order_details Table CREATED
2020-10-04 10:36:01,923 - 21012 INFO - CREATE TABLE if not exists ORDER_DETAILS(
order_id INT PRIMARY KEY NOT NULL,
order_date DATE,
billing_name VARCHAR(10),
delivery_name VARCHAR(10),
billing_address_id int,
delivery_address_id int,
order_status_id	int,
customer_id int,
FOREIGN KEY (billing_address_id) REFERENCES CUSTOMER_ADDRESS_DETAILS (address_id),
FOREIGN KEY (delivery_address_id) REFERENCES CUSTOMER_ADDRESS_DETAILS (address_id),
FOREIGN KEY (order_status_id) REFERENCES ORDER_STATUS_DETAILS (order_status_id),
FOREIGN KEY (customer_id) REFERENCES CUSTOMER_DETAILS (customer_id)) ref_order_details.sql 0.01s ref_order_details Table CREATED
2020-10-04 10:36:01,945 - 21012 INFO - CREATE TABLE if not exists PAYMENT_DETAILS(
payment_code INT PRIMARY KEY NOT NULL,
payment_desc VARCHAR(35),
order_id INT,
product_id INT,
customer_id INT) payment_details.sql 0.01s payment_details Table CREATED
2020-10-04 10:36:01,945 - 21012 INFO - CREATE TABLE if not exists PAYMENT_DETAILS(
payment_code INT PRIMARY KEY NOT NULL,
payment_desc VARCHAR(35),
order_id INT,
product_id INT,
customer_id INT) payment_details.sql 0.01s payment_details Table CREATED
2020-10-04 10:36:01,945 - 21012 INFO - CREATE TABLE if not exists PAYMENT_DETAILS(
payment_code INT PRIMARY KEY NOT NULL,
payment_desc VARCHAR(35),
order_id INT,
product_id INT,
customer_id INT) payment_details.sql 0.01s payment_details Table CREATED
2020-10-04 10:36:01,945 - 21012 INFO - CREATE TABLE if not exists PAYMENT_DETAILS(
payment_code INT PRIMARY KEY NOT NULL,
payment_desc VARCHAR(35),
order_id INT,
product_id INT,
customer_id INT) payment_details.sql 0.01s payment_details Table CREATED
2020-10-04 10:36:01,945 - 21012 INFO - CREATE TABLE if not exists PAYMENT_DETAILS(
payment_code INT PRIMARY KEY NOT NULL,
payment_desc VARCHAR(35),
order_id INT,
product_id INT,
customer_id INT) payment_details.sql 0.01s payment_details Table CREATED
2020-10-04 10:36:01,945 - 21012 INFO - CREATE TABLE if not exists PAYMENT_DETAILS(
payment_code INT PRIMARY KEY NOT NULL,
payment_desc VARCHAR(35),
order_id INT,
product_id INT,
customer_id INT) payment_details.sql 0.01s payment_details Table CREATED
2020-10-04 10:36:01,945 - 21012 INFO - CREATE TABLE if not exists PAYMENT_DETAILS(
payment_code INT PRIMARY KEY NOT NULL,
payment_desc VARCHAR(35),
order_id INT,
product_id INT,
customer_id INT) payment_details.sql 0.01s payment_details Table CREATED
2020-10-04 10:36:01,945 - 21012 INFO - CREATE TABLE if not exists PAYMENT_DETAILS(
payment_code INT PRIMARY KEY NOT NULL,
payment_desc VARCHAR(35),
order_id INT,
product_id INT,
customer_id INT) payment_details.sql 0.01s payment_details Table CREATED
2020-10-04 10:36:01,945 - 21012 INFO - CREATE TABLE if not exists PAYMENT_DETAILS(
payment_code INT PRIMARY KEY NOT NULL,
payment_desc VARCHAR(35),
order_id INT,
product_id INT,
customer_id INT) payment_details.sql 0.01s payment_details Table CREATED
2020-10-04 10:36:01,945 - 21012 INFO - CREATE TABLE if not exists PAYMENT_DETAILS(
payment_code INT PRIMARY KEY NOT NULL,
payment_desc VARCHAR(35),
order_id INT,
product_id INT,
customer_id INT) payment_details.sql 0.01s payment_details Table CREATED
2020-10-04 10:36:01,945 - 21012 INFO - CREATE TABLE if not exists PAYMENT_DETAILS(
payment_code INT PRIMARY KEY NOT NULL,
payment_desc VARCHAR(35),
order_id INT,
product_id INT,
customer_id INT) payment_details.sql 0.01s payment_details Table CREATED
2020-10-04 10:36:01,945 - 21012 INFO - CREATE TABLE if not exists PAYMENT_DETAILS(
payment_code INT PRIMARY KEY NOT NULL,
payment_desc VARCHAR(35),
order_id INT,
product_id INT,
customer_id INT) payment_details.sql 0.01s payment_details Table CREATED
2020-10-04 10:36:01,945 - 21012 INFO - CREATE TABLE if not exists PAYMENT_DETAILS(
payment_code INT PRIMARY KEY NOT NULL,
payment_desc VARCHAR(35),
order_id INT,
product_id INT,
customer_id INT) payment_details.sql 0.01s payment_details Table CREATED
2020-10-04 10:36:01,945 - 21012 INFO - CREATE TABLE if not exists PAYMENT_DETAILS(
payment_code INT PRIMARY KEY NOT NULL,
payment_desc VARCHAR(35),
order_id INT,
product_id INT,
customer_id INT) payment_details.sql 0.01s payment_details Table CREATED
2020-10-04 10:36:02,552 - 21012 INFO - ALTER TABLE PAYMENT_DETAILS
ADD FOREIGN KEY (order_id) REFERENCES ORDER_DETAILS (order_id),
ADD FOREIGN KEY (product_id) REFERENCES PRODUCT_DETAILS (product_id),
ADD FOREIGN KEY (customer_id) REFERENCES CUSTOMER_DETAILS (customer_id) ref_payment_details.sql 0.59s ref_payment_details Table CREATED
2020-10-04 10:36:02,552 - 21012 INFO - ALTER TABLE PAYMENT_DETAILS
ADD FOREIGN KEY (order_id) REFERENCES ORDER_DETAILS (order_id),
ADD FOREIGN KEY (product_id) REFERENCES PRODUCT_DETAILS (product_id),
ADD FOREIGN KEY (customer_id) REFERENCES CUSTOMER_DETAILS (customer_id) ref_payment_details.sql 0.59s ref_payment_details Table CREATED
2020-10-04 10:36:02,552 - 21012 INFO - ALTER TABLE PAYMENT_DETAILS
ADD FOREIGN KEY (order_id) REFERENCES ORDER_DETAILS (order_id),
ADD FOREIGN KEY (product_id) REFERENCES PRODUCT_DETAILS (product_id),
ADD FOREIGN KEY (customer_id) REFERENCES CUSTOMER_DETAILS (customer_id) ref_payment_details.sql 0.59s ref_payment_details Table CREATED
2020-10-04 10:36:02,552 - 21012 INFO - ALTER TABLE PAYMENT_DETAILS
ADD FOREIGN KEY (order_id) REFERENCES ORDER_DETAILS (order_id),
ADD FOREIGN KEY (product_id) REFERENCES PRODUCT_DETAILS (product_id),
ADD FOREIGN KEY (customer_id) REFERENCES CUSTOMER_DETAILS (customer_id) ref_payment_details.sql 0.59s ref_payment_details Table CREATED
2020-10-04 10:36:02,552 - 21012 INFO - ALTER TABLE PAYMENT_DETAILS
ADD FOREIGN KEY (order_id) REFERENCES ORDER_DETAILS (order_id),
ADD FOREIGN KEY (product_id) REFERENCES PRODUCT_DETAILS (product_id),
ADD FOREIGN KEY (customer_id) REFERENCES CUSTOMER_DETAILS (customer_id) ref_payment_details.sql 0.59s ref_payment_details Table CREATED
2020-10-04 10:36:02,552 - 21012 INFO - ALTER TABLE PAYMENT_DETAILS
ADD FOREIGN KEY (order_id) REFERENCES ORDER_DETAILS (order_id),
ADD FOREIGN KEY (product_id) REFERENCES PRODUCT_DETAILS (product_id),
ADD FOREIGN KEY (customer_id) REFERENCES CUSTOMER_DETAILS (customer_id) ref_payment_details.sql 0.59s ref_payment_details Table CREATED
2020-10-04 10:36:02,552 - 21012 INFO - ALTER TABLE PAYMENT_DETAILS
ADD FOREIGN KEY (order_id) REFERENCES ORDER_DETAILS (order_id),
ADD FOREIGN KEY (product_id) REFERENCES PRODUCT_DETAILS (product_id),
ADD FOREIGN KEY (customer_id) REFERENCES CUSTOMER_DETAILS (customer_id) ref_payment_details.sql 0.59s ref_payment_details Table CREATED
2020-10-04 10:36:02,552 - 21012 INFO - ALTER TABLE PAYMENT_DETAILS
ADD FOREIGN KEY (order_id) REFERENCES ORDER_DETAILS (order_id),
ADD FOREIGN KEY (product_id) REFERENCES PRODUCT_DETAILS (product_id),
ADD FOREIGN KEY (customer_id) REFERENCES CUSTOMER_DETAILS (customer_id) ref_payment_details.sql 0.59s ref_payment_details Table CREATED
2020-10-04 10:36:02,552 - 21012 INFO - ALTER TABLE PAYMENT_DETAILS
ADD FOREIGN KEY (order_id) REFERENCES ORDER_DETAILS (order_id),
ADD FOREIGN KEY (product_id) REFERENCES PRODUCT_DETAILS (product_id),
ADD FOREIGN KEY (customer_id) REFERENCES CUSTOMER_DETAILS (customer_id) ref_payment_details.sql 0.59s ref_payment_details Table CREATED
2020-10-04 10:36:02,552 - 21012 INFO - ALTER TABLE PAYMENT_DETAILS
ADD FOREIGN KEY (order_id) REFERENCES ORDER_DETAILS (order_id),
ADD FOREIGN KEY (product_id) REFERENCES PRODUCT_DETAILS (product_id),
ADD FOREIGN KEY (customer_id) REFERENCES CUSTOMER_DETAILS (customer_id) ref_payment_details.sql 0.59s ref_payment_details Table CREATED
2020-10-04 10:36:02,552 - 21012 INFO - ALTER TABLE PAYMENT_DETAILS
ADD FOREIGN KEY (order_id) REFERENCES ORDER_DETAILS (order_id),
ADD FOREIGN KEY (product_id) REFERENCES PRODUCT_DETAILS (product_id),
ADD FOREIGN KEY (customer_id) REFERENCES CUSTOMER_DETAILS (customer_id) ref_payment_details.sql 0.59s ref_payment_details Table CREATED
2020-10-04 10:36:02,552 - 21012 INFO - ALTER TABLE PAYMENT_DETAILS
ADD FOREIGN KEY (order_id) REFERENCES ORDER_DETAILS (order_id),
ADD FOREIGN KEY (product_id) REFERENCES PRODUCT_DETAILS (product_id),
ADD FOREIGN KEY (customer_id) REFERENCES CUSTOMER_DETAILS (customer_id) ref_payment_details.sql 0.59s ref_payment_details Table CREATED
2020-10-04 10:36:02,552 - 21012 INFO - ALTER TABLE PAYMENT_DETAILS
ADD FOREIGN KEY (order_id) REFERENCES ORDER_DETAILS (order_id),
ADD FOREIGN KEY (product_id) REFERENCES PRODUCT_DETAILS (product_id),
ADD FOREIGN KEY (customer_id) REFERENCES CUSTOMER_DETAILS (customer_id) ref_payment_details.sql 0.59s ref_payment_details Table CREATED
2020-10-04 10:36:02,552 - 21012 INFO - ALTER TABLE PAYMENT_DETAILS
ADD FOREIGN KEY (order_id) REFERENCES ORDER_DETAILS (order_id),
ADD FOREIGN KEY (product_id) REFERENCES PRODUCT_DETAILS (product_id),
ADD FOREIGN KEY (customer_id) REFERENCES CUSTOMER_DETAILS (customer_id) ref_payment_details.sql 0.59s ref_payment_details Table CREATED
2020-10-04 10:36:02,552 - 21012 INFO - ALTER TABLE PAYMENT_DETAILS
ADD FOREIGN KEY (order_id) REFERENCES ORDER_DETAILS (order_id),
ADD FOREIGN KEY (product_id) REFERENCES PRODUCT_DETAILS (product_id),
ADD FOREIGN KEY (customer_id) REFERENCES CUSTOMER_DETAILS (customer_id) ref_payment_details.sql 0.59s ref_payment_details Table CREATED
2020-10-04 10:36:02,582 - 21012 INFO - CREATE TABLE if not exists PRODUCT_DETAILS(
product_id int primary key not null,
product_name varchar(20),
product_idealfor varchar(20),
product_brand varchar(20),
product_price bigint,
product_desc varchar(20),
product_stock_id int) product_details.sql 0.01s product_details Table CREATED
2020-10-04 10:36:02,582 - 21012 INFO - CREATE TABLE if not exists PRODUCT_DETAILS(
product_id int primary key not null,
product_name varchar(20),
product_idealfor varchar(20),
product_brand varchar(20),
product_price bigint,
product_desc varchar(20),
product_stock_id int) product_details.sql 0.01s product_details Table CREATED
2020-10-04 10:36:02,582 - 21012 INFO - CREATE TABLE if not exists PRODUCT_DETAILS(
product_id int primary key not null,
product_name varchar(20),
product_idealfor varchar(20),
product_brand varchar(20),
product_price bigint,
product_desc varchar(20),
product_stock_id int) product_details.sql 0.01s product_details Table CREATED
2020-10-04 10:36:02,582 - 21012 INFO - CREATE TABLE if not exists PRODUCT_DETAILS(
product_id int primary key not null,
product_name varchar(20),
product_idealfor varchar(20),
product_brand varchar(20),
product_price bigint,
product_desc varchar(20),
product_stock_id int) product_details.sql 0.01s product_details Table CREATED
2020-10-04 10:36:02,582 - 21012 INFO - CREATE TABLE if not exists PRODUCT_DETAILS(
product_id int primary key not null,
product_name varchar(20),
product_idealfor varchar(20),
product_brand varchar(20),
product_price bigint,
product_desc varchar(20),
product_stock_id int) product_details.sql 0.01s product_details Table CREATED
2020-10-04 10:36:02,582 - 21012 INFO - CREATE TABLE if not exists PRODUCT_DETAILS(
product_id int primary key not null,
product_name varchar(20),
product_idealfor varchar(20),
product_brand varchar(20),
product_price bigint,
product_desc varchar(20),
product_stock_id int) product_details.sql 0.01s product_details Table CREATED
2020-10-04 10:36:02,582 - 21012 INFO - CREATE TABLE if not exists PRODUCT_DETAILS(
product_id int primary key not null,
product_name varchar(20),
product_idealfor varchar(20),
product_brand varchar(20),
product_price bigint,
product_desc varchar(20),
product_stock_id int) product_details.sql 0.01s product_details Table CREATED
2020-10-04 10:36:02,582 - 21012 INFO - CREATE TABLE if not exists PRODUCT_DETAILS(
product_id int primary key not null,
product_name varchar(20),
product_idealfor varchar(20),
product_brand varchar(20),
product_price bigint,
product_desc varchar(20),
product_stock_id int) product_details.sql 0.01s product_details Table CREATED
2020-10-04 10:36:02,582 - 21012 INFO - CREATE TABLE if not exists PRODUCT_DETAILS(
product_id int primary key not null,
product_name varchar(20),
product_idealfor varchar(20),
product_brand varchar(20),
product_price bigint,
product_desc varchar(20),
product_stock_id int) product_details.sql 0.01s product_details Table CREATED
2020-10-04 10:36:02,582 - 21012 INFO - CREATE TABLE if not exists PRODUCT_DETAILS(
product_id int primary key not null,
product_name varchar(20),
product_idealfor varchar(20),
product_brand varchar(20),
product_price bigint,
product_desc varchar(20),
product_stock_id int) product_details.sql 0.01s product_details Table CREATED
2020-10-04 10:36:02,582 - 21012 INFO - CREATE TABLE if not exists PRODUCT_DETAILS(
product_id int primary key not null,
product_name varchar(20),
product_idealfor varchar(20),
product_brand varchar(20),
product_price bigint,
product_desc varchar(20),
product_stock_id int) product_details.sql 0.01s product_details Table CREATED
2020-10-04 10:36:02,582 - 21012 INFO - CREATE TABLE if not exists PRODUCT_DETAILS(
product_id int primary key not null,
product_name varchar(20),
product_idealfor varchar(20),
product_brand varchar(20),
product_price bigint,
product_desc varchar(20),
product_stock_id int) product_details.sql 0.01s product_details Table CREATED
2020-10-04 10:36:02,582 - 21012 INFO - CREATE TABLE if not exists PRODUCT_DETAILS(
product_id int primary key not null,
product_name varchar(20),
product_idealfor varchar(20),
product_brand varchar(20),
product_price bigint,
product_desc varchar(20),
product_stock_id int) product_details.sql 0.01s product_details Table CREATED
2020-10-04 10:36:02,582 - 21012 INFO - CREATE TABLE if not exists PRODUCT_DETAILS(
product_id int primary key not null,
product_name varchar(20),
product_idealfor varchar(20),
product_brand varchar(20),
product_price bigint,
product_desc varchar(20),
product_stock_id int) product_details.sql 0.01s product_details Table CREATED
2020-10-04 10:36:02,582 - 21012 INFO - CREATE TABLE if not exists PRODUCT_DETAILS(
product_id int primary key not null,
product_name varchar(20),
product_idealfor varchar(20),
product_brand varchar(20),
product_price bigint,
product_desc varchar(20),
product_stock_id int) product_details.sql 0.01s product_details Table CREATED
2020-10-04 10:36:02,582 - 21012 INFO - CREATE TABLE if not exists PRODUCT_DETAILS(
product_id int primary key not null,
product_name varchar(20),
product_idealfor varchar(20),
product_brand varchar(20),
product_price bigint,
product_desc varchar(20),
product_stock_id int) product_details.sql 0.01s product_details Table CREATED
2020-10-04 10:36:02,978 - 21012 INFO - ALTER TABLE PRODUCT_DETAILS
ADD FOREIGN KEY (product_stock_id) REFERENCES PRODUCT_STOCK_DETAILS (product_stock_id) ref_product_details.sql 0.38s ref_product_details Table CREATED
2020-10-04 10:36:02,978 - 21012 INFO - ALTER TABLE PRODUCT_DETAILS
ADD FOREIGN KEY (product_stock_id) REFERENCES PRODUCT_STOCK_DETAILS (product_stock_id) ref_product_details.sql 0.38s ref_product_details Table CREATED
2020-10-04 10:36:02,978 - 21012 INFO - ALTER TABLE PRODUCT_DETAILS
ADD FOREIGN KEY (product_stock_id) REFERENCES PRODUCT_STOCK_DETAILS (product_stock_id) ref_product_details.sql 0.38s ref_product_details Table CREATED
2020-10-04 10:36:02,978 - 21012 INFO - ALTER TABLE PRODUCT_DETAILS
ADD FOREIGN KEY (product_stock_id) REFERENCES PRODUCT_STOCK_DETAILS (product_stock_id) ref_product_details.sql 0.38s ref_product_details Table CREATED
2020-10-04 10:36:02,978 - 21012 INFO - ALTER TABLE PRODUCT_DETAILS
ADD FOREIGN KEY (product_stock_id) REFERENCES PRODUCT_STOCK_DETAILS (product_stock_id) ref_product_details.sql 0.38s ref_product_details Table CREATED
2020-10-04 10:36:02,978 - 21012 INFO - ALTER TABLE PRODUCT_DETAILS
ADD FOREIGN KEY (product_stock_id) REFERENCES PRODUCT_STOCK_DETAILS (product_stock_id) ref_product_details.sql 0.38s ref_product_details Table CREATED
2020-10-04 10:36:02,978 - 21012 INFO - ALTER TABLE PRODUCT_DETAILS
ADD FOREIGN KEY (product_stock_id) REFERENCES PRODUCT_STOCK_DETAILS (product_stock_id) ref_product_details.sql 0.38s ref_product_details Table CREATED
2020-10-04 10:36:02,978 - 21012 INFO - ALTER TABLE PRODUCT_DETAILS
ADD FOREIGN KEY (product_stock_id) REFERENCES PRODUCT_STOCK_DETAILS (product_stock_id) ref_product_details.sql 0.38s ref_product_details Table CREATED
2020-10-04 10:36:02,978 - 21012 INFO - ALTER TABLE PRODUCT_DETAILS
ADD FOREIGN KEY (product_stock_id) REFERENCES PRODUCT_STOCK_DETAILS (product_stock_id) ref_product_details.sql 0.38s ref_product_details Table CREATED
2020-10-04 10:36:02,978 - 21012 INFO - ALTER TABLE PRODUCT_DETAILS
ADD FOREIGN KEY (product_stock_id) REFERENCES PRODUCT_STOCK_DETAILS (product_stock_id) ref_product_details.sql 0.38s ref_product_details Table CREATED
2020-10-04 10:36:02,978 - 21012 INFO - ALTER TABLE PRODUCT_DETAILS
ADD FOREIGN KEY (product_stock_id) REFERENCES PRODUCT_STOCK_DETAILS (product_stock_id) ref_product_details.sql 0.38s ref_product_details Table CREATED
2020-10-04 10:36:02,978 - 21012 INFO - ALTER TABLE PRODUCT_DETAILS
ADD FOREIGN KEY (product_stock_id) REFERENCES PRODUCT_STOCK_DETAILS (product_stock_id) ref_product_details.sql 0.38s ref_product_details Table CREATED
2020-10-04 10:36:02,978 - 21012 INFO - ALTER TABLE PRODUCT_DETAILS
ADD FOREIGN KEY (product_stock_id) REFERENCES PRODUCT_STOCK_DETAILS (product_stock_id) ref_product_details.sql 0.38s ref_product_details Table CREATED
2020-10-04 10:36:02,978 - 21012 INFO - ALTER TABLE PRODUCT_DETAILS
ADD FOREIGN KEY (product_stock_id) REFERENCES PRODUCT_STOCK_DETAILS (product_stock_id) ref_product_details.sql 0.38s ref_product_details Table CREATED
2020-10-04 10:36:02,978 - 21012 INFO - ALTER TABLE PRODUCT_DETAILS
ADD FOREIGN KEY (product_stock_id) REFERENCES PRODUCT_STOCK_DETAILS (product_stock_id) ref_product_details.sql 0.38s ref_product_details Table CREATED
2020-10-04 10:36:02,978 - 21012 INFO - ALTER TABLE PRODUCT_DETAILS
ADD FOREIGN KEY (product_stock_id) REFERENCES PRODUCT_STOCK_DETAILS (product_stock_id) ref_product_details.sql 0.38s ref_product_details Table CREATED
2020-10-04 10:36:02,978 - 21012 INFO - ALTER TABLE PRODUCT_DETAILS
ADD FOREIGN KEY (product_stock_id) REFERENCES PRODUCT_STOCK_DETAILS (product_stock_id) ref_product_details.sql 0.38s ref_product_details Table CREATED
2020-10-04 10:36:03,003 - 21012 INFO - CREATE TABLE if not exists PRODUCT_ORDERED_DETAILS(
ordered_product_id INT PRIMARY KEY NOT NULL,
ordered_quantity INT,
ordered_date DATE,
order_id INT,
product_id INT) product_ordered_details.sql 0.01s product_ordered_details Table CREATED
2020-10-04 10:36:03,003 - 21012 INFO - CREATE TABLE if not exists PRODUCT_ORDERED_DETAILS(
ordered_product_id INT PRIMARY KEY NOT NULL,
ordered_quantity INT,
ordered_date DATE,
order_id INT,
product_id INT) product_ordered_details.sql 0.01s product_ordered_details Table CREATED
2020-10-04 10:36:03,003 - 21012 INFO - CREATE TABLE if not exists PRODUCT_ORDERED_DETAILS(
ordered_product_id INT PRIMARY KEY NOT NULL,
ordered_quantity INT,
ordered_date DATE,
order_id INT,
product_id INT) product_ordered_details.sql 0.01s product_ordered_details Table CREATED
2020-10-04 10:36:03,003 - 21012 INFO - CREATE TABLE if not exists PRODUCT_ORDERED_DETAILS(
ordered_product_id INT PRIMARY KEY NOT NULL,
ordered_quantity INT,
ordered_date DATE,
order_id INT,
product_id INT) product_ordered_details.sql 0.01s product_ordered_details Table CREATED
2020-10-04 10:36:03,003 - 21012 INFO - CREATE TABLE if not exists PRODUCT_ORDERED_DETAILS(
ordered_product_id INT PRIMARY KEY NOT NULL,
ordered_quantity INT,
ordered_date DATE,
order_id INT,
product_id INT) product_ordered_details.sql 0.01s product_ordered_details Table CREATED
2020-10-04 10:36:03,003 - 21012 INFO - CREATE TABLE if not exists PRODUCT_ORDERED_DETAILS(
ordered_product_id INT PRIMARY KEY NOT NULL,
ordered_quantity INT,
ordered_date DATE,
order_id INT,
product_id INT) product_ordered_details.sql 0.01s product_ordered_details Table CREATED
2020-10-04 10:36:03,003 - 21012 INFO - CREATE TABLE if not exists PRODUCT_ORDERED_DETAILS(
ordered_product_id INT PRIMARY KEY NOT NULL,
ordered_quantity INT,
ordered_date DATE,
order_id INT,
product_id INT) product_ordered_details.sql 0.01s product_ordered_details Table CREATED
2020-10-04 10:36:03,003 - 21012 INFO - CREATE TABLE if not exists PRODUCT_ORDERED_DETAILS(
ordered_product_id INT PRIMARY KEY NOT NULL,
ordered_quantity INT,
ordered_date DATE,
order_id INT,
product_id INT) product_ordered_details.sql 0.01s product_ordered_details Table CREATED
2020-10-04 10:36:03,003 - 21012 INFO - CREATE TABLE if not exists PRODUCT_ORDERED_DETAILS(
ordered_product_id INT PRIMARY KEY NOT NULL,
ordered_quantity INT,
ordered_date DATE,
order_id INT,
product_id INT) product_ordered_details.sql 0.01s product_ordered_details Table CREATED
2020-10-04 10:36:03,003 - 21012 INFO - CREATE TABLE if not exists PRODUCT_ORDERED_DETAILS(
ordered_product_id INT PRIMARY KEY NOT NULL,
ordered_quantity INT,
ordered_date DATE,
order_id INT,
product_id INT) product_ordered_details.sql 0.01s product_ordered_details Table CREATED
2020-10-04 10:36:03,003 - 21012 INFO - CREATE TABLE if not exists PRODUCT_ORDERED_DETAILS(
ordered_product_id INT PRIMARY KEY NOT NULL,
ordered_quantity INT,
ordered_date DATE,
order_id INT,
product_id INT) product_ordered_details.sql 0.01s product_ordered_details Table CREATED
2020-10-04 10:36:03,003 - 21012 INFO - CREATE TABLE if not exists PRODUCT_ORDERED_DETAILS(
ordered_product_id INT PRIMARY KEY NOT NULL,
ordered_quantity INT,
ordered_date DATE,
order_id INT,
product_id INT) product_ordered_details.sql 0.01s product_ordered_details Table CREATED
2020-10-04 10:36:03,003 - 21012 INFO - CREATE TABLE if not exists PRODUCT_ORDERED_DETAILS(
ordered_product_id INT PRIMARY KEY NOT NULL,
ordered_quantity INT,
ordered_date DATE,
order_id INT,
product_id INT) product_ordered_details.sql 0.01s product_ordered_details Table CREATED
2020-10-04 10:36:03,003 - 21012 INFO - CREATE TABLE if not exists PRODUCT_ORDERED_DETAILS(
ordered_product_id INT PRIMARY KEY NOT NULL,
ordered_quantity INT,
ordered_date DATE,
order_id INT,
product_id INT) product_ordered_details.sql 0.01s product_ordered_details Table CREATED
2020-10-04 10:36:03,003 - 21012 INFO - CREATE TABLE if not exists PRODUCT_ORDERED_DETAILS(
ordered_product_id INT PRIMARY KEY NOT NULL,
ordered_quantity INT,
ordered_date DATE,
order_id INT,
product_id INT) product_ordered_details.sql 0.01s product_ordered_details Table CREATED
2020-10-04 10:36:03,003 - 21012 INFO - CREATE TABLE if not exists PRODUCT_ORDERED_DETAILS(
ordered_product_id INT PRIMARY KEY NOT NULL,
ordered_quantity INT,
ordered_date DATE,
order_id INT,
product_id INT) product_ordered_details.sql 0.01s product_ordered_details Table CREATED
2020-10-04 10:36:03,003 - 21012 INFO - CREATE TABLE if not exists PRODUCT_ORDERED_DETAILS(
ordered_product_id INT PRIMARY KEY NOT NULL,
ordered_quantity INT,
ordered_date DATE,
order_id INT,
product_id INT) product_ordered_details.sql 0.01s product_ordered_details Table CREATED
2020-10-04 10:36:03,003 - 21012 INFO - CREATE TABLE if not exists PRODUCT_ORDERED_DETAILS(
ordered_product_id INT PRIMARY KEY NOT NULL,
ordered_quantity INT,
ordered_date DATE,
order_id INT,
product_id INT) product_ordered_details.sql 0.01s product_ordered_details Table CREATED
2020-10-04 10:36:03,527 - 21012 INFO - ALTER TABLE PRODUCT_ORDERED_DETAILS
ADD FOREIGN KEY (order_id) REFERENCES ORDER_DETAILS (order_id),
ADD FOREIGN KEY (product_id) REFERENCES PRODUCT_DETAILS (product_id) ref_product_ordered_details.sql 0.51s ref_product_ordered_details Table CREATED
2020-10-04 10:36:03,527 - 21012 INFO - ALTER TABLE PRODUCT_ORDERED_DETAILS
ADD FOREIGN KEY (order_id) REFERENCES ORDER_DETAILS (order_id),
ADD FOREIGN KEY (product_id) REFERENCES PRODUCT_DETAILS (product_id) ref_product_ordered_details.sql 0.51s ref_product_ordered_details Table CREATED
2020-10-04 10:36:03,527 - 21012 INFO - ALTER TABLE PRODUCT_ORDERED_DETAILS
ADD FOREIGN KEY (order_id) REFERENCES ORDER_DETAILS (order_id),
ADD FOREIGN KEY (product_id) REFERENCES PRODUCT_DETAILS (product_id) ref_product_ordered_details.sql 0.51s ref_product_ordered_details Table CREATED
2020-10-04 10:36:03,527 - 21012 INFO - ALTER TABLE PRODUCT_ORDERED_DETAILS
ADD FOREIGN KEY (order_id) REFERENCES ORDER_DETAILS (order_id),
ADD FOREIGN KEY (product_id) REFERENCES PRODUCT_DETAILS (product_id) ref_product_ordered_details.sql 0.51s ref_product_ordered_details Table CREATED
2020-10-04 10:36:03,527 - 21012 INFO - ALTER TABLE PRODUCT_ORDERED_DETAILS
ADD FOREIGN KEY (order_id) REFERENCES ORDER_DETAILS (order_id),
ADD FOREIGN KEY (product_id) REFERENCES PRODUCT_DETAILS (product_id) ref_product_ordered_details.sql 0.51s ref_product_ordered_details Table CREATED
2020-10-04 10:36:03,527 - 21012 INFO - ALTER TABLE PRODUCT_ORDERED_DETAILS
ADD FOREIGN KEY (order_id) REFERENCES ORDER_DETAILS (order_id),
ADD FOREIGN KEY (product_id) REFERENCES PRODUCT_DETAILS (product_id) ref_product_ordered_details.sql 0.51s ref_product_ordered_details Table CREATED
2020-10-04 10:36:03,527 - 21012 INFO - ALTER TABLE PRODUCT_ORDERED_DETAILS
ADD FOREIGN KEY (order_id) REFERENCES ORDER_DETAILS (order_id),
ADD FOREIGN KEY (product_id) REFERENCES PRODUCT_DETAILS (product_id) ref_product_ordered_details.sql 0.51s ref_product_ordered_details Table CREATED
2020-10-04 10:36:03,527 - 21012 INFO - ALTER TABLE PRODUCT_ORDERED_DETAILS
ADD FOREIGN KEY (order_id) REFERENCES ORDER_DETAILS (order_id),
ADD FOREIGN KEY (product_id) REFERENCES PRODUCT_DETAILS (product_id) ref_product_ordered_details.sql 0.51s ref_product_ordered_details Table CREATED
2020-10-04 10:36:03,527 - 21012 INFO - ALTER TABLE PRODUCT_ORDERED_DETAILS
ADD FOREIGN KEY (order_id) REFERENCES ORDER_DETAILS (order_id),
ADD FOREIGN KEY (product_id) REFERENCES PRODUCT_DETAILS (product_id) ref_product_ordered_details.sql 0.51s ref_product_ordered_details Table CREATED
2020-10-04 10:36:03,527 - 21012 INFO - ALTER TABLE PRODUCT_ORDERED_DETAILS
ADD FOREIGN KEY (order_id) REFERENCES ORDER_DETAILS (order_id),
ADD FOREIGN KEY (product_id) REFERENCES PRODUCT_DETAILS (product_id) ref_product_ordered_details.sql 0.51s ref_product_ordered_details Table CREATED
2020-10-04 10:36:03,527 - 21012 INFO - ALTER TABLE PRODUCT_ORDERED_DETAILS
ADD FOREIGN KEY (order_id) REFERENCES ORDER_DETAILS (order_id),
ADD FOREIGN KEY (product_id) REFERENCES PRODUCT_DETAILS (product_id) ref_product_ordered_details.sql 0.51s ref_product_ordered_details Table CREATED
2020-10-04 10:36:03,527 - 21012 INFO - ALTER TABLE PRODUCT_ORDERED_DETAILS
ADD FOREIGN KEY (order_id) REFERENCES ORDER_DETAILS (order_id),
ADD FOREIGN KEY (product_id) REFERENCES PRODUCT_DETAILS (product_id) ref_product_ordered_details.sql 0.51s ref_product_ordered_details Table CREATED
2020-10-04 10:36:03,527 - 21012 INFO - ALTER TABLE PRODUCT_ORDERED_DETAILS
ADD FOREIGN KEY (order_id) REFERENCES ORDER_DETAILS (order_id),
ADD FOREIGN KEY (product_id) REFERENCES PRODUCT_DETAILS (product_id) ref_product_ordered_details.sql 0.51s ref_product_ordered_details Table CREATED
2020-10-04 10:36:03,527 - 21012 INFO - ALTER TABLE PRODUCT_ORDERED_DETAILS
ADD FOREIGN KEY (order_id) REFERENCES ORDER_DETAILS (order_id),
ADD FOREIGN KEY (product_id) REFERENCES PRODUCT_DETAILS (product_id) ref_product_ordered_details.sql 0.51s ref_product_ordered_details Table CREATED
2020-10-04 10:36:03,527 - 21012 INFO - ALTER TABLE PRODUCT_ORDERED_DETAILS
ADD FOREIGN KEY (order_id) REFERENCES ORDER_DETAILS (order_id),
ADD FOREIGN KEY (product_id) REFERENCES PRODUCT_DETAILS (product_id) ref_product_ordered_details.sql 0.51s ref_product_ordered_details Table CREATED
2020-10-04 10:36:03,527 - 21012 INFO - ALTER TABLE PRODUCT_ORDERED_DETAILS
ADD FOREIGN KEY (order_id) REFERENCES ORDER_DETAILS (order_id),
ADD FOREIGN KEY (product_id) REFERENCES PRODUCT_DETAILS (product_id) ref_product_ordered_details.sql 0.51s ref_product_ordered_details Table CREATED
2020-10-04 10:36:03,527 - 21012 INFO - ALTER TABLE PRODUCT_ORDERED_DETAILS
ADD FOREIGN KEY (order_id) REFERENCES ORDER_DETAILS (order_id),
ADD FOREIGN KEY (product_id) REFERENCES PRODUCT_DETAILS (product_id) ref_product_ordered_details.sql 0.51s ref_product_ordered_details Table CREATED
2020-10-04 10:36:03,527 - 21012 INFO - ALTER TABLE PRODUCT_ORDERED_DETAILS
ADD FOREIGN KEY (order_id) REFERENCES ORDER_DETAILS (order_id),
ADD FOREIGN KEY (product_id) REFERENCES PRODUCT_DETAILS (product_id) ref_product_ordered_details.sql 0.51s ref_product_ordered_details Table CREATED
2020-10-04 10:36:03,527 - 21012 INFO - ALTER TABLE PRODUCT_ORDERED_DETAILS
ADD FOREIGN KEY (order_id) REFERENCES ORDER_DETAILS (order_id),
ADD FOREIGN KEY (product_id) REFERENCES PRODUCT_DETAILS (product_id) ref_product_ordered_details.sql 0.51s ref_product_ordered_details Table CREATED
2020-10-04 10:36:03,554 - 21012 INFO - CREATE TABLE if not exists PRODUCT_STOCK_DETAILS(
product_stock_id int primary key not null,
stock_quantity int,
seller_id int) product_stock_details.sql 0.01s product_stock_details Table CREATED
2020-10-04 10:36:03,554 - 21012 INFO - CREATE TABLE if not exists PRODUCT_STOCK_DETAILS(
product_stock_id int primary key not null,
stock_quantity int,
seller_id int) product_stock_details.sql 0.01s product_stock_details Table CREATED
2020-10-04 10:36:03,554 - 21012 INFO - CREATE TABLE if not exists PRODUCT_STOCK_DETAILS(
product_stock_id int primary key not null,
stock_quantity int,
seller_id int) product_stock_details.sql 0.01s product_stock_details Table CREATED
2020-10-04 10:36:03,554 - 21012 INFO - CREATE TABLE if not exists PRODUCT_STOCK_DETAILS(
product_stock_id int primary key not null,
stock_quantity int,
seller_id int) product_stock_details.sql 0.01s product_stock_details Table CREATED
2020-10-04 10:36:03,554 - 21012 INFO - CREATE TABLE if not exists PRODUCT_STOCK_DETAILS(
product_stock_id int primary key not null,
stock_quantity int,
seller_id int) product_stock_details.sql 0.01s product_stock_details Table CREATED
2020-10-04 10:36:03,554 - 21012 INFO - CREATE TABLE if not exists PRODUCT_STOCK_DETAILS(
product_stock_id int primary key not null,
stock_quantity int,
seller_id int) product_stock_details.sql 0.01s product_stock_details Table CREATED
2020-10-04 10:36:03,554 - 21012 INFO - CREATE TABLE if not exists PRODUCT_STOCK_DETAILS(
product_stock_id int primary key not null,
stock_quantity int,
seller_id int) product_stock_details.sql 0.01s product_stock_details Table CREATED
2020-10-04 10:36:03,554 - 21012 INFO - CREATE TABLE if not exists PRODUCT_STOCK_DETAILS(
product_stock_id int primary key not null,
stock_quantity int,
seller_id int) product_stock_details.sql 0.01s product_stock_details Table CREATED
2020-10-04 10:36:03,554 - 21012 INFO - CREATE TABLE if not exists PRODUCT_STOCK_DETAILS(
product_stock_id int primary key not null,
stock_quantity int,
seller_id int) product_stock_details.sql 0.01s product_stock_details Table CREATED
2020-10-04 10:36:03,554 - 21012 INFO - CREATE TABLE if not exists PRODUCT_STOCK_DETAILS(
product_stock_id int primary key not null,
stock_quantity int,
seller_id int) product_stock_details.sql 0.01s product_stock_details Table CREATED
2020-10-04 10:36:03,554 - 21012 INFO - CREATE TABLE if not exists PRODUCT_STOCK_DETAILS(
product_stock_id int primary key not null,
stock_quantity int,
seller_id int) product_stock_details.sql 0.01s product_stock_details Table CREATED
2020-10-04 10:36:03,554 - 21012 INFO - CREATE TABLE if not exists PRODUCT_STOCK_DETAILS(
product_stock_id int primary key not null,
stock_quantity int,
seller_id int) product_stock_details.sql 0.01s product_stock_details Table CREATED
2020-10-04 10:36:03,554 - 21012 INFO - CREATE TABLE if not exists PRODUCT_STOCK_DETAILS(
product_stock_id int primary key not null,
stock_quantity int,
seller_id int) product_stock_details.sql 0.01s product_stock_details Table CREATED
2020-10-04 10:36:03,554 - 21012 INFO - CREATE TABLE if not exists PRODUCT_STOCK_DETAILS(
product_stock_id int primary key not null,
stock_quantity int,
seller_id int) product_stock_details.sql 0.01s product_stock_details Table CREATED
2020-10-04 10:36:03,554 - 21012 INFO - CREATE TABLE if not exists PRODUCT_STOCK_DETAILS(
product_stock_id int primary key not null,
stock_quantity int,
seller_id int) product_stock_details.sql 0.01s product_stock_details Table CREATED
2020-10-04 10:36:03,554 - 21012 INFO - CREATE TABLE if not exists PRODUCT_STOCK_DETAILS(
product_stock_id int primary key not null,
stock_quantity int,
seller_id int) product_stock_details.sql 0.01s product_stock_details Table CREATED
2020-10-04 10:36:03,554 - 21012 INFO - CREATE TABLE if not exists PRODUCT_STOCK_DETAILS(
product_stock_id int primary key not null,
stock_quantity int,
seller_id int) product_stock_details.sql 0.01s product_stock_details Table CREATED
2020-10-04 10:36:03,554 - 21012 INFO - CREATE TABLE if not exists PRODUCT_STOCK_DETAILS(
product_stock_id int primary key not null,
stock_quantity int,
seller_id int) product_stock_details.sql 0.01s product_stock_details Table CREATED
2020-10-04 10:36:03,554 - 21012 INFO - CREATE TABLE if not exists PRODUCT_STOCK_DETAILS(
product_stock_id int primary key not null,
stock_quantity int,
seller_id int) product_stock_details.sql 0.01s product_stock_details Table CREATED
2020-10-04 10:36:03,554 - 21012 INFO - CREATE TABLE if not exists PRODUCT_STOCK_DETAILS(
product_stock_id int primary key not null,
stock_quantity int,
seller_id int) product_stock_details.sql 0.01s product_stock_details Table CREATED
2020-10-04 10:36:03,870 - 21012 INFO - ALTER TABLE PRODUCT_STOCK_DETAILS
ADD FOREIGN KEY (seller_id) references SELLER_DETAILS (seller_id) ref_product_stock_details.sql 0.3s ref_product_stock_details Table CREATED
2020-10-04 10:36:03,870 - 21012 INFO - ALTER TABLE PRODUCT_STOCK_DETAILS
ADD FOREIGN KEY (seller_id) references SELLER_DETAILS (seller_id) ref_product_stock_details.sql 0.3s ref_product_stock_details Table CREATED
2020-10-04 10:36:03,870 - 21012 INFO - ALTER TABLE PRODUCT_STOCK_DETAILS
ADD FOREIGN KEY (seller_id) references SELLER_DETAILS (seller_id) ref_product_stock_details.sql 0.3s ref_product_stock_details Table CREATED
2020-10-04 10:36:03,870 - 21012 INFO - ALTER TABLE PRODUCT_STOCK_DETAILS
ADD FOREIGN KEY (seller_id) references SELLER_DETAILS (seller_id) ref_product_stock_details.sql 0.3s ref_product_stock_details Table CREATED
2020-10-04 10:36:03,870 - 21012 INFO - ALTER TABLE PRODUCT_STOCK_DETAILS
ADD FOREIGN KEY (seller_id) references SELLER_DETAILS (seller_id) ref_product_stock_details.sql 0.3s ref_product_stock_details Table CREATED
2020-10-04 10:36:03,870 - 21012 INFO - ALTER TABLE PRODUCT_STOCK_DETAILS
ADD FOREIGN KEY (seller_id) references SELLER_DETAILS (seller_id) ref_product_stock_details.sql 0.3s ref_product_stock_details Table CREATED
2020-10-04 10:36:03,870 - 21012 INFO - ALTER TABLE PRODUCT_STOCK_DETAILS
ADD FOREIGN KEY (seller_id) references SELLER_DETAILS (seller_id) ref_product_stock_details.sql 0.3s ref_product_stock_details Table CREATED
2020-10-04 10:36:03,870 - 21012 INFO - ALTER TABLE PRODUCT_STOCK_DETAILS
ADD FOREIGN KEY (seller_id) references SELLER_DETAILS (seller_id) ref_product_stock_details.sql 0.3s ref_product_stock_details Table CREATED
2020-10-04 10:36:03,870 - 21012 INFO - ALTER TABLE PRODUCT_STOCK_DETAILS
ADD FOREIGN KEY (seller_id) references SELLER_DETAILS (seller_id) ref_product_stock_details.sql 0.3s ref_product_stock_details Table CREATED
2020-10-04 10:36:03,870 - 21012 INFO - ALTER TABLE PRODUCT_STOCK_DETAILS
ADD FOREIGN KEY (seller_id) references SELLER_DETAILS (seller_id) ref_product_stock_details.sql 0.3s ref_product_stock_details Table CREATED
2020-10-04 10:36:03,870 - 21012 INFO - ALTER TABLE PRODUCT_STOCK_DETAILS
ADD FOREIGN KEY (seller_id) references SELLER_DETAILS (seller_id) ref_product_stock_details.sql 0.3s ref_product_stock_details Table CREATED
2020-10-04 10:36:03,870 - 21012 INFO - ALTER TABLE PRODUCT_STOCK_DETAILS
ADD FOREIGN KEY (seller_id) references SELLER_DETAILS (seller_id) ref_product_stock_details.sql 0.3s ref_product_stock_details Table CREATED
2020-10-04 10:36:03,870 - 21012 INFO - ALTER TABLE PRODUCT_STOCK_DETAILS
ADD FOREIGN KEY (seller_id) references SELLER_DETAILS (seller_id) ref_product_stock_details.sql 0.3s ref_product_stock_details Table CREATED
2020-10-04 10:36:03,870 - 21012 INFO - ALTER TABLE PRODUCT_STOCK_DETAILS
ADD FOREIGN KEY (seller_id) references SELLER_DETAILS (seller_id) ref_product_stock_details.sql 0.3s ref_product_stock_details Table CREATED
2020-10-04 10:36:03,870 - 21012 INFO - ALTER TABLE PRODUCT_STOCK_DETAILS
ADD FOREIGN KEY (seller_id) references SELLER_DETAILS (seller_id) ref_product_stock_details.sql 0.3s ref_product_stock_details Table CREATED
2020-10-04 10:36:03,870 - 21012 INFO - ALTER TABLE PRODUCT_STOCK_DETAILS
ADD FOREIGN KEY (seller_id) references SELLER_DETAILS (seller_id) ref_product_stock_details.sql 0.3s ref_product_stock_details Table CREATED
2020-10-04 10:36:03,870 - 21012 INFO - ALTER TABLE PRODUCT_STOCK_DETAILS
ADD FOREIGN KEY (seller_id) references SELLER_DETAILS (seller_id) ref_product_stock_details.sql 0.3s ref_product_stock_details Table CREATED
2020-10-04 10:36:03,870 - 21012 INFO - ALTER TABLE PRODUCT_STOCK_DETAILS
ADD FOREIGN KEY (seller_id) references SELLER_DETAILS (seller_id) ref_product_stock_details.sql 0.3s ref_product_stock_details Table CREATED
2020-10-04 10:36:03,870 - 21012 INFO - ALTER TABLE PRODUCT_STOCK_DETAILS
ADD FOREIGN KEY (seller_id) references SELLER_DETAILS (seller_id) ref_product_stock_details.sql 0.3s ref_product_stock_details Table CREATED
2020-10-04 10:36:03,870 - 21012 INFO - ALTER TABLE PRODUCT_STOCK_DETAILS
ADD FOREIGN KEY (seller_id) references SELLER_DETAILS (seller_id) ref_product_stock_details.sql 0.3s ref_product_stock_details Table CREATED
2020-10-04 10:36:03,870 - 21012 INFO - ALTER TABLE PRODUCT_STOCK_DETAILS
ADD FOREIGN KEY (seller_id) references SELLER_DETAILS (seller_id) ref_product_stock_details.sql 0.3s ref_product_stock_details Table CREATED
2020-10-04 10:36:03,897 - 21012 INFO - CREATE TABLE if not exists SHIPPING_STATUS(
ship_id	INT PRIMARY KEY NOT NULL,
ship_date DATE,
ship_track_no BIGINT,
order_id INT,
invoice_num INT) shipping_status.sql 0.01s shipping_status Table CREATED
2020-10-04 10:36:03,897 - 21012 INFO - CREATE TABLE if not exists SHIPPING_STATUS(
ship_id	INT PRIMARY KEY NOT NULL,
ship_date DATE,
ship_track_no BIGINT,
order_id INT,
invoice_num INT) shipping_status.sql 0.01s shipping_status Table CREATED
2020-10-04 10:36:03,897 - 21012 INFO - CREATE TABLE if not exists SHIPPING_STATUS(
ship_id	INT PRIMARY KEY NOT NULL,
ship_date DATE,
ship_track_no BIGINT,
order_id INT,
invoice_num INT) shipping_status.sql 0.01s shipping_status Table CREATED
2020-10-04 10:36:03,897 - 21012 INFO - CREATE TABLE if not exists SHIPPING_STATUS(
ship_id	INT PRIMARY KEY NOT NULL,
ship_date DATE,
ship_track_no BIGINT,
order_id INT,
invoice_num INT) shipping_status.sql 0.01s shipping_status Table CREATED
2020-10-04 10:36:03,897 - 21012 INFO - CREATE TABLE if not exists SHIPPING_STATUS(
ship_id	INT PRIMARY KEY NOT NULL,
ship_date DATE,
ship_track_no BIGINT,
order_id INT,
invoice_num INT) shipping_status.sql 0.01s shipping_status Table CREATED
2020-10-04 10:36:03,897 - 21012 INFO - CREATE TABLE if not exists SHIPPING_STATUS(
ship_id	INT PRIMARY KEY NOT NULL,
ship_date DATE,
ship_track_no BIGINT,
order_id INT,
invoice_num INT) shipping_status.sql 0.01s shipping_status Table CREATED
2020-10-04 10:36:03,897 - 21012 INFO - CREATE TABLE if not exists SHIPPING_STATUS(
ship_id	INT PRIMARY KEY NOT NULL,
ship_date DATE,
ship_track_no BIGINT,
order_id INT,
invoice_num INT) shipping_status.sql 0.01s shipping_status Table CREATED
2020-10-04 10:36:03,897 - 21012 INFO - CREATE TABLE if not exists SHIPPING_STATUS(
ship_id	INT PRIMARY KEY NOT NULL,
ship_date DATE,
ship_track_no BIGINT,
order_id INT,
invoice_num INT) shipping_status.sql 0.01s shipping_status Table CREATED
2020-10-04 10:36:03,897 - 21012 INFO - CREATE TABLE if not exists SHIPPING_STATUS(
ship_id	INT PRIMARY KEY NOT NULL,
ship_date DATE,
ship_track_no BIGINT,
order_id INT,
invoice_num INT) shipping_status.sql 0.01s shipping_status Table CREATED
2020-10-04 10:36:03,897 - 21012 INFO - CREATE TABLE if not exists SHIPPING_STATUS(
ship_id	INT PRIMARY KEY NOT NULL,
ship_date DATE,
ship_track_no BIGINT,
order_id INT,
invoice_num INT) shipping_status.sql 0.01s shipping_status Table CREATED
2020-10-04 10:36:03,897 - 21012 INFO - CREATE TABLE if not exists SHIPPING_STATUS(
ship_id	INT PRIMARY KEY NOT NULL,
ship_date DATE,
ship_track_no BIGINT,
order_id INT,
invoice_num INT) shipping_status.sql 0.01s shipping_status Table CREATED
2020-10-04 10:36:03,897 - 21012 INFO - CREATE TABLE if not exists SHIPPING_STATUS(
ship_id	INT PRIMARY KEY NOT NULL,
ship_date DATE,
ship_track_no BIGINT,
order_id INT,
invoice_num INT) shipping_status.sql 0.01s shipping_status Table CREATED
2020-10-04 10:36:03,897 - 21012 INFO - CREATE TABLE if not exists SHIPPING_STATUS(
ship_id	INT PRIMARY KEY NOT NULL,
ship_date DATE,
ship_track_no BIGINT,
order_id INT,
invoice_num INT) shipping_status.sql 0.01s shipping_status Table CREATED
2020-10-04 10:36:03,897 - 21012 INFO - CREATE TABLE if not exists SHIPPING_STATUS(
ship_id	INT PRIMARY KEY NOT NULL,
ship_date DATE,
ship_track_no BIGINT,
order_id INT,
invoice_num INT) shipping_status.sql 0.01s shipping_status Table CREATED
2020-10-04 10:36:03,897 - 21012 INFO - CREATE TABLE if not exists SHIPPING_STATUS(
ship_id	INT PRIMARY KEY NOT NULL,
ship_date DATE,
ship_track_no BIGINT,
order_id INT,
invoice_num INT) shipping_status.sql 0.01s shipping_status Table CREATED
2020-10-04 10:36:03,897 - 21012 INFO - CREATE TABLE if not exists SHIPPING_STATUS(
ship_id	INT PRIMARY KEY NOT NULL,
ship_date DATE,
ship_track_no BIGINT,
order_id INT,
invoice_num INT) shipping_status.sql 0.01s shipping_status Table CREATED
2020-10-04 10:36:03,897 - 21012 INFO - CREATE TABLE if not exists SHIPPING_STATUS(
ship_id	INT PRIMARY KEY NOT NULL,
ship_date DATE,
ship_track_no BIGINT,
order_id INT,
invoice_num INT) shipping_status.sql 0.01s shipping_status Table CREATED
2020-10-04 10:36:03,897 - 21012 INFO - CREATE TABLE if not exists SHIPPING_STATUS(
ship_id	INT PRIMARY KEY NOT NULL,
ship_date DATE,
ship_track_no BIGINT,
order_id INT,
invoice_num INT) shipping_status.sql 0.01s shipping_status Table CREATED
2020-10-04 10:36:03,897 - 21012 INFO - CREATE TABLE if not exists SHIPPING_STATUS(
ship_id	INT PRIMARY KEY NOT NULL,
ship_date DATE,
ship_track_no BIGINT,
order_id INT,
invoice_num INT) shipping_status.sql 0.01s shipping_status Table CREATED
2020-10-04 10:36:03,897 - 21012 INFO - CREATE TABLE if not exists SHIPPING_STATUS(
ship_id	INT PRIMARY KEY NOT NULL,
ship_date DATE,
ship_track_no BIGINT,
order_id INT,
invoice_num INT) shipping_status.sql 0.01s shipping_status Table CREATED
2020-10-04 10:36:03,897 - 21012 INFO - CREATE TABLE if not exists SHIPPING_STATUS(
ship_id	INT PRIMARY KEY NOT NULL,
ship_date DATE,
ship_track_no BIGINT,
order_id INT,
invoice_num INT) shipping_status.sql 0.01s shipping_status Table CREATED
2020-10-04 10:36:03,897 - 21012 INFO - CREATE TABLE if not exists SHIPPING_STATUS(
ship_id	INT PRIMARY KEY NOT NULL,
ship_date DATE,
ship_track_no BIGINT,
order_id INT,
invoice_num INT) shipping_status.sql 0.01s shipping_status Table CREATED
2020-10-04 10:36:04,214 - 21012 INFO - ALTER TABLE SHIPPING_STATUS
ADD FOREIGN KEY (order_id) REFERENCES ORDER_DETAILS (order_id),
ADD FOREIGN KEY (invoice_num) REFERENCES INVOICE_DETAILS (invoice_num) ref_shipping_status.sql 0.3s ref_shipping_status Table CREATED
2020-10-04 10:36:04,214 - 21012 INFO - ALTER TABLE SHIPPING_STATUS
ADD FOREIGN KEY (order_id) REFERENCES ORDER_DETAILS (order_id),
ADD FOREIGN KEY (invoice_num) REFERENCES INVOICE_DETAILS (invoice_num) ref_shipping_status.sql 0.3s ref_shipping_status Table CREATED
2020-10-04 10:36:04,214 - 21012 INFO - ALTER TABLE SHIPPING_STATUS
ADD FOREIGN KEY (order_id) REFERENCES ORDER_DETAILS (order_id),
ADD FOREIGN KEY (invoice_num) REFERENCES INVOICE_DETAILS (invoice_num) ref_shipping_status.sql 0.3s ref_shipping_status Table CREATED
2020-10-04 10:36:04,214 - 21012 INFO - ALTER TABLE SHIPPING_STATUS
ADD FOREIGN KEY (order_id) REFERENCES ORDER_DETAILS (order_id),
ADD FOREIGN KEY (invoice_num) REFERENCES INVOICE_DETAILS (invoice_num) ref_shipping_status.sql 0.3s ref_shipping_status Table CREATED
2020-10-04 10:36:04,214 - 21012 INFO - ALTER TABLE SHIPPING_STATUS
ADD FOREIGN KEY (order_id) REFERENCES ORDER_DETAILS (order_id),
ADD FOREIGN KEY (invoice_num) REFERENCES INVOICE_DETAILS (invoice_num) ref_shipping_status.sql 0.3s ref_shipping_status Table CREATED
2020-10-04 10:36:04,214 - 21012 INFO - ALTER TABLE SHIPPING_STATUS
ADD FOREIGN KEY (order_id) REFERENCES ORDER_DETAILS (order_id),
ADD FOREIGN KEY (invoice_num) REFERENCES INVOICE_DETAILS (invoice_num) ref_shipping_status.sql 0.3s ref_shipping_status Table CREATED
2020-10-04 10:36:04,214 - 21012 INFO - ALTER TABLE SHIPPING_STATUS
ADD FOREIGN KEY (order_id) REFERENCES ORDER_DETAILS (order_id),
ADD FOREIGN KEY (invoice_num) REFERENCES INVOICE_DETAILS (invoice_num) ref_shipping_status.sql 0.3s ref_shipping_status Table CREATED
2020-10-04 10:36:04,214 - 21012 INFO - ALTER TABLE SHIPPING_STATUS
ADD FOREIGN KEY (order_id) REFERENCES ORDER_DETAILS (order_id),
ADD FOREIGN KEY (invoice_num) REFERENCES INVOICE_DETAILS (invoice_num) ref_shipping_status.sql 0.3s ref_shipping_status Table CREATED
2020-10-04 10:36:04,214 - 21012 INFO - ALTER TABLE SHIPPING_STATUS
ADD FOREIGN KEY (order_id) REFERENCES ORDER_DETAILS (order_id),
ADD FOREIGN KEY (invoice_num) REFERENCES INVOICE_DETAILS (invoice_num) ref_shipping_status.sql 0.3s ref_shipping_status Table CREATED
2020-10-04 10:36:04,214 - 21012 INFO - ALTER TABLE SHIPPING_STATUS
ADD FOREIGN KEY (order_id) REFERENCES ORDER_DETAILS (order_id),
ADD FOREIGN KEY (invoice_num) REFERENCES INVOICE_DETAILS (invoice_num) ref_shipping_status.sql 0.3s ref_shipping_status Table CREATED
2020-10-04 10:36:04,214 - 21012 INFO - ALTER TABLE SHIPPING_STATUS
ADD FOREIGN KEY (order_id) REFERENCES ORDER_DETAILS (order_id),
ADD FOREIGN KEY (invoice_num) REFERENCES INVOICE_DETAILS (invoice_num) ref_shipping_status.sql 0.3s ref_shipping_status Table CREATED
2020-10-04 10:36:04,214 - 21012 INFO - ALTER TABLE SHIPPING_STATUS
ADD FOREIGN KEY (order_id) REFERENCES ORDER_DETAILS (order_id),
ADD FOREIGN KEY (invoice_num) REFERENCES INVOICE_DETAILS (invoice_num) ref_shipping_status.sql 0.3s ref_shipping_status Table CREATED
2020-10-04 10:36:04,214 - 21012 INFO - ALTER TABLE SHIPPING_STATUS
ADD FOREIGN KEY (order_id) REFERENCES ORDER_DETAILS (order_id),
ADD FOREIGN KEY (invoice_num) REFERENCES INVOICE_DETAILS (invoice_num) ref_shipping_status.sql 0.3s ref_shipping_status Table CREATED
2020-10-04 10:36:04,214 - 21012 INFO - ALTER TABLE SHIPPING_STATUS
ADD FOREIGN KEY (order_id) REFERENCES ORDER_DETAILS (order_id),
ADD FOREIGN KEY (invoice_num) REFERENCES INVOICE_DETAILS (invoice_num) ref_shipping_status.sql 0.3s ref_shipping_status Table CREATED
2020-10-04 10:36:04,214 - 21012 INFO - ALTER TABLE SHIPPING_STATUS
ADD FOREIGN KEY (order_id) REFERENCES ORDER_DETAILS (order_id),
ADD FOREIGN KEY (invoice_num) REFERENCES INVOICE_DETAILS (invoice_num) ref_shipping_status.sql 0.3s ref_shipping_status Table CREATED
2020-10-04 10:36:04,214 - 21012 INFO - ALTER TABLE SHIPPING_STATUS
ADD FOREIGN KEY (order_id) REFERENCES ORDER_DETAILS (order_id),
ADD FOREIGN KEY (invoice_num) REFERENCES INVOICE_DETAILS (invoice_num) ref_shipping_status.sql 0.3s ref_shipping_status Table CREATED
2020-10-04 10:36:04,214 - 21012 INFO - ALTER TABLE SHIPPING_STATUS
ADD FOREIGN KEY (order_id) REFERENCES ORDER_DETAILS (order_id),
ADD FOREIGN KEY (invoice_num) REFERENCES INVOICE_DETAILS (invoice_num) ref_shipping_status.sql 0.3s ref_shipping_status Table CREATED
2020-10-04 10:36:04,214 - 21012 INFO - ALTER TABLE SHIPPING_STATUS
ADD FOREIGN KEY (order_id) REFERENCES ORDER_DETAILS (order_id),
ADD FOREIGN KEY (invoice_num) REFERENCES INVOICE_DETAILS (invoice_num) ref_shipping_status.sql 0.3s ref_shipping_status Table CREATED
2020-10-04 10:36:04,214 - 21012 INFO - ALTER TABLE SHIPPING_STATUS
ADD FOREIGN KEY (order_id) REFERENCES ORDER_DETAILS (order_id),
ADD FOREIGN KEY (invoice_num) REFERENCES INVOICE_DETAILS (invoice_num) ref_shipping_status.sql 0.3s ref_shipping_status Table CREATED
2020-10-04 10:36:04,214 - 21012 INFO - ALTER TABLE SHIPPING_STATUS
ADD FOREIGN KEY (order_id) REFERENCES ORDER_DETAILS (order_id),
ADD FOREIGN KEY (invoice_num) REFERENCES INVOICE_DETAILS (invoice_num) ref_shipping_status.sql 0.3s ref_shipping_status Table CREATED
2020-10-04 10:36:04,214 - 21012 INFO - ALTER TABLE SHIPPING_STATUS
ADD FOREIGN KEY (order_id) REFERENCES ORDER_DETAILS (order_id),
ADD FOREIGN KEY (invoice_num) REFERENCES INVOICE_DETAILS (invoice_num) ref_shipping_status.sql 0.3s ref_shipping_status Table CREATED
2020-10-04 10:36:04,214 - 21012 INFO - ALTER TABLE SHIPPING_STATUS
ADD FOREIGN KEY (order_id) REFERENCES ORDER_DETAILS (order_id),
ADD FOREIGN KEY (invoice_num) REFERENCES INVOICE_DETAILS (invoice_num) ref_shipping_status.sql 0.3s ref_shipping_status Table CREATED
2020-10-04 10:36:04,214 - 21012 INFO - ALTER TABLE SHIPPING_STATUS
ADD FOREIGN KEY (order_id) REFERENCES ORDER_DETAILS (order_id),
ADD FOREIGN KEY (invoice_num) REFERENCES INVOICE_DETAILS (invoice_num) ref_shipping_status.sql 0.3s ref_shipping_status Table CREATED
2020-10-04 10:36:04,240 - 21012 INFO - CREATE TABLE if not exists SELLER_DETAILS(
seller_id INT PRIMARY KEY NOT NULL,
seller_name VARCHAR(20),
seller_address VARCHAR(25),
seller_ratings INT) seller_details.sql 0.01s seller_details Table CREATED
2020-10-04 10:36:04,240 - 21012 INFO - CREATE TABLE if not exists SELLER_DETAILS(
seller_id INT PRIMARY KEY NOT NULL,
seller_name VARCHAR(20),
seller_address VARCHAR(25),
seller_ratings INT) seller_details.sql 0.01s seller_details Table CREATED
2020-10-04 10:36:04,240 - 21012 INFO - CREATE TABLE if not exists SELLER_DETAILS(
seller_id INT PRIMARY KEY NOT NULL,
seller_name VARCHAR(20),
seller_address VARCHAR(25),
seller_ratings INT) seller_details.sql 0.01s seller_details Table CREATED
2020-10-04 10:36:04,240 - 21012 INFO - CREATE TABLE if not exists SELLER_DETAILS(
seller_id INT PRIMARY KEY NOT NULL,
seller_name VARCHAR(20),
seller_address VARCHAR(25),
seller_ratings INT) seller_details.sql 0.01s seller_details Table CREATED
2020-10-04 10:36:04,240 - 21012 INFO - CREATE TABLE if not exists SELLER_DETAILS(
seller_id INT PRIMARY KEY NOT NULL,
seller_name VARCHAR(20),
seller_address VARCHAR(25),
seller_ratings INT) seller_details.sql 0.01s seller_details Table CREATED
2020-10-04 10:36:04,240 - 21012 INFO - CREATE TABLE if not exists SELLER_DETAILS(
seller_id INT PRIMARY KEY NOT NULL,
seller_name VARCHAR(20),
seller_address VARCHAR(25),
seller_ratings INT) seller_details.sql 0.01s seller_details Table CREATED
2020-10-04 10:36:04,240 - 21012 INFO - CREATE TABLE if not exists SELLER_DETAILS(
seller_id INT PRIMARY KEY NOT NULL,
seller_name VARCHAR(20),
seller_address VARCHAR(25),
seller_ratings INT) seller_details.sql 0.01s seller_details Table CREATED
2020-10-04 10:36:04,240 - 21012 INFO - CREATE TABLE if not exists SELLER_DETAILS(
seller_id INT PRIMARY KEY NOT NULL,
seller_name VARCHAR(20),
seller_address VARCHAR(25),
seller_ratings INT) seller_details.sql 0.01s seller_details Table CREATED
2020-10-04 10:36:04,240 - 21012 INFO - CREATE TABLE if not exists SELLER_DETAILS(
seller_id INT PRIMARY KEY NOT NULL,
seller_name VARCHAR(20),
seller_address VARCHAR(25),
seller_ratings INT) seller_details.sql 0.01s seller_details Table CREATED
2020-10-04 10:36:04,240 - 21012 INFO - CREATE TABLE if not exists SELLER_DETAILS(
seller_id INT PRIMARY KEY NOT NULL,
seller_name VARCHAR(20),
seller_address VARCHAR(25),
seller_ratings INT) seller_details.sql 0.01s seller_details Table CREATED
2020-10-04 10:36:04,240 - 21012 INFO - CREATE TABLE if not exists SELLER_DETAILS(
seller_id INT PRIMARY KEY NOT NULL,
seller_name VARCHAR(20),
seller_address VARCHAR(25),
seller_ratings INT) seller_details.sql 0.01s seller_details Table CREATED
2020-10-04 10:36:04,240 - 21012 INFO - CREATE TABLE if not exists SELLER_DETAILS(
seller_id INT PRIMARY KEY NOT NULL,
seller_name VARCHAR(20),
seller_address VARCHAR(25),
seller_ratings INT) seller_details.sql 0.01s seller_details Table CREATED
2020-10-04 10:36:04,240 - 21012 INFO - CREATE TABLE if not exists SELLER_DETAILS(
seller_id INT PRIMARY KEY NOT NULL,
seller_name VARCHAR(20),
seller_address VARCHAR(25),
seller_ratings INT) seller_details.sql 0.01s seller_details Table CREATED
2020-10-04 10:36:04,240 - 21012 INFO - CREATE TABLE if not exists SELLER_DETAILS(
seller_id INT PRIMARY KEY NOT NULL,
seller_name VARCHAR(20),
seller_address VARCHAR(25),
seller_ratings INT) seller_details.sql 0.01s seller_details Table CREATED
2020-10-04 10:36:04,240 - 21012 INFO - CREATE TABLE if not exists SELLER_DETAILS(
seller_id INT PRIMARY KEY NOT NULL,
seller_name VARCHAR(20),
seller_address VARCHAR(25),
seller_ratings INT) seller_details.sql 0.01s seller_details Table CREATED
2020-10-04 10:36:04,240 - 21012 INFO - CREATE TABLE if not exists SELLER_DETAILS(
seller_id INT PRIMARY KEY NOT NULL,
seller_name VARCHAR(20),
seller_address VARCHAR(25),
seller_ratings INT) seller_details.sql 0.01s seller_details Table CREATED
2020-10-04 10:36:04,240 - 21012 INFO - CREATE TABLE if not exists SELLER_DETAILS(
seller_id INT PRIMARY KEY NOT NULL,
seller_name VARCHAR(20),
seller_address VARCHAR(25),
seller_ratings INT) seller_details.sql 0.01s seller_details Table CREATED
2020-10-04 10:36:04,240 - 21012 INFO - CREATE TABLE if not exists SELLER_DETAILS(
seller_id INT PRIMARY KEY NOT NULL,
seller_name VARCHAR(20),
seller_address VARCHAR(25),
seller_ratings INT) seller_details.sql 0.01s seller_details Table CREATED
2020-10-04 10:36:04,240 - 21012 INFO - CREATE TABLE if not exists SELLER_DETAILS(
seller_id INT PRIMARY KEY NOT NULL,
seller_name VARCHAR(20),
seller_address VARCHAR(25),
seller_ratings INT) seller_details.sql 0.01s seller_details Table CREATED
2020-10-04 10:36:04,240 - 21012 INFO - CREATE TABLE if not exists SELLER_DETAILS(
seller_id INT PRIMARY KEY NOT NULL,
seller_name VARCHAR(20),
seller_address VARCHAR(25),
seller_ratings INT) seller_details.sql 0.01s seller_details Table CREATED
2020-10-04 10:36:04,240 - 21012 INFO - CREATE TABLE if not exists SELLER_DETAILS(
seller_id INT PRIMARY KEY NOT NULL,
seller_name VARCHAR(20),
seller_address VARCHAR(25),
seller_ratings INT) seller_details.sql 0.01s seller_details Table CREATED
2020-10-04 10:36:04,240 - 21012 INFO - CREATE TABLE if not exists SELLER_DETAILS(
seller_id INT PRIMARY KEY NOT NULL,
seller_name VARCHAR(20),
seller_address VARCHAR(25),
seller_ratings INT) seller_details.sql 0.01s seller_details Table CREATED
2020-10-04 10:36:04,240 - 21012 INFO - CREATE TABLE if not exists SELLER_DETAILS(
seller_id INT PRIMARY KEY NOT NULL,
seller_name VARCHAR(20),
seller_address VARCHAR(25),
seller_ratings INT) seller_details.sql 0.01s seller_details Table CREATED
2020-10-04 10:36:04,240 - 21012 INFO - CREATE TABLE if not exists SELLER_DETAILS(
seller_id INT PRIMARY KEY NOT NULL,
seller_name VARCHAR(20),
seller_address VARCHAR(25),
seller_ratings INT) seller_details.sql 0.01s seller_details Table CREATED
2020-10-04 10:36:04,264 - 21012 INFO - CREATE TABLE if not exists SHIPPING_STATUS(
ship_id	INT PRIMARY KEY NOT NULL,
ship_date DATE,
ship_track_no BIGINT,
order_id INT,
invoice_num INT) shipping_status.sql 0.01s shipping_status Table CREATED
2020-10-04 10:36:04,264 - 21012 INFO - CREATE TABLE if not exists SHIPPING_STATUS(
ship_id	INT PRIMARY KEY NOT NULL,
ship_date DATE,
ship_track_no BIGINT,
order_id INT,
invoice_num INT) shipping_status.sql 0.01s shipping_status Table CREATED
2020-10-04 10:36:04,264 - 21012 INFO - CREATE TABLE if not exists SHIPPING_STATUS(
ship_id	INT PRIMARY KEY NOT NULL,
ship_date DATE,
ship_track_no BIGINT,
order_id INT,
invoice_num INT) shipping_status.sql 0.01s shipping_status Table CREATED
2020-10-04 10:36:04,264 - 21012 INFO - CREATE TABLE if not exists SHIPPING_STATUS(
ship_id	INT PRIMARY KEY NOT NULL,
ship_date DATE,
ship_track_no BIGINT,
order_id INT,
invoice_num INT) shipping_status.sql 0.01s shipping_status Table CREATED
2020-10-04 10:36:04,264 - 21012 INFO - CREATE TABLE if not exists SHIPPING_STATUS(
ship_id	INT PRIMARY KEY NOT NULL,
ship_date DATE,
ship_track_no BIGINT,
order_id INT,
invoice_num INT) shipping_status.sql 0.01s shipping_status Table CREATED
2020-10-04 10:36:04,264 - 21012 INFO - CREATE TABLE if not exists SHIPPING_STATUS(
ship_id	INT PRIMARY KEY NOT NULL,
ship_date DATE,
ship_track_no BIGINT,
order_id INT,
invoice_num INT) shipping_status.sql 0.01s shipping_status Table CREATED
2020-10-04 10:36:04,264 - 21012 INFO - CREATE TABLE if not exists SHIPPING_STATUS(
ship_id	INT PRIMARY KEY NOT NULL,
ship_date DATE,
ship_track_no BIGINT,
order_id INT,
invoice_num INT) shipping_status.sql 0.01s shipping_status Table CREATED
2020-10-04 10:36:04,264 - 21012 INFO - CREATE TABLE if not exists SHIPPING_STATUS(
ship_id	INT PRIMARY KEY NOT NULL,
ship_date DATE,
ship_track_no BIGINT,
order_id INT,
invoice_num INT) shipping_status.sql 0.01s shipping_status Table CREATED
2020-10-04 10:36:04,264 - 21012 INFO - CREATE TABLE if not exists SHIPPING_STATUS(
ship_id	INT PRIMARY KEY NOT NULL,
ship_date DATE,
ship_track_no BIGINT,
order_id INT,
invoice_num INT) shipping_status.sql 0.01s shipping_status Table CREATED
2020-10-04 10:36:04,264 - 21012 INFO - CREATE TABLE if not exists SHIPPING_STATUS(
ship_id	INT PRIMARY KEY NOT NULL,
ship_date DATE,
ship_track_no BIGINT,
order_id INT,
invoice_num INT) shipping_status.sql 0.01s shipping_status Table CREATED
2020-10-04 10:36:04,264 - 21012 INFO - CREATE TABLE if not exists SHIPPING_STATUS(
ship_id	INT PRIMARY KEY NOT NULL,
ship_date DATE,
ship_track_no BIGINT,
order_id INT,
invoice_num INT) shipping_status.sql 0.01s shipping_status Table CREATED
2020-10-04 10:36:04,264 - 21012 INFO - CREATE TABLE if not exists SHIPPING_STATUS(
ship_id	INT PRIMARY KEY NOT NULL,
ship_date DATE,
ship_track_no BIGINT,
order_id INT,
invoice_num INT) shipping_status.sql 0.01s shipping_status Table CREATED
2020-10-04 10:36:04,264 - 21012 INFO - CREATE TABLE if not exists SHIPPING_STATUS(
ship_id	INT PRIMARY KEY NOT NULL,
ship_date DATE,
ship_track_no BIGINT,
order_id INT,
invoice_num INT) shipping_status.sql 0.01s shipping_status Table CREATED
2020-10-04 10:36:04,264 - 21012 INFO - CREATE TABLE if not exists SHIPPING_STATUS(
ship_id	INT PRIMARY KEY NOT NULL,
ship_date DATE,
ship_track_no BIGINT,
order_id INT,
invoice_num INT) shipping_status.sql 0.01s shipping_status Table CREATED
2020-10-04 10:36:04,264 - 21012 INFO - CREATE TABLE if not exists SHIPPING_STATUS(
ship_id	INT PRIMARY KEY NOT NULL,
ship_date DATE,
ship_track_no BIGINT,
order_id INT,
invoice_num INT) shipping_status.sql 0.01s shipping_status Table CREATED
2020-10-04 10:36:04,264 - 21012 INFO - CREATE TABLE if not exists SHIPPING_STATUS(
ship_id	INT PRIMARY KEY NOT NULL,
ship_date DATE,
ship_track_no BIGINT,
order_id INT,
invoice_num INT) shipping_status.sql 0.01s shipping_status Table CREATED
2020-10-04 10:36:04,264 - 21012 INFO - CREATE TABLE if not exists SHIPPING_STATUS(
ship_id	INT PRIMARY KEY NOT NULL,
ship_date DATE,
ship_track_no BIGINT,
order_id INT,
invoice_num INT) shipping_status.sql 0.01s shipping_status Table CREATED
2020-10-04 10:36:04,264 - 21012 INFO - CREATE TABLE if not exists SHIPPING_STATUS(
ship_id	INT PRIMARY KEY NOT NULL,
ship_date DATE,
ship_track_no BIGINT,
order_id INT,
invoice_num INT) shipping_status.sql 0.01s shipping_status Table CREATED
2020-10-04 10:36:04,264 - 21012 INFO - CREATE TABLE if not exists SHIPPING_STATUS(
ship_id	INT PRIMARY KEY NOT NULL,
ship_date DATE,
ship_track_no BIGINT,
order_id INT,
invoice_num INT) shipping_status.sql 0.01s shipping_status Table CREATED
2020-10-04 10:36:04,264 - 21012 INFO - CREATE TABLE if not exists SHIPPING_STATUS(
ship_id	INT PRIMARY KEY NOT NULL,
ship_date DATE,
ship_track_no BIGINT,
order_id INT,
invoice_num INT) shipping_status.sql 0.01s shipping_status Table CREATED
2020-10-04 10:36:04,264 - 21012 INFO - CREATE TABLE if not exists SHIPPING_STATUS(
ship_id	INT PRIMARY KEY NOT NULL,
ship_date DATE,
ship_track_no BIGINT,
order_id INT,
invoice_num INT) shipping_status.sql 0.01s shipping_status Table CREATED
2020-10-04 10:36:04,264 - 21012 INFO - CREATE TABLE if not exists SHIPPING_STATUS(
ship_id	INT PRIMARY KEY NOT NULL,
ship_date DATE,
ship_track_no BIGINT,
order_id INT,
invoice_num INT) shipping_status.sql 0.01s shipping_status Table CREATED
2020-10-04 10:36:04,264 - 21012 INFO - CREATE TABLE if not exists SHIPPING_STATUS(
ship_id	INT PRIMARY KEY NOT NULL,
ship_date DATE,
ship_track_no BIGINT,
order_id INT,
invoice_num INT) shipping_status.sql 0.01s shipping_status Table CREATED
2020-10-04 10:36:04,264 - 21012 INFO - CREATE TABLE if not exists SHIPPING_STATUS(
ship_id	INT PRIMARY KEY NOT NULL,
ship_date DATE,
ship_track_no BIGINT,
order_id INT,
invoice_num INT) shipping_status.sql 0.01s shipping_status Table CREATED
2020-10-04 10:36:04,264 - 21012 INFO - CREATE TABLE if not exists SHIPPING_STATUS(
ship_id	INT PRIMARY KEY NOT NULL,
ship_date DATE,
ship_track_no BIGINT,
order_id INT,
invoice_num INT) shipping_status.sql 0.01s shipping_status Table CREATED
