2020-10-04 10:18:56,168 - 31012 INFO - Table cart_details is ready to add in DB
2020-10-04 10:18:56,168 - 31012 INFO - Table cart_details is ready to add in DB
2020-10-04 10:18:56,168 - 31012 INFO - Table cart_details is ready to add in DB
2020-10-04 10:18:56,168 - 31012 INFO - Table cart_details is ready to add in DB
2020-10-04 10:18:56,168 - 31012 INFO - Table cart_details is ready to add in DB
2020-10-04 10:18:56,185 - 31012 INFO - Table cart_product_details is ready to add in DB
2020-10-04 10:18:56,185 - 31012 INFO - Table cart_product_details is ready to add in DB
2020-10-04 10:18:56,185 - 31012 INFO - Table cart_product_details is ready to add in DB
2020-10-04 10:18:56,185 - 31012 INFO - Table cart_product_details is ready to add in DB
2020-10-04 10:18:56,185 - 31012 INFO - Table cart_product_details is ready to add in DB
2020-10-04 10:18:56,185 - 31012 INFO - Table cart_product_details is ready to add in DB
2020-10-04 10:18:56,201 - 31012 INFO - Table category_details is ready to add in DB
2020-10-04 10:18:56,201 - 31012 INFO - Table category_details is ready to add in DB
2020-10-04 10:18:56,201 - 31012 INFO - Table category_details is ready to add in DB
2020-10-04 10:18:56,201 - 31012 INFO - Table category_details is ready to add in DB
2020-10-04 10:18:56,201 - 31012 INFO - Table category_details is ready to add in DB
2020-10-04 10:18:56,201 - 31012 INFO - Table category_details is ready to add in DB
2020-10-04 10:18:56,201 - 31012 INFO - Table category_details is ready to add in DB
2020-10-04 10:18:56,218 - 31012 INFO - Table category_product_details is ready to add in DB
2020-10-04 10:18:56,218 - 31012 INFO - Table category_product_details is ready to add in DB
2020-10-04 10:18:56,218 - 31012 INFO - Table category_product_details is ready to add in DB
2020-10-04 10:18:56,218 - 31012 INFO - Table category_product_details is ready to add in DB
2020-10-04 10:18:56,218 - 31012 INFO - Table category_product_details is ready to add in DB
2020-10-04 10:18:56,218 - 31012 INFO - Table category_product_details is ready to add in DB
2020-10-04 10:18:56,218 - 31012 INFO - Table category_product_details is ready to add in DB
2020-10-04 10:18:56,218 - 31012 INFO - Table category_product_details is ready to add in DB
2020-10-04 10:18:56,239 - 31012 INFO - Table customer_address_details is ready to add in DB
2020-10-04 10:18:56,239 - 31012 INFO - Table customer_address_details is ready to add in DB
2020-10-04 10:18:56,239 - 31012 INFO - Table customer_address_details is ready to add in DB
2020-10-04 10:18:56,239 - 31012 INFO - Table customer_address_details is ready to add in DB
2020-10-04 10:18:56,239 - 31012 INFO - Table customer_address_details is ready to add in DB
2020-10-04 10:18:56,239 - 31012 INFO - Table customer_address_details is ready to add in DB
2020-10-04 10:18:56,239 - 31012 INFO - Table customer_address_details is ready to add in DB
2020-10-04 10:18:56,239 - 31012 INFO - Table customer_address_details is ready to add in DB
2020-10-04 10:18:56,239 - 31012 INFO - Table customer_address_details is ready to add in DB
2020-10-04 10:18:56,254 - 31012 INFO - Table customer_details is ready to add in DB
2020-10-04 10:18:56,254 - 31012 INFO - Table customer_details is ready to add in DB
2020-10-04 10:18:56,254 - 31012 INFO - Table customer_details is ready to add in DB
2020-10-04 10:18:56,254 - 31012 INFO - Table customer_details is ready to add in DB
2020-10-04 10:18:56,254 - 31012 INFO - Table customer_details is ready to add in DB
2020-10-04 10:18:56,254 - 31012 INFO - Table customer_details is ready to add in DB
2020-10-04 10:18:56,254 - 31012 INFO - Table customer_details is ready to add in DB
2020-10-04 10:18:56,254 - 31012 INFO - Table customer_details is ready to add in DB
2020-10-04 10:18:56,254 - 31012 INFO - Table customer_details is ready to add in DB
2020-10-04 10:18:56,254 - 31012 INFO - Table customer_details is ready to add in DB
2020-10-04 10:18:56,268 - 31012 INFO - Table customer_rating_details is ready to add in DB
2020-10-04 10:18:56,268 - 31012 INFO - Table customer_rating_details is ready to add in DB
2020-10-04 10:18:56,268 - 31012 INFO - Table customer_rating_details is ready to add in DB
2020-10-04 10:18:56,268 - 31012 INFO - Table customer_rating_details is ready to add in DB
2020-10-04 10:18:56,268 - 31012 INFO - Table customer_rating_details is ready to add in DB
2020-10-04 10:18:56,268 - 31012 INFO - Table customer_rating_details is ready to add in DB
2020-10-04 10:18:56,268 - 31012 INFO - Table customer_rating_details is ready to add in DB
2020-10-04 10:18:56,268 - 31012 INFO - Table customer_rating_details is ready to add in DB
2020-10-04 10:18:56,268 - 31012 INFO - Table customer_rating_details is ready to add in DB
2020-10-04 10:18:56,268 - 31012 INFO - Table customer_rating_details is ready to add in DB
2020-10-04 10:18:56,268 - 31012 INFO - Table customer_rating_details is ready to add in DB
2020-10-04 10:18:56,283 - 31012 INFO - Table invoice_details is ready to add in DB
2020-10-04 10:18:56,283 - 31012 INFO - Table invoice_details is ready to add in DB
2020-10-04 10:18:56,283 - 31012 INFO - Table invoice_details is ready to add in DB
2020-10-04 10:18:56,283 - 31012 INFO - Table invoice_details is ready to add in DB
2020-10-04 10:18:56,283 - 31012 INFO - Table invoice_details is ready to add in DB
2020-10-04 10:18:56,283 - 31012 INFO - Table invoice_details is ready to add in DB
2020-10-04 10:18:56,283 - 31012 INFO - Table invoice_details is ready to add in DB
2020-10-04 10:18:56,283 - 31012 INFO - Table invoice_details is ready to add in DB
2020-10-04 10:18:56,283 - 31012 INFO - Table invoice_details is ready to add in DB
2020-10-04 10:18:56,283 - 31012 INFO - Table invoice_details is ready to add in DB
2020-10-04 10:18:56,283 - 31012 INFO - Table invoice_details is ready to add in DB
2020-10-04 10:18:56,283 - 31012 INFO - Table invoice_details is ready to add in DB
2020-10-04 10:18:56,301 - 31012 INFO - Table order_details is ready to add in DB
2020-10-04 10:18:56,301 - 31012 INFO - Table order_details is ready to add in DB
2020-10-04 10:18:56,301 - 31012 INFO - Table order_details is ready to add in DB
2020-10-04 10:18:56,301 - 31012 INFO - Table order_details is ready to add in DB
2020-10-04 10:18:56,301 - 31012 INFO - Table order_details is ready to add in DB
2020-10-04 10:18:56,301 - 31012 INFO - Table order_details is ready to add in DB
2020-10-04 10:18:56,301 - 31012 INFO - Table order_details is ready to add in DB
2020-10-04 10:18:56,301 - 31012 INFO - Table order_details is ready to add in DB
2020-10-04 10:18:56,301 - 31012 INFO - Table order_details is ready to add in DB
2020-10-04 10:18:56,301 - 31012 INFO - Table order_details is ready to add in DB
2020-10-04 10:18:56,301 - 31012 INFO - Table order_details is ready to add in DB
2020-10-04 10:18:56,301 - 31012 INFO - Table order_details is ready to add in DB
2020-10-04 10:18:56,301 - 31012 INFO - Table order_details is ready to add in DB
2020-10-04 10:18:56,315 - 31012 INFO - Table order_status_details is ready to add in DB
2020-10-04 10:18:56,315 - 31012 INFO - Table order_status_details is ready to add in DB
2020-10-04 10:18:56,315 - 31012 INFO - Table order_status_details is ready to add in DB
2020-10-04 10:18:56,315 - 31012 INFO - Table order_status_details is ready to add in DB
2020-10-04 10:18:56,315 - 31012 INFO - Table order_status_details is ready to add in DB
2020-10-04 10:18:56,315 - 31012 INFO - Table order_status_details is ready to add in DB
2020-10-04 10:18:56,315 - 31012 INFO - Table order_status_details is ready to add in DB
2020-10-04 10:18:56,315 - 31012 INFO - Table order_status_details is ready to add in DB
2020-10-04 10:18:56,315 - 31012 INFO - Table order_status_details is ready to add in DB
2020-10-04 10:18:56,315 - 31012 INFO - Table order_status_details is ready to add in DB
2020-10-04 10:18:56,315 - 31012 INFO - Table order_status_details is ready to add in DB
2020-10-04 10:18:56,315 - 31012 INFO - Table order_status_details is ready to add in DB
2020-10-04 10:18:56,315 - 31012 INFO - Table order_status_details is ready to add in DB
2020-10-04 10:18:56,315 - 31012 INFO - Table order_status_details is ready to add in DB
2020-10-04 10:18:56,332 - 31012 INFO - Table payment_details is ready to add in DB
2020-10-04 10:18:56,332 - 31012 INFO - Table payment_details is ready to add in DB
2020-10-04 10:18:56,332 - 31012 INFO - Table payment_details is ready to add in DB
2020-10-04 10:18:56,332 - 31012 INFO - Table payment_details is ready to add in DB
2020-10-04 10:18:56,332 - 31012 INFO - Table payment_details is ready to add in DB
2020-10-04 10:18:56,332 - 31012 INFO - Table payment_details is ready to add in DB
2020-10-04 10:18:56,332 - 31012 INFO - Table payment_details is ready to add in DB
2020-10-04 10:18:56,332 - 31012 INFO - Table payment_details is ready to add in DB
2020-10-04 10:18:56,332 - 31012 INFO - Table payment_details is ready to add in DB
2020-10-04 10:18:56,332 - 31012 INFO - Table payment_details is ready to add in DB
2020-10-04 10:18:56,332 - 31012 INFO - Table payment_details is ready to add in DB
2020-10-04 10:18:56,332 - 31012 INFO - Table payment_details is ready to add in DB
2020-10-04 10:18:56,332 - 31012 INFO - Table payment_details is ready to add in DB
2020-10-04 10:18:56,332 - 31012 INFO - Table payment_details is ready to add in DB
2020-10-04 10:18:56,332 - 31012 INFO - Table payment_details is ready to add in DB
2020-10-04 10:18:56,351 - 31012 INFO - Table product_details is ready to add in DB
2020-10-04 10:18:56,351 - 31012 INFO - Table product_details is ready to add in DB
2020-10-04 10:18:56,351 - 31012 INFO - Table product_details is ready to add in DB
2020-10-04 10:18:56,351 - 31012 INFO - Table product_details is ready to add in DB
2020-10-04 10:18:56,351 - 31012 INFO - Table product_details is ready to add in DB
2020-10-04 10:18:56,351 - 31012 INFO - Table product_details is ready to add in DB
2020-10-04 10:18:56,351 - 31012 INFO - Table product_details is ready to add in DB
2020-10-04 10:18:56,351 - 31012 INFO - Table product_details is ready to add in DB
2020-10-04 10:18:56,351 - 31012 INFO - Table product_details is ready to add in DB
2020-10-04 10:18:56,351 - 31012 INFO - Table product_details is ready to add in DB
2020-10-04 10:18:56,351 - 31012 INFO - Table product_details is ready to add in DB
2020-10-04 10:18:56,351 - 31012 INFO - Table product_details is ready to add in DB
2020-10-04 10:18:56,351 - 31012 INFO - Table product_details is ready to add in DB
2020-10-04 10:18:56,351 - 31012 INFO - Table product_details is ready to add in DB
2020-10-04 10:18:56,351 - 31012 INFO - Table product_details is ready to add in DB
2020-10-04 10:18:56,351 - 31012 INFO - Table product_details is ready to add in DB
2020-10-04 10:18:56,370 - 31012 INFO - Table product_ordered_details is ready to add in DB
2020-10-04 10:18:56,370 - 31012 INFO - Table product_ordered_details is ready to add in DB
2020-10-04 10:18:56,370 - 31012 INFO - Table product_ordered_details is ready to add in DB
2020-10-04 10:18:56,370 - 31012 INFO - Table product_ordered_details is ready to add in DB
2020-10-04 10:18:56,370 - 31012 INFO - Table product_ordered_details is ready to add in DB
2020-10-04 10:18:56,370 - 31012 INFO - Table product_ordered_details is ready to add in DB
2020-10-04 10:18:56,370 - 31012 INFO - Table product_ordered_details is ready to add in DB
2020-10-04 10:18:56,370 - 31012 INFO - Table product_ordered_details is ready to add in DB
2020-10-04 10:18:56,370 - 31012 INFO - Table product_ordered_details is ready to add in DB
2020-10-04 10:18:56,370 - 31012 INFO - Table product_ordered_details is ready to add in DB
2020-10-04 10:18:56,370 - 31012 INFO - Table product_ordered_details is ready to add in DB
2020-10-04 10:18:56,370 - 31012 INFO - Table product_ordered_details is ready to add in DB
2020-10-04 10:18:56,370 - 31012 INFO - Table product_ordered_details is ready to add in DB
2020-10-04 10:18:56,370 - 31012 INFO - Table product_ordered_details is ready to add in DB
2020-10-04 10:18:56,370 - 31012 INFO - Table product_ordered_details is ready to add in DB
2020-10-04 10:18:56,370 - 31012 INFO - Table product_ordered_details is ready to add in DB
2020-10-04 10:18:56,370 - 31012 INFO - Table product_ordered_details is ready to add in DB
2020-10-04 10:18:56,387 - 31012 INFO - Table product_stock_details is ready to add in DB
2020-10-04 10:18:56,387 - 31012 INFO - Table product_stock_details is ready to add in DB
2020-10-04 10:18:56,387 - 31012 INFO - Table product_stock_details is ready to add in DB
2020-10-04 10:18:56,387 - 31012 INFO - Table product_stock_details is ready to add in DB
2020-10-04 10:18:56,387 - 31012 INFO - Table product_stock_details is ready to add in DB
2020-10-04 10:18:56,387 - 31012 INFO - Table product_stock_details is ready to add in DB
2020-10-04 10:18:56,387 - 31012 INFO - Table product_stock_details is ready to add in DB
2020-10-04 10:18:56,387 - 31012 INFO - Table product_stock_details is ready to add in DB
2020-10-04 10:18:56,387 - 31012 INFO - Table product_stock_details is ready to add in DB
2020-10-04 10:18:56,387 - 31012 INFO - Table product_stock_details is ready to add in DB
2020-10-04 10:18:56,387 - 31012 INFO - Table product_stock_details is ready to add in DB
2020-10-04 10:18:56,387 - 31012 INFO - Table product_stock_details is ready to add in DB
2020-10-04 10:18:56,387 - 31012 INFO - Table product_stock_details is ready to add in DB
2020-10-04 10:18:56,387 - 31012 INFO - Table product_stock_details is ready to add in DB
2020-10-04 10:18:56,387 - 31012 INFO - Table product_stock_details is ready to add in DB
2020-10-04 10:18:56,387 - 31012 INFO - Table product_stock_details is ready to add in DB
2020-10-04 10:18:56,387 - 31012 INFO - Table product_stock_details is ready to add in DB
2020-10-04 10:18:56,387 - 31012 INFO - Table product_stock_details is ready to add in DB
2020-10-04 10:19:00,017 - 31012 INFO - Table seller_details is ready to add in DB
2020-10-04 10:19:00,017 - 31012 INFO - Table seller_details is ready to add in DB
2020-10-04 10:19:00,017 - 31012 INFO - Table seller_details is ready to add in DB
2020-10-04 10:19:00,017 - 31012 INFO - Table seller_details is ready to add in DB
2020-10-04 10:19:00,017 - 31012 INFO - Table seller_details is ready to add in DB
2020-10-04 10:19:00,017 - 31012 INFO - Table seller_details is ready to add in DB
2020-10-04 10:19:00,017 - 31012 INFO - Table seller_details is ready to add in DB
2020-10-04 10:19:00,017 - 31012 INFO - Table seller_details is ready to add in DB
2020-10-04 10:19:00,017 - 31012 INFO - Table seller_details is ready to add in DB
2020-10-04 10:19:00,017 - 31012 INFO - Table seller_details is ready to add in DB
2020-10-04 10:19:00,017 - 31012 INFO - Table seller_details is ready to add in DB
2020-10-04 10:19:00,017 - 31012 INFO - Table seller_details is ready to add in DB
2020-10-04 10:19:00,017 - 31012 INFO - Table seller_details is ready to add in DB
2020-10-04 10:19:00,017 - 31012 INFO - Table seller_details is ready to add in DB
2020-10-04 10:19:00,017 - 31012 INFO - Table seller_details is ready to add in DB
2020-10-04 10:19:00,017 - 31012 INFO - Table seller_details is ready to add in DB
2020-10-04 10:19:00,017 - 31012 INFO - Table seller_details is ready to add in DB
2020-10-04 10:19:00,017 - 31012 INFO - Table seller_details is ready to add in DB
2020-10-04 10:19:00,037 - 31012 INFO - Table shipping_status is ready to add in DB
2020-10-04 10:19:00,037 - 31012 INFO - Table shipping_status is ready to add in DB
2020-10-04 10:19:00,037 - 31012 INFO - Table shipping_status is ready to add in DB
2020-10-04 10:19:00,037 - 31012 INFO - Table shipping_status is ready to add in DB
2020-10-04 10:19:00,037 - 31012 INFO - Table shipping_status is ready to add in DB
2020-10-04 10:19:00,037 - 31012 INFO - Table shipping_status is ready to add in DB
2020-10-04 10:19:00,037 - 31012 INFO - Table shipping_status is ready to add in DB
2020-10-04 10:19:00,037 - 31012 INFO - Table shipping_status is ready to add in DB
2020-10-04 10:19:00,037 - 31012 INFO - Table shipping_status is ready to add in DB
2020-10-04 10:19:00,037 - 31012 INFO - Table shipping_status is ready to add in DB
2020-10-04 10:19:00,037 - 31012 INFO - Table shipping_status is ready to add in DB
2020-10-04 10:19:00,037 - 31012 INFO - Table shipping_status is ready to add in DB
2020-10-04 10:19:00,037 - 31012 INFO - Table shipping_status is ready to add in DB
2020-10-04 10:19:00,037 - 31012 INFO - Table shipping_status is ready to add in DB
2020-10-04 10:19:00,037 - 31012 INFO - Table shipping_status is ready to add in DB
2020-10-04 10:19:00,037 - 31012 INFO - Table shipping_status is ready to add in DB
2020-10-04 10:19:00,037 - 31012 INFO - Table shipping_status is ready to add in DB
2020-10-04 10:19:00,037 - 31012 INFO - Table shipping_status is ready to add in DB
