2020-09-30 16:25:07,194 - 1284 INFO - Table cart_details is ready to add in DB
2020-09-30 16:25:07,194 - 1284 INFO - Table cart_details is ready to add in DB
2020-09-30 16:25:07,194 - 1284 INFO - Table cart_product_details is ready to add in DB
2020-09-30 16:25:07,194 - 1284 INFO - Table cart_product_details is ready to add in DB
2020-09-30 16:25:07,194 - 1284 INFO - Table category_details is ready to add in DB
2020-09-30 16:25:07,194 - 1284 INFO - Table category_details is ready to add in DB
2020-09-30 16:25:07,194 - 1284 INFO - Table category_product_details is ready to add in DB
2020-09-30 16:25:07,194 - 1284 INFO - Table category_product_details is ready to add in DB
2020-09-30 16:25:07,195 - 1284 INFO - Table customer_address_details is ready to add in DB
2020-09-30 16:25:07,195 - 1284 INFO - Table customer_address_details is ready to add in DB
2020-09-30 16:25:07,195 - 1284 INFO - Table customer_details is ready to add in DB
2020-09-30 16:25:07,195 - 1284 INFO - Table customer_details is ready to add in DB
2020-09-30 16:25:07,195 - 1284 INFO - Table customer_rating_details is ready to add in DB
2020-09-30 16:25:07,195 - 1284 INFO - Table customer_rating_details is ready to add in DB
2020-09-30 16:25:07,195 - 1284 INFO - Table invoice_details is ready to add in DB
2020-09-30 16:25:07,195 - 1284 INFO - Table invoice_details is ready to add in DB
2020-09-30 16:25:07,195 - 1284 INFO - Table order_details is ready to add in DB
2020-09-30 16:25:07,195 - 1284 INFO - Table order_details is ready to add in DB
2020-09-30 16:25:07,195 - 1284 INFO - Table order_status_details is ready to add in DB
2020-09-30 16:25:07,195 - 1284 INFO - Table order_status_details is ready to add in DB
2020-09-30 16:25:07,196 - 1284 INFO - Table payment_details is ready to add in DB
2020-09-30 16:25:07,196 - 1284 INFO - Table payment_details is ready to add in DB
2020-09-30 16:25:07,196 - 1284 INFO - Table product_details is ready to add in DB
2020-09-30 16:25:07,196 - 1284 INFO - Table product_details is ready to add in DB
2020-09-30 16:25:07,196 - 1284 INFO - Table product_ordered_details is ready to add in DB
2020-09-30 16:25:07,196 - 1284 INFO - Table product_ordered_details is ready to add in DB
2020-09-30 16:25:07,196 - 1284 INFO - Table product_stock_details is ready to add in DB
2020-09-30 16:25:07,196 - 1284 INFO - Table product_stock_details is ready to add in DB
2020-09-30 16:25:07,196 - 1284 INFO - Table ref_1_cart_details.sql is ready to add in DB
2020-09-30 16:25:07,196 - 1284 INFO - Table ref_1_cart_details.sql is ready to add in DB
2020-09-30 16:25:07,196 - 1284 INFO - Table ref_2_customer_address_details.sql is ready to add in DB
2020-09-30 16:25:07,196 - 1284 INFO - Table ref_2_customer_address_details.sql is ready to add in DB
2020-09-30 16:25:07,196 - 1284 INFO - Table ref_3_order_details.sql is ready to add in DB
2020-09-30 16:25:07,196 - 1284 INFO - Table ref_3_order_details.sql is ready to add in DB
2020-09-30 16:25:07,197 - 1284 INFO - Table ref_4_product_stock_details.sql is ready to add in DB
2020-09-30 16:25:07,197 - 1284 INFO - Table ref_4_product_stock_details.sql is ready to add in DB
2020-09-30 16:25:07,197 - 1284 INFO - Table ref_5_product_details.sql is ready to add in DB
2020-09-30 16:25:07,197 - 1284 INFO - Table ref_5_product_details.sql is ready to add in DB
2020-09-30 16:25:07,197 - 1284 INFO - Table ref_6_cart_product_details.sql is ready to add in DB
2020-09-30 16:25:07,197 - 1284 INFO - Table ref_6_cart_product_details.sql is ready to add in DB
2020-09-30 16:25:07,197 - 1284 INFO - Table ref_7_category_product_details.sql is ready to add in DB
2020-09-30 16:25:07,197 - 1284 INFO - Table ref_7_category_product_details.sql is ready to add in DB
2020-09-30 16:25:07,197 - 1284 INFO - Table ref_8_customer_rating_details.sql is ready to add in DB
2020-09-30 16:25:07,197 - 1284 INFO - Table ref_8_customer_rating_details.sql is ready to add in DB
2020-09-30 16:25:07,197 - 1284 INFO - Table ref_9_invoice_details.sql is ready to add in DB
2020-09-30 16:25:07,197 - 1284 INFO - Table ref_9_invoice_details.sql is ready to add in DB
2020-09-30 16:25:07,197 - 1284 INFO - Table ref_payment_details.sql is ready to add in DB
2020-09-30 16:25:07,197 - 1284 INFO - Table ref_payment_details.sql is ready to add in DB
2020-09-30 16:25:07,198 - 1284 INFO - Table ref_product_ordered_details.sql is ready to add in DB
2020-09-30 16:25:07,198 - 1284 INFO - Table ref_product_ordered_details.sql is ready to add in DB
2020-09-30 16:25:07,198 - 1284 INFO - Table ref_shipping_status.sql is ready to add in DB
2020-09-30 16:25:07,198 - 1284 INFO - Table ref_shipping_status.sql is ready to add in DB
2020-09-30 16:25:07,198 - 1284 INFO - Table seller_details is ready to add in DB
2020-09-30 16:25:07,198 - 1284 INFO - Table seller_details is ready to add in DB
2020-09-30 16:25:07,198 - 1284 INFO - Table shipping_status is ready to add in DB
2020-09-30 16:25:07,198 - 1284 INFO - Table shipping_status is ready to add in DB
2020-09-30 16:25:22,148 - 19136 INFO - Table cart_details is ready to add in DB
2020-09-30 16:25:22,148 - 19136 INFO - Table cart_details is ready to add in DB
2020-09-30 16:25:22,149 - 19136 INFO - Table cart_product_details is ready to add in DB
2020-09-30 16:25:22,149 - 19136 INFO - Table cart_product_details is ready to add in DB
2020-09-30 16:25:22,149 - 19136 INFO - Table category_details is ready to add in DB
2020-09-30 16:25:22,149 - 19136 INFO - Table category_details is ready to add in DB
2020-09-30 16:25:22,149 - 19136 INFO - Table category_product_details is ready to add in DB
2020-09-30 16:25:22,149 - 19136 INFO - Table category_product_details is ready to add in DB
2020-09-30 16:25:22,149 - 19136 INFO - Table customer_address_details is ready to add in DB
2020-09-30 16:25:22,149 - 19136 INFO - Table customer_address_details is ready to add in DB
2020-09-30 16:25:22,149 - 19136 INFO - Table customer_details is ready to add in DB
2020-09-30 16:25:22,149 - 19136 INFO - Table customer_details is ready to add in DB
2020-09-30 16:25:22,149 - 19136 INFO - Table customer_rating_details is ready to add in DB
2020-09-30 16:25:22,149 - 19136 INFO - Table customer_rating_details is ready to add in DB
2020-09-30 16:25:22,149 - 19136 INFO - Table invoice_details is ready to add in DB
2020-09-30 16:25:22,149 - 19136 INFO - Table invoice_details is ready to add in DB
2020-09-30 16:25:22,150 - 19136 INFO - Table order_details is ready to add in DB
2020-09-30 16:25:22,150 - 19136 INFO - Table order_details is ready to add in DB
2020-09-30 16:25:22,150 - 19136 INFO - Table order_status_details is ready to add in DB
2020-09-30 16:25:22,150 - 19136 INFO - Table order_status_details is ready to add in DB
2020-09-30 16:25:22,150 - 19136 INFO - Table payment_details is ready to add in DB
2020-09-30 16:25:22,150 - 19136 INFO - Table payment_details is ready to add in DB
2020-09-30 16:25:22,150 - 19136 INFO - Table product_details is ready to add in DB
2020-09-30 16:25:22,150 - 19136 INFO - Table product_details is ready to add in DB
2020-09-30 16:25:22,150 - 19136 INFO - Table product_ordered_details is ready to add in DB
2020-09-30 16:25:22,150 - 19136 INFO - Table product_ordered_details is ready to add in DB
2020-09-30 16:25:22,150 - 19136 INFO - Table product_stock_details is ready to add in DB
2020-09-30 16:25:22,150 - 19136 INFO - Table product_stock_details is ready to add in DB
2020-09-30 16:25:22,150 - 19136 INFO - Table ref_1_cart_details.sql is ready to add in DB
2020-09-30 16:25:22,150 - 19136 INFO - Table ref_1_cart_details.sql is ready to add in DB
2020-09-30 16:25:22,150 - 19136 INFO - Table ref_2_customer_address_details.sql is ready to add in DB
2020-09-30 16:25:22,150 - 19136 INFO - Table ref_2_customer_address_details.sql is ready to add in DB
2020-09-30 16:25:22,151 - 19136 INFO - Table ref_3_order_details.sql is ready to add in DB
2020-09-30 16:25:22,151 - 19136 INFO - Table ref_3_order_details.sql is ready to add in DB
2020-09-30 16:25:22,151 - 19136 INFO - Table ref_4_product_stock_details.sql is ready to add in DB
2020-09-30 16:25:22,151 - 19136 INFO - Table ref_4_product_stock_details.sql is ready to add in DB
2020-09-30 16:25:22,151 - 19136 INFO - Table ref_5_product_details.sql is ready to add in DB
2020-09-30 16:25:22,151 - 19136 INFO - Table ref_5_product_details.sql is ready to add in DB
2020-09-30 16:25:22,151 - 19136 INFO - Table ref_6_cart_product_details.sql is ready to add in DB
2020-09-30 16:25:22,151 - 19136 INFO - Table ref_6_cart_product_details.sql is ready to add in DB
2020-09-30 16:25:22,151 - 19136 INFO - Table ref_7_category_product_details.sql is ready to add in DB
2020-09-30 16:25:22,151 - 19136 INFO - Table ref_7_category_product_details.sql is ready to add in DB
2020-09-30 16:25:22,151 - 19136 INFO - Table ref_8_customer_rating_details.sql is ready to add in DB
2020-09-30 16:25:22,151 - 19136 INFO - Table ref_8_customer_rating_details.sql is ready to add in DB
2020-09-30 16:25:22,151 - 19136 INFO - Table ref_9_invoice_details.sql is ready to add in DB
2020-09-30 16:25:22,151 - 19136 INFO - Table ref_9_invoice_details.sql is ready to add in DB
2020-09-30 16:25:22,152 - 19136 INFO - Table ref_payment_details.sql is ready to add in DB
2020-09-30 16:25:22,152 - 19136 INFO - Table ref_payment_details.sql is ready to add in DB
2020-09-30 16:25:22,152 - 19136 INFO - Table ref_product_ordered_details.sql is ready to add in DB
2020-09-30 16:25:22,152 - 19136 INFO - Table ref_product_ordered_details.sql is ready to add in DB
2020-09-30 16:25:22,152 - 19136 INFO - Table ref_shipping_status.sql is ready to add in DB
2020-09-30 16:25:22,152 - 19136 INFO - Table ref_shipping_status.sql is ready to add in DB
2020-09-30 16:25:22,152 - 19136 INFO - Table seller_details is ready to add in DB
2020-09-30 16:25:22,152 - 19136 INFO - Table seller_details is ready to add in DB
2020-09-30 16:25:22,152 - 19136 INFO - Table shipping_status is ready to add in DB
2020-09-30 16:25:22,152 - 19136 INFO - Table shipping_status is ready to add in DB
2020-09-30 16:25:46,778 - 12176 INFO - Table cart_details.sql is ready to add in DB
2020-09-30 16:25:46,778 - 12176 INFO - Table cart_details.sql is ready to add in DB
2020-09-30 16:25:46,779 - 12176 INFO - Table cart_product_details.sql is ready to add in DB
2020-09-30 16:25:46,779 - 12176 INFO - Table cart_product_details.sql is ready to add in DB
2020-09-30 16:25:46,779 - 12176 INFO - Table category_details.sql is ready to add in DB
2020-09-30 16:25:46,779 - 12176 INFO - Table category_details.sql is ready to add in DB
2020-09-30 16:25:46,779 - 12176 INFO - Table category_product_details.sql is ready to add in DB
2020-09-30 16:25:46,779 - 12176 INFO - Table category_product_details.sql is ready to add in DB
2020-09-30 16:25:46,779 - 12176 INFO - Table customer_address_details.sql is ready to add in DB
2020-09-30 16:25:46,779 - 12176 INFO - Table customer_address_details.sql is ready to add in DB
2020-09-30 16:25:46,780 - 12176 INFO - Table customer_details.sql is ready to add in DB
2020-09-30 16:25:46,780 - 12176 INFO - Table customer_details.sql is ready to add in DB
2020-09-30 16:25:46,780 - 12176 INFO - Table customer_rating_details.sql is ready to add in DB
2020-09-30 16:25:46,780 - 12176 INFO - Table customer_rating_details.sql is ready to add in DB
2020-09-30 16:25:46,780 - 12176 INFO - Table invoice_details.sql is ready to add in DB
2020-09-30 16:25:46,780 - 12176 INFO - Table invoice_details.sql is ready to add in DB
2020-09-30 16:25:46,780 - 12176 INFO - Table order_details.sql is ready to add in DB
2020-09-30 16:25:46,780 - 12176 INFO - Table order_details.sql is ready to add in DB
2020-09-30 16:25:46,781 - 12176 INFO - Table order_status_details.sql is ready to add in DB
2020-09-30 16:25:46,781 - 12176 INFO - Table order_status_details.sql is ready to add in DB
2020-09-30 16:25:46,781 - 12176 INFO - Table payment_details.sql is ready to add in DB
2020-09-30 16:25:46,781 - 12176 INFO - Table payment_details.sql is ready to add in DB
2020-09-30 16:25:46,781 - 12176 INFO - Table product_details.sql is ready to add in DB
2020-09-30 16:25:46,781 - 12176 INFO - Table product_details.sql is ready to add in DB
2020-09-30 16:25:46,781 - 12176 INFO - Table product_ordered_details.sql is ready to add in DB
2020-09-30 16:25:46,781 - 12176 INFO - Table product_ordered_details.sql is ready to add in DB
2020-09-30 16:25:46,782 - 12176 INFO - Table product_stock_details.sql is ready to add in DB
2020-09-30 16:25:46,782 - 12176 INFO - Table product_stock_details.sql is ready to add in DB
2020-09-30 16:25:46,782 - 12176 INFO - Table ref_1_cart_details is ready to add in DB
2020-09-30 16:25:46,782 - 12176 INFO - Table ref_1_cart_details is ready to add in DB
2020-09-30 16:25:46,782 - 12176 INFO - Table ref_2_customer_address_details is ready to add in DB
2020-09-30 16:25:46,782 - 12176 INFO - Table ref_2_customer_address_details is ready to add in DB
2020-09-30 16:25:46,782 - 12176 INFO - Table ref_3_order_details is ready to add in DB
2020-09-30 16:25:46,782 - 12176 INFO - Table ref_3_order_details is ready to add in DB
2020-09-30 16:25:46,783 - 12176 INFO - Table ref_4_product_stock_details is ready to add in DB
2020-09-30 16:25:46,783 - 12176 INFO - Table ref_4_product_stock_details is ready to add in DB
2020-09-30 16:25:46,783 - 12176 INFO - Table ref_5_product_details is ready to add in DB
2020-09-30 16:25:46,783 - 12176 INFO - Table ref_5_product_details is ready to add in DB
2020-09-30 16:25:46,783 - 12176 INFO - Table ref_6_cart_product_details is ready to add in DB
2020-09-30 16:25:46,783 - 12176 INFO - Table ref_6_cart_product_details is ready to add in DB
2020-09-30 16:25:46,783 - 12176 INFO - Table ref_7_category_product_details is ready to add in DB
2020-09-30 16:25:46,783 - 12176 INFO - Table ref_7_category_product_details is ready to add in DB
2020-09-30 16:25:46,783 - 12176 INFO - Table ref_8_customer_rating_details is ready to add in DB
2020-09-30 16:25:46,783 - 12176 INFO - Table ref_8_customer_rating_details is ready to add in DB
2020-09-30 16:25:46,783 - 12176 INFO - Table ref_9_invoice_details is ready to add in DB
2020-09-30 16:25:46,783 - 12176 INFO - Table ref_9_invoice_details is ready to add in DB
2020-09-30 16:25:46,784 - 12176 INFO - Table ref_payment_details is ready to add in DB
2020-09-30 16:25:46,784 - 12176 INFO - Table ref_payment_details is ready to add in DB
2020-09-30 16:25:46,784 - 12176 INFO - Table ref_product_ordered_details is ready to add in DB
2020-09-30 16:25:46,784 - 12176 INFO - Table ref_product_ordered_details is ready to add in DB
2020-09-30 16:25:46,784 - 12176 INFO - Table ref_shipping_status is ready to add in DB
2020-09-30 16:25:46,784 - 12176 INFO - Table ref_shipping_status is ready to add in DB
2020-09-30 16:25:46,784 - 12176 INFO - Table seller_details.sql is ready to add in DB
2020-09-30 16:25:46,784 - 12176 INFO - Table seller_details.sql is ready to add in DB
2020-09-30 16:25:46,784 - 12176 INFO - Table shipping_status.sql is ready to add in DB
2020-09-30 16:25:46,784 - 12176 INFO - Table shipping_status.sql is ready to add in DB
