2020-09-30 13:35:07,690 - 4668 INFO - category_details Records Inserted
2020-09-30 13:35:07,690 - 4668 INFO - category_details Records Inserted
2020-09-30 13:35:07,690 - 4668 INFO - category_details Records Inserted
2020-09-30 13:35:07,777 - 4668 INFO - customer_details Records Inserted
2020-09-30 13:35:07,777 - 4668 INFO - customer_details Records Inserted
2020-09-30 13:35:07,777 - 4668 INFO - customer_details Records Inserted
2020-09-30 13:35:07,777 - 4668 INFO - customer_details Records Inserted
2020-09-30 13:35:07,777 - 4668 INFO - customer_details Records Inserted
2020-09-30 13:35:07,844 - 4668 INFO - order_status_details Records Inserted
2020-09-30 13:35:07,844 - 4668 INFO - order_status_details Records Inserted
2020-09-30 13:35:07,844 - 4668 INFO - order_status_details Records Inserted
2020-09-30 13:35:07,844 - 4668 INFO - order_status_details Records Inserted
2020-09-30 13:35:07,844 - 4668 INFO - order_status_details Records Inserted
2020-09-30 13:35:07,844 - 4668 INFO - order_status_details Records Inserted
2020-09-30 13:35:07,844 - 4668 INFO - order_status_details Records Inserted
2020-09-30 13:35:07,910 - 4668 INFO - seller_details Records Inserted
2020-09-30 13:35:07,910 - 4668 INFO - seller_details Records Inserted
2020-09-30 13:35:07,910 - 4668 INFO - seller_details Records Inserted
2020-09-30 13:35:07,910 - 4668 INFO - seller_details Records Inserted
2020-09-30 13:35:07,910 - 4668 INFO - seller_details Records Inserted
2020-09-30 13:35:07,910 - 4668 INFO - seller_details Records Inserted
2020-09-30 13:35:07,910 - 4668 INFO - seller_details Records Inserted
2020-09-30 13:35:07,910 - 4668 INFO - seller_details Records Inserted
2020-09-30 13:35:07,910 - 4668 INFO - seller_details Records Inserted
2020-09-30 13:35:07,977 - 4668 INFO - cart_details Records Inserted
2020-09-30 13:35:07,977 - 4668 INFO - cart_details Records Inserted
2020-09-30 13:35:07,977 - 4668 INFO - cart_details Records Inserted
2020-09-30 13:35:07,977 - 4668 INFO - cart_details Records Inserted
2020-09-30 13:35:07,977 - 4668 INFO - cart_details Records Inserted
2020-09-30 13:35:07,977 - 4668 INFO - cart_details Records Inserted
2020-09-30 13:35:07,977 - 4668 INFO - cart_details Records Inserted
2020-09-30 13:35:07,977 - 4668 INFO - cart_details Records Inserted
2020-09-30 13:35:07,977 - 4668 INFO - cart_details Records Inserted
2020-09-30 13:35:07,977 - 4668 INFO - cart_details Records Inserted
2020-09-30 13:35:07,977 - 4668 INFO - cart_details Records Inserted
2020-09-30 13:35:08,129 - 4668 INFO - customer_address_details Records Inserted
2020-09-30 13:35:08,129 - 4668 INFO - customer_address_details Records Inserted
2020-09-30 13:35:08,129 - 4668 INFO - customer_address_details Records Inserted
2020-09-30 13:35:08,129 - 4668 INFO - customer_address_details Records Inserted
2020-09-30 13:35:08,129 - 4668 INFO - customer_address_details Records Inserted
2020-09-30 13:35:08,129 - 4668 INFO - customer_address_details Records Inserted
2020-09-30 13:35:08,129 - 4668 INFO - customer_address_details Records Inserted
2020-09-30 13:35:08,129 - 4668 INFO - customer_address_details Records Inserted
2020-09-30 13:35:08,129 - 4668 INFO - customer_address_details Records Inserted
2020-09-30 13:35:08,129 - 4668 INFO - customer_address_details Records Inserted
2020-09-30 13:35:08,129 - 4668 INFO - customer_address_details Records Inserted
2020-09-30 13:35:08,129 - 4668 INFO - customer_address_details Records Inserted
2020-09-30 13:35:08,129 - 4668 INFO - customer_address_details Records Inserted
2020-09-30 13:35:08,191 - 4668 INFO - order_details Records Inserted
2020-09-30 13:35:08,191 - 4668 INFO - order_details Records Inserted
2020-09-30 13:35:08,191 - 4668 INFO - order_details Records Inserted
2020-09-30 13:35:08,191 - 4668 INFO - order_details Records Inserted
2020-09-30 13:35:08,191 - 4668 INFO - order_details Records Inserted
2020-09-30 13:35:08,191 - 4668 INFO - order_details Records Inserted
2020-09-30 13:35:08,191 - 4668 INFO - order_details Records Inserted
2020-09-30 13:35:08,191 - 4668 INFO - order_details Records Inserted
2020-09-30 13:35:08,191 - 4668 INFO - order_details Records Inserted
2020-09-30 13:35:08,191 - 4668 INFO - order_details Records Inserted
2020-09-30 13:35:08,191 - 4668 INFO - order_details Records Inserted
2020-09-30 13:35:08,191 - 4668 INFO - order_details Records Inserted
2020-09-30 13:35:08,191 - 4668 INFO - order_details Records Inserted
2020-09-30 13:35:08,191 - 4668 INFO - order_details Records Inserted
2020-09-30 13:35:08,191 - 4668 INFO - order_details Records Inserted
2020-09-30 13:35:08,247 - 4668 INFO - product_stock_details Records Inserted
2020-09-30 13:35:08,247 - 4668 INFO - product_stock_details Records Inserted
2020-09-30 13:35:08,247 - 4668 INFO - product_stock_details Records Inserted
2020-09-30 13:35:08,247 - 4668 INFO - product_stock_details Records Inserted
2020-09-30 13:35:08,247 - 4668 INFO - product_stock_details Records Inserted
2020-09-30 13:35:08,247 - 4668 INFO - product_stock_details Records Inserted
2020-09-30 13:35:08,247 - 4668 INFO - product_stock_details Records Inserted
2020-09-30 13:35:08,247 - 4668 INFO - product_stock_details Records Inserted
2020-09-30 13:35:08,247 - 4668 INFO - product_stock_details Records Inserted
2020-09-30 13:35:08,247 - 4668 INFO - product_stock_details Records Inserted
2020-09-30 13:35:08,247 - 4668 INFO - product_stock_details Records Inserted
2020-09-30 13:35:08,247 - 4668 INFO - product_stock_details Records Inserted
2020-09-30 13:35:08,247 - 4668 INFO - product_stock_details Records Inserted
2020-09-30 13:35:08,247 - 4668 INFO - product_stock_details Records Inserted
2020-09-30 13:35:08,247 - 4668 INFO - product_stock_details Records Inserted
2020-09-30 13:35:08,247 - 4668 INFO - product_stock_details Records Inserted
2020-09-30 13:35:08,247 - 4668 INFO - product_stock_details Records Inserted
2020-09-30 13:35:08,308 - 4668 INFO - product_details Records Inserted
2020-09-30 13:35:08,308 - 4668 INFO - product_details Records Inserted
2020-09-30 13:35:08,308 - 4668 INFO - product_details Records Inserted
2020-09-30 13:35:08,308 - 4668 INFO - product_details Records Inserted
2020-09-30 13:35:08,308 - 4668 INFO - product_details Records Inserted
2020-09-30 13:35:08,308 - 4668 INFO - product_details Records Inserted
2020-09-30 13:35:08,308 - 4668 INFO - product_details Records Inserted
2020-09-30 13:35:08,308 - 4668 INFO - product_details Records Inserted
2020-09-30 13:35:08,308 - 4668 INFO - product_details Records Inserted
2020-09-30 13:35:08,308 - 4668 INFO - product_details Records Inserted
2020-09-30 13:35:08,308 - 4668 INFO - product_details Records Inserted
2020-09-30 13:35:08,308 - 4668 INFO - product_details Records Inserted
2020-09-30 13:35:08,308 - 4668 INFO - product_details Records Inserted
2020-09-30 13:35:08,308 - 4668 INFO - product_details Records Inserted
2020-09-30 13:35:08,308 - 4668 INFO - product_details Records Inserted
2020-09-30 13:35:08,308 - 4668 INFO - product_details Records Inserted
2020-09-30 13:35:08,308 - 4668 INFO - product_details Records Inserted
2020-09-30 13:35:08,308 - 4668 INFO - product_details Records Inserted
2020-09-30 13:35:08,308 - 4668 INFO - product_details Records Inserted
2020-09-30 13:35:08,422 - 4668 INFO - cart_product_details Records Inserted
2020-09-30 13:35:08,422 - 4668 INFO - cart_product_details Records Inserted
2020-09-30 13:35:08,422 - 4668 INFO - cart_product_details Records Inserted
2020-09-30 13:35:08,422 - 4668 INFO - cart_product_details Records Inserted
2020-09-30 13:35:08,422 - 4668 INFO - cart_product_details Records Inserted
2020-09-30 13:35:08,422 - 4668 INFO - cart_product_details Records Inserted
2020-09-30 13:35:08,422 - 4668 INFO - cart_product_details Records Inserted
2020-09-30 13:35:08,422 - 4668 INFO - cart_product_details Records Inserted
2020-09-30 13:35:08,422 - 4668 INFO - cart_product_details Records Inserted
2020-09-30 13:35:08,422 - 4668 INFO - cart_product_details Records Inserted
2020-09-30 13:35:08,422 - 4668 INFO - cart_product_details Records Inserted
2020-09-30 13:35:08,422 - 4668 INFO - cart_product_details Records Inserted
2020-09-30 13:35:08,422 - 4668 INFO - cart_product_details Records Inserted
2020-09-30 13:35:08,422 - 4668 INFO - cart_product_details Records Inserted
2020-09-30 13:35:08,422 - 4668 INFO - cart_product_details Records Inserted
2020-09-30 13:35:08,422 - 4668 INFO - cart_product_details Records Inserted
2020-09-30 13:35:08,422 - 4668 INFO - cart_product_details Records Inserted
2020-09-30 13:35:08,422 - 4668 INFO - cart_product_details Records Inserted
2020-09-30 13:35:08,422 - 4668 INFO - cart_product_details Records Inserted
2020-09-30 13:35:08,422 - 4668 INFO - cart_product_details Records Inserted
2020-09-30 13:35:08,422 - 4668 INFO - cart_product_details Records Inserted
2020-09-30 13:35:08,522 - 4668 INFO - category_product_details Records Inserted
2020-09-30 13:35:08,522 - 4668 INFO - category_product_details Records Inserted
2020-09-30 13:35:08,522 - 4668 INFO - category_product_details Records Inserted
2020-09-30 13:35:08,522 - 4668 INFO - category_product_details Records Inserted
2020-09-30 13:35:08,522 - 4668 INFO - category_product_details Records Inserted
2020-09-30 13:35:08,522 - 4668 INFO - category_product_details Records Inserted
2020-09-30 13:35:08,522 - 4668 INFO - category_product_details Records Inserted
2020-09-30 13:35:08,522 - 4668 INFO - category_product_details Records Inserted
2020-09-30 13:35:08,522 - 4668 INFO - category_product_details Records Inserted
2020-09-30 13:35:08,522 - 4668 INFO - category_product_details Records Inserted
2020-09-30 13:35:08,522 - 4668 INFO - category_product_details Records Inserted
2020-09-30 13:35:08,522 - 4668 INFO - category_product_details Records Inserted
2020-09-30 13:35:08,522 - 4668 INFO - category_product_details Records Inserted
2020-09-30 13:35:08,522 - 4668 INFO - category_product_details Records Inserted
2020-09-30 13:35:08,522 - 4668 INFO - category_product_details Records Inserted
2020-09-30 13:35:08,522 - 4668 INFO - category_product_details Records Inserted
2020-09-30 13:35:08,522 - 4668 INFO - category_product_details Records Inserted
2020-09-30 13:35:08,522 - 4668 INFO - category_product_details Records Inserted
2020-09-30 13:35:08,522 - 4668 INFO - category_product_details Records Inserted
2020-09-30 13:35:08,522 - 4668 INFO - category_product_details Records Inserted
2020-09-30 13:35:08,522 - 4668 INFO - category_product_details Records Inserted
2020-09-30 13:35:08,522 - 4668 INFO - category_product_details Records Inserted
2020-09-30 13:35:08,522 - 4668 INFO - category_product_details Records Inserted
2020-09-30 13:35:08,594 - 4668 INFO - customer_rating_details Records Inserted
2020-09-30 13:35:08,594 - 4668 INFO - customer_rating_details Records Inserted
2020-09-30 13:35:08,594 - 4668 INFO - customer_rating_details Records Inserted
2020-09-30 13:35:08,594 - 4668 INFO - customer_rating_details Records Inserted
2020-09-30 13:35:08,594 - 4668 INFO - customer_rating_details Records Inserted
2020-09-30 13:35:08,594 - 4668 INFO - customer_rating_details Records Inserted
2020-09-30 13:35:08,594 - 4668 INFO - customer_rating_details Records Inserted
2020-09-30 13:35:08,594 - 4668 INFO - customer_rating_details Records Inserted
2020-09-30 13:35:08,594 - 4668 INFO - customer_rating_details Records Inserted
2020-09-30 13:35:08,594 - 4668 INFO - customer_rating_details Records Inserted
2020-09-30 13:35:08,594 - 4668 INFO - customer_rating_details Records Inserted
2020-09-30 13:35:08,594 - 4668 INFO - customer_rating_details Records Inserted
2020-09-30 13:35:08,594 - 4668 INFO - customer_rating_details Records Inserted
2020-09-30 13:35:08,594 - 4668 INFO - customer_rating_details Records Inserted
2020-09-30 13:35:08,594 - 4668 INFO - customer_rating_details Records Inserted
2020-09-30 13:35:08,594 - 4668 INFO - customer_rating_details Records Inserted
2020-09-30 13:35:08,594 - 4668 INFO - customer_rating_details Records Inserted
2020-09-30 13:35:08,594 - 4668 INFO - customer_rating_details Records Inserted
2020-09-30 13:35:08,594 - 4668 INFO - customer_rating_details Records Inserted
2020-09-30 13:35:08,594 - 4668 INFO - customer_rating_details Records Inserted
2020-09-30 13:35:08,594 - 4668 INFO - customer_rating_details Records Inserted
2020-09-30 13:35:08,594 - 4668 INFO - customer_rating_details Records Inserted
2020-09-30 13:35:08,594 - 4668 INFO - customer_rating_details Records Inserted
2020-09-30 13:35:08,594 - 4668 INFO - customer_rating_details Records Inserted
2020-09-30 13:35:08,594 - 4668 INFO - customer_rating_details Records Inserted
2020-09-30 13:35:08,657 - 4668 INFO - invoice_details Records Inserted
2020-09-30 13:35:08,657 - 4668 INFO - invoice_details Records Inserted
2020-09-30 13:35:08,657 - 4668 INFO - invoice_details Records Inserted
2020-09-30 13:35:08,657 - 4668 INFO - invoice_details Records Inserted
2020-09-30 13:35:08,657 - 4668 INFO - invoice_details Records Inserted
2020-09-30 13:35:08,657 - 4668 INFO - invoice_details Records Inserted
2020-09-30 13:35:08,657 - 4668 INFO - invoice_details Records Inserted
2020-09-30 13:35:08,657 - 4668 INFO - invoice_details Records Inserted
2020-09-30 13:35:08,657 - 4668 INFO - invoice_details Records Inserted
2020-09-30 13:35:08,657 - 4668 INFO - invoice_details Records Inserted
2020-09-30 13:35:08,657 - 4668 INFO - invoice_details Records Inserted
2020-09-30 13:35:08,657 - 4668 INFO - invoice_details Records Inserted
2020-09-30 13:35:08,657 - 4668 INFO - invoice_details Records Inserted
2020-09-30 13:35:08,657 - 4668 INFO - invoice_details Records Inserted
2020-09-30 13:35:08,657 - 4668 INFO - invoice_details Records Inserted
2020-09-30 13:35:08,657 - 4668 INFO - invoice_details Records Inserted
2020-09-30 13:35:08,657 - 4668 INFO - invoice_details Records Inserted
2020-09-30 13:35:08,657 - 4668 INFO - invoice_details Records Inserted
2020-09-30 13:35:08,657 - 4668 INFO - invoice_details Records Inserted
2020-09-30 13:35:08,657 - 4668 INFO - invoice_details Records Inserted
2020-09-30 13:35:08,657 - 4668 INFO - invoice_details Records Inserted
2020-09-30 13:35:08,657 - 4668 INFO - invoice_details Records Inserted
2020-09-30 13:35:08,657 - 4668 INFO - invoice_details Records Inserted
2020-09-30 13:35:08,657 - 4668 INFO - invoice_details Records Inserted
2020-09-30 13:35:08,657 - 4668 INFO - invoice_details Records Inserted
2020-09-30 13:35:08,657 - 4668 INFO - invoice_details Records Inserted
2020-09-30 13:35:08,657 - 4668 INFO - invoice_details Records Inserted
2020-09-30 13:35:08,718 - 4668 INFO - payment_details Records Inserted
2020-09-30 13:35:08,718 - 4668 INFO - payment_details Records Inserted
2020-09-30 13:35:08,718 - 4668 INFO - payment_details Records Inserted
2020-09-30 13:35:08,718 - 4668 INFO - payment_details Records Inserted
2020-09-30 13:35:08,718 - 4668 INFO - payment_details Records Inserted
2020-09-30 13:35:08,718 - 4668 INFO - payment_details Records Inserted
2020-09-30 13:35:08,718 - 4668 INFO - payment_details Records Inserted
2020-09-30 13:35:08,718 - 4668 INFO - payment_details Records Inserted
2020-09-30 13:35:08,718 - 4668 INFO - payment_details Records Inserted
2020-09-30 13:35:08,718 - 4668 INFO - payment_details Records Inserted
2020-09-30 13:35:08,718 - 4668 INFO - payment_details Records Inserted
2020-09-30 13:35:08,718 - 4668 INFO - payment_details Records Inserted
2020-09-30 13:35:08,718 - 4668 INFO - payment_details Records Inserted
2020-09-30 13:35:08,718 - 4668 INFO - payment_details Records Inserted
2020-09-30 13:35:08,718 - 4668 INFO - payment_details Records Inserted
2020-09-30 13:35:08,718 - 4668 INFO - payment_details Records Inserted
2020-09-30 13:35:08,718 - 4668 INFO - payment_details Records Inserted
2020-09-30 13:35:08,718 - 4668 INFO - payment_details Records Inserted
2020-09-30 13:35:08,718 - 4668 INFO - payment_details Records Inserted
2020-09-30 13:35:08,718 - 4668 INFO - payment_details Records Inserted
2020-09-30 13:35:08,718 - 4668 INFO - payment_details Records Inserted
2020-09-30 13:35:08,718 - 4668 INFO - payment_details Records Inserted
2020-09-30 13:35:08,718 - 4668 INFO - payment_details Records Inserted
2020-09-30 13:35:08,718 - 4668 INFO - payment_details Records Inserted
2020-09-30 13:35:08,718 - 4668 INFO - payment_details Records Inserted
2020-09-30 13:35:08,718 - 4668 INFO - payment_details Records Inserted
2020-09-30 13:35:08,718 - 4668 INFO - payment_details Records Inserted
2020-09-30 13:35:08,718 - 4668 INFO - payment_details Records Inserted
2020-09-30 13:35:08,718 - 4668 INFO - payment_details Records Inserted
2020-09-30 13:35:08,774 - 4668 INFO - product_ordered_details Records Inserted
2020-09-30 13:35:08,774 - 4668 INFO - product_ordered_details Records Inserted
2020-09-30 13:35:08,774 - 4668 INFO - product_ordered_details Records Inserted
2020-09-30 13:35:08,774 - 4668 INFO - product_ordered_details Records Inserted
2020-09-30 13:35:08,774 - 4668 INFO - product_ordered_details Records Inserted
2020-09-30 13:35:08,774 - 4668 INFO - product_ordered_details Records Inserted
2020-09-30 13:35:08,774 - 4668 INFO - product_ordered_details Records Inserted
2020-09-30 13:35:08,774 - 4668 INFO - product_ordered_details Records Inserted
2020-09-30 13:35:08,774 - 4668 INFO - product_ordered_details Records Inserted
2020-09-30 13:35:08,774 - 4668 INFO - product_ordered_details Records Inserted
2020-09-30 13:35:08,774 - 4668 INFO - product_ordered_details Records Inserted
2020-09-30 13:35:08,774 - 4668 INFO - product_ordered_details Records Inserted
2020-09-30 13:35:08,774 - 4668 INFO - product_ordered_details Records Inserted
2020-09-30 13:35:08,774 - 4668 INFO - product_ordered_details Records Inserted
2020-09-30 13:35:08,774 - 4668 INFO - product_ordered_details Records Inserted
2020-09-30 13:35:08,774 - 4668 INFO - product_ordered_details Records Inserted
2020-09-30 13:35:08,774 - 4668 INFO - product_ordered_details Records Inserted
2020-09-30 13:35:08,774 - 4668 INFO - product_ordered_details Records Inserted
2020-09-30 13:35:08,774 - 4668 INFO - product_ordered_details Records Inserted
2020-09-30 13:35:08,774 - 4668 INFO - product_ordered_details Records Inserted
2020-09-30 13:35:08,774 - 4668 INFO - product_ordered_details Records Inserted
2020-09-30 13:35:08,774 - 4668 INFO - product_ordered_details Records Inserted
2020-09-30 13:35:08,774 - 4668 INFO - product_ordered_details Records Inserted
2020-09-30 13:35:08,774 - 4668 INFO - product_ordered_details Records Inserted
2020-09-30 13:35:08,774 - 4668 INFO - product_ordered_details Records Inserted
2020-09-30 13:35:08,774 - 4668 INFO - product_ordered_details Records Inserted
2020-09-30 13:35:08,774 - 4668 INFO - product_ordered_details Records Inserted
2020-09-30 13:35:08,774 - 4668 INFO - product_ordered_details Records Inserted
2020-09-30 13:35:08,774 - 4668 INFO - product_ordered_details Records Inserted
2020-09-30 13:35:08,774 - 4668 INFO - product_ordered_details Records Inserted
2020-09-30 13:35:08,774 - 4668 INFO - product_ordered_details Records Inserted
2020-09-30 13:35:08,832 - 4668 INFO - shipping_status Records Inserted
2020-09-30 13:35:08,832 - 4668 INFO - shipping_status Records Inserted
2020-09-30 13:35:08,832 - 4668 INFO - shipping_status Records Inserted
2020-09-30 13:35:08,832 - 4668 INFO - shipping_status Records Inserted
2020-09-30 13:35:08,832 - 4668 INFO - shipping_status Records Inserted
2020-09-30 13:35:08,832 - 4668 INFO - shipping_status Records Inserted
2020-09-30 13:35:08,832 - 4668 INFO - shipping_status Records Inserted
2020-09-30 13:35:08,832 - 4668 INFO - shipping_status Records Inserted
2020-09-30 13:35:08,832 - 4668 INFO - shipping_status Records Inserted
2020-09-30 13:35:08,832 - 4668 INFO - shipping_status Records Inserted
2020-09-30 13:35:08,832 - 4668 INFO - shipping_status Records Inserted
2020-09-30 13:35:08,832 - 4668 INFO - shipping_status Records Inserted
2020-09-30 13:35:08,832 - 4668 INFO - shipping_status Records Inserted
2020-09-30 13:35:08,832 - 4668 INFO - shipping_status Records Inserted
2020-09-30 13:35:08,832 - 4668 INFO - shipping_status Records Inserted
2020-09-30 13:35:08,832 - 4668 INFO - shipping_status Records Inserted
2020-09-30 13:35:08,832 - 4668 INFO - shipping_status Records Inserted
2020-09-30 13:35:08,832 - 4668 INFO - shipping_status Records Inserted
2020-09-30 13:35:08,832 - 4668 INFO - shipping_status Records Inserted
2020-09-30 13:35:08,832 - 4668 INFO - shipping_status Records Inserted
2020-09-30 13:35:08,832 - 4668 INFO - shipping_status Records Inserted
2020-09-30 13:35:08,832 - 4668 INFO - shipping_status Records Inserted
2020-09-30 13:35:08,832 - 4668 INFO - shipping_status Records Inserted
2020-09-30 13:35:08,832 - 4668 INFO - shipping_status Records Inserted
2020-09-30 13:35:08,832 - 4668 INFO - shipping_status Records Inserted
2020-09-30 13:35:08,832 - 4668 INFO - shipping_status Records Inserted
2020-09-30 13:35:08,832 - 4668 INFO - shipping_status Records Inserted
2020-09-30 13:35:08,832 - 4668 INFO - shipping_status Records Inserted
2020-09-30 13:35:08,832 - 4668 INFO - shipping_status Records Inserted
2020-09-30 13:35:08,832 - 4668 INFO - shipping_status Records Inserted
2020-09-30 13:35:08,832 - 4668 INFO - shipping_status Records Inserted
2020-09-30 13:35:08,832 - 4668 INFO - shipping_status Records Inserted
2020-09-30 13:35:08,832 - 4668 INFO - shipping_status Records Inserted
