2020-10-06 14:14:35,134 - 36072 INFO - category_details Records Inserted
2020-10-06 14:14:35,134 - 36072 INFO - category_details Records Inserted
2020-10-06 14:14:35,134 - 36072 INFO - category_details Records Inserted
2020-10-06 14:14:35,250 - 36072 INFO - customer_details Records Inserted
2020-10-06 14:14:35,250 - 36072 INFO - customer_details Records Inserted
2020-10-06 14:14:35,250 - 36072 INFO - customer_details Records Inserted
2020-10-06 14:14:35,393 - 36072 INFO - order_status_details Records Inserted
2020-10-06 14:14:35,393 - 36072 INFO - order_status_details Records Inserted
2020-10-06 14:14:35,393 - 36072 INFO - order_status_details Records Inserted
2020-10-06 14:14:35,459 - 36072 INFO - seller_details Records Inserted
2020-10-06 14:14:35,459 - 36072 INFO - seller_details Records Inserted
2020-10-06 14:14:35,459 - 36072 INFO - seller_details Records Inserted
2020-10-06 14:14:35,710 - 36072 INFO - cart_details Records Inserted
2020-10-06 14:14:35,710 - 36072 INFO - cart_details Records Inserted
2020-10-06 14:14:35,710 - 36072 INFO - cart_details Records Inserted
2020-10-06 14:14:35,814 - 36072 INFO - customer_address_details Records Inserted
2020-10-06 14:14:35,814 - 36072 INFO - customer_address_details Records Inserted
2020-10-06 14:14:35,814 - 36072 INFO - customer_address_details Records Inserted
2020-10-06 14:14:35,939 - 36072 INFO - order_details Records Inserted
2020-10-06 14:14:35,939 - 36072 INFO - order_details Records Inserted
2020-10-06 14:14:35,939 - 36072 INFO - order_details Records Inserted
2020-10-06 14:14:36,053 - 36072 INFO - product_stock_details Records Inserted
2020-10-06 14:14:36,053 - 36072 INFO - product_stock_details Records Inserted
2020-10-06 14:14:36,053 - 36072 INFO - product_stock_details Records Inserted
2020-10-06 14:14:36,171 - 36072 INFO - product_details Records Inserted
2020-10-06 14:14:36,171 - 36072 INFO - product_details Records Inserted
2020-10-06 14:14:36,171 - 36072 INFO - product_details Records Inserted
2020-10-06 14:14:36,304 - 36072 INFO - cart_product_details Records Inserted
2020-10-06 14:14:36,304 - 36072 INFO - cart_product_details Records Inserted
2020-10-06 14:14:36,304 - 36072 INFO - cart_product_details Records Inserted
2020-10-06 14:14:36,434 - 36072 INFO - category_product_details Records Inserted
2020-10-06 14:14:36,434 - 36072 INFO - category_product_details Records Inserted
2020-10-06 14:14:36,434 - 36072 INFO - category_product_details Records Inserted
2020-10-06 14:14:36,586 - 36072 INFO - customer_rating_details Records Inserted
2020-10-06 14:14:36,586 - 36072 INFO - customer_rating_details Records Inserted
2020-10-06 14:14:36,586 - 36072 INFO - customer_rating_details Records Inserted
2020-10-06 14:14:36,844 - 36072 INFO - invoice_details Records Inserted
2020-10-06 14:14:36,844 - 36072 INFO - invoice_details Records Inserted
2020-10-06 14:14:36,844 - 36072 INFO - invoice_details Records Inserted
2020-10-06 14:14:36,925 - 36072 INFO - payment_details Records Inserted
2020-10-06 14:14:36,925 - 36072 INFO - payment_details Records Inserted
2020-10-06 14:14:36,925 - 36072 INFO - payment_details Records Inserted
2020-10-06 14:14:37,047 - 36072 INFO - product_ordered_details Records Inserted
2020-10-06 14:14:37,047 - 36072 INFO - product_ordered_details Records Inserted
2020-10-06 14:14:37,047 - 36072 INFO - product_ordered_details Records Inserted
2020-10-06 14:14:37,183 - 36072 INFO - shipping_status Records Inserted
2020-10-06 14:14:37,183 - 36072 INFO - shipping_status Records Inserted
2020-10-06 14:14:37,183 - 36072 INFO - shipping_status Records Inserted
