2020-09-30 13:41:14,572 - 5648 INFO - category_details Records Inserted
2020-09-30 13:41:14,572 - 5648 INFO - category_details Records Inserted
2020-09-30 13:41:14,572 - 5648 INFO - category_details Records Inserted
2020-09-30 13:41:14,616 - 5648 INFO - customer_details Records Inserted
2020-09-30 13:41:14,616 - 5648 INFO - customer_details Records Inserted
2020-09-30 13:41:14,616 - 5648 INFO - customer_details Records Inserted
2020-09-30 13:41:14,616 - 5648 INFO - customer_details Records Inserted
2020-09-30 13:41:14,616 - 5648 INFO - customer_details Records Inserted
2020-09-30 13:41:14,724 - 5648 INFO - order_status_details Records Inserted
2020-09-30 13:41:14,724 - 5648 INFO - order_status_details Records Inserted
2020-09-30 13:41:14,724 - 5648 INFO - order_status_details Records Inserted
2020-09-30 13:41:14,724 - 5648 INFO - order_status_details Records Inserted
2020-09-30 13:41:14,724 - 5648 INFO - order_status_details Records Inserted
2020-09-30 13:41:14,724 - 5648 INFO - order_status_details Records Inserted
2020-09-30 13:41:14,724 - 5648 INFO - order_status_details Records Inserted
2020-09-30 13:41:14,763 - 5648 INFO - seller_details Records Inserted
2020-09-30 13:41:14,763 - 5648 INFO - seller_details Records Inserted
2020-09-30 13:41:14,763 - 5648 INFO - seller_details Records Inserted
2020-09-30 13:41:14,763 - 5648 INFO - seller_details Records Inserted
2020-09-30 13:41:14,763 - 5648 INFO - seller_details Records Inserted
2020-09-30 13:41:14,763 - 5648 INFO - seller_details Records Inserted
2020-09-30 13:41:14,763 - 5648 INFO - seller_details Records Inserted
2020-09-30 13:41:14,763 - 5648 INFO - seller_details Records Inserted
2020-09-30 13:41:14,763 - 5648 INFO - seller_details Records Inserted
2020-09-30 13:41:14,814 - 5648 INFO - cart_details Records Inserted
2020-09-30 13:41:14,814 - 5648 INFO - cart_details Records Inserted
2020-09-30 13:41:14,814 - 5648 INFO - cart_details Records Inserted
2020-09-30 13:41:14,814 - 5648 INFO - cart_details Records Inserted
2020-09-30 13:41:14,814 - 5648 INFO - cart_details Records Inserted
2020-09-30 13:41:14,814 - 5648 INFO - cart_details Records Inserted
2020-09-30 13:41:14,814 - 5648 INFO - cart_details Records Inserted
2020-09-30 13:41:14,814 - 5648 INFO - cart_details Records Inserted
2020-09-30 13:41:14,814 - 5648 INFO - cart_details Records Inserted
2020-09-30 13:41:14,814 - 5648 INFO - cart_details Records Inserted
2020-09-30 13:41:14,814 - 5648 INFO - cart_details Records Inserted
2020-09-30 13:41:14,859 - 5648 INFO - customer_address_details Records Inserted
2020-09-30 13:41:14,859 - 5648 INFO - customer_address_details Records Inserted
2020-09-30 13:41:14,859 - 5648 INFO - customer_address_details Records Inserted
2020-09-30 13:41:14,859 - 5648 INFO - customer_address_details Records Inserted
2020-09-30 13:41:14,859 - 5648 INFO - customer_address_details Records Inserted
2020-09-30 13:41:14,859 - 5648 INFO - customer_address_details Records Inserted
2020-09-30 13:41:14,859 - 5648 INFO - customer_address_details Records Inserted
2020-09-30 13:41:14,859 - 5648 INFO - customer_address_details Records Inserted
2020-09-30 13:41:14,859 - 5648 INFO - customer_address_details Records Inserted
2020-09-30 13:41:14,859 - 5648 INFO - customer_address_details Records Inserted
2020-09-30 13:41:14,859 - 5648 INFO - customer_address_details Records Inserted
2020-09-30 13:41:14,859 - 5648 INFO - customer_address_details Records Inserted
2020-09-30 13:41:14,859 - 5648 INFO - customer_address_details Records Inserted
2020-09-30 13:41:14,902 - 5648 INFO - order_details Records Inserted
2020-09-30 13:41:14,902 - 5648 INFO - order_details Records Inserted
2020-09-30 13:41:14,902 - 5648 INFO - order_details Records Inserted
2020-09-30 13:41:14,902 - 5648 INFO - order_details Records Inserted
2020-09-30 13:41:14,902 - 5648 INFO - order_details Records Inserted
2020-09-30 13:41:14,902 - 5648 INFO - order_details Records Inserted
2020-09-30 13:41:14,902 - 5648 INFO - order_details Records Inserted
2020-09-30 13:41:14,902 - 5648 INFO - order_details Records Inserted
2020-09-30 13:41:14,902 - 5648 INFO - order_details Records Inserted
2020-09-30 13:41:14,902 - 5648 INFO - order_details Records Inserted
2020-09-30 13:41:14,902 - 5648 INFO - order_details Records Inserted
2020-09-30 13:41:14,902 - 5648 INFO - order_details Records Inserted
2020-09-30 13:41:14,902 - 5648 INFO - order_details Records Inserted
2020-09-30 13:41:14,902 - 5648 INFO - order_details Records Inserted
2020-09-30 13:41:14,902 - 5648 INFO - order_details Records Inserted
2020-09-30 13:41:14,945 - 5648 INFO - product_stock_details Records Inserted
2020-09-30 13:41:14,945 - 5648 INFO - product_stock_details Records Inserted
2020-09-30 13:41:14,945 - 5648 INFO - product_stock_details Records Inserted
2020-09-30 13:41:14,945 - 5648 INFO - product_stock_details Records Inserted
2020-09-30 13:41:14,945 - 5648 INFO - product_stock_details Records Inserted
2020-09-30 13:41:14,945 - 5648 INFO - product_stock_details Records Inserted
2020-09-30 13:41:14,945 - 5648 INFO - product_stock_details Records Inserted
2020-09-30 13:41:14,945 - 5648 INFO - product_stock_details Records Inserted
2020-09-30 13:41:14,945 - 5648 INFO - product_stock_details Records Inserted
2020-09-30 13:41:14,945 - 5648 INFO - product_stock_details Records Inserted
2020-09-30 13:41:14,945 - 5648 INFO - product_stock_details Records Inserted
2020-09-30 13:41:14,945 - 5648 INFO - product_stock_details Records Inserted
2020-09-30 13:41:14,945 - 5648 INFO - product_stock_details Records Inserted
2020-09-30 13:41:14,945 - 5648 INFO - product_stock_details Records Inserted
2020-09-30 13:41:14,945 - 5648 INFO - product_stock_details Records Inserted
2020-09-30 13:41:14,945 - 5648 INFO - product_stock_details Records Inserted
2020-09-30 13:41:14,945 - 5648 INFO - product_stock_details Records Inserted
2020-09-30 13:41:14,989 - 5648 INFO - product_details Records Inserted
2020-09-30 13:41:14,989 - 5648 INFO - product_details Records Inserted
2020-09-30 13:41:14,989 - 5648 INFO - product_details Records Inserted
2020-09-30 13:41:14,989 - 5648 INFO - product_details Records Inserted
2020-09-30 13:41:14,989 - 5648 INFO - product_details Records Inserted
2020-09-30 13:41:14,989 - 5648 INFO - product_details Records Inserted
2020-09-30 13:41:14,989 - 5648 INFO - product_details Records Inserted
2020-09-30 13:41:14,989 - 5648 INFO - product_details Records Inserted
2020-09-30 13:41:14,989 - 5648 INFO - product_details Records Inserted
2020-09-30 13:41:14,989 - 5648 INFO - product_details Records Inserted
2020-09-30 13:41:14,989 - 5648 INFO - product_details Records Inserted
2020-09-30 13:41:14,989 - 5648 INFO - product_details Records Inserted
2020-09-30 13:41:14,989 - 5648 INFO - product_details Records Inserted
2020-09-30 13:41:14,989 - 5648 INFO - product_details Records Inserted
2020-09-30 13:41:14,989 - 5648 INFO - product_details Records Inserted
2020-09-30 13:41:14,989 - 5648 INFO - product_details Records Inserted
2020-09-30 13:41:14,989 - 5648 INFO - product_details Records Inserted
2020-09-30 13:41:14,989 - 5648 INFO - product_details Records Inserted
2020-09-30 13:41:14,989 - 5648 INFO - product_details Records Inserted
2020-09-30 13:41:15,146 - 5648 INFO - cart_product_details Records Inserted
2020-09-30 13:41:15,146 - 5648 INFO - cart_product_details Records Inserted
2020-09-30 13:41:15,146 - 5648 INFO - cart_product_details Records Inserted
2020-09-30 13:41:15,146 - 5648 INFO - cart_product_details Records Inserted
2020-09-30 13:41:15,146 - 5648 INFO - cart_product_details Records Inserted
2020-09-30 13:41:15,146 - 5648 INFO - cart_product_details Records Inserted
2020-09-30 13:41:15,146 - 5648 INFO - cart_product_details Records Inserted
2020-09-30 13:41:15,146 - 5648 INFO - cart_product_details Records Inserted
2020-09-30 13:41:15,146 - 5648 INFO - cart_product_details Records Inserted
2020-09-30 13:41:15,146 - 5648 INFO - cart_product_details Records Inserted
2020-09-30 13:41:15,146 - 5648 INFO - cart_product_details Records Inserted
2020-09-30 13:41:15,146 - 5648 INFO - cart_product_details Records Inserted
2020-09-30 13:41:15,146 - 5648 INFO - cart_product_details Records Inserted
2020-09-30 13:41:15,146 - 5648 INFO - cart_product_details Records Inserted
2020-09-30 13:41:15,146 - 5648 INFO - cart_product_details Records Inserted
2020-09-30 13:41:15,146 - 5648 INFO - cart_product_details Records Inserted
2020-09-30 13:41:15,146 - 5648 INFO - cart_product_details Records Inserted
2020-09-30 13:41:15,146 - 5648 INFO - cart_product_details Records Inserted
2020-09-30 13:41:15,146 - 5648 INFO - cart_product_details Records Inserted
2020-09-30 13:41:15,146 - 5648 INFO - cart_product_details Records Inserted
2020-09-30 13:41:15,146 - 5648 INFO - cart_product_details Records Inserted
2020-09-30 13:41:15,311 - 5648 INFO - category_product_details Records Inserted
2020-09-30 13:41:15,311 - 5648 INFO - category_product_details Records Inserted
2020-09-30 13:41:15,311 - 5648 INFO - category_product_details Records Inserted
2020-09-30 13:41:15,311 - 5648 INFO - category_product_details Records Inserted
2020-09-30 13:41:15,311 - 5648 INFO - category_product_details Records Inserted
2020-09-30 13:41:15,311 - 5648 INFO - category_product_details Records Inserted
2020-09-30 13:41:15,311 - 5648 INFO - category_product_details Records Inserted
2020-09-30 13:41:15,311 - 5648 INFO - category_product_details Records Inserted
2020-09-30 13:41:15,311 - 5648 INFO - category_product_details Records Inserted
2020-09-30 13:41:15,311 - 5648 INFO - category_product_details Records Inserted
2020-09-30 13:41:15,311 - 5648 INFO - category_product_details Records Inserted
2020-09-30 13:41:15,311 - 5648 INFO - category_product_details Records Inserted
2020-09-30 13:41:15,311 - 5648 INFO - category_product_details Records Inserted
2020-09-30 13:41:15,311 - 5648 INFO - category_product_details Records Inserted
2020-09-30 13:41:15,311 - 5648 INFO - category_product_details Records Inserted
2020-09-30 13:41:15,311 - 5648 INFO - category_product_details Records Inserted
2020-09-30 13:41:15,311 - 5648 INFO - category_product_details Records Inserted
2020-09-30 13:41:15,311 - 5648 INFO - category_product_details Records Inserted
2020-09-30 13:41:15,311 - 5648 INFO - category_product_details Records Inserted
2020-09-30 13:41:15,311 - 5648 INFO - category_product_details Records Inserted
2020-09-30 13:41:15,311 - 5648 INFO - category_product_details Records Inserted
2020-09-30 13:41:15,311 - 5648 INFO - category_product_details Records Inserted
2020-09-30 13:41:15,311 - 5648 INFO - category_product_details Records Inserted
2020-09-30 13:41:15,370 - 5648 INFO - customer_rating_details Records Inserted
2020-09-30 13:41:15,370 - 5648 INFO - customer_rating_details Records Inserted
2020-09-30 13:41:15,370 - 5648 INFO - customer_rating_details Records Inserted
2020-09-30 13:41:15,370 - 5648 INFO - customer_rating_details Records Inserted
2020-09-30 13:41:15,370 - 5648 INFO - customer_rating_details Records Inserted
2020-09-30 13:41:15,370 - 5648 INFO - customer_rating_details Records Inserted
2020-09-30 13:41:15,370 - 5648 INFO - customer_rating_details Records Inserted
2020-09-30 13:41:15,370 - 5648 INFO - customer_rating_details Records Inserted
2020-09-30 13:41:15,370 - 5648 INFO - customer_rating_details Records Inserted
2020-09-30 13:41:15,370 - 5648 INFO - customer_rating_details Records Inserted
2020-09-30 13:41:15,370 - 5648 INFO - customer_rating_details Records Inserted
2020-09-30 13:41:15,370 - 5648 INFO - customer_rating_details Records Inserted
2020-09-30 13:41:15,370 - 5648 INFO - customer_rating_details Records Inserted
2020-09-30 13:41:15,370 - 5648 INFO - customer_rating_details Records Inserted
2020-09-30 13:41:15,370 - 5648 INFO - customer_rating_details Records Inserted
2020-09-30 13:41:15,370 - 5648 INFO - customer_rating_details Records Inserted
2020-09-30 13:41:15,370 - 5648 INFO - customer_rating_details Records Inserted
2020-09-30 13:41:15,370 - 5648 INFO - customer_rating_details Records Inserted
2020-09-30 13:41:15,370 - 5648 INFO - customer_rating_details Records Inserted
2020-09-30 13:41:15,370 - 5648 INFO - customer_rating_details Records Inserted
2020-09-30 13:41:15,370 - 5648 INFO - customer_rating_details Records Inserted
2020-09-30 13:41:15,370 - 5648 INFO - customer_rating_details Records Inserted
2020-09-30 13:41:15,370 - 5648 INFO - customer_rating_details Records Inserted
2020-09-30 13:41:15,370 - 5648 INFO - customer_rating_details Records Inserted
2020-09-30 13:41:15,370 - 5648 INFO - customer_rating_details Records Inserted
2020-09-30 13:41:15,415 - 5648 INFO - invoice_details Records Inserted
2020-09-30 13:41:15,415 - 5648 INFO - invoice_details Records Inserted
2020-09-30 13:41:15,415 - 5648 INFO - invoice_details Records Inserted
2020-09-30 13:41:15,415 - 5648 INFO - invoice_details Records Inserted
2020-09-30 13:41:15,415 - 5648 INFO - invoice_details Records Inserted
2020-09-30 13:41:15,415 - 5648 INFO - invoice_details Records Inserted
2020-09-30 13:41:15,415 - 5648 INFO - invoice_details Records Inserted
2020-09-30 13:41:15,415 - 5648 INFO - invoice_details Records Inserted
2020-09-30 13:41:15,415 - 5648 INFO - invoice_details Records Inserted
2020-09-30 13:41:15,415 - 5648 INFO - invoice_details Records Inserted
2020-09-30 13:41:15,415 - 5648 INFO - invoice_details Records Inserted
2020-09-30 13:41:15,415 - 5648 INFO - invoice_details Records Inserted
2020-09-30 13:41:15,415 - 5648 INFO - invoice_details Records Inserted
2020-09-30 13:41:15,415 - 5648 INFO - invoice_details Records Inserted
2020-09-30 13:41:15,415 - 5648 INFO - invoice_details Records Inserted
2020-09-30 13:41:15,415 - 5648 INFO - invoice_details Records Inserted
2020-09-30 13:41:15,415 - 5648 INFO - invoice_details Records Inserted
2020-09-30 13:41:15,415 - 5648 INFO - invoice_details Records Inserted
2020-09-30 13:41:15,415 - 5648 INFO - invoice_details Records Inserted
2020-09-30 13:41:15,415 - 5648 INFO - invoice_details Records Inserted
2020-09-30 13:41:15,415 - 5648 INFO - invoice_details Records Inserted
2020-09-30 13:41:15,415 - 5648 INFO - invoice_details Records Inserted
2020-09-30 13:41:15,415 - 5648 INFO - invoice_details Records Inserted
2020-09-30 13:41:15,415 - 5648 INFO - invoice_details Records Inserted
2020-09-30 13:41:15,415 - 5648 INFO - invoice_details Records Inserted
2020-09-30 13:41:15,415 - 5648 INFO - invoice_details Records Inserted
2020-09-30 13:41:15,415 - 5648 INFO - invoice_details Records Inserted
2020-09-30 13:41:15,456 - 5648 INFO - payment_details Records Inserted
2020-09-30 13:41:15,456 - 5648 INFO - payment_details Records Inserted
2020-09-30 13:41:15,456 - 5648 INFO - payment_details Records Inserted
2020-09-30 13:41:15,456 - 5648 INFO - payment_details Records Inserted
2020-09-30 13:41:15,456 - 5648 INFO - payment_details Records Inserted
2020-09-30 13:41:15,456 - 5648 INFO - payment_details Records Inserted
2020-09-30 13:41:15,456 - 5648 INFO - payment_details Records Inserted
2020-09-30 13:41:15,456 - 5648 INFO - payment_details Records Inserted
2020-09-30 13:41:15,456 - 5648 INFO - payment_details Records Inserted
2020-09-30 13:41:15,456 - 5648 INFO - payment_details Records Inserted
2020-09-30 13:41:15,456 - 5648 INFO - payment_details Records Inserted
2020-09-30 13:41:15,456 - 5648 INFO - payment_details Records Inserted
2020-09-30 13:41:15,456 - 5648 INFO - payment_details Records Inserted
2020-09-30 13:41:15,456 - 5648 INFO - payment_details Records Inserted
2020-09-30 13:41:15,456 - 5648 INFO - payment_details Records Inserted
2020-09-30 13:41:15,456 - 5648 INFO - payment_details Records Inserted
2020-09-30 13:41:15,456 - 5648 INFO - payment_details Records Inserted
2020-09-30 13:41:15,456 - 5648 INFO - payment_details Records Inserted
2020-09-30 13:41:15,456 - 5648 INFO - payment_details Records Inserted
2020-09-30 13:41:15,456 - 5648 INFO - payment_details Records Inserted
2020-09-30 13:41:15,456 - 5648 INFO - payment_details Records Inserted
2020-09-30 13:41:15,456 - 5648 INFO - payment_details Records Inserted
2020-09-30 13:41:15,456 - 5648 INFO - payment_details Records Inserted
2020-09-30 13:41:15,456 - 5648 INFO - payment_details Records Inserted
2020-09-30 13:41:15,456 - 5648 INFO - payment_details Records Inserted
2020-09-30 13:41:15,456 - 5648 INFO - payment_details Records Inserted
2020-09-30 13:41:15,456 - 5648 INFO - payment_details Records Inserted
2020-09-30 13:41:15,456 - 5648 INFO - payment_details Records Inserted
2020-09-30 13:41:15,456 - 5648 INFO - payment_details Records Inserted
2020-09-30 13:41:15,500 - 5648 INFO - product_ordered_details Records Inserted
2020-09-30 13:41:15,500 - 5648 INFO - product_ordered_details Records Inserted
2020-09-30 13:41:15,500 - 5648 INFO - product_ordered_details Records Inserted
2020-09-30 13:41:15,500 - 5648 INFO - product_ordered_details Records Inserted
2020-09-30 13:41:15,500 - 5648 INFO - product_ordered_details Records Inserted
2020-09-30 13:41:15,500 - 5648 INFO - product_ordered_details Records Inserted
2020-09-30 13:41:15,500 - 5648 INFO - product_ordered_details Records Inserted
2020-09-30 13:41:15,500 - 5648 INFO - product_ordered_details Records Inserted
2020-09-30 13:41:15,500 - 5648 INFO - product_ordered_details Records Inserted
2020-09-30 13:41:15,500 - 5648 INFO - product_ordered_details Records Inserted
2020-09-30 13:41:15,500 - 5648 INFO - product_ordered_details Records Inserted
2020-09-30 13:41:15,500 - 5648 INFO - product_ordered_details Records Inserted
2020-09-30 13:41:15,500 - 5648 INFO - product_ordered_details Records Inserted
2020-09-30 13:41:15,500 - 5648 INFO - product_ordered_details Records Inserted
2020-09-30 13:41:15,500 - 5648 INFO - product_ordered_details Records Inserted
2020-09-30 13:41:15,500 - 5648 INFO - product_ordered_details Records Inserted
2020-09-30 13:41:15,500 - 5648 INFO - product_ordered_details Records Inserted
2020-09-30 13:41:15,500 - 5648 INFO - product_ordered_details Records Inserted
2020-09-30 13:41:15,500 - 5648 INFO - product_ordered_details Records Inserted
2020-09-30 13:41:15,500 - 5648 INFO - product_ordered_details Records Inserted
2020-09-30 13:41:15,500 - 5648 INFO - product_ordered_details Records Inserted
2020-09-30 13:41:15,500 - 5648 INFO - product_ordered_details Records Inserted
2020-09-30 13:41:15,500 - 5648 INFO - product_ordered_details Records Inserted
2020-09-30 13:41:15,500 - 5648 INFO - product_ordered_details Records Inserted
2020-09-30 13:41:15,500 - 5648 INFO - product_ordered_details Records Inserted
2020-09-30 13:41:15,500 - 5648 INFO - product_ordered_details Records Inserted
2020-09-30 13:41:15,500 - 5648 INFO - product_ordered_details Records Inserted
2020-09-30 13:41:15,500 - 5648 INFO - product_ordered_details Records Inserted
2020-09-30 13:41:15,500 - 5648 INFO - product_ordered_details Records Inserted
2020-09-30 13:41:15,500 - 5648 INFO - product_ordered_details Records Inserted
2020-09-30 13:41:15,500 - 5648 INFO - product_ordered_details Records Inserted
2020-09-30 13:41:15,542 - 5648 INFO - shipping_status Records Inserted
2020-09-30 13:41:15,542 - 5648 INFO - shipping_status Records Inserted
2020-09-30 13:41:15,542 - 5648 INFO - shipping_status Records Inserted
2020-09-30 13:41:15,542 - 5648 INFO - shipping_status Records Inserted
2020-09-30 13:41:15,542 - 5648 INFO - shipping_status Records Inserted
2020-09-30 13:41:15,542 - 5648 INFO - shipping_status Records Inserted
2020-09-30 13:41:15,542 - 5648 INFO - shipping_status Records Inserted
2020-09-30 13:41:15,542 - 5648 INFO - shipping_status Records Inserted
2020-09-30 13:41:15,542 - 5648 INFO - shipping_status Records Inserted
2020-09-30 13:41:15,542 - 5648 INFO - shipping_status Records Inserted
2020-09-30 13:41:15,542 - 5648 INFO - shipping_status Records Inserted
2020-09-30 13:41:15,542 - 5648 INFO - shipping_status Records Inserted
2020-09-30 13:41:15,542 - 5648 INFO - shipping_status Records Inserted
2020-09-30 13:41:15,542 - 5648 INFO - shipping_status Records Inserted
2020-09-30 13:41:15,542 - 5648 INFO - shipping_status Records Inserted
2020-09-30 13:41:15,542 - 5648 INFO - shipping_status Records Inserted
2020-09-30 13:41:15,542 - 5648 INFO - shipping_status Records Inserted
2020-09-30 13:41:15,542 - 5648 INFO - shipping_status Records Inserted
2020-09-30 13:41:15,542 - 5648 INFO - shipping_status Records Inserted
2020-09-30 13:41:15,542 - 5648 INFO - shipping_status Records Inserted
2020-09-30 13:41:15,542 - 5648 INFO - shipping_status Records Inserted
2020-09-30 13:41:15,542 - 5648 INFO - shipping_status Records Inserted
2020-09-30 13:41:15,542 - 5648 INFO - shipping_status Records Inserted
2020-09-30 13:41:15,542 - 5648 INFO - shipping_status Records Inserted
2020-09-30 13:41:15,542 - 5648 INFO - shipping_status Records Inserted
2020-09-30 13:41:15,542 - 5648 INFO - shipping_status Records Inserted
2020-09-30 13:41:15,542 - 5648 INFO - shipping_status Records Inserted
2020-09-30 13:41:15,542 - 5648 INFO - shipping_status Records Inserted
2020-09-30 13:41:15,542 - 5648 INFO - shipping_status Records Inserted
2020-09-30 13:41:15,542 - 5648 INFO - shipping_status Records Inserted
2020-09-30 13:41:15,542 - 5648 INFO - shipping_status Records Inserted
2020-09-30 13:41:15,542 - 5648 INFO - shipping_status Records Inserted
2020-09-30 13:41:15,542 - 5648 INFO - shipping_status Records Inserted
