2020-09-30 16:19:06,345 - 2712 INFO - Table cart_details is ready to add in DB
2020-09-30 16:19:06,345 - 2712 INFO - Table cart_details is ready to add in DB
2020-09-30 16:19:06,345 - 2712 INFO - Table cart_product_details is ready to add in DB
2020-09-30 16:19:06,345 - 2712 INFO - Table cart_product_details is ready to add in DB
2020-09-30 16:19:06,346 - 2712 INFO - Table category_details is ready to add in DB
2020-09-30 16:19:06,346 - 2712 INFO - Table category_details is ready to add in DB
2020-09-30 16:19:06,346 - 2712 INFO - Table category_product_details is ready to add in DB
2020-09-30 16:19:06,346 - 2712 INFO - Table category_product_details is ready to add in DB
2020-09-30 16:19:06,346 - 2712 INFO - Table customer_address_details is ready to add in DB
2020-09-30 16:19:06,346 - 2712 INFO - Table customer_address_details is ready to add in DB
2020-09-30 16:19:06,346 - 2712 INFO - Table customer_details is ready to add in DB
2020-09-30 16:19:06,346 - 2712 INFO - Table customer_details is ready to add in DB
2020-09-30 16:19:06,346 - 2712 INFO - Table customer_rating_details is ready to add in DB
2020-09-30 16:19:06,346 - 2712 INFO - Table customer_rating_details is ready to add in DB
2020-09-30 16:19:06,347 - 2712 INFO - Table invoice_details is ready to add in DB
2020-09-30 16:19:06,347 - 2712 INFO - Table invoice_details is ready to add in DB
2020-09-30 16:19:06,347 - 2712 INFO - Table order_details is ready to add in DB
2020-09-30 16:19:06,347 - 2712 INFO - Table order_details is ready to add in DB
2020-09-30 16:19:06,347 - 2712 INFO - Table order_status_details is ready to add in DB
2020-09-30 16:19:06,347 - 2712 INFO - Table order_status_details is ready to add in DB
2020-09-30 16:19:06,347 - 2712 INFO - Table payment_details is ready to add in DB
2020-09-30 16:19:06,347 - 2712 INFO - Table payment_details is ready to add in DB
2020-09-30 16:19:06,347 - 2712 INFO - Table product_details is ready to add in DB
2020-09-30 16:19:06,347 - 2712 INFO - Table product_details is ready to add in DB
2020-09-30 16:19:06,348 - 2712 INFO - Table product_ordered_details is ready to add in DB
2020-09-30 16:19:06,348 - 2712 INFO - Table product_ordered_details is ready to add in DB
2020-09-30 16:19:06,348 - 2712 INFO - Table product_stock_details is ready to add in DB
2020-09-30 16:19:06,348 - 2712 INFO - Table product_stock_details is ready to add in DB
2020-09-30 16:19:06,348 - 2712 INFO - Table ref_1_cart_details.sql is ready to add in DB
2020-09-30 16:19:06,348 - 2712 INFO - Table ref_1_cart_details.sql is ready to add in DB
2020-09-30 16:19:06,348 - 2712 INFO - Table ref_2_customer_address_details.sql is ready to add in DB
2020-09-30 16:19:06,348 - 2712 INFO - Table ref_2_customer_address_details.sql is ready to add in DB
2020-09-30 16:19:06,348 - 2712 INFO - Table ref_3_order_details.sql is ready to add in DB
2020-09-30 16:19:06,348 - 2712 INFO - Table ref_3_order_details.sql is ready to add in DB
2020-09-30 16:19:06,349 - 2712 INFO - Table ref_4_product_stock_details.sql is ready to add in DB
2020-09-30 16:19:06,349 - 2712 INFO - Table ref_4_product_stock_details.sql is ready to add in DB
2020-09-30 16:19:06,349 - 2712 INFO - Table ref_5_product_details.sql is ready to add in DB
2020-09-30 16:19:06,349 - 2712 INFO - Table ref_5_product_details.sql is ready to add in DB
2020-09-30 16:19:06,349 - 2712 INFO - Table ref_6_cart_product_details.sql is ready to add in DB
2020-09-30 16:19:06,349 - 2712 INFO - Table ref_6_cart_product_details.sql is ready to add in DB
2020-09-30 16:19:06,349 - 2712 INFO - Table ref_7_category_product_details.sql is ready to add in DB
2020-09-30 16:19:06,349 - 2712 INFO - Table ref_7_category_product_details.sql is ready to add in DB
2020-09-30 16:19:06,349 - 2712 INFO - Table ref_8_customer_rating_details.sql is ready to add in DB
2020-09-30 16:19:06,349 - 2712 INFO - Table ref_8_customer_rating_details.sql is ready to add in DB
2020-09-30 16:19:06,350 - 2712 INFO - Table ref_9_invoice_details.sql is ready to add in DB
2020-09-30 16:19:06,350 - 2712 INFO - Table ref_9_invoice_details.sql is ready to add in DB
2020-09-30 16:19:06,350 - 2712 INFO - Table ref_payment_details.sql is ready to add in DB
2020-09-30 16:19:06,350 - 2712 INFO - Table ref_payment_details.sql is ready to add in DB
2020-09-30 16:19:06,350 - 2712 INFO - Table ref_product_ordered_details.sql is ready to add in DB
2020-09-30 16:19:06,350 - 2712 INFO - Table ref_product_ordered_details.sql is ready to add in DB
2020-09-30 16:19:06,350 - 2712 INFO - Table ref_shipping_status.sql is ready to add in DB
2020-09-30 16:19:06,350 - 2712 INFO - Table ref_shipping_status.sql is ready to add in DB
2020-09-30 16:19:06,351 - 2712 INFO - Table seller_details is ready to add in DB
2020-09-30 16:19:06,351 - 2712 INFO - Table seller_details is ready to add in DB
2020-09-30 16:19:06,351 - 2712 INFO - Table shipping_status is ready to add in DB
2020-09-30 16:19:06,351 - 2712 INFO - Table shipping_status is ready to add in DB
2020-09-30 16:19:06,471 - 2712 INFO - CREATE TABLE if not exists CART_DETAILS(
cart_id	INT PRIMARY KEY NOT NULL,
cart_added_date DATE,
customer_id INT) cart_details.sql 0.05s cart_details Table CREATED
2020-09-30 16:19:06,471 - 2712 INFO - CREATE TABLE if not exists CART_DETAILS(
cart_id	INT PRIMARY KEY NOT NULL,
cart_added_date DATE,
customer_id INT) cart_details.sql 0.05s cart_details Table CREATED
2020-09-30 16:19:06,471 - 2712 INFO - CREATE TABLE if not exists CART_DETAILS(
cart_id	INT PRIMARY KEY NOT NULL,
cart_added_date DATE,
customer_id INT) cart_details.sql 0.05s cart_details Table CREATED
2020-09-30 16:19:06,471 - 2712 INFO - CREATE TABLE if not exists CART_DETAILS(
cart_id	INT PRIMARY KEY NOT NULL,
cart_added_date DATE,
customer_id INT) cart_details.sql 0.05s cart_details Table CREATED
2020-09-30 16:19:06,524 - 2712 INFO - CREATE TABLE if not exists CART_PRODUCT_DETAILS(
cart_id	int,
product_id	int,
quantity int) cart_product_details.sql 0.05s cart_product_details Table CREATED
2020-09-30 16:19:06,524 - 2712 INFO - CREATE TABLE if not exists CART_PRODUCT_DETAILS(
cart_id	int,
product_id	int,
quantity int) cart_product_details.sql 0.05s cart_product_details Table CREATED
2020-09-30 16:19:06,524 - 2712 INFO - CREATE TABLE if not exists CART_PRODUCT_DETAILS(
cart_id	int,
product_id	int,
quantity int) cart_product_details.sql 0.05s cart_product_details Table CREATED
2020-09-30 16:19:06,524 - 2712 INFO - CREATE TABLE if not exists CART_PRODUCT_DETAILS(
cart_id	int,
product_id	int,
quantity int) cart_product_details.sql 0.05s cart_product_details Table CREATED
2020-09-30 16:19:06,572 - 2712 INFO - CREATE TABLE if not exists CATEGORY_DETAILS(
category_id	INT PRIMARY KEY NOT NULL,
category_name VARCHAR(20) NOT NULL) category_details.sql 0.05s category_details Table CREATED
2020-09-30 16:19:06,572 - 2712 INFO - CREATE TABLE if not exists CATEGORY_DETAILS(
category_id	INT PRIMARY KEY NOT NULL,
category_name VARCHAR(20) NOT NULL) category_details.sql 0.05s category_details Table CREATED
2020-09-30 16:19:06,572 - 2712 INFO - CREATE TABLE if not exists CATEGORY_DETAILS(
category_id	INT PRIMARY KEY NOT NULL,
category_name VARCHAR(20) NOT NULL) category_details.sql 0.05s category_details Table CREATED
2020-09-30 16:19:06,572 - 2712 INFO - CREATE TABLE if not exists CATEGORY_DETAILS(
category_id	INT PRIMARY KEY NOT NULL,
category_name VARCHAR(20) NOT NULL) category_details.sql 0.05s category_details Table CREATED
2020-09-30 16:19:06,610 - 2712 INFO - CREATE TABLE if not exists CATEGORY_PRODUCT_DETAILS(
product_id	INT,
category_id INT) category_product_details.sql 0.04s category_product_details Table CREATED
2020-09-30 16:19:06,610 - 2712 INFO - CREATE TABLE if not exists CATEGORY_PRODUCT_DETAILS(
product_id	INT,
category_id INT) category_product_details.sql 0.04s category_product_details Table CREATED
2020-09-30 16:19:06,610 - 2712 INFO - CREATE TABLE if not exists CATEGORY_PRODUCT_DETAILS(
product_id	INT,
category_id INT) category_product_details.sql 0.04s category_product_details Table CREATED
2020-09-30 16:19:06,610 - 2712 INFO - CREATE TABLE if not exists CATEGORY_PRODUCT_DETAILS(
product_id	INT,
category_id INT) category_product_details.sql 0.04s category_product_details Table CREATED
2020-09-30 16:19:06,667 - 2712 INFO - CREATE TABLE if not exists CUSTOMER_ADDRESS_DETAILS(
address_id int PRIMARY KEY NOT NULL,
address_1 varchar(25),
address_2 varchar(25),
state varchar(20),
country varchar(20),
address_type varchar(15),
pin_code bigint not null,
customer_id int) customer_address_details.sql 0.05s customer_address_details Table CREATED
2020-09-30 16:19:06,667 - 2712 INFO - CREATE TABLE if not exists CUSTOMER_ADDRESS_DETAILS(
address_id int PRIMARY KEY NOT NULL,
address_1 varchar(25),
address_2 varchar(25),
state varchar(20),
country varchar(20),
address_type varchar(15),
pin_code bigint not null,
customer_id int) customer_address_details.sql 0.05s customer_address_details Table CREATED
2020-09-30 16:19:06,667 - 2712 INFO - CREATE TABLE if not exists CUSTOMER_ADDRESS_DETAILS(
address_id int PRIMARY KEY NOT NULL,
address_1 varchar(25),
address_2 varchar(25),
state varchar(20),
country varchar(20),
address_type varchar(15),
pin_code bigint not null,
customer_id int) customer_address_details.sql 0.05s customer_address_details Table CREATED
2020-09-30 16:19:06,667 - 2712 INFO - CREATE TABLE if not exists CUSTOMER_ADDRESS_DETAILS(
address_id int PRIMARY KEY NOT NULL,
address_1 varchar(25),
address_2 varchar(25),
state varchar(20),
country varchar(20),
address_type varchar(15),
pin_code bigint not null,
customer_id int) customer_address_details.sql 0.05s customer_address_details Table CREATED
2020-09-30 16:19:06,675 - 2712 INFO - CREATE TABLE if not exists CUSTOMER_DETAILS(
customer_id int PRIMARY KEY NOT NULL ,
customer_name varchar(15) NOT NULL,
customer_ph_no bigint,
customer_type varchar(10) DEFAULT 'GEN',
customer_mail_id varchar(25) NOT NULL,
customer_pass varchar(12) NOT NULL,
customer_gen varchar(10)) customer_details.sql 0.01s customer_details Table CREATED
2020-09-30 16:19:06,675 - 2712 INFO - CREATE TABLE if not exists CUSTOMER_DETAILS(
customer_id int PRIMARY KEY NOT NULL ,
customer_name varchar(15) NOT NULL,
customer_ph_no bigint,
customer_type varchar(10) DEFAULT 'GEN',
customer_mail_id varchar(25) NOT NULL,
customer_pass varchar(12) NOT NULL,
customer_gen varchar(10)) customer_details.sql 0.01s customer_details Table CREATED
2020-09-30 16:19:06,675 - 2712 INFO - CREATE TABLE if not exists CUSTOMER_DETAILS(
customer_id int PRIMARY KEY NOT NULL ,
customer_name varchar(15) NOT NULL,
customer_ph_no bigint,
customer_type varchar(10) DEFAULT 'GEN',
customer_mail_id varchar(25) NOT NULL,
customer_pass varchar(12) NOT NULL,
customer_gen varchar(10)) customer_details.sql 0.01s customer_details Table CREATED
2020-09-30 16:19:06,675 - 2712 INFO - CREATE TABLE if not exists CUSTOMER_DETAILS(
customer_id int PRIMARY KEY NOT NULL ,
customer_name varchar(15) NOT NULL,
customer_ph_no bigint,
customer_type varchar(10) DEFAULT 'GEN',
customer_mail_id varchar(25) NOT NULL,
customer_pass varchar(12) NOT NULL,
customer_gen varchar(10)) customer_details.sql 0.01s customer_details Table CREATED
2020-09-30 16:19:06,713 - 2712 INFO - CREATE TABLE if not exists CUSTOMER_RATING_DETAILS(
rating_id INT PRIMARY KEY NOT NULL,
rating_star DOUBLE,
rating_desc VARCHAR(50),
customer_id INT,
product_id INT) customer_rating_details.sql 0.04s customer_rating_details Table CREATED
2020-09-30 16:19:06,713 - 2712 INFO - CREATE TABLE if not exists CUSTOMER_RATING_DETAILS(
rating_id INT PRIMARY KEY NOT NULL,
rating_star DOUBLE,
rating_desc VARCHAR(50),
customer_id INT,
product_id INT) customer_rating_details.sql 0.04s customer_rating_details Table CREATED
2020-09-30 16:19:06,713 - 2712 INFO - CREATE TABLE if not exists CUSTOMER_RATING_DETAILS(
rating_id INT PRIMARY KEY NOT NULL,
rating_star DOUBLE,
rating_desc VARCHAR(50),
customer_id INT,
product_id INT) customer_rating_details.sql 0.04s customer_rating_details Table CREATED
2020-09-30 16:19:06,713 - 2712 INFO - CREATE TABLE if not exists CUSTOMER_RATING_DETAILS(
rating_id INT PRIMARY KEY NOT NULL,
rating_star DOUBLE,
rating_desc VARCHAR(50),
customer_id INT,
product_id INT) customer_rating_details.sql 0.04s customer_rating_details Table CREATED
2020-09-30 16:19:06,739 - 2712 INFO - CREATE TABLE if not exists INVOICE_DETAILS(
invoice_num INT PRIMARY KEY ,
invoice_date DATE,
invoice_desc VARCHAR(30),
order_id INT,
product_id INT) invoice_details.sql 0.02s invoice_details Table CREATED
2020-09-30 16:19:06,739 - 2712 INFO - CREATE TABLE if not exists INVOICE_DETAILS(
invoice_num INT PRIMARY KEY ,
invoice_date DATE,
invoice_desc VARCHAR(30),
order_id INT,
product_id INT) invoice_details.sql 0.02s invoice_details Table CREATED
2020-09-30 16:19:06,739 - 2712 INFO - CREATE TABLE if not exists INVOICE_DETAILS(
invoice_num INT PRIMARY KEY ,
invoice_date DATE,
invoice_desc VARCHAR(30),
order_id INT,
product_id INT) invoice_details.sql 0.02s invoice_details Table CREATED
2020-09-30 16:19:06,739 - 2712 INFO - CREATE TABLE if not exists INVOICE_DETAILS(
invoice_num INT PRIMARY KEY ,
invoice_date DATE,
invoice_desc VARCHAR(30),
order_id INT,
product_id INT) invoice_details.sql 0.02s invoice_details Table CREATED
2020-09-30 16:19:06,766 - 2712 INFO - CREATE TABLE if not exists ORDER_DETAILS(
order_id INT PRIMARY KEY NOT NULL,
order_date DATE,
billing_name VARCHAR(10),
delivery_name VARCHAR(10),
billing_address_id int,
delivery_address_id int,
order_status_id	int,
customer_id int) order_details.sql 0.03s order_details Table CREATED
2020-09-30 16:19:06,766 - 2712 INFO - CREATE TABLE if not exists ORDER_DETAILS(
order_id INT PRIMARY KEY NOT NULL,
order_date DATE,
billing_name VARCHAR(10),
delivery_name VARCHAR(10),
billing_address_id int,
delivery_address_id int,
order_status_id	int,
customer_id int) order_details.sql 0.03s order_details Table CREATED
2020-09-30 16:19:06,766 - 2712 INFO - CREATE TABLE if not exists ORDER_DETAILS(
order_id INT PRIMARY KEY NOT NULL,
order_date DATE,
billing_name VARCHAR(10),
delivery_name VARCHAR(10),
billing_address_id int,
delivery_address_id int,
order_status_id	int,
customer_id int) order_details.sql 0.03s order_details Table CREATED
2020-09-30 16:19:06,766 - 2712 INFO - CREATE TABLE if not exists ORDER_DETAILS(
order_id INT PRIMARY KEY NOT NULL,
order_date DATE,
billing_name VARCHAR(10),
delivery_name VARCHAR(10),
billing_address_id int,
delivery_address_id int,
order_status_id	int,
customer_id int) order_details.sql 0.03s order_details Table CREATED
2020-09-30 16:19:06,791 - 2712 INFO - CREATE TABLE if not exists ORDER_STATUS_DETAILS(
order_status_id INT PRIMARY KEY NOT NULL,
order_status_desc varchar(35)) order_status_details.sql 0.02s order_status_details Table CREATED
2020-09-30 16:19:06,791 - 2712 INFO - CREATE TABLE if not exists ORDER_STATUS_DETAILS(
order_status_id INT PRIMARY KEY NOT NULL,
order_status_desc varchar(35)) order_status_details.sql 0.02s order_status_details Table CREATED
2020-09-30 16:19:06,791 - 2712 INFO - CREATE TABLE if not exists ORDER_STATUS_DETAILS(
order_status_id INT PRIMARY KEY NOT NULL,
order_status_desc varchar(35)) order_status_details.sql 0.02s order_status_details Table CREATED
2020-09-30 16:19:06,791 - 2712 INFO - CREATE TABLE if not exists ORDER_STATUS_DETAILS(
order_status_id INT PRIMARY KEY NOT NULL,
order_status_desc varchar(35)) order_status_details.sql 0.02s order_status_details Table CREATED
2020-09-30 16:19:06,946 - 2712 INFO - CREATE TABLE if not exists PAYMENT_DETAILS(
payment_code INT PRIMARY KEY NOT NULL,
payment_desc VARCHAR(35),
order_id INT,
product_id INT,
customer_id INT) payment_details.sql 0.16s payment_details Table CREATED
2020-09-30 16:19:06,946 - 2712 INFO - CREATE TABLE if not exists PAYMENT_DETAILS(
payment_code INT PRIMARY KEY NOT NULL,
payment_desc VARCHAR(35),
order_id INT,
product_id INT,
customer_id INT) payment_details.sql 0.16s payment_details Table CREATED
2020-09-30 16:19:06,946 - 2712 INFO - CREATE TABLE if not exists PAYMENT_DETAILS(
payment_code INT PRIMARY KEY NOT NULL,
payment_desc VARCHAR(35),
order_id INT,
product_id INT,
customer_id INT) payment_details.sql 0.16s payment_details Table CREATED
2020-09-30 16:19:06,946 - 2712 INFO - CREATE TABLE if not exists PAYMENT_DETAILS(
payment_code INT PRIMARY KEY NOT NULL,
payment_desc VARCHAR(35),
order_id INT,
product_id INT,
customer_id INT) payment_details.sql 0.16s payment_details Table CREATED
2020-09-30 16:19:07,007 - 2712 INFO - CREATE TABLE if not exists PRODUCT_DETAILS(
product_id int primary key not null,
product_name varchar(20),
product_idealfor varchar(20),
product_brand varchar(20),
product_price bigint,
product_desc varchar(20),
product_stock_id int) product_details.sql 0.06s product_details Table CREATED
2020-09-30 16:19:07,007 - 2712 INFO - CREATE TABLE if not exists PRODUCT_DETAILS(
product_id int primary key not null,
product_name varchar(20),
product_idealfor varchar(20),
product_brand varchar(20),
product_price bigint,
product_desc varchar(20),
product_stock_id int) product_details.sql 0.06s product_details Table CREATED
2020-09-30 16:19:07,007 - 2712 INFO - CREATE TABLE if not exists PRODUCT_DETAILS(
product_id int primary key not null,
product_name varchar(20),
product_idealfor varchar(20),
product_brand varchar(20),
product_price bigint,
product_desc varchar(20),
product_stock_id int) product_details.sql 0.06s product_details Table CREATED
2020-09-30 16:19:07,007 - 2712 INFO - CREATE TABLE if not exists PRODUCT_DETAILS(
product_id int primary key not null,
product_name varchar(20),
product_idealfor varchar(20),
product_brand varchar(20),
product_price bigint,
product_desc varchar(20),
product_stock_id int) product_details.sql 0.06s product_details Table CREATED
2020-09-30 16:19:07,060 - 2712 INFO - CREATE TABLE if not exists PRODUCT_ORDERED_DETAILS(
ordered_product_id INT PRIMARY KEY NOT NULL,
ordered_quantity INT,
ordered_date DATE,
order_id INT,
product_id INT) product_ordered_details.sql 0.05s product_ordered_details Table CREATED
2020-09-30 16:19:07,060 - 2712 INFO - CREATE TABLE if not exists PRODUCT_ORDERED_DETAILS(
ordered_product_id INT PRIMARY KEY NOT NULL,
ordered_quantity INT,
ordered_date DATE,
order_id INT,
product_id INT) product_ordered_details.sql 0.05s product_ordered_details Table CREATED
2020-09-30 16:19:07,060 - 2712 INFO - CREATE TABLE if not exists PRODUCT_ORDERED_DETAILS(
ordered_product_id INT PRIMARY KEY NOT NULL,
ordered_quantity INT,
ordered_date DATE,
order_id INT,
product_id INT) product_ordered_details.sql 0.05s product_ordered_details Table CREATED
2020-09-30 16:19:07,060 - 2712 INFO - CREATE TABLE if not exists PRODUCT_ORDERED_DETAILS(
ordered_product_id INT PRIMARY KEY NOT NULL,
ordered_quantity INT,
ordered_date DATE,
order_id INT,
product_id INT) product_ordered_details.sql 0.05s product_ordered_details Table CREATED
2020-09-30 16:19:07,090 - 2712 INFO - CREATE TABLE if not exists PRODUCT_STOCK_DETAILS(
product_stock_id int primary key not null,
stock_quantity int,
seller_id int) product_stock_details.sql 0.03s product_stock_details Table CREATED
2020-09-30 16:19:07,090 - 2712 INFO - CREATE TABLE if not exists PRODUCT_STOCK_DETAILS(
product_stock_id int primary key not null,
stock_quantity int,
seller_id int) product_stock_details.sql 0.03s product_stock_details Table CREATED
2020-09-30 16:19:07,090 - 2712 INFO - CREATE TABLE if not exists PRODUCT_STOCK_DETAILS(
product_stock_id int primary key not null,
stock_quantity int,
seller_id int) product_stock_details.sql 0.03s product_stock_details Table CREATED
2020-09-30 16:19:07,090 - 2712 INFO - CREATE TABLE if not exists PRODUCT_STOCK_DETAILS(
product_stock_id int primary key not null,
stock_quantity int,
seller_id int) product_stock_details.sql 0.03s product_stock_details Table CREATED
2020-09-30 16:19:07,120 - 2712 INFO - CREATE TABLE if not exists SELLER_DETAILS(
seller_id INT PRIMARY KEY NOT NULL,
seller_name VARCHAR(20),
seller_address VARCHAR(25),
seller_ratings INT) seller_details.sql 0.03s seller_details Table CREATED
2020-09-30 16:19:07,120 - 2712 INFO - CREATE TABLE if not exists SELLER_DETAILS(
seller_id INT PRIMARY KEY NOT NULL,
seller_name VARCHAR(20),
seller_address VARCHAR(25),
seller_ratings INT) seller_details.sql 0.03s seller_details Table CREATED
2020-09-30 16:19:07,120 - 2712 INFO - CREATE TABLE if not exists SELLER_DETAILS(
seller_id INT PRIMARY KEY NOT NULL,
seller_name VARCHAR(20),
seller_address VARCHAR(25),
seller_ratings INT) seller_details.sql 0.03s seller_details Table CREATED
2020-09-30 16:19:07,120 - 2712 INFO - CREATE TABLE if not exists SELLER_DETAILS(
seller_id INT PRIMARY KEY NOT NULL,
seller_name VARCHAR(20),
seller_address VARCHAR(25),
seller_ratings INT) seller_details.sql 0.03s seller_details Table CREATED
2020-09-30 16:19:07,151 - 2712 INFO - CREATE TABLE if not exists SHIPPING_STATUS(
ship_id	INT PRIMARY KEY NOT NULL,
ship_date DATE,
ship_track_no BIGINT,
order_id INT,
invoice_num INT) shipping_status.sql 0.03s shipping_status Table CREATED
2020-09-30 16:19:07,151 - 2712 INFO - CREATE TABLE if not exists SHIPPING_STATUS(
ship_id	INT PRIMARY KEY NOT NULL,
ship_date DATE,
ship_track_no BIGINT,
order_id INT,
invoice_num INT) shipping_status.sql 0.03s shipping_status Table CREATED
2020-09-30 16:19:07,151 - 2712 INFO - CREATE TABLE if not exists SHIPPING_STATUS(
ship_id	INT PRIMARY KEY NOT NULL,
ship_date DATE,
ship_track_no BIGINT,
order_id INT,
invoice_num INT) shipping_status.sql 0.03s shipping_status Table CREATED
2020-09-30 16:19:07,151 - 2712 INFO - CREATE TABLE if not exists SHIPPING_STATUS(
ship_id	INT PRIMARY KEY NOT NULL,
ship_date DATE,
ship_track_no BIGINT,
order_id INT,
invoice_num INT) shipping_status.sql 0.03s shipping_status Table CREATED
2020-09-30 16:19:07,231 - 2712 INFO - ALTER TABLE CART_DETAILS
ADD FOREIGN KEY (customer_id) REFERENCES CUSTOMER_DETAILS (customer_id) ref_1_cart_details.sql 0.08s ref_1_cart_details Table CREATED
2020-09-30 16:19:07,231 - 2712 INFO - ALTER TABLE CART_DETAILS
ADD FOREIGN KEY (customer_id) REFERENCES CUSTOMER_DETAILS (customer_id) ref_1_cart_details.sql 0.08s ref_1_cart_details Table CREATED
2020-09-30 16:19:07,231 - 2712 INFO - ALTER TABLE CART_DETAILS
ADD FOREIGN KEY (customer_id) REFERENCES CUSTOMER_DETAILS (customer_id) ref_1_cart_details.sql 0.08s ref_1_cart_details Table CREATED
2020-09-30 16:19:07,231 - 2712 INFO - ALTER TABLE CART_DETAILS
ADD FOREIGN KEY (customer_id) REFERENCES CUSTOMER_DETAILS (customer_id) ref_1_cart_details.sql 0.08s ref_1_cart_details Table CREATED
2020-09-30 16:19:07,307 - 2712 INFO - ALTER TABLE CUSTOMER_ADDRESS_DETAILS
ADD FOREIGN KEY (customer_id) REFERENCES CUSTOMER_DETAILS(customer_id) ref_2_customer_address_details.sql 0.07s ref_2_customer_address_details Table CREATED
2020-09-30 16:19:07,307 - 2712 INFO - ALTER TABLE CUSTOMER_ADDRESS_DETAILS
ADD FOREIGN KEY (customer_id) REFERENCES CUSTOMER_DETAILS(customer_id) ref_2_customer_address_details.sql 0.07s ref_2_customer_address_details Table CREATED
2020-09-30 16:19:07,307 - 2712 INFO - ALTER TABLE CUSTOMER_ADDRESS_DETAILS
ADD FOREIGN KEY (customer_id) REFERENCES CUSTOMER_DETAILS(customer_id) ref_2_customer_address_details.sql 0.07s ref_2_customer_address_details Table CREATED
2020-09-30 16:19:07,307 - 2712 INFO - ALTER TABLE CUSTOMER_ADDRESS_DETAILS
ADD FOREIGN KEY (customer_id) REFERENCES CUSTOMER_DETAILS(customer_id) ref_2_customer_address_details.sql 0.07s ref_2_customer_address_details Table CREATED
2020-09-30 16:19:07,312 - 2712 INFO - CREATE TABLE if not exists ORDER_DETAILS(
order_id INT PRIMARY KEY NOT NULL,
order_date DATE,
billing_name VARCHAR(10),
delivery_name VARCHAR(10),
billing_address_id int,
delivery_address_id int,
order_status_id	int,
customer_id int,
FOREIGN KEY (billing_address_id) REFERENCES CUSTOMER_ADDRESS_DETAILS (address_id),
FOREIGN KEY (delivery_address_id) REFERENCES CUSTOMER_ADDRESS_DETAILS (address_id),
FOREIGN KEY (order_status_id) REFERENCES ORDER_STATUS_DETAILS (order_status_id),
FOREIGN KEY (customer_id) REFERENCES CUSTOMER_DETAILS (customer_id)) ref_3_order_details.sql 0.0s ref_3_order_details Table CREATED
2020-09-30 16:19:07,312 - 2712 INFO - CREATE TABLE if not exists ORDER_DETAILS(
order_id INT PRIMARY KEY NOT NULL,
order_date DATE,
billing_name VARCHAR(10),
delivery_name VARCHAR(10),
billing_address_id int,
delivery_address_id int,
order_status_id	int,
customer_id int,
FOREIGN KEY (billing_address_id) REFERENCES CUSTOMER_ADDRESS_DETAILS (address_id),
FOREIGN KEY (delivery_address_id) REFERENCES CUSTOMER_ADDRESS_DETAILS (address_id),
FOREIGN KEY (order_status_id) REFERENCES ORDER_STATUS_DETAILS (order_status_id),
FOREIGN KEY (customer_id) REFERENCES CUSTOMER_DETAILS (customer_id)) ref_3_order_details.sql 0.0s ref_3_order_details Table CREATED
2020-09-30 16:19:07,312 - 2712 INFO - CREATE TABLE if not exists ORDER_DETAILS(
order_id INT PRIMARY KEY NOT NULL,
order_date DATE,
billing_name VARCHAR(10),
delivery_name VARCHAR(10),
billing_address_id int,
delivery_address_id int,
order_status_id	int,
customer_id int,
FOREIGN KEY (billing_address_id) REFERENCES CUSTOMER_ADDRESS_DETAILS (address_id),
FOREIGN KEY (delivery_address_id) REFERENCES CUSTOMER_ADDRESS_DETAILS (address_id),
FOREIGN KEY (order_status_id) REFERENCES ORDER_STATUS_DETAILS (order_status_id),
FOREIGN KEY (customer_id) REFERENCES CUSTOMER_DETAILS (customer_id)) ref_3_order_details.sql 0.0s ref_3_order_details Table CREATED
2020-09-30 16:19:07,312 - 2712 INFO - CREATE TABLE if not exists ORDER_DETAILS(
order_id INT PRIMARY KEY NOT NULL,
order_date DATE,
billing_name VARCHAR(10),
delivery_name VARCHAR(10),
billing_address_id int,
delivery_address_id int,
order_status_id	int,
customer_id int,
FOREIGN KEY (billing_address_id) REFERENCES CUSTOMER_ADDRESS_DETAILS (address_id),
FOREIGN KEY (delivery_address_id) REFERENCES CUSTOMER_ADDRESS_DETAILS (address_id),
FOREIGN KEY (order_status_id) REFERENCES ORDER_STATUS_DETAILS (order_status_id),
FOREIGN KEY (customer_id) REFERENCES CUSTOMER_DETAILS (customer_id)) ref_3_order_details.sql 0.0s ref_3_order_details Table CREATED
2020-09-30 16:19:07,378 - 2712 INFO - ALTER TABLE PRODUCT_STOCK_DETAILS
ADD FOREIGN KEY (seller_id) references SELLER_DETAILS (seller_id) ref_4_product_stock_details.sql 0.06s ref_4_product_stock_details Table CREATED
2020-09-30 16:19:07,378 - 2712 INFO - ALTER TABLE PRODUCT_STOCK_DETAILS
ADD FOREIGN KEY (seller_id) references SELLER_DETAILS (seller_id) ref_4_product_stock_details.sql 0.06s ref_4_product_stock_details Table CREATED
2020-09-30 16:19:07,378 - 2712 INFO - ALTER TABLE PRODUCT_STOCK_DETAILS
ADD FOREIGN KEY (seller_id) references SELLER_DETAILS (seller_id) ref_4_product_stock_details.sql 0.06s ref_4_product_stock_details Table CREATED
2020-09-30 16:19:07,378 - 2712 INFO - ALTER TABLE PRODUCT_STOCK_DETAILS
ADD FOREIGN KEY (seller_id) references SELLER_DETAILS (seller_id) ref_4_product_stock_details.sql 0.06s ref_4_product_stock_details Table CREATED
2020-09-30 16:19:07,448 - 2712 INFO - ALTER TABLE PRODUCT_DETAILS
ADD FOREIGN KEY (product_stock_id) REFERENCES PRODUCT_STOCK_DETAILS (product_stock_id) ref_5_product_details.sql 0.07s ref_5_product_details Table CREATED
2020-09-30 16:19:07,448 - 2712 INFO - ALTER TABLE PRODUCT_DETAILS
ADD FOREIGN KEY (product_stock_id) REFERENCES PRODUCT_STOCK_DETAILS (product_stock_id) ref_5_product_details.sql 0.07s ref_5_product_details Table CREATED
2020-09-30 16:19:07,448 - 2712 INFO - ALTER TABLE PRODUCT_DETAILS
ADD FOREIGN KEY (product_stock_id) REFERENCES PRODUCT_STOCK_DETAILS (product_stock_id) ref_5_product_details.sql 0.07s ref_5_product_details Table CREATED
2020-09-30 16:19:07,448 - 2712 INFO - ALTER TABLE PRODUCT_DETAILS
ADD FOREIGN KEY (product_stock_id) REFERENCES PRODUCT_STOCK_DETAILS (product_stock_id) ref_5_product_details.sql 0.07s ref_5_product_details Table CREATED
2020-09-30 16:19:07,575 - 2712 INFO - ALTER TABLE CART_PRODUCT_DETAILS
ADD FOREIGN KEY(cart_id) REFERENCES CART_DETAILS (cart_id),
ADD FOREIGN KEY(product_id) REFERENCES PRODUCT_DETAILS (product_id) ref_6_cart_product_details.sql 0.13s ref_6_cart_product_details Table CREATED
2020-09-30 16:19:07,575 - 2712 INFO - ALTER TABLE CART_PRODUCT_DETAILS
ADD FOREIGN KEY(cart_id) REFERENCES CART_DETAILS (cart_id),
ADD FOREIGN KEY(product_id) REFERENCES PRODUCT_DETAILS (product_id) ref_6_cart_product_details.sql 0.13s ref_6_cart_product_details Table CREATED
2020-09-30 16:19:07,575 - 2712 INFO - ALTER TABLE CART_PRODUCT_DETAILS
ADD FOREIGN KEY(cart_id) REFERENCES CART_DETAILS (cart_id),
ADD FOREIGN KEY(product_id) REFERENCES PRODUCT_DETAILS (product_id) ref_6_cart_product_details.sql 0.13s ref_6_cart_product_details Table CREATED
2020-09-30 16:19:07,575 - 2712 INFO - ALTER TABLE CART_PRODUCT_DETAILS
ADD FOREIGN KEY(cart_id) REFERENCES CART_DETAILS (cart_id),
ADD FOREIGN KEY(product_id) REFERENCES PRODUCT_DETAILS (product_id) ref_6_cart_product_details.sql 0.13s ref_6_cart_product_details Table CREATED
2020-09-30 16:19:07,698 - 2712 INFO - ALTER TABLE CATEGORY_PRODUCT_DETAILS
ADD FOREIGN KEY (product_id) REFERENCES PRODUCT_DETAILS (product_id),
ADD FOREIGN KEY (category_id) REFERENCES CATEGORY_DETAILS (category_id) ref_7_category_product_details.sql 0.12s ref_7_category_product_details Table CREATED
2020-09-30 16:19:07,698 - 2712 INFO - ALTER TABLE CATEGORY_PRODUCT_DETAILS
ADD FOREIGN KEY (product_id) REFERENCES PRODUCT_DETAILS (product_id),
ADD FOREIGN KEY (category_id) REFERENCES CATEGORY_DETAILS (category_id) ref_7_category_product_details.sql 0.12s ref_7_category_product_details Table CREATED
2020-09-30 16:19:07,698 - 2712 INFO - ALTER TABLE CATEGORY_PRODUCT_DETAILS
ADD FOREIGN KEY (product_id) REFERENCES PRODUCT_DETAILS (product_id),
ADD FOREIGN KEY (category_id) REFERENCES CATEGORY_DETAILS (category_id) ref_7_category_product_details.sql 0.12s ref_7_category_product_details Table CREATED
2020-09-30 16:19:07,698 - 2712 INFO - ALTER TABLE CATEGORY_PRODUCT_DETAILS
ADD FOREIGN KEY (product_id) REFERENCES PRODUCT_DETAILS (product_id),
ADD FOREIGN KEY (category_id) REFERENCES CATEGORY_DETAILS (category_id) ref_7_category_product_details.sql 0.12s ref_7_category_product_details Table CREATED
2020-09-30 16:19:07,772 - 2712 INFO - ALTER TABLE CUSTOMER_RATING_DETAILS
ADD FOREIGN KEY (product_id) REFERENCES PRODUCT_DETAILS (product_id),
ADD FOREIGN KEY (customer_id) REFERENCES CUSTOMER_DETAILS (customer_id) ref_8_customer_rating_details.sql 0.07s ref_8_customer_rating_details Table CREATED
2020-09-30 16:19:07,772 - 2712 INFO - ALTER TABLE CUSTOMER_RATING_DETAILS
ADD FOREIGN KEY (product_id) REFERENCES PRODUCT_DETAILS (product_id),
ADD FOREIGN KEY (customer_id) REFERENCES CUSTOMER_DETAILS (customer_id) ref_8_customer_rating_details.sql 0.07s ref_8_customer_rating_details Table CREATED
2020-09-30 16:19:07,772 - 2712 INFO - ALTER TABLE CUSTOMER_RATING_DETAILS
ADD FOREIGN KEY (product_id) REFERENCES PRODUCT_DETAILS (product_id),
ADD FOREIGN KEY (customer_id) REFERENCES CUSTOMER_DETAILS (customer_id) ref_8_customer_rating_details.sql 0.07s ref_8_customer_rating_details Table CREATED
2020-09-30 16:19:07,772 - 2712 INFO - ALTER TABLE CUSTOMER_RATING_DETAILS
ADD FOREIGN KEY (product_id) REFERENCES PRODUCT_DETAILS (product_id),
ADD FOREIGN KEY (customer_id) REFERENCES CUSTOMER_DETAILS (customer_id) ref_8_customer_rating_details.sql 0.07s ref_8_customer_rating_details Table CREATED
2020-09-30 16:19:07,847 - 2712 INFO - ALTER TABLE INVOICE_DETAILS
ADD FOREIGN KEY (order_id) REFERENCES ORDER_DETAILS (order_id),
ADD FOREIGN KEY (product_id) REFERENCES PRODUCT_DETAILS (product_id) ref_9_invoice_details.sql 0.07s ref_9_invoice_details Table CREATED
2020-09-30 16:19:07,847 - 2712 INFO - ALTER TABLE INVOICE_DETAILS
ADD FOREIGN KEY (order_id) REFERENCES ORDER_DETAILS (order_id),
ADD FOREIGN KEY (product_id) REFERENCES PRODUCT_DETAILS (product_id) ref_9_invoice_details.sql 0.07s ref_9_invoice_details Table CREATED
2020-09-30 16:19:07,847 - 2712 INFO - ALTER TABLE INVOICE_DETAILS
ADD FOREIGN KEY (order_id) REFERENCES ORDER_DETAILS (order_id),
ADD FOREIGN KEY (product_id) REFERENCES PRODUCT_DETAILS (product_id) ref_9_invoice_details.sql 0.07s ref_9_invoice_details Table CREATED
2020-09-30 16:19:07,847 - 2712 INFO - ALTER TABLE INVOICE_DETAILS
ADD FOREIGN KEY (order_id) REFERENCES ORDER_DETAILS (order_id),
ADD FOREIGN KEY (product_id) REFERENCES PRODUCT_DETAILS (product_id) ref_9_invoice_details.sql 0.07s ref_9_invoice_details Table CREATED
2020-09-30 16:19:07,927 - 2712 INFO - ALTER TABLE PAYMENT_DETAILS
ADD FOREIGN KEY (order_id) REFERENCES ORDER_DETAILS (order_id),
ADD FOREIGN KEY (product_id) REFERENCES PRODUCT_DETAILS (product_id),
ADD FOREIGN KEY (customer_id) REFERENCES CUSTOMER_DETAILS (customer_id) ref_payment_details.sql 0.08s ref_payment_details Table CREATED
2020-09-30 16:19:07,927 - 2712 INFO - ALTER TABLE PAYMENT_DETAILS
ADD FOREIGN KEY (order_id) REFERENCES ORDER_DETAILS (order_id),
ADD FOREIGN KEY (product_id) REFERENCES PRODUCT_DETAILS (product_id),
ADD FOREIGN KEY (customer_id) REFERENCES CUSTOMER_DETAILS (customer_id) ref_payment_details.sql 0.08s ref_payment_details Table CREATED
2020-09-30 16:19:07,927 - 2712 INFO - ALTER TABLE PAYMENT_DETAILS
ADD FOREIGN KEY (order_id) REFERENCES ORDER_DETAILS (order_id),
ADD FOREIGN KEY (product_id) REFERENCES PRODUCT_DETAILS (product_id),
ADD FOREIGN KEY (customer_id) REFERENCES CUSTOMER_DETAILS (customer_id) ref_payment_details.sql 0.08s ref_payment_details Table CREATED
2020-09-30 16:19:07,927 - 2712 INFO - ALTER TABLE PAYMENT_DETAILS
ADD FOREIGN KEY (order_id) REFERENCES ORDER_DETAILS (order_id),
ADD FOREIGN KEY (product_id) REFERENCES PRODUCT_DETAILS (product_id),
ADD FOREIGN KEY (customer_id) REFERENCES CUSTOMER_DETAILS (customer_id) ref_payment_details.sql 0.08s ref_payment_details Table CREATED
2020-09-30 16:19:08,147 - 2712 INFO - ALTER TABLE PRODUCT_ORDERED_DETAILS
ADD FOREIGN KEY (order_id) REFERENCES ORDER_DETAILS (order_id),
ADD FOREIGN KEY (product_id) REFERENCES PRODUCT_DETAILS (product_id) ref_product_ordered_details.sql 0.22s ref_product_ordered_details Table CREATED
2020-09-30 16:19:08,147 - 2712 INFO - ALTER TABLE PRODUCT_ORDERED_DETAILS
ADD FOREIGN KEY (order_id) REFERENCES ORDER_DETAILS (order_id),
ADD FOREIGN KEY (product_id) REFERENCES PRODUCT_DETAILS (product_id) ref_product_ordered_details.sql 0.22s ref_product_ordered_details Table CREATED
2020-09-30 16:19:08,147 - 2712 INFO - ALTER TABLE PRODUCT_ORDERED_DETAILS
ADD FOREIGN KEY (order_id) REFERENCES ORDER_DETAILS (order_id),
ADD FOREIGN KEY (product_id) REFERENCES PRODUCT_DETAILS (product_id) ref_product_ordered_details.sql 0.22s ref_product_ordered_details Table CREATED
2020-09-30 16:19:08,147 - 2712 INFO - ALTER TABLE PRODUCT_ORDERED_DETAILS
ADD FOREIGN KEY (order_id) REFERENCES ORDER_DETAILS (order_id),
ADD FOREIGN KEY (product_id) REFERENCES PRODUCT_DETAILS (product_id) ref_product_ordered_details.sql 0.22s ref_product_ordered_details Table CREATED
2020-09-30 16:19:08,217 - 2712 INFO - ALTER TABLE SHIPPING_STATUS
ADD FOREIGN KEY (order_id) REFERENCES ORDER_DETAILS (order_id),
ADD FOREIGN KEY (invoice_num) REFERENCES INVOICE_DETAILS (invoice_num) ref_shipping_status.sql 0.07s ref_shipping_status Table CREATED
2020-09-30 16:19:08,217 - 2712 INFO - ALTER TABLE SHIPPING_STATUS
ADD FOREIGN KEY (order_id) REFERENCES ORDER_DETAILS (order_id),
ADD FOREIGN KEY (invoice_num) REFERENCES INVOICE_DETAILS (invoice_num) ref_shipping_status.sql 0.07s ref_shipping_status Table CREATED
2020-09-30 16:19:08,217 - 2712 INFO - ALTER TABLE SHIPPING_STATUS
ADD FOREIGN KEY (order_id) REFERENCES ORDER_DETAILS (order_id),
ADD FOREIGN KEY (invoice_num) REFERENCES INVOICE_DETAILS (invoice_num) ref_shipping_status.sql 0.07s ref_shipping_status Table CREATED
2020-09-30 16:19:08,217 - 2712 INFO - ALTER TABLE SHIPPING_STATUS
ADD FOREIGN KEY (order_id) REFERENCES ORDER_DETAILS (order_id),
ADD FOREIGN KEY (invoice_num) REFERENCES INVOICE_DETAILS (invoice_num) ref_shipping_status.sql 0.07s ref_shipping_status Table CREATED
