2020-10-04 12:13:00,881 - 32848 INFO - category_details Records Inserted
2020-10-04 12:13:00,881 - 32848 INFO - category_details Records Inserted
2020-10-04 12:13:00,881 - 32848 INFO - category_details Records Inserted
2020-10-04 12:13:00,970 - 32848 INFO - customer_details Records Inserted
2020-10-04 12:13:00,970 - 32848 INFO - customer_details Records Inserted
2020-10-04 12:13:00,970 - 32848 INFO - customer_details Records Inserted
2020-10-04 12:13:00,970 - 32848 INFO - customer_details Records Inserted
2020-10-04 12:13:00,970 - 32848 INFO - customer_details Records Inserted
2020-10-04 12:13:01,066 - 32848 INFO - order_status_details Records Inserted
2020-10-04 12:13:01,066 - 32848 INFO - order_status_details Records Inserted
2020-10-04 12:13:01,066 - 32848 INFO - order_status_details Records Inserted
2020-10-04 12:13:01,066 - 32848 INFO - order_status_details Records Inserted
2020-10-04 12:13:01,066 - 32848 INFO - order_status_details Records Inserted
2020-10-04 12:13:01,066 - 32848 INFO - order_status_details Records Inserted
2020-10-04 12:13:01,066 - 32848 INFO - order_status_details Records Inserted
2020-10-04 12:13:01,130 - 32848 INFO - seller_details Records Inserted
2020-10-04 12:13:01,130 - 32848 INFO - seller_details Records Inserted
2020-10-04 12:13:01,130 - 32848 INFO - seller_details Records Inserted
2020-10-04 12:13:01,130 - 32848 INFO - seller_details Records Inserted
2020-10-04 12:13:01,130 - 32848 INFO - seller_details Records Inserted
2020-10-04 12:13:01,130 - 32848 INFO - seller_details Records Inserted
2020-10-04 12:13:01,130 - 32848 INFO - seller_details Records Inserted
2020-10-04 12:13:01,130 - 32848 INFO - seller_details Records Inserted
2020-10-04 12:13:01,130 - 32848 INFO - seller_details Records Inserted
2020-10-04 12:13:01,208 - 32848 INFO - cart_details Records Inserted
2020-10-04 12:13:01,208 - 32848 INFO - cart_details Records Inserted
2020-10-04 12:13:01,208 - 32848 INFO - cart_details Records Inserted
2020-10-04 12:13:01,208 - 32848 INFO - cart_details Records Inserted
2020-10-04 12:13:01,208 - 32848 INFO - cart_details Records Inserted
2020-10-04 12:13:01,208 - 32848 INFO - cart_details Records Inserted
2020-10-04 12:13:01,208 - 32848 INFO - cart_details Records Inserted
2020-10-04 12:13:01,208 - 32848 INFO - cart_details Records Inserted
2020-10-04 12:13:01,208 - 32848 INFO - cart_details Records Inserted
2020-10-04 12:13:01,208 - 32848 INFO - cart_details Records Inserted
2020-10-04 12:13:01,208 - 32848 INFO - cart_details Records Inserted
2020-10-04 12:13:01,282 - 32848 INFO - customer_address_details Records Inserted
2020-10-04 12:13:01,282 - 32848 INFO - customer_address_details Records Inserted
2020-10-04 12:13:01,282 - 32848 INFO - customer_address_details Records Inserted
2020-10-04 12:13:01,282 - 32848 INFO - customer_address_details Records Inserted
2020-10-04 12:13:01,282 - 32848 INFO - customer_address_details Records Inserted
2020-10-04 12:13:01,282 - 32848 INFO - customer_address_details Records Inserted
2020-10-04 12:13:01,282 - 32848 INFO - customer_address_details Records Inserted
2020-10-04 12:13:01,282 - 32848 INFO - customer_address_details Records Inserted
2020-10-04 12:13:01,282 - 32848 INFO - customer_address_details Records Inserted
2020-10-04 12:13:01,282 - 32848 INFO - customer_address_details Records Inserted
2020-10-04 12:13:01,282 - 32848 INFO - customer_address_details Records Inserted
2020-10-04 12:13:01,282 - 32848 INFO - customer_address_details Records Inserted
2020-10-04 12:13:01,282 - 32848 INFO - customer_address_details Records Inserted
2020-10-04 12:13:01,487 - 32848 INFO - order_details Records Inserted
2020-10-04 12:13:01,487 - 32848 INFO - order_details Records Inserted
2020-10-04 12:13:01,487 - 32848 INFO - order_details Records Inserted
2020-10-04 12:13:01,487 - 32848 INFO - order_details Records Inserted
2020-10-04 12:13:01,487 - 32848 INFO - order_details Records Inserted
2020-10-04 12:13:01,487 - 32848 INFO - order_details Records Inserted
2020-10-04 12:13:01,487 - 32848 INFO - order_details Records Inserted
2020-10-04 12:13:01,487 - 32848 INFO - order_details Records Inserted
2020-10-04 12:13:01,487 - 32848 INFO - order_details Records Inserted
2020-10-04 12:13:01,487 - 32848 INFO - order_details Records Inserted
2020-10-04 12:13:01,487 - 32848 INFO - order_details Records Inserted
2020-10-04 12:13:01,487 - 32848 INFO - order_details Records Inserted
2020-10-04 12:13:01,487 - 32848 INFO - order_details Records Inserted
2020-10-04 12:13:01,487 - 32848 INFO - order_details Records Inserted
2020-10-04 12:13:01,487 - 32848 INFO - order_details Records Inserted
2020-10-04 12:13:01,588 - 32848 INFO - product_stock_details Records Inserted
2020-10-04 12:13:01,588 - 32848 INFO - product_stock_details Records Inserted
2020-10-04 12:13:01,588 - 32848 INFO - product_stock_details Records Inserted
2020-10-04 12:13:01,588 - 32848 INFO - product_stock_details Records Inserted
2020-10-04 12:13:01,588 - 32848 INFO - product_stock_details Records Inserted
2020-10-04 12:13:01,588 - 32848 INFO - product_stock_details Records Inserted
2020-10-04 12:13:01,588 - 32848 INFO - product_stock_details Records Inserted
2020-10-04 12:13:01,588 - 32848 INFO - product_stock_details Records Inserted
2020-10-04 12:13:01,588 - 32848 INFO - product_stock_details Records Inserted
2020-10-04 12:13:01,588 - 32848 INFO - product_stock_details Records Inserted
2020-10-04 12:13:01,588 - 32848 INFO - product_stock_details Records Inserted
2020-10-04 12:13:01,588 - 32848 INFO - product_stock_details Records Inserted
2020-10-04 12:13:01,588 - 32848 INFO - product_stock_details Records Inserted
2020-10-04 12:13:01,588 - 32848 INFO - product_stock_details Records Inserted
2020-10-04 12:13:01,588 - 32848 INFO - product_stock_details Records Inserted
2020-10-04 12:13:01,588 - 32848 INFO - product_stock_details Records Inserted
2020-10-04 12:13:01,588 - 32848 INFO - product_stock_details Records Inserted
2020-10-04 12:13:01,699 - 32848 INFO - product_details Records Inserted
2020-10-04 12:13:01,699 - 32848 INFO - product_details Records Inserted
2020-10-04 12:13:01,699 - 32848 INFO - product_details Records Inserted
2020-10-04 12:13:01,699 - 32848 INFO - product_details Records Inserted
2020-10-04 12:13:01,699 - 32848 INFO - product_details Records Inserted
2020-10-04 12:13:01,699 - 32848 INFO - product_details Records Inserted
2020-10-04 12:13:01,699 - 32848 INFO - product_details Records Inserted
2020-10-04 12:13:01,699 - 32848 INFO - product_details Records Inserted
2020-10-04 12:13:01,699 - 32848 INFO - product_details Records Inserted
2020-10-04 12:13:01,699 - 32848 INFO - product_details Records Inserted
2020-10-04 12:13:01,699 - 32848 INFO - product_details Records Inserted
2020-10-04 12:13:01,699 - 32848 INFO - product_details Records Inserted
2020-10-04 12:13:01,699 - 32848 INFO - product_details Records Inserted
2020-10-04 12:13:01,699 - 32848 INFO - product_details Records Inserted
2020-10-04 12:13:01,699 - 32848 INFO - product_details Records Inserted
2020-10-04 12:13:01,699 - 32848 INFO - product_details Records Inserted
2020-10-04 12:13:01,699 - 32848 INFO - product_details Records Inserted
2020-10-04 12:13:01,699 - 32848 INFO - product_details Records Inserted
2020-10-04 12:13:01,699 - 32848 INFO - product_details Records Inserted
2020-10-04 12:13:01,820 - 32848 INFO - cart_product_details Records Inserted
2020-10-04 12:13:01,820 - 32848 INFO - cart_product_details Records Inserted
2020-10-04 12:13:01,820 - 32848 INFO - cart_product_details Records Inserted
2020-10-04 12:13:01,820 - 32848 INFO - cart_product_details Records Inserted
2020-10-04 12:13:01,820 - 32848 INFO - cart_product_details Records Inserted
2020-10-04 12:13:01,820 - 32848 INFO - cart_product_details Records Inserted
2020-10-04 12:13:01,820 - 32848 INFO - cart_product_details Records Inserted
2020-10-04 12:13:01,820 - 32848 INFO - cart_product_details Records Inserted
2020-10-04 12:13:01,820 - 32848 INFO - cart_product_details Records Inserted
2020-10-04 12:13:01,820 - 32848 INFO - cart_product_details Records Inserted
2020-10-04 12:13:01,820 - 32848 INFO - cart_product_details Records Inserted
2020-10-04 12:13:01,820 - 32848 INFO - cart_product_details Records Inserted
2020-10-04 12:13:01,820 - 32848 INFO - cart_product_details Records Inserted
2020-10-04 12:13:01,820 - 32848 INFO - cart_product_details Records Inserted
2020-10-04 12:13:01,820 - 32848 INFO - cart_product_details Records Inserted
2020-10-04 12:13:01,820 - 32848 INFO - cart_product_details Records Inserted
2020-10-04 12:13:01,820 - 32848 INFO - cart_product_details Records Inserted
2020-10-04 12:13:01,820 - 32848 INFO - cart_product_details Records Inserted
2020-10-04 12:13:01,820 - 32848 INFO - cart_product_details Records Inserted
2020-10-04 12:13:01,820 - 32848 INFO - cart_product_details Records Inserted
2020-10-04 12:13:01,820 - 32848 INFO - cart_product_details Records Inserted
2020-10-04 12:13:01,942 - 32848 INFO - category_product_details Records Inserted
2020-10-04 12:13:01,942 - 32848 INFO - category_product_details Records Inserted
2020-10-04 12:13:01,942 - 32848 INFO - category_product_details Records Inserted
2020-10-04 12:13:01,942 - 32848 INFO - category_product_details Records Inserted
2020-10-04 12:13:01,942 - 32848 INFO - category_product_details Records Inserted
2020-10-04 12:13:01,942 - 32848 INFO - category_product_details Records Inserted
2020-10-04 12:13:01,942 - 32848 INFO - category_product_details Records Inserted
2020-10-04 12:13:01,942 - 32848 INFO - category_product_details Records Inserted
2020-10-04 12:13:01,942 - 32848 INFO - category_product_details Records Inserted
2020-10-04 12:13:01,942 - 32848 INFO - category_product_details Records Inserted
2020-10-04 12:13:01,942 - 32848 INFO - category_product_details Records Inserted
2020-10-04 12:13:01,942 - 32848 INFO - category_product_details Records Inserted
2020-10-04 12:13:01,942 - 32848 INFO - category_product_details Records Inserted
2020-10-04 12:13:01,942 - 32848 INFO - category_product_details Records Inserted
2020-10-04 12:13:01,942 - 32848 INFO - category_product_details Records Inserted
2020-10-04 12:13:01,942 - 32848 INFO - category_product_details Records Inserted
2020-10-04 12:13:01,942 - 32848 INFO - category_product_details Records Inserted
2020-10-04 12:13:01,942 - 32848 INFO - category_product_details Records Inserted
2020-10-04 12:13:01,942 - 32848 INFO - category_product_details Records Inserted
2020-10-04 12:13:01,942 - 32848 INFO - category_product_details Records Inserted
2020-10-04 12:13:01,942 - 32848 INFO - category_product_details Records Inserted
2020-10-04 12:13:01,942 - 32848 INFO - category_product_details Records Inserted
2020-10-04 12:13:01,942 - 32848 INFO - category_product_details Records Inserted
2020-10-04 12:13:02,060 - 32848 INFO - customer_rating_details Records Inserted
2020-10-04 12:13:02,060 - 32848 INFO - customer_rating_details Records Inserted
2020-10-04 12:13:02,060 - 32848 INFO - customer_rating_details Records Inserted
2020-10-04 12:13:02,060 - 32848 INFO - customer_rating_details Records Inserted
2020-10-04 12:13:02,060 - 32848 INFO - customer_rating_details Records Inserted
2020-10-04 12:13:02,060 - 32848 INFO - customer_rating_details Records Inserted
2020-10-04 12:13:02,060 - 32848 INFO - customer_rating_details Records Inserted
2020-10-04 12:13:02,060 - 32848 INFO - customer_rating_details Records Inserted
2020-10-04 12:13:02,060 - 32848 INFO - customer_rating_details Records Inserted
2020-10-04 12:13:02,060 - 32848 INFO - customer_rating_details Records Inserted
2020-10-04 12:13:02,060 - 32848 INFO - customer_rating_details Records Inserted
2020-10-04 12:13:02,060 - 32848 INFO - customer_rating_details Records Inserted
2020-10-04 12:13:02,060 - 32848 INFO - customer_rating_details Records Inserted
2020-10-04 12:13:02,060 - 32848 INFO - customer_rating_details Records Inserted
2020-10-04 12:13:02,060 - 32848 INFO - customer_rating_details Records Inserted
2020-10-04 12:13:02,060 - 32848 INFO - customer_rating_details Records Inserted
2020-10-04 12:13:02,060 - 32848 INFO - customer_rating_details Records Inserted
2020-10-04 12:13:02,060 - 32848 INFO - customer_rating_details Records Inserted
2020-10-04 12:13:02,060 - 32848 INFO - customer_rating_details Records Inserted
2020-10-04 12:13:02,060 - 32848 INFO - customer_rating_details Records Inserted
2020-10-04 12:13:02,060 - 32848 INFO - customer_rating_details Records Inserted
2020-10-04 12:13:02,060 - 32848 INFO - customer_rating_details Records Inserted
2020-10-04 12:13:02,060 - 32848 INFO - customer_rating_details Records Inserted
2020-10-04 12:13:02,060 - 32848 INFO - customer_rating_details Records Inserted
2020-10-04 12:13:02,060 - 32848 INFO - customer_rating_details Records Inserted
2020-10-04 12:13:02,181 - 32848 INFO - invoice_details Records Inserted
2020-10-04 12:13:02,181 - 32848 INFO - invoice_details Records Inserted
2020-10-04 12:13:02,181 - 32848 INFO - invoice_details Records Inserted
2020-10-04 12:13:02,181 - 32848 INFO - invoice_details Records Inserted
2020-10-04 12:13:02,181 - 32848 INFO - invoice_details Records Inserted
2020-10-04 12:13:02,181 - 32848 INFO - invoice_details Records Inserted
2020-10-04 12:13:02,181 - 32848 INFO - invoice_details Records Inserted
2020-10-04 12:13:02,181 - 32848 INFO - invoice_details Records Inserted
2020-10-04 12:13:02,181 - 32848 INFO - invoice_details Records Inserted
2020-10-04 12:13:02,181 - 32848 INFO - invoice_details Records Inserted
2020-10-04 12:13:02,181 - 32848 INFO - invoice_details Records Inserted
2020-10-04 12:13:02,181 - 32848 INFO - invoice_details Records Inserted
2020-10-04 12:13:02,181 - 32848 INFO - invoice_details Records Inserted
2020-10-04 12:13:02,181 - 32848 INFO - invoice_details Records Inserted
2020-10-04 12:13:02,181 - 32848 INFO - invoice_details Records Inserted
2020-10-04 12:13:02,181 - 32848 INFO - invoice_details Records Inserted
2020-10-04 12:13:02,181 - 32848 INFO - invoice_details Records Inserted
2020-10-04 12:13:02,181 - 32848 INFO - invoice_details Records Inserted
2020-10-04 12:13:02,181 - 32848 INFO - invoice_details Records Inserted
2020-10-04 12:13:02,181 - 32848 INFO - invoice_details Records Inserted
2020-10-04 12:13:02,181 - 32848 INFO - invoice_details Records Inserted
2020-10-04 12:13:02,181 - 32848 INFO - invoice_details Records Inserted
2020-10-04 12:13:02,181 - 32848 INFO - invoice_details Records Inserted
2020-10-04 12:13:02,181 - 32848 INFO - invoice_details Records Inserted
2020-10-04 12:13:02,181 - 32848 INFO - invoice_details Records Inserted
2020-10-04 12:13:02,181 - 32848 INFO - invoice_details Records Inserted
2020-10-04 12:13:02,181 - 32848 INFO - invoice_details Records Inserted
2020-10-04 12:13:02,281 - 32848 INFO - payment_details Records Inserted
2020-10-04 12:13:02,281 - 32848 INFO - payment_details Records Inserted
2020-10-04 12:13:02,281 - 32848 INFO - payment_details Records Inserted
2020-10-04 12:13:02,281 - 32848 INFO - payment_details Records Inserted
2020-10-04 12:13:02,281 - 32848 INFO - payment_details Records Inserted
2020-10-04 12:13:02,281 - 32848 INFO - payment_details Records Inserted
2020-10-04 12:13:02,281 - 32848 INFO - payment_details Records Inserted
2020-10-04 12:13:02,281 - 32848 INFO - payment_details Records Inserted
2020-10-04 12:13:02,281 - 32848 INFO - payment_details Records Inserted
2020-10-04 12:13:02,281 - 32848 INFO - payment_details Records Inserted
2020-10-04 12:13:02,281 - 32848 INFO - payment_details Records Inserted
2020-10-04 12:13:02,281 - 32848 INFO - payment_details Records Inserted
2020-10-04 12:13:02,281 - 32848 INFO - payment_details Records Inserted
2020-10-04 12:13:02,281 - 32848 INFO - payment_details Records Inserted
2020-10-04 12:13:02,281 - 32848 INFO - payment_details Records Inserted
2020-10-04 12:13:02,281 - 32848 INFO - payment_details Records Inserted
2020-10-04 12:13:02,281 - 32848 INFO - payment_details Records Inserted
2020-10-04 12:13:02,281 - 32848 INFO - payment_details Records Inserted
2020-10-04 12:13:02,281 - 32848 INFO - payment_details Records Inserted
2020-10-04 12:13:02,281 - 32848 INFO - payment_details Records Inserted
2020-10-04 12:13:02,281 - 32848 INFO - payment_details Records Inserted
2020-10-04 12:13:02,281 - 32848 INFO - payment_details Records Inserted
2020-10-04 12:13:02,281 - 32848 INFO - payment_details Records Inserted
2020-10-04 12:13:02,281 - 32848 INFO - payment_details Records Inserted
2020-10-04 12:13:02,281 - 32848 INFO - payment_details Records Inserted
2020-10-04 12:13:02,281 - 32848 INFO - payment_details Records Inserted
2020-10-04 12:13:02,281 - 32848 INFO - payment_details Records Inserted
2020-10-04 12:13:02,281 - 32848 INFO - payment_details Records Inserted
2020-10-04 12:13:02,281 - 32848 INFO - payment_details Records Inserted
2020-10-04 12:13:02,370 - 32848 INFO - product_ordered_details Records Inserted
2020-10-04 12:13:02,370 - 32848 INFO - product_ordered_details Records Inserted
2020-10-04 12:13:02,370 - 32848 INFO - product_ordered_details Records Inserted
2020-10-04 12:13:02,370 - 32848 INFO - product_ordered_details Records Inserted
2020-10-04 12:13:02,370 - 32848 INFO - product_ordered_details Records Inserted
2020-10-04 12:13:02,370 - 32848 INFO - product_ordered_details Records Inserted
2020-10-04 12:13:02,370 - 32848 INFO - product_ordered_details Records Inserted
2020-10-04 12:13:02,370 - 32848 INFO - product_ordered_details Records Inserted
2020-10-04 12:13:02,370 - 32848 INFO - product_ordered_details Records Inserted
2020-10-04 12:13:02,370 - 32848 INFO - product_ordered_details Records Inserted
2020-10-04 12:13:02,370 - 32848 INFO - product_ordered_details Records Inserted
2020-10-04 12:13:02,370 - 32848 INFO - product_ordered_details Records Inserted
2020-10-04 12:13:02,370 - 32848 INFO - product_ordered_details Records Inserted
2020-10-04 12:13:02,370 - 32848 INFO - product_ordered_details Records Inserted
2020-10-04 12:13:02,370 - 32848 INFO - product_ordered_details Records Inserted
2020-10-04 12:13:02,370 - 32848 INFO - product_ordered_details Records Inserted
2020-10-04 12:13:02,370 - 32848 INFO - product_ordered_details Records Inserted
2020-10-04 12:13:02,370 - 32848 INFO - product_ordered_details Records Inserted
2020-10-04 12:13:02,370 - 32848 INFO - product_ordered_details Records Inserted
2020-10-04 12:13:02,370 - 32848 INFO - product_ordered_details Records Inserted
2020-10-04 12:13:02,370 - 32848 INFO - product_ordered_details Records Inserted
2020-10-04 12:13:02,370 - 32848 INFO - product_ordered_details Records Inserted
2020-10-04 12:13:02,370 - 32848 INFO - product_ordered_details Records Inserted
2020-10-04 12:13:02,370 - 32848 INFO - product_ordered_details Records Inserted
2020-10-04 12:13:02,370 - 32848 INFO - product_ordered_details Records Inserted
2020-10-04 12:13:02,370 - 32848 INFO - product_ordered_details Records Inserted
2020-10-04 12:13:02,370 - 32848 INFO - product_ordered_details Records Inserted
2020-10-04 12:13:02,370 - 32848 INFO - product_ordered_details Records Inserted
2020-10-04 12:13:02,370 - 32848 INFO - product_ordered_details Records Inserted
2020-10-04 12:13:02,370 - 32848 INFO - product_ordered_details Records Inserted
2020-10-04 12:13:02,370 - 32848 INFO - product_ordered_details Records Inserted
2020-10-04 12:13:02,443 - 32848 INFO - shipping_status Records Inserted
2020-10-04 12:13:02,443 - 32848 INFO - shipping_status Records Inserted
2020-10-04 12:13:02,443 - 32848 INFO - shipping_status Records Inserted
2020-10-04 12:13:02,443 - 32848 INFO - shipping_status Records Inserted
2020-10-04 12:13:02,443 - 32848 INFO - shipping_status Records Inserted
2020-10-04 12:13:02,443 - 32848 INFO - shipping_status Records Inserted
2020-10-04 12:13:02,443 - 32848 INFO - shipping_status Records Inserted
2020-10-04 12:13:02,443 - 32848 INFO - shipping_status Records Inserted
2020-10-04 12:13:02,443 - 32848 INFO - shipping_status Records Inserted
2020-10-04 12:13:02,443 - 32848 INFO - shipping_status Records Inserted
2020-10-04 12:13:02,443 - 32848 INFO - shipping_status Records Inserted
2020-10-04 12:13:02,443 - 32848 INFO - shipping_status Records Inserted
2020-10-04 12:13:02,443 - 32848 INFO - shipping_status Records Inserted
2020-10-04 12:13:02,443 - 32848 INFO - shipping_status Records Inserted
2020-10-04 12:13:02,443 - 32848 INFO - shipping_status Records Inserted
2020-10-04 12:13:02,443 - 32848 INFO - shipping_status Records Inserted
2020-10-04 12:13:02,443 - 32848 INFO - shipping_status Records Inserted
2020-10-04 12:13:02,443 - 32848 INFO - shipping_status Records Inserted
2020-10-04 12:13:02,443 - 32848 INFO - shipping_status Records Inserted
2020-10-04 12:13:02,443 - 32848 INFO - shipping_status Records Inserted
2020-10-04 12:13:02,443 - 32848 INFO - shipping_status Records Inserted
2020-10-04 12:13:02,443 - 32848 INFO - shipping_status Records Inserted
2020-10-04 12:13:02,443 - 32848 INFO - shipping_status Records Inserted
2020-10-04 12:13:02,443 - 32848 INFO - shipping_status Records Inserted
2020-10-04 12:13:02,443 - 32848 INFO - shipping_status Records Inserted
2020-10-04 12:13:02,443 - 32848 INFO - shipping_status Records Inserted
2020-10-04 12:13:02,443 - 32848 INFO - shipping_status Records Inserted
2020-10-04 12:13:02,443 - 32848 INFO - shipping_status Records Inserted
2020-10-04 12:13:02,443 - 32848 INFO - shipping_status Records Inserted
2020-10-04 12:13:02,443 - 32848 INFO - shipping_status Records Inserted
2020-10-04 12:13:02,443 - 32848 INFO - shipping_status Records Inserted
2020-10-04 12:13:02,443 - 32848 INFO - shipping_status Records Inserted
2020-10-04 12:13:02,443 - 32848 INFO - shipping_status Records Inserted
