2020-10-02 15:27:13,877 - 2668 INFO - category_details Records Inserted
2020-10-02 15:27:13,877 - 2668 INFO - category_details Records Inserted
2020-10-02 15:27:13,877 - 2668 INFO - category_details Records Inserted
2020-10-02 15:27:14,062 - 2668 INFO - customer_details Records Inserted
2020-10-02 15:27:14,062 - 2668 INFO - customer_details Records Inserted
2020-10-02 15:27:14,062 - 2668 INFO - customer_details Records Inserted
2020-10-02 15:27:14,062 - 2668 INFO - customer_details Records Inserted
2020-10-02 15:27:14,062 - 2668 INFO - customer_details Records Inserted
2020-10-02 15:27:14,368 - 2668 INFO - order_status_details Records Inserted
2020-10-02 15:27:14,368 - 2668 INFO - order_status_details Records Inserted
2020-10-02 15:27:14,368 - 2668 INFO - order_status_details Records Inserted
2020-10-02 15:27:14,368 - 2668 INFO - order_status_details Records Inserted
2020-10-02 15:27:14,368 - 2668 INFO - order_status_details Records Inserted
2020-10-02 15:27:14,368 - 2668 INFO - order_status_details Records Inserted
2020-10-02 15:27:14,368 - 2668 INFO - order_status_details Records Inserted
2020-10-02 15:27:14,472 - 2668 INFO - seller_details Records Inserted
2020-10-02 15:27:14,472 - 2668 INFO - seller_details Records Inserted
2020-10-02 15:27:14,472 - 2668 INFO - seller_details Records Inserted
2020-10-02 15:27:14,472 - 2668 INFO - seller_details Records Inserted
2020-10-02 15:27:14,472 - 2668 INFO - seller_details Records Inserted
2020-10-02 15:27:14,472 - 2668 INFO - seller_details Records Inserted
2020-10-02 15:27:14,472 - 2668 INFO - seller_details Records Inserted
2020-10-02 15:27:14,472 - 2668 INFO - seller_details Records Inserted
2020-10-02 15:27:14,472 - 2668 INFO - seller_details Records Inserted
2020-10-02 15:27:14,670 - 2668 INFO - cart_details Records Inserted
2020-10-02 15:27:14,670 - 2668 INFO - cart_details Records Inserted
2020-10-02 15:27:14,670 - 2668 INFO - cart_details Records Inserted
2020-10-02 15:27:14,670 - 2668 INFO - cart_details Records Inserted
2020-10-02 15:27:14,670 - 2668 INFO - cart_details Records Inserted
2020-10-02 15:27:14,670 - 2668 INFO - cart_details Records Inserted
2020-10-02 15:27:14,670 - 2668 INFO - cart_details Records Inserted
2020-10-02 15:27:14,670 - 2668 INFO - cart_details Records Inserted
2020-10-02 15:27:14,670 - 2668 INFO - cart_details Records Inserted
2020-10-02 15:27:14,670 - 2668 INFO - cart_details Records Inserted
2020-10-02 15:27:14,670 - 2668 INFO - cart_details Records Inserted
2020-10-02 15:27:14,825 - 2668 INFO - customer_address_details Records Inserted
2020-10-02 15:27:14,825 - 2668 INFO - customer_address_details Records Inserted
2020-10-02 15:27:14,825 - 2668 INFO - customer_address_details Records Inserted
2020-10-02 15:27:14,825 - 2668 INFO - customer_address_details Records Inserted
2020-10-02 15:27:14,825 - 2668 INFO - customer_address_details Records Inserted
2020-10-02 15:27:14,825 - 2668 INFO - customer_address_details Records Inserted
2020-10-02 15:27:14,825 - 2668 INFO - customer_address_details Records Inserted
2020-10-02 15:27:14,825 - 2668 INFO - customer_address_details Records Inserted
2020-10-02 15:27:14,825 - 2668 INFO - customer_address_details Records Inserted
2020-10-02 15:27:14,825 - 2668 INFO - customer_address_details Records Inserted
2020-10-02 15:27:14,825 - 2668 INFO - customer_address_details Records Inserted
2020-10-02 15:27:14,825 - 2668 INFO - customer_address_details Records Inserted
2020-10-02 15:27:14,825 - 2668 INFO - customer_address_details Records Inserted
2020-10-02 15:27:14,991 - 2668 INFO - order_details Records Inserted
2020-10-02 15:27:14,991 - 2668 INFO - order_details Records Inserted
2020-10-02 15:27:14,991 - 2668 INFO - order_details Records Inserted
2020-10-02 15:27:14,991 - 2668 INFO - order_details Records Inserted
2020-10-02 15:27:14,991 - 2668 INFO - order_details Records Inserted
2020-10-02 15:27:14,991 - 2668 INFO - order_details Records Inserted
2020-10-02 15:27:14,991 - 2668 INFO - order_details Records Inserted
2020-10-02 15:27:14,991 - 2668 INFO - order_details Records Inserted
2020-10-02 15:27:14,991 - 2668 INFO - order_details Records Inserted
2020-10-02 15:27:14,991 - 2668 INFO - order_details Records Inserted
2020-10-02 15:27:14,991 - 2668 INFO - order_details Records Inserted
2020-10-02 15:27:14,991 - 2668 INFO - order_details Records Inserted
2020-10-02 15:27:14,991 - 2668 INFO - order_details Records Inserted
2020-10-02 15:27:14,991 - 2668 INFO - order_details Records Inserted
2020-10-02 15:27:14,991 - 2668 INFO - order_details Records Inserted
2020-10-02 15:27:15,163 - 2668 INFO - product_stock_details Records Inserted
2020-10-02 15:27:15,163 - 2668 INFO - product_stock_details Records Inserted
2020-10-02 15:27:15,163 - 2668 INFO - product_stock_details Records Inserted
2020-10-02 15:27:15,163 - 2668 INFO - product_stock_details Records Inserted
2020-10-02 15:27:15,163 - 2668 INFO - product_stock_details Records Inserted
2020-10-02 15:27:15,163 - 2668 INFO - product_stock_details Records Inserted
2020-10-02 15:27:15,163 - 2668 INFO - product_stock_details Records Inserted
2020-10-02 15:27:15,163 - 2668 INFO - product_stock_details Records Inserted
2020-10-02 15:27:15,163 - 2668 INFO - product_stock_details Records Inserted
2020-10-02 15:27:15,163 - 2668 INFO - product_stock_details Records Inserted
2020-10-02 15:27:15,163 - 2668 INFO - product_stock_details Records Inserted
2020-10-02 15:27:15,163 - 2668 INFO - product_stock_details Records Inserted
2020-10-02 15:27:15,163 - 2668 INFO - product_stock_details Records Inserted
2020-10-02 15:27:15,163 - 2668 INFO - product_stock_details Records Inserted
2020-10-02 15:27:15,163 - 2668 INFO - product_stock_details Records Inserted
2020-10-02 15:27:15,163 - 2668 INFO - product_stock_details Records Inserted
2020-10-02 15:27:15,163 - 2668 INFO - product_stock_details Records Inserted
2020-10-02 15:27:15,507 - 2668 INFO - product_details Records Inserted
2020-10-02 15:27:15,507 - 2668 INFO - product_details Records Inserted
2020-10-02 15:27:15,507 - 2668 INFO - product_details Records Inserted
2020-10-02 15:27:15,507 - 2668 INFO - product_details Records Inserted
2020-10-02 15:27:15,507 - 2668 INFO - product_details Records Inserted
2020-10-02 15:27:15,507 - 2668 INFO - product_details Records Inserted
2020-10-02 15:27:15,507 - 2668 INFO - product_details Records Inserted
2020-10-02 15:27:15,507 - 2668 INFO - product_details Records Inserted
2020-10-02 15:27:15,507 - 2668 INFO - product_details Records Inserted
2020-10-02 15:27:15,507 - 2668 INFO - product_details Records Inserted
2020-10-02 15:27:15,507 - 2668 INFO - product_details Records Inserted
2020-10-02 15:27:15,507 - 2668 INFO - product_details Records Inserted
2020-10-02 15:27:15,507 - 2668 INFO - product_details Records Inserted
2020-10-02 15:27:15,507 - 2668 INFO - product_details Records Inserted
2020-10-02 15:27:15,507 - 2668 INFO - product_details Records Inserted
2020-10-02 15:27:15,507 - 2668 INFO - product_details Records Inserted
2020-10-02 15:27:15,507 - 2668 INFO - product_details Records Inserted
2020-10-02 15:27:15,507 - 2668 INFO - product_details Records Inserted
2020-10-02 15:27:15,507 - 2668 INFO - product_details Records Inserted
2020-10-02 15:27:15,701 - 2668 INFO - cart_product_details Records Inserted
2020-10-02 15:27:15,701 - 2668 INFO - cart_product_details Records Inserted
2020-10-02 15:27:15,701 - 2668 INFO - cart_product_details Records Inserted
2020-10-02 15:27:15,701 - 2668 INFO - cart_product_details Records Inserted
2020-10-02 15:27:15,701 - 2668 INFO - cart_product_details Records Inserted
2020-10-02 15:27:15,701 - 2668 INFO - cart_product_details Records Inserted
2020-10-02 15:27:15,701 - 2668 INFO - cart_product_details Records Inserted
2020-10-02 15:27:15,701 - 2668 INFO - cart_product_details Records Inserted
2020-10-02 15:27:15,701 - 2668 INFO - cart_product_details Records Inserted
2020-10-02 15:27:15,701 - 2668 INFO - cart_product_details Records Inserted
2020-10-02 15:27:15,701 - 2668 INFO - cart_product_details Records Inserted
2020-10-02 15:27:15,701 - 2668 INFO - cart_product_details Records Inserted
2020-10-02 15:27:15,701 - 2668 INFO - cart_product_details Records Inserted
2020-10-02 15:27:15,701 - 2668 INFO - cart_product_details Records Inserted
2020-10-02 15:27:15,701 - 2668 INFO - cart_product_details Records Inserted
2020-10-02 15:27:15,701 - 2668 INFO - cart_product_details Records Inserted
2020-10-02 15:27:15,701 - 2668 INFO - cart_product_details Records Inserted
2020-10-02 15:27:15,701 - 2668 INFO - cart_product_details Records Inserted
2020-10-02 15:27:15,701 - 2668 INFO - cart_product_details Records Inserted
2020-10-02 15:27:15,701 - 2668 INFO - cart_product_details Records Inserted
2020-10-02 15:27:15,701 - 2668 INFO - cart_product_details Records Inserted
2020-10-02 15:27:15,884 - 2668 INFO - category_product_details Records Inserted
2020-10-02 15:27:15,884 - 2668 INFO - category_product_details Records Inserted
2020-10-02 15:27:15,884 - 2668 INFO - category_product_details Records Inserted
2020-10-02 15:27:15,884 - 2668 INFO - category_product_details Records Inserted
2020-10-02 15:27:15,884 - 2668 INFO - category_product_details Records Inserted
2020-10-02 15:27:15,884 - 2668 INFO - category_product_details Records Inserted
2020-10-02 15:27:15,884 - 2668 INFO - category_product_details Records Inserted
2020-10-02 15:27:15,884 - 2668 INFO - category_product_details Records Inserted
2020-10-02 15:27:15,884 - 2668 INFO - category_product_details Records Inserted
2020-10-02 15:27:15,884 - 2668 INFO - category_product_details Records Inserted
2020-10-02 15:27:15,884 - 2668 INFO - category_product_details Records Inserted
2020-10-02 15:27:15,884 - 2668 INFO - category_product_details Records Inserted
2020-10-02 15:27:15,884 - 2668 INFO - category_product_details Records Inserted
2020-10-02 15:27:15,884 - 2668 INFO - category_product_details Records Inserted
2020-10-02 15:27:15,884 - 2668 INFO - category_product_details Records Inserted
2020-10-02 15:27:15,884 - 2668 INFO - category_product_details Records Inserted
2020-10-02 15:27:15,884 - 2668 INFO - category_product_details Records Inserted
2020-10-02 15:27:15,884 - 2668 INFO - category_product_details Records Inserted
2020-10-02 15:27:15,884 - 2668 INFO - category_product_details Records Inserted
2020-10-02 15:27:15,884 - 2668 INFO - category_product_details Records Inserted
2020-10-02 15:27:15,884 - 2668 INFO - category_product_details Records Inserted
2020-10-02 15:27:15,884 - 2668 INFO - category_product_details Records Inserted
2020-10-02 15:27:15,884 - 2668 INFO - category_product_details Records Inserted
2020-10-02 15:27:16,090 - 2668 INFO - customer_rating_details Records Inserted
2020-10-02 15:27:16,090 - 2668 INFO - customer_rating_details Records Inserted
2020-10-02 15:27:16,090 - 2668 INFO - customer_rating_details Records Inserted
2020-10-02 15:27:16,090 - 2668 INFO - customer_rating_details Records Inserted
2020-10-02 15:27:16,090 - 2668 INFO - customer_rating_details Records Inserted
2020-10-02 15:27:16,090 - 2668 INFO - customer_rating_details Records Inserted
2020-10-02 15:27:16,090 - 2668 INFO - customer_rating_details Records Inserted
2020-10-02 15:27:16,090 - 2668 INFO - customer_rating_details Records Inserted
2020-10-02 15:27:16,090 - 2668 INFO - customer_rating_details Records Inserted
2020-10-02 15:27:16,090 - 2668 INFO - customer_rating_details Records Inserted
2020-10-02 15:27:16,090 - 2668 INFO - customer_rating_details Records Inserted
2020-10-02 15:27:16,090 - 2668 INFO - customer_rating_details Records Inserted
2020-10-02 15:27:16,090 - 2668 INFO - customer_rating_details Records Inserted
2020-10-02 15:27:16,090 - 2668 INFO - customer_rating_details Records Inserted
2020-10-02 15:27:16,090 - 2668 INFO - customer_rating_details Records Inserted
2020-10-02 15:27:16,090 - 2668 INFO - customer_rating_details Records Inserted
2020-10-02 15:27:16,090 - 2668 INFO - customer_rating_details Records Inserted
2020-10-02 15:27:16,090 - 2668 INFO - customer_rating_details Records Inserted
2020-10-02 15:27:16,090 - 2668 INFO - customer_rating_details Records Inserted
2020-10-02 15:27:16,090 - 2668 INFO - customer_rating_details Records Inserted
2020-10-02 15:27:16,090 - 2668 INFO - customer_rating_details Records Inserted
2020-10-02 15:27:16,090 - 2668 INFO - customer_rating_details Records Inserted
2020-10-02 15:27:16,090 - 2668 INFO - customer_rating_details Records Inserted
2020-10-02 15:27:16,090 - 2668 INFO - customer_rating_details Records Inserted
2020-10-02 15:27:16,090 - 2668 INFO - customer_rating_details Records Inserted
2020-10-02 15:27:16,249 - 2668 INFO - invoice_details Records Inserted
2020-10-02 15:27:16,249 - 2668 INFO - invoice_details Records Inserted
2020-10-02 15:27:16,249 - 2668 INFO - invoice_details Records Inserted
2020-10-02 15:27:16,249 - 2668 INFO - invoice_details Records Inserted
2020-10-02 15:27:16,249 - 2668 INFO - invoice_details Records Inserted
2020-10-02 15:27:16,249 - 2668 INFO - invoice_details Records Inserted
2020-10-02 15:27:16,249 - 2668 INFO - invoice_details Records Inserted
2020-10-02 15:27:16,249 - 2668 INFO - invoice_details Records Inserted
2020-10-02 15:27:16,249 - 2668 INFO - invoice_details Records Inserted
2020-10-02 15:27:16,249 - 2668 INFO - invoice_details Records Inserted
2020-10-02 15:27:16,249 - 2668 INFO - invoice_details Records Inserted
2020-10-02 15:27:16,249 - 2668 INFO - invoice_details Records Inserted
2020-10-02 15:27:16,249 - 2668 INFO - invoice_details Records Inserted
2020-10-02 15:27:16,249 - 2668 INFO - invoice_details Records Inserted
2020-10-02 15:27:16,249 - 2668 INFO - invoice_details Records Inserted
2020-10-02 15:27:16,249 - 2668 INFO - invoice_details Records Inserted
2020-10-02 15:27:16,249 - 2668 INFO - invoice_details Records Inserted
2020-10-02 15:27:16,249 - 2668 INFO - invoice_details Records Inserted
2020-10-02 15:27:16,249 - 2668 INFO - invoice_details Records Inserted
2020-10-02 15:27:16,249 - 2668 INFO - invoice_details Records Inserted
2020-10-02 15:27:16,249 - 2668 INFO - invoice_details Records Inserted
2020-10-02 15:27:16,249 - 2668 INFO - invoice_details Records Inserted
2020-10-02 15:27:16,249 - 2668 INFO - invoice_details Records Inserted
2020-10-02 15:27:16,249 - 2668 INFO - invoice_details Records Inserted
2020-10-02 15:27:16,249 - 2668 INFO - invoice_details Records Inserted
2020-10-02 15:27:16,249 - 2668 INFO - invoice_details Records Inserted
2020-10-02 15:27:16,249 - 2668 INFO - invoice_details Records Inserted
2020-10-02 15:27:16,514 - 2668 INFO - payment_details Records Inserted
2020-10-02 15:27:16,514 - 2668 INFO - payment_details Records Inserted
2020-10-02 15:27:16,514 - 2668 INFO - payment_details Records Inserted
2020-10-02 15:27:16,514 - 2668 INFO - payment_details Records Inserted
2020-10-02 15:27:16,514 - 2668 INFO - payment_details Records Inserted
2020-10-02 15:27:16,514 - 2668 INFO - payment_details Records Inserted
2020-10-02 15:27:16,514 - 2668 INFO - payment_details Records Inserted
2020-10-02 15:27:16,514 - 2668 INFO - payment_details Records Inserted
2020-10-02 15:27:16,514 - 2668 INFO - payment_details Records Inserted
2020-10-02 15:27:16,514 - 2668 INFO - payment_details Records Inserted
2020-10-02 15:27:16,514 - 2668 INFO - payment_details Records Inserted
2020-10-02 15:27:16,514 - 2668 INFO - payment_details Records Inserted
2020-10-02 15:27:16,514 - 2668 INFO - payment_details Records Inserted
2020-10-02 15:27:16,514 - 2668 INFO - payment_details Records Inserted
2020-10-02 15:27:16,514 - 2668 INFO - payment_details Records Inserted
2020-10-02 15:27:16,514 - 2668 INFO - payment_details Records Inserted
2020-10-02 15:27:16,514 - 2668 INFO - payment_details Records Inserted
2020-10-02 15:27:16,514 - 2668 INFO - payment_details Records Inserted
2020-10-02 15:27:16,514 - 2668 INFO - payment_details Records Inserted
2020-10-02 15:27:16,514 - 2668 INFO - payment_details Records Inserted
2020-10-02 15:27:16,514 - 2668 INFO - payment_details Records Inserted
2020-10-02 15:27:16,514 - 2668 INFO - payment_details Records Inserted
2020-10-02 15:27:16,514 - 2668 INFO - payment_details Records Inserted
2020-10-02 15:27:16,514 - 2668 INFO - payment_details Records Inserted
2020-10-02 15:27:16,514 - 2668 INFO - payment_details Records Inserted
2020-10-02 15:27:16,514 - 2668 INFO - payment_details Records Inserted
2020-10-02 15:27:16,514 - 2668 INFO - payment_details Records Inserted
2020-10-02 15:27:16,514 - 2668 INFO - payment_details Records Inserted
2020-10-02 15:27:16,514 - 2668 INFO - payment_details Records Inserted
2020-10-02 15:27:16,682 - 2668 INFO - product_ordered_details Records Inserted
2020-10-02 15:27:16,682 - 2668 INFO - product_ordered_details Records Inserted
2020-10-02 15:27:16,682 - 2668 INFO - product_ordered_details Records Inserted
2020-10-02 15:27:16,682 - 2668 INFO - product_ordered_details Records Inserted
2020-10-02 15:27:16,682 - 2668 INFO - product_ordered_details Records Inserted
2020-10-02 15:27:16,682 - 2668 INFO - product_ordered_details Records Inserted
2020-10-02 15:27:16,682 - 2668 INFO - product_ordered_details Records Inserted
2020-10-02 15:27:16,682 - 2668 INFO - product_ordered_details Records Inserted
2020-10-02 15:27:16,682 - 2668 INFO - product_ordered_details Records Inserted
2020-10-02 15:27:16,682 - 2668 INFO - product_ordered_details Records Inserted
2020-10-02 15:27:16,682 - 2668 INFO - product_ordered_details Records Inserted
2020-10-02 15:27:16,682 - 2668 INFO - product_ordered_details Records Inserted
2020-10-02 15:27:16,682 - 2668 INFO - product_ordered_details Records Inserted
2020-10-02 15:27:16,682 - 2668 INFO - product_ordered_details Records Inserted
2020-10-02 15:27:16,682 - 2668 INFO - product_ordered_details Records Inserted
2020-10-02 15:27:16,682 - 2668 INFO - product_ordered_details Records Inserted
2020-10-02 15:27:16,682 - 2668 INFO - product_ordered_details Records Inserted
2020-10-02 15:27:16,682 - 2668 INFO - product_ordered_details Records Inserted
2020-10-02 15:27:16,682 - 2668 INFO - product_ordered_details Records Inserted
2020-10-02 15:27:16,682 - 2668 INFO - product_ordered_details Records Inserted
2020-10-02 15:27:16,682 - 2668 INFO - product_ordered_details Records Inserted
2020-10-02 15:27:16,682 - 2668 INFO - product_ordered_details Records Inserted
2020-10-02 15:27:16,682 - 2668 INFO - product_ordered_details Records Inserted
2020-10-02 15:27:16,682 - 2668 INFO - product_ordered_details Records Inserted
2020-10-02 15:27:16,682 - 2668 INFO - product_ordered_details Records Inserted
2020-10-02 15:27:16,682 - 2668 INFO - product_ordered_details Records Inserted
2020-10-02 15:27:16,682 - 2668 INFO - product_ordered_details Records Inserted
2020-10-02 15:27:16,682 - 2668 INFO - product_ordered_details Records Inserted
2020-10-02 15:27:16,682 - 2668 INFO - product_ordered_details Records Inserted
2020-10-02 15:27:16,682 - 2668 INFO - product_ordered_details Records Inserted
2020-10-02 15:27:16,682 - 2668 INFO - product_ordered_details Records Inserted
2020-10-02 15:27:16,854 - 2668 INFO - shipping_status Records Inserted
2020-10-02 15:27:16,854 - 2668 INFO - shipping_status Records Inserted
2020-10-02 15:27:16,854 - 2668 INFO - shipping_status Records Inserted
2020-10-02 15:27:16,854 - 2668 INFO - shipping_status Records Inserted
2020-10-02 15:27:16,854 - 2668 INFO - shipping_status Records Inserted
2020-10-02 15:27:16,854 - 2668 INFO - shipping_status Records Inserted
2020-10-02 15:27:16,854 - 2668 INFO - shipping_status Records Inserted
2020-10-02 15:27:16,854 - 2668 INFO - shipping_status Records Inserted
2020-10-02 15:27:16,854 - 2668 INFO - shipping_status Records Inserted
2020-10-02 15:27:16,854 - 2668 INFO - shipping_status Records Inserted
2020-10-02 15:27:16,854 - 2668 INFO - shipping_status Records Inserted
2020-10-02 15:27:16,854 - 2668 INFO - shipping_status Records Inserted
2020-10-02 15:27:16,854 - 2668 INFO - shipping_status Records Inserted
2020-10-02 15:27:16,854 - 2668 INFO - shipping_status Records Inserted
2020-10-02 15:27:16,854 - 2668 INFO - shipping_status Records Inserted
2020-10-02 15:27:16,854 - 2668 INFO - shipping_status Records Inserted
2020-10-02 15:27:16,854 - 2668 INFO - shipping_status Records Inserted
2020-10-02 15:27:16,854 - 2668 INFO - shipping_status Records Inserted
2020-10-02 15:27:16,854 - 2668 INFO - shipping_status Records Inserted
2020-10-02 15:27:16,854 - 2668 INFO - shipping_status Records Inserted
2020-10-02 15:27:16,854 - 2668 INFO - shipping_status Records Inserted
2020-10-02 15:27:16,854 - 2668 INFO - shipping_status Records Inserted
2020-10-02 15:27:16,854 - 2668 INFO - shipping_status Records Inserted
2020-10-02 15:27:16,854 - 2668 INFO - shipping_status Records Inserted
2020-10-02 15:27:16,854 - 2668 INFO - shipping_status Records Inserted
2020-10-02 15:27:16,854 - 2668 INFO - shipping_status Records Inserted
2020-10-02 15:27:16,854 - 2668 INFO - shipping_status Records Inserted
2020-10-02 15:27:16,854 - 2668 INFO - shipping_status Records Inserted
2020-10-02 15:27:16,854 - 2668 INFO - shipping_status Records Inserted
2020-10-02 15:27:16,854 - 2668 INFO - shipping_status Records Inserted
2020-10-02 15:27:16,854 - 2668 INFO - shipping_status Records Inserted
2020-10-02 15:27:16,854 - 2668 INFO - shipping_status Records Inserted
2020-10-02 15:27:16,854 - 2668 INFO - shipping_status Records Inserted
