2020-10-04 10:09:51,272 - 32716 INFO - category_details Records Inserted
2020-10-04 10:09:51,272 - 32716 INFO - category_details Records Inserted
2020-10-04 10:09:51,272 - 32716 INFO - category_details Records Inserted
2020-10-04 10:09:51,551 - 32716 INFO - customer_details Records Inserted
2020-10-04 10:09:51,551 - 32716 INFO - customer_details Records Inserted
2020-10-04 10:09:51,551 - 32716 INFO - customer_details Records Inserted
2020-10-04 10:09:51,551 - 32716 INFO - customer_details Records Inserted
2020-10-04 10:09:51,551 - 32716 INFO - customer_details Records Inserted
2020-10-04 10:09:51,823 - 32716 INFO - order_status_details Records Inserted
2020-10-04 10:09:51,823 - 32716 INFO - order_status_details Records Inserted
2020-10-04 10:09:51,823 - 32716 INFO - order_status_details Records Inserted
2020-10-04 10:09:51,823 - 32716 INFO - order_status_details Records Inserted
2020-10-04 10:09:51,823 - 32716 INFO - order_status_details Records Inserted
2020-10-04 10:09:51,823 - 32716 INFO - order_status_details Records Inserted
2020-10-04 10:09:51,823 - 32716 INFO - order_status_details Records Inserted
2020-10-04 10:09:52,063 - 32716 INFO - seller_details Records Inserted
2020-10-04 10:09:52,063 - 32716 INFO - seller_details Records Inserted
2020-10-04 10:09:52,063 - 32716 INFO - seller_details Records Inserted
2020-10-04 10:09:52,063 - 32716 INFO - seller_details Records Inserted
2020-10-04 10:09:52,063 - 32716 INFO - seller_details Records Inserted
2020-10-04 10:09:52,063 - 32716 INFO - seller_details Records Inserted
2020-10-04 10:09:52,063 - 32716 INFO - seller_details Records Inserted
2020-10-04 10:09:52,063 - 32716 INFO - seller_details Records Inserted
2020-10-04 10:09:52,063 - 32716 INFO - seller_details Records Inserted
2020-10-04 10:09:52,504 - 32716 INFO - cart_details Records Inserted
2020-10-04 10:09:52,504 - 32716 INFO - cart_details Records Inserted
2020-10-04 10:09:52,504 - 32716 INFO - cart_details Records Inserted
2020-10-04 10:09:52,504 - 32716 INFO - cart_details Records Inserted
2020-10-04 10:09:52,504 - 32716 INFO - cart_details Records Inserted
2020-10-04 10:09:52,504 - 32716 INFO - cart_details Records Inserted
2020-10-04 10:09:52,504 - 32716 INFO - cart_details Records Inserted
2020-10-04 10:09:52,504 - 32716 INFO - cart_details Records Inserted
2020-10-04 10:09:52,504 - 32716 INFO - cart_details Records Inserted
2020-10-04 10:09:52,504 - 32716 INFO - cart_details Records Inserted
2020-10-04 10:09:52,504 - 32716 INFO - cart_details Records Inserted
2020-10-04 10:09:52,734 - 32716 INFO - customer_address_details Records Inserted
2020-10-04 10:09:52,734 - 32716 INFO - customer_address_details Records Inserted
2020-10-04 10:09:52,734 - 32716 INFO - customer_address_details Records Inserted
2020-10-04 10:09:52,734 - 32716 INFO - customer_address_details Records Inserted
2020-10-04 10:09:52,734 - 32716 INFO - customer_address_details Records Inserted
2020-10-04 10:09:52,734 - 32716 INFO - customer_address_details Records Inserted
2020-10-04 10:09:52,734 - 32716 INFO - customer_address_details Records Inserted
2020-10-04 10:09:52,734 - 32716 INFO - customer_address_details Records Inserted
2020-10-04 10:09:52,734 - 32716 INFO - customer_address_details Records Inserted
2020-10-04 10:09:52,734 - 32716 INFO - customer_address_details Records Inserted
2020-10-04 10:09:52,734 - 32716 INFO - customer_address_details Records Inserted
2020-10-04 10:09:52,734 - 32716 INFO - customer_address_details Records Inserted
2020-10-04 10:09:52,734 - 32716 INFO - customer_address_details Records Inserted
2020-10-04 10:09:52,972 - 32716 INFO - order_details Records Inserted
2020-10-04 10:09:52,972 - 32716 INFO - order_details Records Inserted
2020-10-04 10:09:52,972 - 32716 INFO - order_details Records Inserted
2020-10-04 10:09:52,972 - 32716 INFO - order_details Records Inserted
2020-10-04 10:09:52,972 - 32716 INFO - order_details Records Inserted
2020-10-04 10:09:52,972 - 32716 INFO - order_details Records Inserted
2020-10-04 10:09:52,972 - 32716 INFO - order_details Records Inserted
2020-10-04 10:09:52,972 - 32716 INFO - order_details Records Inserted
2020-10-04 10:09:52,972 - 32716 INFO - order_details Records Inserted
2020-10-04 10:09:52,972 - 32716 INFO - order_details Records Inserted
2020-10-04 10:09:52,972 - 32716 INFO - order_details Records Inserted
2020-10-04 10:09:52,972 - 32716 INFO - order_details Records Inserted
2020-10-04 10:09:52,972 - 32716 INFO - order_details Records Inserted
2020-10-04 10:09:52,972 - 32716 INFO - order_details Records Inserted
2020-10-04 10:09:52,972 - 32716 INFO - order_details Records Inserted
2020-10-04 10:09:53,209 - 32716 INFO - product_stock_details Records Inserted
2020-10-04 10:09:53,209 - 32716 INFO - product_stock_details Records Inserted
2020-10-04 10:09:53,209 - 32716 INFO - product_stock_details Records Inserted
2020-10-04 10:09:53,209 - 32716 INFO - product_stock_details Records Inserted
2020-10-04 10:09:53,209 - 32716 INFO - product_stock_details Records Inserted
2020-10-04 10:09:53,209 - 32716 INFO - product_stock_details Records Inserted
2020-10-04 10:09:53,209 - 32716 INFO - product_stock_details Records Inserted
2020-10-04 10:09:53,209 - 32716 INFO - product_stock_details Records Inserted
2020-10-04 10:09:53,209 - 32716 INFO - product_stock_details Records Inserted
2020-10-04 10:09:53,209 - 32716 INFO - product_stock_details Records Inserted
2020-10-04 10:09:53,209 - 32716 INFO - product_stock_details Records Inserted
2020-10-04 10:09:53,209 - 32716 INFO - product_stock_details Records Inserted
2020-10-04 10:09:53,209 - 32716 INFO - product_stock_details Records Inserted
2020-10-04 10:09:53,209 - 32716 INFO - product_stock_details Records Inserted
2020-10-04 10:09:53,209 - 32716 INFO - product_stock_details Records Inserted
2020-10-04 10:09:53,209 - 32716 INFO - product_stock_details Records Inserted
2020-10-04 10:09:53,209 - 32716 INFO - product_stock_details Records Inserted
2020-10-04 10:09:53,597 - 32716 INFO - product_details Records Inserted
2020-10-04 10:09:53,597 - 32716 INFO - product_details Records Inserted
2020-10-04 10:09:53,597 - 32716 INFO - product_details Records Inserted
2020-10-04 10:09:53,597 - 32716 INFO - product_details Records Inserted
2020-10-04 10:09:53,597 - 32716 INFO - product_details Records Inserted
2020-10-04 10:09:53,597 - 32716 INFO - product_details Records Inserted
2020-10-04 10:09:53,597 - 32716 INFO - product_details Records Inserted
2020-10-04 10:09:53,597 - 32716 INFO - product_details Records Inserted
2020-10-04 10:09:53,597 - 32716 INFO - product_details Records Inserted
2020-10-04 10:09:53,597 - 32716 INFO - product_details Records Inserted
2020-10-04 10:09:53,597 - 32716 INFO - product_details Records Inserted
2020-10-04 10:09:53,597 - 32716 INFO - product_details Records Inserted
2020-10-04 10:09:53,597 - 32716 INFO - product_details Records Inserted
2020-10-04 10:09:53,597 - 32716 INFO - product_details Records Inserted
2020-10-04 10:09:53,597 - 32716 INFO - product_details Records Inserted
2020-10-04 10:09:53,597 - 32716 INFO - product_details Records Inserted
2020-10-04 10:09:53,597 - 32716 INFO - product_details Records Inserted
2020-10-04 10:09:53,597 - 32716 INFO - product_details Records Inserted
2020-10-04 10:09:53,597 - 32716 INFO - product_details Records Inserted
2020-10-04 10:09:53,820 - 32716 INFO - cart_product_details Records Inserted
2020-10-04 10:09:53,820 - 32716 INFO - cart_product_details Records Inserted
2020-10-04 10:09:53,820 - 32716 INFO - cart_product_details Records Inserted
2020-10-04 10:09:53,820 - 32716 INFO - cart_product_details Records Inserted
2020-10-04 10:09:53,820 - 32716 INFO - cart_product_details Records Inserted
2020-10-04 10:09:53,820 - 32716 INFO - cart_product_details Records Inserted
2020-10-04 10:09:53,820 - 32716 INFO - cart_product_details Records Inserted
2020-10-04 10:09:53,820 - 32716 INFO - cart_product_details Records Inserted
2020-10-04 10:09:53,820 - 32716 INFO - cart_product_details Records Inserted
2020-10-04 10:09:53,820 - 32716 INFO - cart_product_details Records Inserted
2020-10-04 10:09:53,820 - 32716 INFO - cart_product_details Records Inserted
2020-10-04 10:09:53,820 - 32716 INFO - cart_product_details Records Inserted
2020-10-04 10:09:53,820 - 32716 INFO - cart_product_details Records Inserted
2020-10-04 10:09:53,820 - 32716 INFO - cart_product_details Records Inserted
2020-10-04 10:09:53,820 - 32716 INFO - cart_product_details Records Inserted
2020-10-04 10:09:53,820 - 32716 INFO - cart_product_details Records Inserted
2020-10-04 10:09:53,820 - 32716 INFO - cart_product_details Records Inserted
2020-10-04 10:09:53,820 - 32716 INFO - cart_product_details Records Inserted
2020-10-04 10:09:53,820 - 32716 INFO - cart_product_details Records Inserted
2020-10-04 10:09:53,820 - 32716 INFO - cart_product_details Records Inserted
2020-10-04 10:09:53,820 - 32716 INFO - cart_product_details Records Inserted
2020-10-04 10:09:54,039 - 32716 INFO - category_product_details Records Inserted
2020-10-04 10:09:54,039 - 32716 INFO - category_product_details Records Inserted
2020-10-04 10:09:54,039 - 32716 INFO - category_product_details Records Inserted
2020-10-04 10:09:54,039 - 32716 INFO - category_product_details Records Inserted
2020-10-04 10:09:54,039 - 32716 INFO - category_product_details Records Inserted
2020-10-04 10:09:54,039 - 32716 INFO - category_product_details Records Inserted
2020-10-04 10:09:54,039 - 32716 INFO - category_product_details Records Inserted
2020-10-04 10:09:54,039 - 32716 INFO - category_product_details Records Inserted
2020-10-04 10:09:54,039 - 32716 INFO - category_product_details Records Inserted
2020-10-04 10:09:54,039 - 32716 INFO - category_product_details Records Inserted
2020-10-04 10:09:54,039 - 32716 INFO - category_product_details Records Inserted
2020-10-04 10:09:54,039 - 32716 INFO - category_product_details Records Inserted
2020-10-04 10:09:54,039 - 32716 INFO - category_product_details Records Inserted
2020-10-04 10:09:54,039 - 32716 INFO - category_product_details Records Inserted
2020-10-04 10:09:54,039 - 32716 INFO - category_product_details Records Inserted
2020-10-04 10:09:54,039 - 32716 INFO - category_product_details Records Inserted
2020-10-04 10:09:54,039 - 32716 INFO - category_product_details Records Inserted
2020-10-04 10:09:54,039 - 32716 INFO - category_product_details Records Inserted
2020-10-04 10:09:54,039 - 32716 INFO - category_product_details Records Inserted
2020-10-04 10:09:54,039 - 32716 INFO - category_product_details Records Inserted
2020-10-04 10:09:54,039 - 32716 INFO - category_product_details Records Inserted
2020-10-04 10:09:54,039 - 32716 INFO - category_product_details Records Inserted
2020-10-04 10:09:54,039 - 32716 INFO - category_product_details Records Inserted
2020-10-04 10:09:54,258 - 32716 INFO - customer_rating_details Records Inserted
2020-10-04 10:09:54,258 - 32716 INFO - customer_rating_details Records Inserted
2020-10-04 10:09:54,258 - 32716 INFO - customer_rating_details Records Inserted
2020-10-04 10:09:54,258 - 32716 INFO - customer_rating_details Records Inserted
2020-10-04 10:09:54,258 - 32716 INFO - customer_rating_details Records Inserted
2020-10-04 10:09:54,258 - 32716 INFO - customer_rating_details Records Inserted
2020-10-04 10:09:54,258 - 32716 INFO - customer_rating_details Records Inserted
2020-10-04 10:09:54,258 - 32716 INFO - customer_rating_details Records Inserted
2020-10-04 10:09:54,258 - 32716 INFO - customer_rating_details Records Inserted
2020-10-04 10:09:54,258 - 32716 INFO - customer_rating_details Records Inserted
2020-10-04 10:09:54,258 - 32716 INFO - customer_rating_details Records Inserted
2020-10-04 10:09:54,258 - 32716 INFO - customer_rating_details Records Inserted
2020-10-04 10:09:54,258 - 32716 INFO - customer_rating_details Records Inserted
2020-10-04 10:09:54,258 - 32716 INFO - customer_rating_details Records Inserted
2020-10-04 10:09:54,258 - 32716 INFO - customer_rating_details Records Inserted
2020-10-04 10:09:54,258 - 32716 INFO - customer_rating_details Records Inserted
2020-10-04 10:09:54,258 - 32716 INFO - customer_rating_details Records Inserted
2020-10-04 10:09:54,258 - 32716 INFO - customer_rating_details Records Inserted
2020-10-04 10:09:54,258 - 32716 INFO - customer_rating_details Records Inserted
2020-10-04 10:09:54,258 - 32716 INFO - customer_rating_details Records Inserted
2020-10-04 10:09:54,258 - 32716 INFO - customer_rating_details Records Inserted
2020-10-04 10:09:54,258 - 32716 INFO - customer_rating_details Records Inserted
2020-10-04 10:09:54,258 - 32716 INFO - customer_rating_details Records Inserted
2020-10-04 10:09:54,258 - 32716 INFO - customer_rating_details Records Inserted
2020-10-04 10:09:54,258 - 32716 INFO - customer_rating_details Records Inserted
2020-10-04 10:09:54,520 - 32716 INFO - invoice_details Records Inserted
2020-10-04 10:09:54,520 - 32716 INFO - invoice_details Records Inserted
2020-10-04 10:09:54,520 - 32716 INFO - invoice_details Records Inserted
2020-10-04 10:09:54,520 - 32716 INFO - invoice_details Records Inserted
2020-10-04 10:09:54,520 - 32716 INFO - invoice_details Records Inserted
2020-10-04 10:09:54,520 - 32716 INFO - invoice_details Records Inserted
2020-10-04 10:09:54,520 - 32716 INFO - invoice_details Records Inserted
2020-10-04 10:09:54,520 - 32716 INFO - invoice_details Records Inserted
2020-10-04 10:09:54,520 - 32716 INFO - invoice_details Records Inserted
2020-10-04 10:09:54,520 - 32716 INFO - invoice_details Records Inserted
2020-10-04 10:09:54,520 - 32716 INFO - invoice_details Records Inserted
2020-10-04 10:09:54,520 - 32716 INFO - invoice_details Records Inserted
2020-10-04 10:09:54,520 - 32716 INFO - invoice_details Records Inserted
2020-10-04 10:09:54,520 - 32716 INFO - invoice_details Records Inserted
2020-10-04 10:09:54,520 - 32716 INFO - invoice_details Records Inserted
2020-10-04 10:09:54,520 - 32716 INFO - invoice_details Records Inserted
2020-10-04 10:09:54,520 - 32716 INFO - invoice_details Records Inserted
2020-10-04 10:09:54,520 - 32716 INFO - invoice_details Records Inserted
2020-10-04 10:09:54,520 - 32716 INFO - invoice_details Records Inserted
2020-10-04 10:09:54,520 - 32716 INFO - invoice_details Records Inserted
2020-10-04 10:09:54,520 - 32716 INFO - invoice_details Records Inserted
2020-10-04 10:09:54,520 - 32716 INFO - invoice_details Records Inserted
2020-10-04 10:09:54,520 - 32716 INFO - invoice_details Records Inserted
2020-10-04 10:09:54,520 - 32716 INFO - invoice_details Records Inserted
2020-10-04 10:09:54,520 - 32716 INFO - invoice_details Records Inserted
2020-10-04 10:09:54,520 - 32716 INFO - invoice_details Records Inserted
2020-10-04 10:09:54,520 - 32716 INFO - invoice_details Records Inserted
2020-10-04 10:09:54,786 - 32716 INFO - payment_details Records Inserted
2020-10-04 10:09:54,786 - 32716 INFO - payment_details Records Inserted
2020-10-04 10:09:54,786 - 32716 INFO - payment_details Records Inserted
2020-10-04 10:09:54,786 - 32716 INFO - payment_details Records Inserted
2020-10-04 10:09:54,786 - 32716 INFO - payment_details Records Inserted
2020-10-04 10:09:54,786 - 32716 INFO - payment_details Records Inserted
2020-10-04 10:09:54,786 - 32716 INFO - payment_details Records Inserted
2020-10-04 10:09:54,786 - 32716 INFO - payment_details Records Inserted
2020-10-04 10:09:54,786 - 32716 INFO - payment_details Records Inserted
2020-10-04 10:09:54,786 - 32716 INFO - payment_details Records Inserted
2020-10-04 10:09:54,786 - 32716 INFO - payment_details Records Inserted
2020-10-04 10:09:54,786 - 32716 INFO - payment_details Records Inserted
2020-10-04 10:09:54,786 - 32716 INFO - payment_details Records Inserted
2020-10-04 10:09:54,786 - 32716 INFO - payment_details Records Inserted
2020-10-04 10:09:54,786 - 32716 INFO - payment_details Records Inserted
2020-10-04 10:09:54,786 - 32716 INFO - payment_details Records Inserted
2020-10-04 10:09:54,786 - 32716 INFO - payment_details Records Inserted
2020-10-04 10:09:54,786 - 32716 INFO - payment_details Records Inserted
2020-10-04 10:09:54,786 - 32716 INFO - payment_details Records Inserted
2020-10-04 10:09:54,786 - 32716 INFO - payment_details Records Inserted
2020-10-04 10:09:54,786 - 32716 INFO - payment_details Records Inserted
2020-10-04 10:09:54,786 - 32716 INFO - payment_details Records Inserted
2020-10-04 10:09:54,786 - 32716 INFO - payment_details Records Inserted
2020-10-04 10:09:54,786 - 32716 INFO - payment_details Records Inserted
2020-10-04 10:09:54,786 - 32716 INFO - payment_details Records Inserted
2020-10-04 10:09:54,786 - 32716 INFO - payment_details Records Inserted
2020-10-04 10:09:54,786 - 32716 INFO - payment_details Records Inserted
2020-10-04 10:09:54,786 - 32716 INFO - payment_details Records Inserted
2020-10-04 10:09:54,786 - 32716 INFO - payment_details Records Inserted
2020-10-04 10:09:55,005 - 32716 INFO - product_ordered_details Records Inserted
2020-10-04 10:09:55,005 - 32716 INFO - product_ordered_details Records Inserted
2020-10-04 10:09:55,005 - 32716 INFO - product_ordered_details Records Inserted
2020-10-04 10:09:55,005 - 32716 INFO - product_ordered_details Records Inserted
2020-10-04 10:09:55,005 - 32716 INFO - product_ordered_details Records Inserted
2020-10-04 10:09:55,005 - 32716 INFO - product_ordered_details Records Inserted
2020-10-04 10:09:55,005 - 32716 INFO - product_ordered_details Records Inserted
2020-10-04 10:09:55,005 - 32716 INFO - product_ordered_details Records Inserted
2020-10-04 10:09:55,005 - 32716 INFO - product_ordered_details Records Inserted
2020-10-04 10:09:55,005 - 32716 INFO - product_ordered_details Records Inserted
2020-10-04 10:09:55,005 - 32716 INFO - product_ordered_details Records Inserted
2020-10-04 10:09:55,005 - 32716 INFO - product_ordered_details Records Inserted
2020-10-04 10:09:55,005 - 32716 INFO - product_ordered_details Records Inserted
2020-10-04 10:09:55,005 - 32716 INFO - product_ordered_details Records Inserted
2020-10-04 10:09:55,005 - 32716 INFO - product_ordered_details Records Inserted
2020-10-04 10:09:55,005 - 32716 INFO - product_ordered_details Records Inserted
2020-10-04 10:09:55,005 - 32716 INFO - product_ordered_details Records Inserted
2020-10-04 10:09:55,005 - 32716 INFO - product_ordered_details Records Inserted
2020-10-04 10:09:55,005 - 32716 INFO - product_ordered_details Records Inserted
2020-10-04 10:09:55,005 - 32716 INFO - product_ordered_details Records Inserted
2020-10-04 10:09:55,005 - 32716 INFO - product_ordered_details Records Inserted
2020-10-04 10:09:55,005 - 32716 INFO - product_ordered_details Records Inserted
2020-10-04 10:09:55,005 - 32716 INFO - product_ordered_details Records Inserted
2020-10-04 10:09:55,005 - 32716 INFO - product_ordered_details Records Inserted
2020-10-04 10:09:55,005 - 32716 INFO - product_ordered_details Records Inserted
2020-10-04 10:09:55,005 - 32716 INFO - product_ordered_details Records Inserted
2020-10-04 10:09:55,005 - 32716 INFO - product_ordered_details Records Inserted
2020-10-04 10:09:55,005 - 32716 INFO - product_ordered_details Records Inserted
2020-10-04 10:09:55,005 - 32716 INFO - product_ordered_details Records Inserted
2020-10-04 10:09:55,005 - 32716 INFO - product_ordered_details Records Inserted
2020-10-04 10:09:55,005 - 32716 INFO - product_ordered_details Records Inserted
2020-10-04 10:09:55,253 - 32716 INFO - shipping_status Records Inserted
2020-10-04 10:09:55,253 - 32716 INFO - shipping_status Records Inserted
2020-10-04 10:09:55,253 - 32716 INFO - shipping_status Records Inserted
2020-10-04 10:09:55,253 - 32716 INFO - shipping_status Records Inserted
2020-10-04 10:09:55,253 - 32716 INFO - shipping_status Records Inserted
2020-10-04 10:09:55,253 - 32716 INFO - shipping_status Records Inserted
2020-10-04 10:09:55,253 - 32716 INFO - shipping_status Records Inserted
2020-10-04 10:09:55,253 - 32716 INFO - shipping_status Records Inserted
2020-10-04 10:09:55,253 - 32716 INFO - shipping_status Records Inserted
2020-10-04 10:09:55,253 - 32716 INFO - shipping_status Records Inserted
2020-10-04 10:09:55,253 - 32716 INFO - shipping_status Records Inserted
2020-10-04 10:09:55,253 - 32716 INFO - shipping_status Records Inserted
2020-10-04 10:09:55,253 - 32716 INFO - shipping_status Records Inserted
2020-10-04 10:09:55,253 - 32716 INFO - shipping_status Records Inserted
2020-10-04 10:09:55,253 - 32716 INFO - shipping_status Records Inserted
2020-10-04 10:09:55,253 - 32716 INFO - shipping_status Records Inserted
2020-10-04 10:09:55,253 - 32716 INFO - shipping_status Records Inserted
2020-10-04 10:09:55,253 - 32716 INFO - shipping_status Records Inserted
2020-10-04 10:09:55,253 - 32716 INFO - shipping_status Records Inserted
2020-10-04 10:09:55,253 - 32716 INFO - shipping_status Records Inserted
2020-10-04 10:09:55,253 - 32716 INFO - shipping_status Records Inserted
2020-10-04 10:09:55,253 - 32716 INFO - shipping_status Records Inserted
2020-10-04 10:09:55,253 - 32716 INFO - shipping_status Records Inserted
2020-10-04 10:09:55,253 - 32716 INFO - shipping_status Records Inserted
2020-10-04 10:09:55,253 - 32716 INFO - shipping_status Records Inserted
2020-10-04 10:09:55,253 - 32716 INFO - shipping_status Records Inserted
2020-10-04 10:09:55,253 - 32716 INFO - shipping_status Records Inserted
2020-10-04 10:09:55,253 - 32716 INFO - shipping_status Records Inserted
2020-10-04 10:09:55,253 - 32716 INFO - shipping_status Records Inserted
2020-10-04 10:09:55,253 - 32716 INFO - shipping_status Records Inserted
2020-10-04 10:09:55,253 - 32716 INFO - shipping_status Records Inserted
2020-10-04 10:09:55,253 - 32716 INFO - shipping_status Records Inserted
2020-10-04 10:09:55,253 - 32716 INFO - shipping_status Records Inserted
