2020-09-29 13:56:49,679 - 16360 INFO - category_details Records Inserted
2020-09-29 13:56:49,679 - 16360 INFO - category_details Records Inserted
2020-09-29 13:56:49,679 - 16360 INFO - category_details Records Inserted
2020-09-29 13:56:49,725 - 16360 INFO - customer_details Records Inserted
2020-09-29 13:56:49,725 - 16360 INFO - customer_details Records Inserted
2020-09-29 13:56:49,725 - 16360 INFO - customer_details Records Inserted
2020-09-29 13:56:49,725 - 16360 INFO - customer_details Records Inserted
2020-09-29 13:56:49,725 - 16360 INFO - customer_details Records Inserted
2020-09-29 13:56:49,772 - 16360 INFO - order_status_details Records Inserted
2020-09-29 13:56:49,772 - 16360 INFO - order_status_details Records Inserted
2020-09-29 13:56:49,772 - 16360 INFO - order_status_details Records Inserted
2020-09-29 13:56:49,772 - 16360 INFO - order_status_details Records Inserted
2020-09-29 13:56:49,772 - 16360 INFO - order_status_details Records Inserted
2020-09-29 13:56:49,772 - 16360 INFO - order_status_details Records Inserted
2020-09-29 13:56:49,772 - 16360 INFO - order_status_details Records Inserted
2020-09-29 13:56:49,813 - 16360 INFO - seller_details Records Inserted
2020-09-29 13:56:49,813 - 16360 INFO - seller_details Records Inserted
2020-09-29 13:56:49,813 - 16360 INFO - seller_details Records Inserted
2020-09-29 13:56:49,813 - 16360 INFO - seller_details Records Inserted
2020-09-29 13:56:49,813 - 16360 INFO - seller_details Records Inserted
2020-09-29 13:56:49,813 - 16360 INFO - seller_details Records Inserted
2020-09-29 13:56:49,813 - 16360 INFO - seller_details Records Inserted
2020-09-29 13:56:49,813 - 16360 INFO - seller_details Records Inserted
2020-09-29 13:56:49,813 - 16360 INFO - seller_details Records Inserted
2020-09-29 13:56:49,859 - 16360 INFO - cart_details Records Inserted
2020-09-29 13:56:49,859 - 16360 INFO - cart_details Records Inserted
2020-09-29 13:56:49,859 - 16360 INFO - cart_details Records Inserted
2020-09-29 13:56:49,859 - 16360 INFO - cart_details Records Inserted
2020-09-29 13:56:49,859 - 16360 INFO - cart_details Records Inserted
2020-09-29 13:56:49,859 - 16360 INFO - cart_details Records Inserted
2020-09-29 13:56:49,859 - 16360 INFO - cart_details Records Inserted
2020-09-29 13:56:49,859 - 16360 INFO - cart_details Records Inserted
2020-09-29 13:56:49,859 - 16360 INFO - cart_details Records Inserted
2020-09-29 13:56:49,859 - 16360 INFO - cart_details Records Inserted
2020-09-29 13:56:49,859 - 16360 INFO - cart_details Records Inserted
2020-09-29 13:56:49,914 - 16360 INFO - customer_address_details Records Inserted
2020-09-29 13:56:49,914 - 16360 INFO - customer_address_details Records Inserted
2020-09-29 13:56:49,914 - 16360 INFO - customer_address_details Records Inserted
2020-09-29 13:56:49,914 - 16360 INFO - customer_address_details Records Inserted
2020-09-29 13:56:49,914 - 16360 INFO - customer_address_details Records Inserted
2020-09-29 13:56:49,914 - 16360 INFO - customer_address_details Records Inserted
2020-09-29 13:56:49,914 - 16360 INFO - customer_address_details Records Inserted
2020-09-29 13:56:49,914 - 16360 INFO - customer_address_details Records Inserted
2020-09-29 13:56:49,914 - 16360 INFO - customer_address_details Records Inserted
2020-09-29 13:56:49,914 - 16360 INFO - customer_address_details Records Inserted
2020-09-29 13:56:49,914 - 16360 INFO - customer_address_details Records Inserted
2020-09-29 13:56:49,914 - 16360 INFO - customer_address_details Records Inserted
2020-09-29 13:56:49,914 - 16360 INFO - customer_address_details Records Inserted
2020-09-29 13:56:49,962 - 16360 INFO - order_details Records Inserted
2020-09-29 13:56:49,962 - 16360 INFO - order_details Records Inserted
2020-09-29 13:56:49,962 - 16360 INFO - order_details Records Inserted
2020-09-29 13:56:49,962 - 16360 INFO - order_details Records Inserted
2020-09-29 13:56:49,962 - 16360 INFO - order_details Records Inserted
2020-09-29 13:56:49,962 - 16360 INFO - order_details Records Inserted
2020-09-29 13:56:49,962 - 16360 INFO - order_details Records Inserted
2020-09-29 13:56:49,962 - 16360 INFO - order_details Records Inserted
2020-09-29 13:56:49,962 - 16360 INFO - order_details Records Inserted
2020-09-29 13:56:49,962 - 16360 INFO - order_details Records Inserted
2020-09-29 13:56:49,962 - 16360 INFO - order_details Records Inserted
2020-09-29 13:56:49,962 - 16360 INFO - order_details Records Inserted
2020-09-29 13:56:49,962 - 16360 INFO - order_details Records Inserted
2020-09-29 13:56:49,962 - 16360 INFO - order_details Records Inserted
2020-09-29 13:56:49,962 - 16360 INFO - order_details Records Inserted
2020-09-29 13:56:50,006 - 16360 INFO - product_stock_details Records Inserted
2020-09-29 13:56:50,006 - 16360 INFO - product_stock_details Records Inserted
2020-09-29 13:56:50,006 - 16360 INFO - product_stock_details Records Inserted
2020-09-29 13:56:50,006 - 16360 INFO - product_stock_details Records Inserted
2020-09-29 13:56:50,006 - 16360 INFO - product_stock_details Records Inserted
2020-09-29 13:56:50,006 - 16360 INFO - product_stock_details Records Inserted
2020-09-29 13:56:50,006 - 16360 INFO - product_stock_details Records Inserted
2020-09-29 13:56:50,006 - 16360 INFO - product_stock_details Records Inserted
2020-09-29 13:56:50,006 - 16360 INFO - product_stock_details Records Inserted
2020-09-29 13:56:50,006 - 16360 INFO - product_stock_details Records Inserted
2020-09-29 13:56:50,006 - 16360 INFO - product_stock_details Records Inserted
2020-09-29 13:56:50,006 - 16360 INFO - product_stock_details Records Inserted
2020-09-29 13:56:50,006 - 16360 INFO - product_stock_details Records Inserted
2020-09-29 13:56:50,006 - 16360 INFO - product_stock_details Records Inserted
2020-09-29 13:56:50,006 - 16360 INFO - product_stock_details Records Inserted
2020-09-29 13:56:50,006 - 16360 INFO - product_stock_details Records Inserted
2020-09-29 13:56:50,006 - 16360 INFO - product_stock_details Records Inserted
2020-09-29 13:56:50,051 - 16360 INFO - product_details Records Inserted
2020-09-29 13:56:50,051 - 16360 INFO - product_details Records Inserted
2020-09-29 13:56:50,051 - 16360 INFO - product_details Records Inserted
2020-09-29 13:56:50,051 - 16360 INFO - product_details Records Inserted
2020-09-29 13:56:50,051 - 16360 INFO - product_details Records Inserted
2020-09-29 13:56:50,051 - 16360 INFO - product_details Records Inserted
2020-09-29 13:56:50,051 - 16360 INFO - product_details Records Inserted
2020-09-29 13:56:50,051 - 16360 INFO - product_details Records Inserted
2020-09-29 13:56:50,051 - 16360 INFO - product_details Records Inserted
2020-09-29 13:56:50,051 - 16360 INFO - product_details Records Inserted
2020-09-29 13:56:50,051 - 16360 INFO - product_details Records Inserted
2020-09-29 13:56:50,051 - 16360 INFO - product_details Records Inserted
2020-09-29 13:56:50,051 - 16360 INFO - product_details Records Inserted
2020-09-29 13:56:50,051 - 16360 INFO - product_details Records Inserted
2020-09-29 13:56:50,051 - 16360 INFO - product_details Records Inserted
2020-09-29 13:56:50,051 - 16360 INFO - product_details Records Inserted
2020-09-29 13:56:50,051 - 16360 INFO - product_details Records Inserted
2020-09-29 13:56:50,051 - 16360 INFO - product_details Records Inserted
2020-09-29 13:56:50,051 - 16360 INFO - product_details Records Inserted
2020-09-29 13:56:50,231 - 16360 INFO - cart_product_details Records Inserted
2020-09-29 13:56:50,231 - 16360 INFO - cart_product_details Records Inserted
2020-09-29 13:56:50,231 - 16360 INFO - cart_product_details Records Inserted
2020-09-29 13:56:50,231 - 16360 INFO - cart_product_details Records Inserted
2020-09-29 13:56:50,231 - 16360 INFO - cart_product_details Records Inserted
2020-09-29 13:56:50,231 - 16360 INFO - cart_product_details Records Inserted
2020-09-29 13:56:50,231 - 16360 INFO - cart_product_details Records Inserted
2020-09-29 13:56:50,231 - 16360 INFO - cart_product_details Records Inserted
2020-09-29 13:56:50,231 - 16360 INFO - cart_product_details Records Inserted
2020-09-29 13:56:50,231 - 16360 INFO - cart_product_details Records Inserted
2020-09-29 13:56:50,231 - 16360 INFO - cart_product_details Records Inserted
2020-09-29 13:56:50,231 - 16360 INFO - cart_product_details Records Inserted
2020-09-29 13:56:50,231 - 16360 INFO - cart_product_details Records Inserted
2020-09-29 13:56:50,231 - 16360 INFO - cart_product_details Records Inserted
2020-09-29 13:56:50,231 - 16360 INFO - cart_product_details Records Inserted
2020-09-29 13:56:50,231 - 16360 INFO - cart_product_details Records Inserted
2020-09-29 13:56:50,231 - 16360 INFO - cart_product_details Records Inserted
2020-09-29 13:56:50,231 - 16360 INFO - cart_product_details Records Inserted
2020-09-29 13:56:50,231 - 16360 INFO - cart_product_details Records Inserted
2020-09-29 13:56:50,231 - 16360 INFO - cart_product_details Records Inserted
2020-09-29 13:56:50,231 - 16360 INFO - cart_product_details Records Inserted
2020-09-29 13:56:50,403 - 16360 INFO - category_product_details Records Inserted
2020-09-29 13:56:50,403 - 16360 INFO - category_product_details Records Inserted
2020-09-29 13:56:50,403 - 16360 INFO - category_product_details Records Inserted
2020-09-29 13:56:50,403 - 16360 INFO - category_product_details Records Inserted
2020-09-29 13:56:50,403 - 16360 INFO - category_product_details Records Inserted
2020-09-29 13:56:50,403 - 16360 INFO - category_product_details Records Inserted
2020-09-29 13:56:50,403 - 16360 INFO - category_product_details Records Inserted
2020-09-29 13:56:50,403 - 16360 INFO - category_product_details Records Inserted
2020-09-29 13:56:50,403 - 16360 INFO - category_product_details Records Inserted
2020-09-29 13:56:50,403 - 16360 INFO - category_product_details Records Inserted
2020-09-29 13:56:50,403 - 16360 INFO - category_product_details Records Inserted
2020-09-29 13:56:50,403 - 16360 INFO - category_product_details Records Inserted
2020-09-29 13:56:50,403 - 16360 INFO - category_product_details Records Inserted
2020-09-29 13:56:50,403 - 16360 INFO - category_product_details Records Inserted
2020-09-29 13:56:50,403 - 16360 INFO - category_product_details Records Inserted
2020-09-29 13:56:50,403 - 16360 INFO - category_product_details Records Inserted
2020-09-29 13:56:50,403 - 16360 INFO - category_product_details Records Inserted
2020-09-29 13:56:50,403 - 16360 INFO - category_product_details Records Inserted
2020-09-29 13:56:50,403 - 16360 INFO - category_product_details Records Inserted
2020-09-29 13:56:50,403 - 16360 INFO - category_product_details Records Inserted
2020-09-29 13:56:50,403 - 16360 INFO - category_product_details Records Inserted
2020-09-29 13:56:50,403 - 16360 INFO - category_product_details Records Inserted
2020-09-29 13:56:50,403 - 16360 INFO - category_product_details Records Inserted
2020-09-29 13:56:50,453 - 16360 INFO - customer_rating_details Records Inserted
2020-09-29 13:56:50,453 - 16360 INFO - customer_rating_details Records Inserted
2020-09-29 13:56:50,453 - 16360 INFO - customer_rating_details Records Inserted
2020-09-29 13:56:50,453 - 16360 INFO - customer_rating_details Records Inserted
2020-09-29 13:56:50,453 - 16360 INFO - customer_rating_details Records Inserted
2020-09-29 13:56:50,453 - 16360 INFO - customer_rating_details Records Inserted
2020-09-29 13:56:50,453 - 16360 INFO - customer_rating_details Records Inserted
2020-09-29 13:56:50,453 - 16360 INFO - customer_rating_details Records Inserted
2020-09-29 13:56:50,453 - 16360 INFO - customer_rating_details Records Inserted
2020-09-29 13:56:50,453 - 16360 INFO - customer_rating_details Records Inserted
2020-09-29 13:56:50,453 - 16360 INFO - customer_rating_details Records Inserted
2020-09-29 13:56:50,453 - 16360 INFO - customer_rating_details Records Inserted
2020-09-29 13:56:50,453 - 16360 INFO - customer_rating_details Records Inserted
2020-09-29 13:56:50,453 - 16360 INFO - customer_rating_details Records Inserted
2020-09-29 13:56:50,453 - 16360 INFO - customer_rating_details Records Inserted
2020-09-29 13:56:50,453 - 16360 INFO - customer_rating_details Records Inserted
2020-09-29 13:56:50,453 - 16360 INFO - customer_rating_details Records Inserted
2020-09-29 13:56:50,453 - 16360 INFO - customer_rating_details Records Inserted
2020-09-29 13:56:50,453 - 16360 INFO - customer_rating_details Records Inserted
2020-09-29 13:56:50,453 - 16360 INFO - customer_rating_details Records Inserted
2020-09-29 13:56:50,453 - 16360 INFO - customer_rating_details Records Inserted
2020-09-29 13:56:50,453 - 16360 INFO - customer_rating_details Records Inserted
2020-09-29 13:56:50,453 - 16360 INFO - customer_rating_details Records Inserted
2020-09-29 13:56:50,453 - 16360 INFO - customer_rating_details Records Inserted
2020-09-29 13:56:50,453 - 16360 INFO - customer_rating_details Records Inserted
2020-09-29 13:56:50,496 - 16360 INFO - invoice_details Records Inserted
2020-09-29 13:56:50,496 - 16360 INFO - invoice_details Records Inserted
2020-09-29 13:56:50,496 - 16360 INFO - invoice_details Records Inserted
2020-09-29 13:56:50,496 - 16360 INFO - invoice_details Records Inserted
2020-09-29 13:56:50,496 - 16360 INFO - invoice_details Records Inserted
2020-09-29 13:56:50,496 - 16360 INFO - invoice_details Records Inserted
2020-09-29 13:56:50,496 - 16360 INFO - invoice_details Records Inserted
2020-09-29 13:56:50,496 - 16360 INFO - invoice_details Records Inserted
2020-09-29 13:56:50,496 - 16360 INFO - invoice_details Records Inserted
2020-09-29 13:56:50,496 - 16360 INFO - invoice_details Records Inserted
2020-09-29 13:56:50,496 - 16360 INFO - invoice_details Records Inserted
2020-09-29 13:56:50,496 - 16360 INFO - invoice_details Records Inserted
2020-09-29 13:56:50,496 - 16360 INFO - invoice_details Records Inserted
2020-09-29 13:56:50,496 - 16360 INFO - invoice_details Records Inserted
2020-09-29 13:56:50,496 - 16360 INFO - invoice_details Records Inserted
2020-09-29 13:56:50,496 - 16360 INFO - invoice_details Records Inserted
2020-09-29 13:56:50,496 - 16360 INFO - invoice_details Records Inserted
2020-09-29 13:56:50,496 - 16360 INFO - invoice_details Records Inserted
2020-09-29 13:56:50,496 - 16360 INFO - invoice_details Records Inserted
2020-09-29 13:56:50,496 - 16360 INFO - invoice_details Records Inserted
2020-09-29 13:56:50,496 - 16360 INFO - invoice_details Records Inserted
2020-09-29 13:56:50,496 - 16360 INFO - invoice_details Records Inserted
2020-09-29 13:56:50,496 - 16360 INFO - invoice_details Records Inserted
2020-09-29 13:56:50,496 - 16360 INFO - invoice_details Records Inserted
2020-09-29 13:56:50,496 - 16360 INFO - invoice_details Records Inserted
2020-09-29 13:56:50,496 - 16360 INFO - invoice_details Records Inserted
2020-09-29 13:56:50,496 - 16360 INFO - invoice_details Records Inserted
2020-09-29 13:56:50,541 - 16360 INFO - payment_details Records Inserted
2020-09-29 13:56:50,541 - 16360 INFO - payment_details Records Inserted
2020-09-29 13:56:50,541 - 16360 INFO - payment_details Records Inserted
2020-09-29 13:56:50,541 - 16360 INFO - payment_details Records Inserted
2020-09-29 13:56:50,541 - 16360 INFO - payment_details Records Inserted
2020-09-29 13:56:50,541 - 16360 INFO - payment_details Records Inserted
2020-09-29 13:56:50,541 - 16360 INFO - payment_details Records Inserted
2020-09-29 13:56:50,541 - 16360 INFO - payment_details Records Inserted
2020-09-29 13:56:50,541 - 16360 INFO - payment_details Records Inserted
2020-09-29 13:56:50,541 - 16360 INFO - payment_details Records Inserted
2020-09-29 13:56:50,541 - 16360 INFO - payment_details Records Inserted
2020-09-29 13:56:50,541 - 16360 INFO - payment_details Records Inserted
2020-09-29 13:56:50,541 - 16360 INFO - payment_details Records Inserted
2020-09-29 13:56:50,541 - 16360 INFO - payment_details Records Inserted
2020-09-29 13:56:50,541 - 16360 INFO - payment_details Records Inserted
2020-09-29 13:56:50,541 - 16360 INFO - payment_details Records Inserted
2020-09-29 13:56:50,541 - 16360 INFO - payment_details Records Inserted
2020-09-29 13:56:50,541 - 16360 INFO - payment_details Records Inserted
2020-09-29 13:56:50,541 - 16360 INFO - payment_details Records Inserted
2020-09-29 13:56:50,541 - 16360 INFO - payment_details Records Inserted
2020-09-29 13:56:50,541 - 16360 INFO - payment_details Records Inserted
2020-09-29 13:56:50,541 - 16360 INFO - payment_details Records Inserted
2020-09-29 13:56:50,541 - 16360 INFO - payment_details Records Inserted
2020-09-29 13:56:50,541 - 16360 INFO - payment_details Records Inserted
2020-09-29 13:56:50,541 - 16360 INFO - payment_details Records Inserted
2020-09-29 13:56:50,541 - 16360 INFO - payment_details Records Inserted
2020-09-29 13:56:50,541 - 16360 INFO - payment_details Records Inserted
2020-09-29 13:56:50,541 - 16360 INFO - payment_details Records Inserted
2020-09-29 13:56:50,541 - 16360 INFO - payment_details Records Inserted
2020-09-29 13:56:50,585 - 16360 INFO - product_ordered_details Records Inserted
2020-09-29 13:56:50,585 - 16360 INFO - product_ordered_details Records Inserted
2020-09-29 13:56:50,585 - 16360 INFO - product_ordered_details Records Inserted
2020-09-29 13:56:50,585 - 16360 INFO - product_ordered_details Records Inserted
2020-09-29 13:56:50,585 - 16360 INFO - product_ordered_details Records Inserted
2020-09-29 13:56:50,585 - 16360 INFO - product_ordered_details Records Inserted
2020-09-29 13:56:50,585 - 16360 INFO - product_ordered_details Records Inserted
2020-09-29 13:56:50,585 - 16360 INFO - product_ordered_details Records Inserted
2020-09-29 13:56:50,585 - 16360 INFO - product_ordered_details Records Inserted
2020-09-29 13:56:50,585 - 16360 INFO - product_ordered_details Records Inserted
2020-09-29 13:56:50,585 - 16360 INFO - product_ordered_details Records Inserted
2020-09-29 13:56:50,585 - 16360 INFO - product_ordered_details Records Inserted
2020-09-29 13:56:50,585 - 16360 INFO - product_ordered_details Records Inserted
2020-09-29 13:56:50,585 - 16360 INFO - product_ordered_details Records Inserted
2020-09-29 13:56:50,585 - 16360 INFO - product_ordered_details Records Inserted
2020-09-29 13:56:50,585 - 16360 INFO - product_ordered_details Records Inserted
2020-09-29 13:56:50,585 - 16360 INFO - product_ordered_details Records Inserted
2020-09-29 13:56:50,585 - 16360 INFO - product_ordered_details Records Inserted
2020-09-29 13:56:50,585 - 16360 INFO - product_ordered_details Records Inserted
2020-09-29 13:56:50,585 - 16360 INFO - product_ordered_details Records Inserted
2020-09-29 13:56:50,585 - 16360 INFO - product_ordered_details Records Inserted
2020-09-29 13:56:50,585 - 16360 INFO - product_ordered_details Records Inserted
2020-09-29 13:56:50,585 - 16360 INFO - product_ordered_details Records Inserted
2020-09-29 13:56:50,585 - 16360 INFO - product_ordered_details Records Inserted
2020-09-29 13:56:50,585 - 16360 INFO - product_ordered_details Records Inserted
2020-09-29 13:56:50,585 - 16360 INFO - product_ordered_details Records Inserted
2020-09-29 13:56:50,585 - 16360 INFO - product_ordered_details Records Inserted
2020-09-29 13:56:50,585 - 16360 INFO - product_ordered_details Records Inserted
2020-09-29 13:56:50,585 - 16360 INFO - product_ordered_details Records Inserted
2020-09-29 13:56:50,585 - 16360 INFO - product_ordered_details Records Inserted
2020-09-29 13:56:50,585 - 16360 INFO - product_ordered_details Records Inserted
2020-09-29 13:56:50,627 - 16360 INFO - shipping_status Records Inserted
2020-09-29 13:56:50,627 - 16360 INFO - shipping_status Records Inserted
2020-09-29 13:56:50,627 - 16360 INFO - shipping_status Records Inserted
2020-09-29 13:56:50,627 - 16360 INFO - shipping_status Records Inserted
2020-09-29 13:56:50,627 - 16360 INFO - shipping_status Records Inserted
2020-09-29 13:56:50,627 - 16360 INFO - shipping_status Records Inserted
2020-09-29 13:56:50,627 - 16360 INFO - shipping_status Records Inserted
2020-09-29 13:56:50,627 - 16360 INFO - shipping_status Records Inserted
2020-09-29 13:56:50,627 - 16360 INFO - shipping_status Records Inserted
2020-09-29 13:56:50,627 - 16360 INFO - shipping_status Records Inserted
2020-09-29 13:56:50,627 - 16360 INFO - shipping_status Records Inserted
2020-09-29 13:56:50,627 - 16360 INFO - shipping_status Records Inserted
2020-09-29 13:56:50,627 - 16360 INFO - shipping_status Records Inserted
2020-09-29 13:56:50,627 - 16360 INFO - shipping_status Records Inserted
2020-09-29 13:56:50,627 - 16360 INFO - shipping_status Records Inserted
2020-09-29 13:56:50,627 - 16360 INFO - shipping_status Records Inserted
2020-09-29 13:56:50,627 - 16360 INFO - shipping_status Records Inserted
2020-09-29 13:56:50,627 - 16360 INFO - shipping_status Records Inserted
2020-09-29 13:56:50,627 - 16360 INFO - shipping_status Records Inserted
2020-09-29 13:56:50,627 - 16360 INFO - shipping_status Records Inserted
2020-09-29 13:56:50,627 - 16360 INFO - shipping_status Records Inserted
2020-09-29 13:56:50,627 - 16360 INFO - shipping_status Records Inserted
2020-09-29 13:56:50,627 - 16360 INFO - shipping_status Records Inserted
2020-09-29 13:56:50,627 - 16360 INFO - shipping_status Records Inserted
2020-09-29 13:56:50,627 - 16360 INFO - shipping_status Records Inserted
2020-09-29 13:56:50,627 - 16360 INFO - shipping_status Records Inserted
2020-09-29 13:56:50,627 - 16360 INFO - shipping_status Records Inserted
2020-09-29 13:56:50,627 - 16360 INFO - shipping_status Records Inserted
2020-09-29 13:56:50,627 - 16360 INFO - shipping_status Records Inserted
2020-09-29 13:56:50,627 - 16360 INFO - shipping_status Records Inserted
2020-09-29 13:56:50,627 - 16360 INFO - shipping_status Records Inserted
2020-09-29 13:56:50,627 - 16360 INFO - shipping_status Records Inserted
2020-09-29 13:56:50,627 - 16360 INFO - shipping_status Records Inserted
