2020-10-06 11:28:24,046 - 37808 INFO - category_details Records Inserted
2020-10-06 11:28:24,046 - 37808 INFO - category_details Records Inserted
2020-10-06 11:28:24,046 - 37808 INFO - category_details Records Inserted
2020-10-06 11:28:24,158 - 37808 INFO - customer_details Records Inserted
2020-10-06 11:28:24,158 - 37808 INFO - customer_details Records Inserted
2020-10-06 11:28:24,158 - 37808 INFO - customer_details Records Inserted
2020-10-06 11:28:24,295 - 37808 INFO - order_status_details Records Inserted
2020-10-06 11:28:24,295 - 37808 INFO - order_status_details Records Inserted
2020-10-06 11:28:24,295 - 37808 INFO - order_status_details Records Inserted
2020-10-06 11:28:24,358 - 37808 INFO - seller_details Records Inserted
2020-10-06 11:28:24,358 - 37808 INFO - seller_details Records Inserted
2020-10-06 11:28:24,358 - 37808 INFO - seller_details Records Inserted
2020-10-06 11:28:24,470 - 37808 INFO - cart_details Records Inserted
2020-10-06 11:28:24,470 - 37808 INFO - cart_details Records Inserted
2020-10-06 11:28:24,470 - 37808 INFO - cart_details Records Inserted
2020-10-06 11:28:24,571 - 37808 INFO - customer_address_details Records Inserted
2020-10-06 11:28:24,571 - 37808 INFO - customer_address_details Records Inserted
2020-10-06 11:28:24,571 - 37808 INFO - customer_address_details Records Inserted
2020-10-06 11:28:24,679 - 37808 INFO - order_details Records Inserted
2020-10-06 11:28:24,679 - 37808 INFO - order_details Records Inserted
2020-10-06 11:28:24,679 - 37808 INFO - order_details Records Inserted
2020-10-06 11:28:24,805 - 37808 INFO - product_stock_details Records Inserted
2020-10-06 11:28:24,805 - 37808 INFO - product_stock_details Records Inserted
2020-10-06 11:28:24,805 - 37808 INFO - product_stock_details Records Inserted
2020-10-06 11:28:24,934 - 37808 INFO - product_details Records Inserted
2020-10-06 11:28:24,934 - 37808 INFO - product_details Records Inserted
2020-10-06 11:28:24,934 - 37808 INFO - product_details Records Inserted
2020-10-06 11:28:25,211 - 37808 INFO - cart_product_details Records Inserted
2020-10-06 11:28:25,211 - 37808 INFO - cart_product_details Records Inserted
2020-10-06 11:28:25,211 - 37808 INFO - cart_product_details Records Inserted
2020-10-06 11:28:25,316 - 37808 INFO - category_product_details Records Inserted
2020-10-06 11:28:25,316 - 37808 INFO - category_product_details Records Inserted
2020-10-06 11:28:25,316 - 37808 INFO - category_product_details Records Inserted
2020-10-06 11:28:25,434 - 37808 INFO - customer_rating_details Records Inserted
2020-10-06 11:28:25,434 - 37808 INFO - customer_rating_details Records Inserted
2020-10-06 11:28:25,434 - 37808 INFO - customer_rating_details Records Inserted
2020-10-06 11:28:25,545 - 37808 INFO - invoice_details Records Inserted
2020-10-06 11:28:25,545 - 37808 INFO - invoice_details Records Inserted
2020-10-06 11:28:25,545 - 37808 INFO - invoice_details Records Inserted
2020-10-06 11:28:25,615 - 37808 INFO - payment_details Records Inserted
2020-10-06 11:28:25,615 - 37808 INFO - payment_details Records Inserted
2020-10-06 11:28:25,615 - 37808 INFO - payment_details Records Inserted
2020-10-06 11:28:25,729 - 37808 INFO - product_ordered_details Records Inserted
2020-10-06 11:28:25,729 - 37808 INFO - product_ordered_details Records Inserted
2020-10-06 11:28:25,729 - 37808 INFO - product_ordered_details Records Inserted
2020-10-06 11:28:25,849 - 37808 INFO - shipping_status Records Inserted
2020-10-06 11:28:25,849 - 37808 INFO - shipping_status Records Inserted
2020-10-06 11:28:25,849 - 37808 INFO - shipping_status Records Inserted
2020-10-06 11:28:50,109 - 33940 INFO - category_details Records Inserted
2020-10-06 11:28:50,109 - 33940 INFO - category_details Records Inserted
2020-10-06 11:28:50,109 - 33940 INFO - category_details Records Inserted
2020-10-06 11:28:50,116 - 33940 INFO - customer_details Records Inserted
2020-10-06 11:28:50,116 - 33940 INFO - customer_details Records Inserted
2020-10-06 11:28:50,116 - 33940 INFO - customer_details Records Inserted
2020-10-06 11:28:50,122 - 33940 INFO - order_status_details Records Inserted
2020-10-06 11:28:50,122 - 33940 INFO - order_status_details Records Inserted
2020-10-06 11:28:50,122 - 33940 INFO - order_status_details Records Inserted
2020-10-06 11:28:50,128 - 33940 INFO - seller_details Records Inserted
2020-10-06 11:28:50,128 - 33940 INFO - seller_details Records Inserted
2020-10-06 11:28:50,128 - 33940 INFO - seller_details Records Inserted
2020-10-06 11:28:50,132 - 33940 INFO - cart_details Records Inserted
2020-10-06 11:28:50,132 - 33940 INFO - cart_details Records Inserted
2020-10-06 11:28:50,132 - 33940 INFO - cart_details Records Inserted
2020-10-06 11:28:50,135 - 33940 INFO - customer_address_details Records Inserted
2020-10-06 11:28:50,135 - 33940 INFO - customer_address_details Records Inserted
2020-10-06 11:28:50,135 - 33940 INFO - customer_address_details Records Inserted
2020-10-06 11:28:50,141 - 33940 INFO - order_details Records Inserted
2020-10-06 11:28:50,141 - 33940 INFO - order_details Records Inserted
2020-10-06 11:28:50,141 - 33940 INFO - order_details Records Inserted
2020-10-06 11:28:50,146 - 33940 INFO - product_stock_details Records Inserted
2020-10-06 11:28:50,146 - 33940 INFO - product_stock_details Records Inserted
2020-10-06 11:28:50,146 - 33940 INFO - product_stock_details Records Inserted
2020-10-06 11:28:50,150 - 33940 INFO - product_details Records Inserted
2020-10-06 11:28:50,150 - 33940 INFO - product_details Records Inserted
2020-10-06 11:28:50,150 - 33940 INFO - product_details Records Inserted
2020-10-06 11:28:50,253 - 33940 INFO - cart_product_details Records Inserted
2020-10-06 11:28:50,253 - 33940 INFO - cart_product_details Records Inserted
2020-10-06 11:28:50,253 - 33940 INFO - cart_product_details Records Inserted
2020-10-06 11:28:50,371 - 33940 INFO - category_product_details Records Inserted
2020-10-06 11:28:50,371 - 33940 INFO - category_product_details Records Inserted
2020-10-06 11:28:50,371 - 33940 INFO - category_product_details Records Inserted
2020-10-06 11:28:50,375 - 33940 INFO - customer_rating_details Records Inserted
2020-10-06 11:28:50,375 - 33940 INFO - customer_rating_details Records Inserted
2020-10-06 11:28:50,375 - 33940 INFO - customer_rating_details Records Inserted
2020-10-06 11:28:50,380 - 33940 INFO - invoice_details Records Inserted
2020-10-06 11:28:50,380 - 33940 INFO - invoice_details Records Inserted
2020-10-06 11:28:50,380 - 33940 INFO - invoice_details Records Inserted
2020-10-06 11:28:50,389 - 33940 INFO - payment_details Records Inserted
2020-10-06 11:28:50,389 - 33940 INFO - payment_details Records Inserted
2020-10-06 11:28:50,389 - 33940 INFO - payment_details Records Inserted
2020-10-06 11:28:50,394 - 33940 INFO - product_ordered_details Records Inserted
2020-10-06 11:28:50,394 - 33940 INFO - product_ordered_details Records Inserted
2020-10-06 11:28:50,394 - 33940 INFO - product_ordered_details Records Inserted
2020-10-06 11:28:50,399 - 33940 INFO - shipping_status Records Inserted
2020-10-06 11:28:50,399 - 33940 INFO - shipping_status Records Inserted
2020-10-06 11:28:50,399 - 33940 INFO - shipping_status Records Inserted
